[0.137s] DEBUG:colcon:Command line arguments: ['/usr/bin/colcon', 'build']
[0.137s] DEBUG:colcon:Parsed command line arguments: Namespace(log_base=None, log_level=None, verb_name='build', build_base='build', install_base='install', merge_install=False, symlink_install=False, test_result_base=None, continue_on_error=False, executor='parallel', parallel_workers=8, event_handlers=None, ignore_user_meta=False, metas=['./colcon.meta'], base_paths=['.'], packages_ignore=None, packages_ignore_regex=None, paths=None, packages_up_to=None, packages_up_to_regex=None, packages_above=None, packages_above_and_dependencies=None, packages_above_depth=None, packages_select_by_dep=None, packages_skip_by_dep=None, packages_skip_up_to=None, packages_select_build_failed=False, packages_skip_build_finished=False, packages_select_test_failures=False, packages_skip_test_passed=False, packages_select=None, packages_skip=None, packages_select_regex=None, packages_skip_regex=None, packages_start=None, packages_end=None, allow_overriding=[], cmake_args=None, cmake_target=None, cmake_target_skip_unavailable=False, cmake_clean_cache=False, cmake_clean_first=False, cmake_force_configure=False, ament_cmake_args=None, catkin_cmake_args=None, catkin_skip_building_tests=False, mixin_files=None, mixin=None, verb_parser=<colcon_mixin.mixin.mixin_argument.MixinArgumentDecorator object at 0x76d65a001f00>, verb_extension=<colcon_core.verb.build.BuildVerb object at 0x76d65a0018d0>, main=<bound method BuildVerb.main of <colcon_core.verb.build.BuildVerb object at 0x76d65a0018d0>>, mixin_verb=('build',))
[0.282s] Level 1:colcon.colcon_core.package_discovery:discover_packages(colcon_meta) check parameters
[0.282s] Level 1:colcon.colcon_core.package_discovery:discover_packages(recursive) check parameters
[0.282s] Level 1:colcon.colcon_core.package_discovery:discover_packages(ignore) check parameters
[0.282s] Level 1:colcon.colcon_core.package_discovery:discover_packages(path) check parameters
[0.282s] Level 1:colcon.colcon_core.package_discovery:discover_packages(colcon_meta) discover
[0.282s] Level 1:colcon.colcon_core.package_discovery:discover_packages(recursive) discover
[0.282s] INFO:colcon.colcon_core.package_discovery:Crawling recursively for packages in '/home/jg/bno055_hardware'
[0.282s] Level 1:colcon.colcon_core.package_identification:_identify(.) by extensions ['ignore', 'ignore_ament_install']
[0.282s] Level 1:colcon.colcon_core.package_identification:_identify(.) by extension 'ignore'
[0.282s] Level 1:colcon.colcon_core.package_identification:_identify(.) by extension 'ignore_ament_install'
[0.282s] Level 1:colcon.colcon_core.package_identification:_identify(.) by extensions ['colcon_pkg']
[0.282s] Level 1:colcon.colcon_core.package_identification:_identify(.) by extension 'colcon_pkg'
[0.282s] Level 1:colcon.colcon_core.package_identification:_identify(.) by extensions ['colcon_meta']
[0.282s] Level 1:colcon.colcon_core.package_identification:_identify(.) by extension 'colcon_meta'
[0.282s] Level 1:colcon.colcon_core.package_identification:_identify(.) by extensions ['ros']
[0.282s] Level 1:colcon.colcon_core.package_identification:_identify(.) by extension 'ros'
[0.290s] Level 1:colcon.colcon_core.package_identification:_identify(.) by extensions ['cmake', 'python']
[0.290s] Level 1:colcon.colcon_core.package_identification:_identify(.) by extension 'cmake'
[0.290s] Level 1:colcon.colcon_core.package_identification:_identify(.) by extension 'python'
[0.290s] Level 1:colcon.colcon_core.package_identification:_identify(.) by extensions ['python_setup_py']
[0.290s] Level 1:colcon.colcon_core.package_identification:_identify(.) by extension 'python_setup_py'
[0.290s] Level 1:colcon.colcon_core.package_identification:_identify(build) by extensions ['ignore', 'ignore_ament_install']
[0.290s] Level 1:colcon.colcon_core.package_identification:_identify(build) by extension 'ignore'
[0.290s] Level 1:colcon.colcon_core.package_identification:_identify(build) ignored
[0.291s] Level 1:colcon.colcon_core.package_identification:_identify(firmware) by extensions ['ignore', 'ignore_ament_install']
[0.291s] Level 1:colcon.colcon_core.package_identification:_identify(firmware) by extension 'ignore'
[0.291s] Level 1:colcon.colcon_core.package_identification:_identify(firmware) by extension 'ignore_ament_install'
[0.291s] Level 1:colcon.colcon_core.package_identification:_identify(firmware) by extensions ['colcon_pkg']
[0.291s] Level 1:colcon.colcon_core.package_identification:_identify(firmware) by extension 'colcon_pkg'
[0.291s] Level 1:colcon.colcon_core.package_identification:_identify(firmware) by extensions ['colcon_meta']
[0.291s] Level 1:colcon.colcon_core.package_identification:_identify(firmware) by extension 'colcon_meta'
[0.291s] Level 1:colcon.colcon_core.package_identification:_identify(firmware) by extensions ['ros']
[0.291s] Level 1:colcon.colcon_core.package_identification:_identify(firmware) by extension 'ros'
[0.291s] Level 1:colcon.colcon_core.package_identification:_identify(firmware) by extensions ['cmake', 'python']
[0.291s] Level 1:colcon.colcon_core.package_identification:_identify(firmware) by extension 'cmake'
[0.291s] Level 1:colcon.colcon_core.package_identification:_identify(firmware) by extension 'python'
[0.291s] Level 1:colcon.colcon_core.package_identification:_identify(firmware) by extensions ['python_setup_py']
[0.291s] Level 1:colcon.colcon_core.package_identification:_identify(firmware) by extension 'python_setup_py'
[0.291s] Level 1:colcon.colcon_core.package_identification:_identify(firmware/build) by extensions ['ignore', 'ignore_ament_install']
[0.291s] Level 1:colcon.colcon_core.package_identification:_identify(firmware/build) by extension 'ignore'
[0.291s] Level 1:colcon.colcon_core.package_identification:_identify(firmware/build) ignored
[0.291s] Level 1:colcon.colcon_core.package_identification:_identify(firmware/include) by extensions ['ignore', 'ignore_ament_install']
[0.291s] Level 1:colcon.colcon_core.package_identification:_identify(firmware/include) by extension 'ignore'
[0.291s] Level 1:colcon.colcon_core.package_identification:_identify(firmware/include) by extension 'ignore_ament_install'
[0.291s] Level 1:colcon.colcon_core.package_identification:_identify(firmware/include) by extensions ['colcon_pkg']
[0.291s] Level 1:colcon.colcon_core.package_identification:_identify(firmware/include) by extension 'colcon_pkg'
[0.291s] Level 1:colcon.colcon_core.package_identification:_identify(firmware/include) by extensions ['colcon_meta']
[0.291s] Level 1:colcon.colcon_core.package_identification:_identify(firmware/include) by extension 'colcon_meta'
[0.291s] Level 1:colcon.colcon_core.package_identification:_identify(firmware/include) by extensions ['ros']
[0.291s] Level 1:colcon.colcon_core.package_identification:_identify(firmware/include) by extension 'ros'
[0.291s] Level 1:colcon.colcon_core.package_identification:_identify(firmware/include) by extensions ['cmake', 'python']
[0.292s] Level 1:colcon.colcon_core.package_identification:_identify(firmware/include) by extension 'cmake'
[0.292s] Level 1:colcon.colcon_core.package_identification:_identify(firmware/include) by extension 'python'
[0.292s] Level 1:colcon.colcon_core.package_identification:_identify(firmware/include) by extensions ['python_setup_py']
[0.292s] Level 1:colcon.colcon_core.package_identification:_identify(firmware/include) by extension 'python_setup_py'
[0.292s] Level 1:colcon.colcon_core.package_identification:_identify(firmware/install) by extensions ['ignore', 'ignore_ament_install']
[0.292s] Level 1:colcon.colcon_core.package_identification:_identify(firmware/install) by extension 'ignore'
[0.292s] Level 1:colcon.colcon_core.package_identification:_identify(firmware/install) ignored
[0.292s] Level 1:colcon.colcon_core.package_identification:_identify(firmware/lib) by extensions ['ignore', 'ignore_ament_install']
[0.292s] Level 1:colcon.colcon_core.package_identification:_identify(firmware/lib) by extension 'ignore'
[0.292s] Level 1:colcon.colcon_core.package_identification:_identify(firmware/lib) by extension 'ignore_ament_install'
[0.292s] Level 1:colcon.colcon_core.package_identification:_identify(firmware/lib) by extensions ['colcon_pkg']
[0.292s] Level 1:colcon.colcon_core.package_identification:_identify(firmware/lib) by extension 'colcon_pkg'
[0.292s] Level 1:colcon.colcon_core.package_identification:_identify(firmware/lib) by extensions ['colcon_meta']
[0.292s] Level 1:colcon.colcon_core.package_identification:_identify(firmware/lib) by extension 'colcon_meta'
[0.292s] Level 1:colcon.colcon_core.package_identification:_identify(firmware/lib) by extensions ['ros']
[0.292s] Level 1:colcon.colcon_core.package_identification:_identify(firmware/lib) by extension 'ros'
[0.292s] Level 1:colcon.colcon_core.package_identification:_identify(firmware/lib) by extensions ['cmake', 'python']
[0.292s] Level 1:colcon.colcon_core.package_identification:_identify(firmware/lib) by extension 'cmake'
[0.292s] Level 1:colcon.colcon_core.package_identification:_identify(firmware/lib) by extension 'python'
[0.292s] Level 1:colcon.colcon_core.package_identification:_identify(firmware/lib) by extensions ['python_setup_py']
[0.292s] Level 1:colcon.colcon_core.package_identification:_identify(firmware/lib) by extension 'python_setup_py'
[0.292s] Level 1:colcon.colcon_core.package_identification:_identify(firmware/lib/Adafruit_BNO055) by extensions ['ignore', 'ignore_ament_install']
[0.292s] Level 1:colcon.colcon_core.package_identification:_identify(firmware/lib/Adafruit_BNO055) by extension 'ignore'
[0.292s] Level 1:colcon.colcon_core.package_identification:_identify(firmware/lib/Adafruit_BNO055) by extension 'ignore_ament_install'
[0.292s] Level 1:colcon.colcon_core.package_identification:_identify(firmware/lib/Adafruit_BNO055) by extensions ['colcon_pkg']
[0.293s] Level 1:colcon.colcon_core.package_identification:_identify(firmware/lib/Adafruit_BNO055) by extension 'colcon_pkg'
[0.293s] Level 1:colcon.colcon_core.package_identification:_identify(firmware/lib/Adafruit_BNO055) by extensions ['colcon_meta']
[0.293s] Level 1:colcon.colcon_core.package_identification:_identify(firmware/lib/Adafruit_BNO055) by extension 'colcon_meta'
[0.293s] Level 1:colcon.colcon_core.package_identification:_identify(firmware/lib/Adafruit_BNO055) by extensions ['ros']
[0.293s] Level 1:colcon.colcon_core.package_identification:_identify(firmware/lib/Adafruit_BNO055) by extension 'ros'
[0.293s] Level 1:colcon.colcon_core.package_identification:_identify(firmware/lib/Adafruit_BNO055) by extensions ['cmake', 'python']
[0.293s] Level 1:colcon.colcon_core.package_identification:_identify(firmware/lib/Adafruit_BNO055) by extension 'cmake'
[0.293s] Level 1:colcon.colcon_core.package_identification:_identify(firmware/lib/Adafruit_BNO055) by extension 'python'
[0.293s] Level 1:colcon.colcon_core.package_identification:_identify(firmware/lib/Adafruit_BNO055) by extensions ['python_setup_py']
[0.293s] Level 1:colcon.colcon_core.package_identification:_identify(firmware/lib/Adafruit_BNO055) by extension 'python_setup_py'
[0.293s] Level 1:colcon.colcon_core.package_identification:_identify(firmware/lib/Adafruit_BNO055/OBJLoader) by extensions ['ignore', 'ignore_ament_install']
[0.293s] Level 1:colcon.colcon_core.package_identification:_identify(firmware/lib/Adafruit_BNO055/OBJLoader) by extension 'ignore'
[0.293s] Level 1:colcon.colcon_core.package_identification:_identify(firmware/lib/Adafruit_BNO055/OBJLoader) by extension 'ignore_ament_install'
[0.293s] Level 1:colcon.colcon_core.package_identification:_identify(firmware/lib/Adafruit_BNO055/OBJLoader) by extensions ['colcon_pkg']
[0.293s] Level 1:colcon.colcon_core.package_identification:_identify(firmware/lib/Adafruit_BNO055/OBJLoader) by extension 'colcon_pkg'
[0.293s] Level 1:colcon.colcon_core.package_identification:_identify(firmware/lib/Adafruit_BNO055/OBJLoader) by extensions ['colcon_meta']
[0.293s] Level 1:colcon.colcon_core.package_identification:_identify(firmware/lib/Adafruit_BNO055/OBJLoader) by extension 'colcon_meta'
[0.293s] Level 1:colcon.colcon_core.package_identification:_identify(firmware/lib/Adafruit_BNO055/OBJLoader) by extensions ['ros']
[0.293s] Level 1:colcon.colcon_core.package_identification:_identify(firmware/lib/Adafruit_BNO055/OBJLoader) by extension 'ros'
[0.293s] Level 1:colcon.colcon_core.package_identification:_identify(firmware/lib/Adafruit_BNO055/OBJLoader) by extensions ['cmake', 'python']
[0.293s] Level 1:colcon.colcon_core.package_identification:_identify(firmware/lib/Adafruit_BNO055/OBJLoader) by extension 'cmake'
[0.293s] Level 1:colcon.colcon_core.package_identification:_identify(firmware/lib/Adafruit_BNO055/OBJLoader) by extension 'python'
[0.293s] Level 1:colcon.colcon_core.package_identification:_identify(firmware/lib/Adafruit_BNO055/OBJLoader) by extensions ['python_setup_py']
[0.293s] Level 1:colcon.colcon_core.package_identification:_identify(firmware/lib/Adafruit_BNO055/OBJLoader) by extension 'python_setup_py'
[0.293s] Level 1:colcon.colcon_core.package_identification:_identify(firmware/lib/Adafruit_BNO055/assets) by extensions ['ignore', 'ignore_ament_install']
[0.293s] Level 1:colcon.colcon_core.package_identification:_identify(firmware/lib/Adafruit_BNO055/assets) by extension 'ignore'
[0.293s] Level 1:colcon.colcon_core.package_identification:_identify(firmware/lib/Adafruit_BNO055/assets) by extension 'ignore_ament_install'
[0.293s] Level 1:colcon.colcon_core.package_identification:_identify(firmware/lib/Adafruit_BNO055/assets) by extensions ['colcon_pkg']
[0.294s] Level 1:colcon.colcon_core.package_identification:_identify(firmware/lib/Adafruit_BNO055/assets) by extension 'colcon_pkg'
[0.294s] Level 1:colcon.colcon_core.package_identification:_identify(firmware/lib/Adafruit_BNO055/assets) by extensions ['colcon_meta']
[0.294s] Level 1:colcon.colcon_core.package_identification:_identify(firmware/lib/Adafruit_BNO055/assets) by extension 'colcon_meta'
[0.294s] Level 1:colcon.colcon_core.package_identification:_identify(firmware/lib/Adafruit_BNO055/assets) by extensions ['ros']
[0.294s] Level 1:colcon.colcon_core.package_identification:_identify(firmware/lib/Adafruit_BNO055/assets) by extension 'ros'
[0.294s] Level 1:colcon.colcon_core.package_identification:_identify(firmware/lib/Adafruit_BNO055/assets) by extensions ['cmake', 'python']
[0.294s] Level 1:colcon.colcon_core.package_identification:_identify(firmware/lib/Adafruit_BNO055/assets) by extension 'cmake'
[0.294s] Level 1:colcon.colcon_core.package_identification:_identify(firmware/lib/Adafruit_BNO055/assets) by extension 'python'
[0.294s] Level 1:colcon.colcon_core.package_identification:_identify(firmware/lib/Adafruit_BNO055/assets) by extensions ['python_setup_py']
[0.294s] Level 1:colcon.colcon_core.package_identification:_identify(firmware/lib/Adafruit_BNO055/assets) by extension 'python_setup_py'
[0.294s] Level 1:colcon.colcon_core.package_identification:_identify(firmware/lib/Adafruit_BNO055/examples) by extensions ['ignore', 'ignore_ament_install']
[0.294s] Level 1:colcon.colcon_core.package_identification:_identify(firmware/lib/Adafruit_BNO055/examples) by extension 'ignore'
[0.294s] Level 1:colcon.colcon_core.package_identification:_identify(firmware/lib/Adafruit_BNO055/examples) by extension 'ignore_ament_install'
[0.294s] Level 1:colcon.colcon_core.package_identification:_identify(firmware/lib/Adafruit_BNO055/examples) by extensions ['colcon_pkg']
[0.294s] Level 1:colcon.colcon_core.package_identification:_identify(firmware/lib/Adafruit_BNO055/examples) by extension 'colcon_pkg'
[0.294s] Level 1:colcon.colcon_core.package_identification:_identify(firmware/lib/Adafruit_BNO055/examples) by extensions ['colcon_meta']
[0.294s] Level 1:colcon.colcon_core.package_identification:_identify(firmware/lib/Adafruit_BNO055/examples) by extension 'colcon_meta'
[0.294s] Level 1:colcon.colcon_core.package_identification:_identify(firmware/lib/Adafruit_BNO055/examples) by extensions ['ros']
[0.294s] Level 1:colcon.colcon_core.package_identification:_identify(firmware/lib/Adafruit_BNO055/examples) by extension 'ros'
[0.294s] Level 1:colcon.colcon_core.package_identification:_identify(firmware/lib/Adafruit_BNO055/examples) by extensions ['cmake', 'python']
[0.294s] Level 1:colcon.colcon_core.package_identification:_identify(firmware/lib/Adafruit_BNO055/examples) by extension 'cmake'
[0.294s] Level 1:colcon.colcon_core.package_identification:_identify(firmware/lib/Adafruit_BNO055/examples) by extension 'python'
[0.294s] Level 1:colcon.colcon_core.package_identification:_identify(firmware/lib/Adafruit_BNO055/examples) by extensions ['python_setup_py']
[0.294s] Level 1:colcon.colcon_core.package_identification:_identify(firmware/lib/Adafruit_BNO055/examples) by extension 'python_setup_py'
[0.294s] Level 1:colcon.colcon_core.package_identification:_identify(firmware/lib/Adafruit_BNO055/examples/bunny) by extensions ['ignore', 'ignore_ament_install']
[0.294s] Level 1:colcon.colcon_core.package_identification:_identify(firmware/lib/Adafruit_BNO055/examples/bunny) by extension 'ignore'
[0.294s] Level 1:colcon.colcon_core.package_identification:_identify(firmware/lib/Adafruit_BNO055/examples/bunny) by extension 'ignore_ament_install'
[0.294s] Level 1:colcon.colcon_core.package_identification:_identify(firmware/lib/Adafruit_BNO055/examples/bunny) by extensions ['colcon_pkg']
[0.294s] Level 1:colcon.colcon_core.package_identification:_identify(firmware/lib/Adafruit_BNO055/examples/bunny) by extension 'colcon_pkg'
[0.295s] Level 1:colcon.colcon_core.package_identification:_identify(firmware/lib/Adafruit_BNO055/examples/bunny) by extensions ['colcon_meta']
[0.295s] Level 1:colcon.colcon_core.package_identification:_identify(firmware/lib/Adafruit_BNO055/examples/bunny) by extension 'colcon_meta'
[0.295s] Level 1:colcon.colcon_core.package_identification:_identify(firmware/lib/Adafruit_BNO055/examples/bunny) by extensions ['ros']
[0.295s] Level 1:colcon.colcon_core.package_identification:_identify(firmware/lib/Adafruit_BNO055/examples/bunny) by extension 'ros'
[0.295s] Level 1:colcon.colcon_core.package_identification:_identify(firmware/lib/Adafruit_BNO055/examples/bunny) by extensions ['cmake', 'python']
[0.295s] Level 1:colcon.colcon_core.package_identification:_identify(firmware/lib/Adafruit_BNO055/examples/bunny) by extension 'cmake'
[0.295s] Level 1:colcon.colcon_core.package_identification:_identify(firmware/lib/Adafruit_BNO055/examples/bunny) by extension 'python'
[0.295s] Level 1:colcon.colcon_core.package_identification:_identify(firmware/lib/Adafruit_BNO055/examples/bunny) by extensions ['python_setup_py']
[0.295s] Level 1:colcon.colcon_core.package_identification:_identify(firmware/lib/Adafruit_BNO055/examples/bunny) by extension 'python_setup_py'
[0.295s] Level 1:colcon.colcon_core.package_identification:_identify(firmware/lib/Adafruit_BNO055/examples/position) by extensions ['ignore', 'ignore_ament_install']
[0.295s] Level 1:colcon.colcon_core.package_identification:_identify(firmware/lib/Adafruit_BNO055/examples/position) by extension 'ignore'
[0.295s] Level 1:colcon.colcon_core.package_identification:_identify(firmware/lib/Adafruit_BNO055/examples/position) by extension 'ignore_ament_install'
[0.295s] Level 1:colcon.colcon_core.package_identification:_identify(firmware/lib/Adafruit_BNO055/examples/position) by extensions ['colcon_pkg']
[0.295s] Level 1:colcon.colcon_core.package_identification:_identify(firmware/lib/Adafruit_BNO055/examples/position) by extension 'colcon_pkg'
[0.295s] Level 1:colcon.colcon_core.package_identification:_identify(firmware/lib/Adafruit_BNO055/examples/position) by extensions ['colcon_meta']
[0.295s] Level 1:colcon.colcon_core.package_identification:_identify(firmware/lib/Adafruit_BNO055/examples/position) by extension 'colcon_meta'
[0.295s] Level 1:colcon.colcon_core.package_identification:_identify(firmware/lib/Adafruit_BNO055/examples/position) by extensions ['ros']
[0.295s] Level 1:colcon.colcon_core.package_identification:_identify(firmware/lib/Adafruit_BNO055/examples/position) by extension 'ros'
[0.295s] Level 1:colcon.colcon_core.package_identification:_identify(firmware/lib/Adafruit_BNO055/examples/position) by extensions ['cmake', 'python']
[0.295s] Level 1:colcon.colcon_core.package_identification:_identify(firmware/lib/Adafruit_BNO055/examples/position) by extension 'cmake'
[0.295s] Level 1:colcon.colcon_core.package_identification:_identify(firmware/lib/Adafruit_BNO055/examples/position) by extension 'python'
[0.295s] Level 1:colcon.colcon_core.package_identification:_identify(firmware/lib/Adafruit_BNO055/examples/position) by extensions ['python_setup_py']
[0.295s] Level 1:colcon.colcon_core.package_identification:_identify(firmware/lib/Adafruit_BNO055/examples/position) by extension 'python_setup_py'
[0.295s] Level 1:colcon.colcon_core.package_identification:_identify(firmware/lib/Adafruit_BNO055/examples/rawdata) by extensions ['ignore', 'ignore_ament_install']
[0.295s] Level 1:colcon.colcon_core.package_identification:_identify(firmware/lib/Adafruit_BNO055/examples/rawdata) by extension 'ignore'
[0.295s] Level 1:colcon.colcon_core.package_identification:_identify(firmware/lib/Adafruit_BNO055/examples/rawdata) by extension 'ignore_ament_install'
[0.295s] Level 1:colcon.colcon_core.package_identification:_identify(firmware/lib/Adafruit_BNO055/examples/rawdata) by extensions ['colcon_pkg']
[0.295s] Level 1:colcon.colcon_core.package_identification:_identify(firmware/lib/Adafruit_BNO055/examples/rawdata) by extension 'colcon_pkg'
[0.295s] Level 1:colcon.colcon_core.package_identification:_identify(firmware/lib/Adafruit_BNO055/examples/rawdata) by extensions ['colcon_meta']
[0.296s] Level 1:colcon.colcon_core.package_identification:_identify(firmware/lib/Adafruit_BNO055/examples/rawdata) by extension 'colcon_meta'
[0.296s] Level 1:colcon.colcon_core.package_identification:_identify(firmware/lib/Adafruit_BNO055/examples/rawdata) by extensions ['ros']
[0.296s] Level 1:colcon.colcon_core.package_identification:_identify(firmware/lib/Adafruit_BNO055/examples/rawdata) by extension 'ros'
[0.296s] Level 1:colcon.colcon_core.package_identification:_identify(firmware/lib/Adafruit_BNO055/examples/rawdata) by extensions ['cmake', 'python']
[0.296s] Level 1:colcon.colcon_core.package_identification:_identify(firmware/lib/Adafruit_BNO055/examples/rawdata) by extension 'cmake'
[0.296s] Level 1:colcon.colcon_core.package_identification:_identify(firmware/lib/Adafruit_BNO055/examples/rawdata) by extension 'python'
[0.296s] Level 1:colcon.colcon_core.package_identification:_identify(firmware/lib/Adafruit_BNO055/examples/rawdata) by extensions ['python_setup_py']
[0.296s] Level 1:colcon.colcon_core.package_identification:_identify(firmware/lib/Adafruit_BNO055/examples/rawdata) by extension 'python_setup_py'
[0.296s] Level 1:colcon.colcon_core.package_identification:_identify(firmware/lib/Adafruit_BNO055/examples/read_all_data) by extensions ['ignore', 'ignore_ament_install']
[0.296s] Level 1:colcon.colcon_core.package_identification:_identify(firmware/lib/Adafruit_BNO055/examples/read_all_data) by extension 'ignore'
[0.296s] Level 1:colcon.colcon_core.package_identification:_identify(firmware/lib/Adafruit_BNO055/examples/read_all_data) by extension 'ignore_ament_install'
[0.296s] Level 1:colcon.colcon_core.package_identification:_identify(firmware/lib/Adafruit_BNO055/examples/read_all_data) by extensions ['colcon_pkg']
[0.296s] Level 1:colcon.colcon_core.package_identification:_identify(firmware/lib/Adafruit_BNO055/examples/read_all_data) by extension 'colcon_pkg'
[0.296s] Level 1:colcon.colcon_core.package_identification:_identify(firmware/lib/Adafruit_BNO055/examples/read_all_data) by extensions ['colcon_meta']
[0.296s] Level 1:colcon.colcon_core.package_identification:_identify(firmware/lib/Adafruit_BNO055/examples/read_all_data) by extension 'colcon_meta'
[0.296s] Level 1:colcon.colcon_core.package_identification:_identify(firmware/lib/Adafruit_BNO055/examples/read_all_data) by extensions ['ros']
[0.296s] Level 1:colcon.colcon_core.package_identification:_identify(firmware/lib/Adafruit_BNO055/examples/read_all_data) by extension 'ros'
[0.296s] Level 1:colcon.colcon_core.package_identification:_identify(firmware/lib/Adafruit_BNO055/examples/read_all_data) by extensions ['cmake', 'python']
[0.296s] Level 1:colcon.colcon_core.package_identification:_identify(firmware/lib/Adafruit_BNO055/examples/read_all_data) by extension 'cmake'
[0.296s] Level 1:colcon.colcon_core.package_identification:_identify(firmware/lib/Adafruit_BNO055/examples/read_all_data) by extension 'python'
[0.296s] Level 1:colcon.colcon_core.package_identification:_identify(firmware/lib/Adafruit_BNO055/examples/read_all_data) by extensions ['python_setup_py']
[0.296s] Level 1:colcon.colcon_core.package_identification:_identify(firmware/lib/Adafruit_BNO055/examples/read_all_data) by extension 'python_setup_py'
[0.296s] Level 1:colcon.colcon_core.package_identification:_identify(firmware/lib/Adafruit_BNO055/examples/restore_offsets) by extensions ['ignore', 'ignore_ament_install']
[0.296s] Level 1:colcon.colcon_core.package_identification:_identify(firmware/lib/Adafruit_BNO055/examples/restore_offsets) by extension 'ignore'
[0.296s] Level 1:colcon.colcon_core.package_identification:_identify(firmware/lib/Adafruit_BNO055/examples/restore_offsets) by extension 'ignore_ament_install'
[0.296s] Level 1:colcon.colcon_core.package_identification:_identify(firmware/lib/Adafruit_BNO055/examples/restore_offsets) by extensions ['colcon_pkg']
[0.296s] Level 1:colcon.colcon_core.package_identification:_identify(firmware/lib/Adafruit_BNO055/examples/restore_offsets) by extension 'colcon_pkg'
[0.296s] Level 1:colcon.colcon_core.package_identification:_identify(firmware/lib/Adafruit_BNO055/examples/restore_offsets) by extensions ['colcon_meta']
[0.296s] Level 1:colcon.colcon_core.package_identification:_identify(firmware/lib/Adafruit_BNO055/examples/restore_offsets) by extension 'colcon_meta'
[0.296s] Level 1:colcon.colcon_core.package_identification:_identify(firmware/lib/Adafruit_BNO055/examples/restore_offsets) by extensions ['ros']
[0.296s] Level 1:colcon.colcon_core.package_identification:_identify(firmware/lib/Adafruit_BNO055/examples/restore_offsets) by extension 'ros'
[0.297s] Level 1:colcon.colcon_core.package_identification:_identify(firmware/lib/Adafruit_BNO055/examples/restore_offsets) by extensions ['cmake', 'python']
[0.297s] Level 1:colcon.colcon_core.package_identification:_identify(firmware/lib/Adafruit_BNO055/examples/restore_offsets) by extension 'cmake'
[0.297s] Level 1:colcon.colcon_core.package_identification:_identify(firmware/lib/Adafruit_BNO055/examples/restore_offsets) by extension 'python'
[0.297s] Level 1:colcon.colcon_core.package_identification:_identify(firmware/lib/Adafruit_BNO055/examples/restore_offsets) by extensions ['python_setup_py']
[0.297s] Level 1:colcon.colcon_core.package_identification:_identify(firmware/lib/Adafruit_BNO055/examples/restore_offsets) by extension 'python_setup_py'
[0.297s] Level 1:colcon.colcon_core.package_identification:_identify(firmware/lib/Adafruit_BNO055/examples/sensorapi) by extensions ['ignore', 'ignore_ament_install']
[0.297s] Level 1:colcon.colcon_core.package_identification:_identify(firmware/lib/Adafruit_BNO055/examples/sensorapi) by extension 'ignore'
[0.297s] Level 1:colcon.colcon_core.package_identification:_identify(firmware/lib/Adafruit_BNO055/examples/sensorapi) by extension 'ignore_ament_install'
[0.297s] Level 1:colcon.colcon_core.package_identification:_identify(firmware/lib/Adafruit_BNO055/examples/sensorapi) by extensions ['colcon_pkg']
[0.297s] Level 1:colcon.colcon_core.package_identification:_identify(firmware/lib/Adafruit_BNO055/examples/sensorapi) by extension 'colcon_pkg'
[0.297s] Level 1:colcon.colcon_core.package_identification:_identify(firmware/lib/Adafruit_BNO055/examples/sensorapi) by extensions ['colcon_meta']
[0.297s] Level 1:colcon.colcon_core.package_identification:_identify(firmware/lib/Adafruit_BNO055/examples/sensorapi) by extension 'colcon_meta'
[0.297s] Level 1:colcon.colcon_core.package_identification:_identify(firmware/lib/Adafruit_BNO055/examples/sensorapi) by extensions ['ros']
[0.297s] Level 1:colcon.colcon_core.package_identification:_identify(firmware/lib/Adafruit_BNO055/examples/sensorapi) by extension 'ros'
[0.297s] Level 1:colcon.colcon_core.package_identification:_identify(firmware/lib/Adafruit_BNO055/examples/sensorapi) by extensions ['cmake', 'python']
[0.297s] Level 1:colcon.colcon_core.package_identification:_identify(firmware/lib/Adafruit_BNO055/examples/sensorapi) by extension 'cmake'
[0.297s] Level 1:colcon.colcon_core.package_identification:_identify(firmware/lib/Adafruit_BNO055/examples/sensorapi) by extension 'python'
[0.297s] Level 1:colcon.colcon_core.package_identification:_identify(firmware/lib/Adafruit_BNO055/examples/sensorapi) by extensions ['python_setup_py']
[0.297s] Level 1:colcon.colcon_core.package_identification:_identify(firmware/lib/Adafruit_BNO055/examples/sensorapi) by extension 'python_setup_py'
[0.297s] Level 1:colcon.colcon_core.package_identification:_identify(firmware/lib/Adafruit_BNO055/examples/webserial_3d) by extensions ['ignore', 'ignore_ament_install']
[0.297s] Level 1:colcon.colcon_core.package_identification:_identify(firmware/lib/Adafruit_BNO055/examples/webserial_3d) by extension 'ignore'
[0.297s] Level 1:colcon.colcon_core.package_identification:_identify(firmware/lib/Adafruit_BNO055/examples/webserial_3d) by extension 'ignore_ament_install'
[0.297s] Level 1:colcon.colcon_core.package_identification:_identify(firmware/lib/Adafruit_BNO055/examples/webserial_3d) by extensions ['colcon_pkg']
[0.297s] Level 1:colcon.colcon_core.package_identification:_identify(firmware/lib/Adafruit_BNO055/examples/webserial_3d) by extension 'colcon_pkg'
[0.297s] Level 1:colcon.colcon_core.package_identification:_identify(firmware/lib/Adafruit_BNO055/examples/webserial_3d) by extensions ['colcon_meta']
[0.297s] Level 1:colcon.colcon_core.package_identification:_identify(firmware/lib/Adafruit_BNO055/examples/webserial_3d) by extension 'colcon_meta'
[0.297s] Level 1:colcon.colcon_core.package_identification:_identify(firmware/lib/Adafruit_BNO055/examples/webserial_3d) by extensions ['ros']
[0.297s] Level 1:colcon.colcon_core.package_identification:_identify(firmware/lib/Adafruit_BNO055/examples/webserial_3d) by extension 'ros'
[0.298s] Level 1:colcon.colcon_core.package_identification:_identify(firmware/lib/Adafruit_BNO055/examples/webserial_3d) by extensions ['cmake', 'python']
[0.298s] Level 1:colcon.colcon_core.package_identification:_identify(firmware/lib/Adafruit_BNO055/examples/webserial_3d) by extension 'cmake'
[0.298s] Level 1:colcon.colcon_core.package_identification:_identify(firmware/lib/Adafruit_BNO055/examples/webserial_3d) by extension 'python'
[0.298s] Level 1:colcon.colcon_core.package_identification:_identify(firmware/lib/Adafruit_BNO055/examples/webserial_3d) by extensions ['python_setup_py']
[0.298s] Level 1:colcon.colcon_core.package_identification:_identify(firmware/lib/Adafruit_BNO055/examples/webserial_3d) by extension 'python_setup_py'
[0.298s] Level 1:colcon.colcon_core.package_identification:_identify(firmware/lib/Adafruit_BNO055/examples_processing) by extensions ['ignore', 'ignore_ament_install']
[0.298s] Level 1:colcon.colcon_core.package_identification:_identify(firmware/lib/Adafruit_BNO055/examples_processing) by extension 'ignore'
[0.298s] Level 1:colcon.colcon_core.package_identification:_identify(firmware/lib/Adafruit_BNO055/examples_processing) by extension 'ignore_ament_install'
[0.298s] Level 1:colcon.colcon_core.package_identification:_identify(firmware/lib/Adafruit_BNO055/examples_processing) by extensions ['colcon_pkg']
[0.298s] Level 1:colcon.colcon_core.package_identification:_identify(firmware/lib/Adafruit_BNO055/examples_processing) by extension 'colcon_pkg'
[0.298s] Level 1:colcon.colcon_core.package_identification:_identify(firmware/lib/Adafruit_BNO055/examples_processing) by extensions ['colcon_meta']
[0.298s] Level 1:colcon.colcon_core.package_identification:_identify(firmware/lib/Adafruit_BNO055/examples_processing) by extension 'colcon_meta'
[0.298s] Level 1:colcon.colcon_core.package_identification:_identify(firmware/lib/Adafruit_BNO055/examples_processing) by extensions ['ros']
[0.298s] Level 1:colcon.colcon_core.package_identification:_identify(firmware/lib/Adafruit_BNO055/examples_processing) by extension 'ros'
[0.298s] Level 1:colcon.colcon_core.package_identification:_identify(firmware/lib/Adafruit_BNO055/examples_processing) by extensions ['cmake', 'python']
[0.298s] Level 1:colcon.colcon_core.package_identification:_identify(firmware/lib/Adafruit_BNO055/examples_processing) by extension 'cmake'
[0.298s] Level 1:colcon.colcon_core.package_identification:_identify(firmware/lib/Adafruit_BNO055/examples_processing) by extension 'python'
[0.298s] Level 1:colcon.colcon_core.package_identification:_identify(firmware/lib/Adafruit_BNO055/examples_processing) by extensions ['python_setup_py']
[0.298s] Level 1:colcon.colcon_core.package_identification:_identify(firmware/lib/Adafruit_BNO055/examples_processing) by extension 'python_setup_py'
[0.298s] Level 1:colcon.colcon_core.package_identification:_identify(firmware/lib/Adafruit_BNO055/examples_processing/cuberotate) by extensions ['ignore', 'ignore_ament_install']
[0.298s] Level 1:colcon.colcon_core.package_identification:_identify(firmware/lib/Adafruit_BNO055/examples_processing/cuberotate) by extension 'ignore'
[0.298s] Level 1:colcon.colcon_core.package_identification:_identify(firmware/lib/Adafruit_BNO055/examples_processing/cuberotate) by extension 'ignore_ament_install'
[0.298s] Level 1:colcon.colcon_core.package_identification:_identify(firmware/lib/Adafruit_BNO055/examples_processing/cuberotate) by extensions ['colcon_pkg']
[0.298s] Level 1:colcon.colcon_core.package_identification:_identify(firmware/lib/Adafruit_BNO055/examples_processing/cuberotate) by extension 'colcon_pkg'
[0.298s] Level 1:colcon.colcon_core.package_identification:_identify(firmware/lib/Adafruit_BNO055/examples_processing/cuberotate) by extensions ['colcon_meta']
[0.298s] Level 1:colcon.colcon_core.package_identification:_identify(firmware/lib/Adafruit_BNO055/examples_processing/cuberotate) by extension 'colcon_meta'
[0.298s] Level 1:colcon.colcon_core.package_identification:_identify(firmware/lib/Adafruit_BNO055/examples_processing/cuberotate) by extensions ['ros']
[0.298s] Level 1:colcon.colcon_core.package_identification:_identify(firmware/lib/Adafruit_BNO055/examples_processing/cuberotate) by extension 'ros'
[0.299s] Level 1:colcon.colcon_core.package_identification:_identify(firmware/lib/Adafruit_BNO055/examples_processing/cuberotate) by extensions ['cmake', 'python']
[0.299s] Level 1:colcon.colcon_core.package_identification:_identify(firmware/lib/Adafruit_BNO055/examples_processing/cuberotate) by extension 'cmake'
[0.299s] Level 1:colcon.colcon_core.package_identification:_identify(firmware/lib/Adafruit_BNO055/examples_processing/cuberotate) by extension 'python'
[0.299s] Level 1:colcon.colcon_core.package_identification:_identify(firmware/lib/Adafruit_BNO055/examples_processing/cuberotate) by extensions ['python_setup_py']
[0.299s] Level 1:colcon.colcon_core.package_identification:_identify(firmware/lib/Adafruit_BNO055/examples_processing/cuberotate) by extension 'python_setup_py'
[0.299s] Level 1:colcon.colcon_core.package_identification:_identify(firmware/lib/Adafruit_BNO055/examples_processing/cuberotate/data) by extensions ['ignore', 'ignore_ament_install']
[0.299s] Level 1:colcon.colcon_core.package_identification:_identify(firmware/lib/Adafruit_BNO055/examples_processing/cuberotate/data) by extension 'ignore'
[0.299s] Level 1:colcon.colcon_core.package_identification:_identify(firmware/lib/Adafruit_BNO055/examples_processing/cuberotate/data) by extension 'ignore_ament_install'
[0.299s] Level 1:colcon.colcon_core.package_identification:_identify(firmware/lib/Adafruit_BNO055/examples_processing/cuberotate/data) by extensions ['colcon_pkg']
[0.299s] Level 1:colcon.colcon_core.package_identification:_identify(firmware/lib/Adafruit_BNO055/examples_processing/cuberotate/data) by extension 'colcon_pkg'
[0.299s] Level 1:colcon.colcon_core.package_identification:_identify(firmware/lib/Adafruit_BNO055/examples_processing/cuberotate/data) by extensions ['colcon_meta']
[0.299s] Level 1:colcon.colcon_core.package_identification:_identify(firmware/lib/Adafruit_BNO055/examples_processing/cuberotate/data) by extension 'colcon_meta'
[0.299s] Level 1:colcon.colcon_core.package_identification:_identify(firmware/lib/Adafruit_BNO055/examples_processing/cuberotate/data) by extensions ['ros']
[0.299s] Level 1:colcon.colcon_core.package_identification:_identify(firmware/lib/Adafruit_BNO055/examples_processing/cuberotate/data) by extension 'ros'
[0.299s] Level 1:colcon.colcon_core.package_identification:_identify(firmware/lib/Adafruit_BNO055/examples_processing/cuberotate/data) by extensions ['cmake', 'python']
[0.299s] Level 1:colcon.colcon_core.package_identification:_identify(firmware/lib/Adafruit_BNO055/examples_processing/cuberotate/data) by extension 'cmake'
[0.299s] Level 1:colcon.colcon_core.package_identification:_identify(firmware/lib/Adafruit_BNO055/examples_processing/cuberotate/data) by extension 'python'
[0.299s] Level 1:colcon.colcon_core.package_identification:_identify(firmware/lib/Adafruit_BNO055/examples_processing/cuberotate/data) by extensions ['python_setup_py']
[0.299s] Level 1:colcon.colcon_core.package_identification:_identify(firmware/lib/Adafruit_BNO055/examples_processing/cuberotate/data) by extension 'python_setup_py'
[0.299s] Level 1:colcon.colcon_core.package_identification:_identify(firmware/lib/Adafruit_BNO055/utility) by extensions ['ignore', 'ignore_ament_install']
[0.299s] Level 1:colcon.colcon_core.package_identification:_identify(firmware/lib/Adafruit_BNO055/utility) by extension 'ignore'
[0.299s] Level 1:colcon.colcon_core.package_identification:_identify(firmware/lib/Adafruit_BNO055/utility) by extension 'ignore_ament_install'
[0.299s] Level 1:colcon.colcon_core.package_identification:_identify(firmware/lib/Adafruit_BNO055/utility) by extensions ['colcon_pkg']
[0.299s] Level 1:colcon.colcon_core.package_identification:_identify(firmware/lib/Adafruit_BNO055/utility) by extension 'colcon_pkg'
[0.299s] Level 1:colcon.colcon_core.package_identification:_identify(firmware/lib/Adafruit_BNO055/utility) by extensions ['colcon_meta']
[0.299s] Level 1:colcon.colcon_core.package_identification:_identify(firmware/lib/Adafruit_BNO055/utility) by extension 'colcon_meta'
[0.299s] Level 1:colcon.colcon_core.package_identification:_identify(firmware/lib/Adafruit_BNO055/utility) by extensions ['ros']
[0.299s] Level 1:colcon.colcon_core.package_identification:_identify(firmware/lib/Adafruit_BNO055/utility) by extension 'ros'
[0.300s] Level 1:colcon.colcon_core.package_identification:_identify(firmware/lib/Adafruit_BNO055/utility) by extensions ['cmake', 'python']
[0.300s] Level 1:colcon.colcon_core.package_identification:_identify(firmware/lib/Adafruit_BNO055/utility) by extension 'cmake'
[0.300s] Level 1:colcon.colcon_core.package_identification:_identify(firmware/lib/Adafruit_BNO055/utility) by extension 'python'
[0.300s] Level 1:colcon.colcon_core.package_identification:_identify(firmware/lib/Adafruit_BNO055/utility) by extensions ['python_setup_py']
[0.300s] Level 1:colcon.colcon_core.package_identification:_identify(firmware/lib/Adafruit_BNO055/utility) by extension 'python_setup_py'
[0.300s] Level 1:colcon.colcon_core.package_identification:_identify(firmware/lib/micro_ros) by extensions ['ignore', 'ignore_ament_install']
[0.300s] Level 1:colcon.colcon_core.package_identification:_identify(firmware/lib/micro_ros) by extension 'ignore'
[0.300s] Level 1:colcon.colcon_core.package_identification:_identify(firmware/lib/micro_ros) by extension 'ignore_ament_install'
[0.300s] Level 1:colcon.colcon_core.package_identification:_identify(firmware/lib/micro_ros) by extensions ['colcon_pkg']
[0.300s] Level 1:colcon.colcon_core.package_identification:_identify(firmware/lib/micro_ros) by extension 'colcon_pkg'
[0.300s] Level 1:colcon.colcon_core.package_identification:_identify(firmware/lib/micro_ros) by extensions ['colcon_meta']
[0.300s] Level 1:colcon.colcon_core.package_identification:_identify(firmware/lib/micro_ros) by extension 'colcon_meta'
[0.300s] Level 1:colcon.colcon_core.package_identification:_identify(firmware/lib/micro_ros) by extensions ['ros']
[0.300s] Level 1:colcon.colcon_core.package_identification:_identify(firmware/lib/micro_ros) by extension 'ros'
[0.300s] Level 1:colcon.colcon_core.package_identification:_identify(firmware/lib/micro_ros) by extensions ['cmake', 'python']
[0.300s] Level 1:colcon.colcon_core.package_identification:_identify(firmware/lib/micro_ros) by extension 'cmake'
[0.300s] Level 1:colcon.colcon_core.package_identification:_identify(firmware/lib/micro_ros) by extension 'python'
[0.300s] Level 1:colcon.colcon_core.package_identification:_identify(firmware/lib/micro_ros) by extensions ['python_setup_py']
[0.300s] Level 1:colcon.colcon_core.package_identification:_identify(firmware/lib/micro_ros) by extension 'python_setup_py'
[0.300s] Level 1:colcon.colcon_core.package_identification:_identify(firmware/log) by extensions ['ignore', 'ignore_ament_install']
[0.300s] Level 1:colcon.colcon_core.package_identification:_identify(firmware/log) by extension 'ignore'
[0.300s] Level 1:colcon.colcon_core.package_identification:_identify(firmware/log) ignored
[0.300s] Level 1:colcon.colcon_core.package_identification:_identify(firmware/src) by extensions ['ignore', 'ignore_ament_install']
[0.300s] Level 1:colcon.colcon_core.package_identification:_identify(firmware/src) by extension 'ignore'
[0.301s] Level 1:colcon.colcon_core.package_identification:_identify(firmware/src) by extension 'ignore_ament_install'
[0.301s] Level 1:colcon.colcon_core.package_identification:_identify(firmware/src) by extensions ['colcon_pkg']
[0.301s] Level 1:colcon.colcon_core.package_identification:_identify(firmware/src) by extension 'colcon_pkg'
[0.301s] Level 1:colcon.colcon_core.package_identification:_identify(firmware/src) by extensions ['colcon_meta']
[0.301s] Level 1:colcon.colcon_core.package_identification:_identify(firmware/src) by extension 'colcon_meta'
[0.301s] Level 1:colcon.colcon_core.package_identification:_identify(firmware/src) by extensions ['ros']
[0.301s] Level 1:colcon.colcon_core.package_identification:_identify(firmware/src) by extension 'ros'
[0.301s] Level 1:colcon.colcon_core.package_identification:_identify(firmware/src) by extensions ['cmake', 'python']
[0.301s] Level 1:colcon.colcon_core.package_identification:_identify(firmware/src) by extension 'cmake'
[0.301s] Level 1:colcon.colcon_core.package_identification:_identify(firmware/src) by extension 'python'
[0.301s] Level 1:colcon.colcon_core.package_identification:_identify(firmware/src) by extensions ['python_setup_py']
[0.301s] Level 1:colcon.colcon_core.package_identification:_identify(firmware/src) by extension 'python_setup_py'
[0.301s] Level 1:colcon.colcon_core.package_identification:_identify(firmware/test) by extensions ['ignore', 'ignore_ament_install']
[0.301s] Level 1:colcon.colcon_core.package_identification:_identify(firmware/test) by extension 'ignore'
[0.301s] Level 1:colcon.colcon_core.package_identification:_identify(firmware/test) by extension 'ignore_ament_install'
[0.301s] Level 1:colcon.colcon_core.package_identification:_identify(firmware/test) by extensions ['colcon_pkg']
[0.301s] Level 1:colcon.colcon_core.package_identification:_identify(firmware/test) by extension 'colcon_pkg'
[0.301s] Level 1:colcon.colcon_core.package_identification:_identify(firmware/test) by extensions ['colcon_meta']
[0.301s] Level 1:colcon.colcon_core.package_identification:_identify(firmware/test) by extension 'colcon_meta'
[0.301s] Level 1:colcon.colcon_core.package_identification:_identify(firmware/test) by extensions ['ros']
[0.301s] Level 1:colcon.colcon_core.package_identification:_identify(firmware/test) by extension 'ros'
[0.301s] Level 1:colcon.colcon_core.package_identification:_identify(firmware/test) by extensions ['cmake', 'python']
[0.301s] Level 1:colcon.colcon_core.package_identification:_identify(firmware/test) by extension 'cmake'
[0.301s] Level 1:colcon.colcon_core.package_identification:_identify(firmware/test) by extension 'python'
[0.301s] Level 1:colcon.colcon_core.package_identification:_identify(firmware/test) by extensions ['python_setup_py']
[0.301s] Level 1:colcon.colcon_core.package_identification:_identify(firmware/test) by extension 'python_setup_py'
[0.301s] Level 1:colcon.colcon_core.package_identification:_identify(install) by extensions ['ignore', 'ignore_ament_install']
[0.301s] Level 1:colcon.colcon_core.package_identification:_identify(install) by extension 'ignore'
[0.301s] Level 1:colcon.colcon_core.package_identification:_identify(install) ignored
[0.301s] Level 1:colcon.colcon_core.package_identification:_identify(log) by extensions ['ignore', 'ignore_ament_install']
[0.302s] Level 1:colcon.colcon_core.package_identification:_identify(log) by extension 'ignore'
[0.302s] Level 1:colcon.colcon_core.package_identification:_identify(log) ignored
[0.302s] Level 1:colcon.colcon_core.package_identification:_identify(micro_ros_agent) by extensions ['ignore', 'ignore_ament_install']
[0.302s] Level 1:colcon.colcon_core.package_identification:_identify(micro_ros_agent) by extension 'ignore'
[0.302s] Level 1:colcon.colcon_core.package_identification:_identify(micro_ros_agent) by extension 'ignore_ament_install'
[0.302s] Level 1:colcon.colcon_core.package_identification:_identify(micro_ros_agent) by extensions ['colcon_pkg']
[0.302s] Level 1:colcon.colcon_core.package_identification:_identify(micro_ros_agent) by extension 'colcon_pkg'
[0.302s] Level 1:colcon.colcon_core.package_identification:_identify(micro_ros_agent) by extensions ['colcon_meta']
[0.302s] Level 1:colcon.colcon_core.package_identification:_identify(micro_ros_agent) by extension 'colcon_meta'
[0.302s] Level 1:colcon.colcon_core.package_identification:_identify(micro_ros_agent) by extensions ['ros']
[0.302s] Level 1:colcon.colcon_core.package_identification:_identify(micro_ros_agent) by extension 'ros'
[0.302s] Level 1:colcon.colcon_core.package_identification:_identify(micro_ros_agent) by extensions ['cmake', 'python']
[0.302s] Level 1:colcon.colcon_core.package_identification:_identify(micro_ros_agent) by extension 'cmake'
[0.302s] Level 1:colcon.colcon_core.package_identification:_identify(micro_ros_agent) by extension 'python'
[0.302s] Level 1:colcon.colcon_core.package_identification:_identify(micro_ros_agent) by extensions ['python_setup_py']
[0.302s] Level 1:colcon.colcon_core.package_identification:_identify(micro_ros_agent) by extension 'python_setup_py'
[0.302s] Level 1:colcon.colcon_core.package_identification:_identify(micro_ros_agent/build) by extensions ['ignore', 'ignore_ament_install']
[0.302s] Level 1:colcon.colcon_core.package_identification:_identify(micro_ros_agent/build) by extension 'ignore'
[0.302s] Level 1:colcon.colcon_core.package_identification:_identify(micro_ros_agent/build) ignored
[0.303s] Level 1:colcon.colcon_core.package_identification:_identify(micro_ros_agent/install) by extensions ['ignore', 'ignore_ament_install']
[0.303s] Level 1:colcon.colcon_core.package_identification:_identify(micro_ros_agent/install) by extension 'ignore'
[0.303s] Level 1:colcon.colcon_core.package_identification:_identify(micro_ros_agent/install) ignored
[0.303s] Level 1:colcon.colcon_core.package_identification:_identify(micro_ros_agent/log) by extensions ['ignore', 'ignore_ament_install']
[0.303s] Level 1:colcon.colcon_core.package_identification:_identify(micro_ros_agent/log) by extension 'ignore'
[0.303s] Level 1:colcon.colcon_core.package_identification:_identify(micro_ros_agent/log) ignored
[0.303s] Level 1:colcon.colcon_core.package_identification:_identify(micro_ros_agent/src) by extensions ['ignore', 'ignore_ament_install']
[0.303s] Level 1:colcon.colcon_core.package_identification:_identify(micro_ros_agent/src) by extension 'ignore'
[0.303s] Level 1:colcon.colcon_core.package_identification:_identify(micro_ros_agent/src) by extension 'ignore_ament_install'
[0.303s] Level 1:colcon.colcon_core.package_identification:_identify(micro_ros_agent/src) by extensions ['colcon_pkg']
[0.303s] Level 1:colcon.colcon_core.package_identification:_identify(micro_ros_agent/src) by extension 'colcon_pkg'
[0.303s] Level 1:colcon.colcon_core.package_identification:_identify(micro_ros_agent/src) by extensions ['colcon_meta']
[0.303s] Level 1:colcon.colcon_core.package_identification:_identify(micro_ros_agent/src) by extension 'colcon_meta'
[0.303s] Level 1:colcon.colcon_core.package_identification:_identify(micro_ros_agent/src) by extensions ['ros']
[0.303s] Level 1:colcon.colcon_core.package_identification:_identify(micro_ros_agent/src) by extension 'ros'
[0.303s] Level 1:colcon.colcon_core.package_identification:_identify(micro_ros_agent/src) by extensions ['cmake', 'python']
[0.303s] Level 1:colcon.colcon_core.package_identification:_identify(micro_ros_agent/src) by extension 'cmake'
[0.303s] Level 1:colcon.colcon_core.package_identification:_identify(micro_ros_agent/src) by extension 'python'
[0.303s] Level 1:colcon.colcon_core.package_identification:_identify(micro_ros_agent/src) by extensions ['python_setup_py']
[0.303s] Level 1:colcon.colcon_core.package_identification:_identify(micro_ros_agent/src) by extension 'python_setup_py'
[0.304s] Level 1:colcon.colcon_core.package_identification:_identify(micro_ros_agent/src/micro_ros_setup) by extensions ['ignore', 'ignore_ament_install']
[0.304s] Level 1:colcon.colcon_core.package_identification:_identify(micro_ros_agent/src/micro_ros_setup) by extension 'ignore'
[0.304s] Level 1:colcon.colcon_core.package_identification:_identify(micro_ros_agent/src/micro_ros_setup) by extension 'ignore_ament_install'
[0.304s] Level 1:colcon.colcon_core.package_identification:_identify(micro_ros_agent/src/micro_ros_setup) by extensions ['colcon_pkg']
[0.304s] Level 1:colcon.colcon_core.package_identification:_identify(micro_ros_agent/src/micro_ros_setup) by extension 'colcon_pkg'
[0.304s] Level 1:colcon.colcon_core.package_identification:_identify(micro_ros_agent/src/micro_ros_setup) by extensions ['colcon_meta']
[0.304s] Level 1:colcon.colcon_core.package_identification:_identify(micro_ros_agent/src/micro_ros_setup) by extension 'colcon_meta'
[0.304s] Level 1:colcon.colcon_core.package_identification:_identify(micro_ros_agent/src/micro_ros_setup) by extensions ['ros']
[0.304s] Level 1:colcon.colcon_core.package_identification:_identify(micro_ros_agent/src/micro_ros_setup) by extension 'ros'
[0.304s] Level 1:colcon.colcon_core.package_identification:_identify(micro_ros_agent/src/micro_ros_setup) by extensions ['cmake', 'python']
[0.304s] Level 1:colcon.colcon_core.package_identification:_identify(micro_ros_agent/src/micro_ros_setup) by extension 'cmake'
[0.304s] Level 1:colcon.colcon_core.package_identification:_identify(micro_ros_agent/src/micro_ros_setup) by extension 'python'
[0.304s] Level 1:colcon.colcon_core.package_identification:_identify(micro_ros_agent/src/micro_ros_setup) by extensions ['python_setup_py']
[0.304s] Level 1:colcon.colcon_core.package_identification:_identify(micro_ros_agent/src/micro_ros_setup) by extension 'python_setup_py'
[0.304s] Level 1:colcon.colcon_core.package_identification:_identify(micro_ros_agent/src/uros) by extensions ['ignore', 'ignore_ament_install']
[0.304s] Level 1:colcon.colcon_core.package_identification:_identify(micro_ros_agent/src/uros) by extension 'ignore'
[0.304s] Level 1:colcon.colcon_core.package_identification:_identify(micro_ros_agent/src/uros) by extension 'ignore_ament_install'
[0.304s] Level 1:colcon.colcon_core.package_identification:_identify(micro_ros_agent/src/uros) by extensions ['colcon_pkg']
[0.304s] Level 1:colcon.colcon_core.package_identification:_identify(micro_ros_agent/src/uros) by extension 'colcon_pkg'
[0.304s] Level 1:colcon.colcon_core.package_identification:_identify(micro_ros_agent/src/uros) by extensions ['colcon_meta']
[0.304s] Level 1:colcon.colcon_core.package_identification:_identify(micro_ros_agent/src/uros) by extension 'colcon_meta'
[0.304s] Level 1:colcon.colcon_core.package_identification:_identify(micro_ros_agent/src/uros) by extensions ['ros']
[0.304s] Level 1:colcon.colcon_core.package_identification:_identify(micro_ros_agent/src/uros) by extension 'ros'
[0.304s] Level 1:colcon.colcon_core.package_identification:_identify(micro_ros_agent/src/uros) by extensions ['cmake', 'python']
[0.304s] Level 1:colcon.colcon_core.package_identification:_identify(micro_ros_agent/src/uros) by extension 'cmake'
[0.304s] Level 1:colcon.colcon_core.package_identification:_identify(micro_ros_agent/src/uros) by extension 'python'
[0.304s] Level 1:colcon.colcon_core.package_identification:_identify(micro_ros_agent/src/uros) by extensions ['python_setup_py']
[0.304s] Level 1:colcon.colcon_core.package_identification:_identify(micro_ros_agent/src/uros) by extension 'python_setup_py'
[0.304s] Level 1:colcon.colcon_core.package_identification:_identify(micro_ros_agent/src/uros/micro-ROS-Agent) by extensions ['ignore', 'ignore_ament_install']
[0.304s] Level 1:colcon.colcon_core.package_identification:_identify(micro_ros_agent/src/uros/micro-ROS-Agent) by extension 'ignore'
[0.304s] Level 1:colcon.colcon_core.package_identification:_identify(micro_ros_agent/src/uros/micro-ROS-Agent) by extension 'ignore_ament_install'
[0.304s] Level 1:colcon.colcon_core.package_identification:_identify(micro_ros_agent/src/uros/micro-ROS-Agent) by extensions ['colcon_pkg']
[0.305s] Level 1:colcon.colcon_core.package_identification:_identify(micro_ros_agent/src/uros/micro-ROS-Agent) by extension 'colcon_pkg'
[0.305s] Level 1:colcon.colcon_core.package_identification:_identify(micro_ros_agent/src/uros/micro-ROS-Agent) by extensions ['colcon_meta']
[0.305s] Level 1:colcon.colcon_core.package_identification:_identify(micro_ros_agent/src/uros/micro-ROS-Agent) by extension 'colcon_meta'
[0.305s] Level 1:colcon.colcon_core.package_identification:_identify(micro_ros_agent/src/uros/micro-ROS-Agent) by extensions ['ros']
[0.305s] Level 1:colcon.colcon_core.package_identification:_identify(micro_ros_agent/src/uros/micro-ROS-Agent) by extension 'ros'
[0.305s] Level 1:colcon.colcon_core.package_identification:_identify(micro_ros_agent/src/uros/micro-ROS-Agent) by extensions ['cmake', 'python']
[0.305s] Level 1:colcon.colcon_core.package_identification:_identify(micro_ros_agent/src/uros/micro-ROS-Agent) by extension 'cmake'
[0.305s] Level 1:colcon.colcon_core.package_identification:_identify(micro_ros_agent/src/uros/micro-ROS-Agent) by extension 'python'
[0.305s] Level 1:colcon.colcon_core.package_identification:_identify(micro_ros_agent/src/uros/micro-ROS-Agent) by extensions ['python_setup_py']
[0.305s] Level 1:colcon.colcon_core.package_identification:_identify(micro_ros_agent/src/uros/micro-ROS-Agent) by extension 'python_setup_py'
[0.305s] Level 1:colcon.colcon_core.package_identification:_identify(micro_ros_agent/src/uros/micro_ros_msgs) by extensions ['ignore', 'ignore_ament_install']
[0.305s] Level 1:colcon.colcon_core.package_identification:_identify(micro_ros_agent/src/uros/micro_ros_msgs) by extension 'ignore'
[0.305s] Level 1:colcon.colcon_core.package_identification:_identify(micro_ros_agent/src/uros/micro_ros_msgs) by extension 'ignore_ament_install'
[0.305s] Level 1:colcon.colcon_core.package_identification:_identify(micro_ros_agent/src/uros/micro_ros_msgs) by extensions ['colcon_pkg']
[0.305s] Level 1:colcon.colcon_core.package_identification:_identify(micro_ros_agent/src/uros/micro_ros_msgs) by extension 'colcon_pkg'
[0.305s] Level 1:colcon.colcon_core.package_identification:_identify(micro_ros_agent/src/uros/micro_ros_msgs) by extensions ['colcon_meta']
[0.305s] Level 1:colcon.colcon_core.package_identification:_identify(micro_ros_agent/src/uros/micro_ros_msgs) by extension 'colcon_meta'
[0.305s] Level 1:colcon.colcon_core.package_identification:_identify(micro_ros_agent/src/uros/micro_ros_msgs) by extensions ['ros']
[0.305s] Level 1:colcon.colcon_core.package_identification:_identify(micro_ros_agent/src/uros/micro_ros_msgs) by extension 'ros'
[0.305s] Level 1:colcon.colcon_core.package_identification:_identify(micro_ros_agent/src/uros/micro_ros_msgs) by extensions ['cmake', 'python']
[0.305s] Level 1:colcon.colcon_core.package_identification:_identify(micro_ros_agent/src/uros/micro_ros_msgs) by extension 'cmake'
[0.305s] Level 1:colcon.colcon_core.package_identification:_identify(micro_ros_agent/src/uros/micro_ros_msgs) by extension 'python'
[0.305s] Level 1:colcon.colcon_core.package_identification:_identify(micro_ros_agent/src/uros/micro_ros_msgs) by extensions ['python_setup_py']
[0.305s] Level 1:colcon.colcon_core.package_identification:_identify(micro_ros_agent/src/uros/micro_ros_msgs) by extension 'python_setup_py'
[0.305s] Level 1:colcon.colcon_core.package_identification:_identify(src) by extensions ['ignore', 'ignore_ament_install']
[0.305s] Level 1:colcon.colcon_core.package_identification:_identify(src) by extension 'ignore'
[0.305s] Level 1:colcon.colcon_core.package_identification:_identify(src) by extension 'ignore_ament_install'
[0.305s] Level 1:colcon.colcon_core.package_identification:_identify(src) by extensions ['colcon_pkg']
[0.305s] Level 1:colcon.colcon_core.package_identification:_identify(src) by extension 'colcon_pkg'
[0.305s] Level 1:colcon.colcon_core.package_identification:_identify(src) by extensions ['colcon_meta']
[0.305s] Level 1:colcon.colcon_core.package_identification:_identify(src) by extension 'colcon_meta'
[0.305s] Level 1:colcon.colcon_core.package_identification:_identify(src) by extensions ['ros']
[0.305s] Level 1:colcon.colcon_core.package_identification:_identify(src) by extension 'ros'
[0.305s] Level 1:colcon.colcon_core.package_identification:_identify(src) by extensions ['cmake', 'python']
[0.305s] Level 1:colcon.colcon_core.package_identification:_identify(src) by extension 'cmake'
[0.306s] Level 1:colcon.colcon_core.package_identification:_identify(src) by extension 'python'
[0.306s] Level 1:colcon.colcon_core.package_identification:_identify(src) by extensions ['python_setup_py']
[0.306s] Level 1:colcon.colcon_core.package_identification:_identify(src) by extension 'python_setup_py'
[0.306s] Level 1:colcon.colcon_core.package_identification:_identify(src/imu_test) by extensions ['ignore', 'ignore_ament_install']
[0.306s] Level 1:colcon.colcon_core.package_identification:_identify(src/imu_test) by extension 'ignore'
[0.306s] Level 1:colcon.colcon_core.package_identification:_identify(src/imu_test) by extension 'ignore_ament_install'
[0.306s] Level 1:colcon.colcon_core.package_identification:_identify(src/imu_test) by extensions ['colcon_pkg']
[0.306s] Level 1:colcon.colcon_core.package_identification:_identify(src/imu_test) by extension 'colcon_pkg'
[0.306s] Level 1:colcon.colcon_core.package_identification:_identify(src/imu_test) by extensions ['colcon_meta']
[0.306s] Level 1:colcon.colcon_core.package_identification:_identify(src/imu_test) by extension 'colcon_meta'
[0.306s] Level 1:colcon.colcon_core.package_identification:_identify(src/imu_test) by extensions ['ros']
[0.306s] Level 1:colcon.colcon_core.package_identification:_identify(src/imu_test) by extension 'ros'
[0.308s] DEBUG:colcon.colcon_core.package_identification:Package 'src/imu_test' with type 'ros.ament_python' and name 'imu_test'
[0.308s] Level 1:colcon.colcon_core.package_identification:_identify(src/set_frame_id) by extensions ['ignore', 'ignore_ament_install']
[0.308s] Level 1:colcon.colcon_core.package_identification:_identify(src/set_frame_id) by extension 'ignore'
[0.308s] Level 1:colcon.colcon_core.package_identification:_identify(src/set_frame_id) by extension 'ignore_ament_install'
[0.308s] Level 1:colcon.colcon_core.package_identification:_identify(src/set_frame_id) by extensions ['colcon_pkg']
[0.308s] Level 1:colcon.colcon_core.package_identification:_identify(src/set_frame_id) by extension 'colcon_pkg'
[0.308s] Level 1:colcon.colcon_core.package_identification:_identify(src/set_frame_id) by extensions ['colcon_meta']
[0.308s] Level 1:colcon.colcon_core.package_identification:_identify(src/set_frame_id) by extension 'colcon_meta'
[0.308s] Level 1:colcon.colcon_core.package_identification:_identify(src/set_frame_id) by extensions ['ros']
[0.308s] Level 1:colcon.colcon_core.package_identification:_identify(src/set_frame_id) by extension 'ros'
[0.308s] DEBUG:colcon.colcon_core.package_identification:Package 'src/set_frame_id' with type 'ros.ament_python' and name 'set_frame_id'
[0.309s] Level 1:colcon.colcon_core.package_discovery:discover_packages(recursive) using defaults
[0.309s] Level 1:colcon.colcon_core.package_discovery:discover_packages(ignore) discover
[0.309s] Level 1:colcon.colcon_core.package_discovery:discover_packages(ignore) using defaults
[0.309s] Level 1:colcon.colcon_core.package_discovery:discover_packages(path) discover
[0.309s] Level 1:colcon.colcon_core.package_discovery:discover_packages(path) using defaults
[0.336s] Level 1:colcon.colcon_core.package_discovery:discover_packages(prefix_path) check parameters
[0.336s] Level 1:colcon.colcon_core.package_discovery:discover_packages(prefix_path) discover
[0.338s] DEBUG:colcon.colcon_installed_package_information.package_discovery:Found 6 installed packages in /home/jg/bno055_hardware/install
[0.338s] DEBUG:colcon.colcon_installed_package_information.package_discovery:Found 274 installed packages in /opt/ros/humble
[0.339s] Level 1:colcon.colcon_core.package_discovery:discover_packages(prefix_path) using defaults
[0.363s] Level 5:colcon.colcon_core.verb:set package 'imu_test' build argument 'cmake_args' from command line to 'None'
[0.363s] Level 5:colcon.colcon_core.verb:set package 'imu_test' build argument 'cmake_target' from command line to 'None'
[0.363s] Level 5:colcon.colcon_core.verb:set package 'imu_test' build argument 'cmake_target_skip_unavailable' from command line to 'False'
[0.363s] Level 5:colcon.colcon_core.verb:set package 'imu_test' build argument 'cmake_clean_cache' from command line to 'False'
[0.363s] Level 5:colcon.colcon_core.verb:set package 'imu_test' build argument 'cmake_clean_first' from command line to 'False'
[0.363s] Level 5:colcon.colcon_core.verb:set package 'imu_test' build argument 'cmake_force_configure' from command line to 'False'
[0.363s] Level 5:colcon.colcon_core.verb:set package 'imu_test' build argument 'ament_cmake_args' from command line to 'None'
[0.363s] Level 5:colcon.colcon_core.verb:set package 'imu_test' build argument 'catkin_cmake_args' from command line to 'None'
[0.363s] Level 5:colcon.colcon_core.verb:set package 'imu_test' build argument 'catkin_skip_building_tests' from command line to 'False'
[0.363s] DEBUG:colcon.colcon_core.verb:Building package 'imu_test' with the following arguments: {'ament_cmake_args': None, 'build_base': '/home/jg/bno055_hardware/build/imu_test', 'catkin_cmake_args': None, 'catkin_skip_building_tests': False, 'cmake_args': None, 'cmake_clean_cache': False, 'cmake_clean_first': False, 'cmake_force_configure': False, 'cmake_target': None, 'cmake_target_skip_unavailable': False, 'install_base': '/home/jg/bno055_hardware/install/imu_test', 'merge_install': False, 'path': '/home/jg/bno055_hardware/src/imu_test', 'symlink_install': False, 'test_result_base': None}
[0.363s] Level 5:colcon.colcon_core.verb:set package 'set_frame_id' build argument 'cmake_args' from command line to 'None'
[0.363s] Level 5:colcon.colcon_core.verb:set package 'set_frame_id' build argument 'cmake_target' from command line to 'None'
[0.363s] Level 5:colcon.colcon_core.verb:set package 'set_frame_id' build argument 'cmake_target_skip_unavailable' from command line to 'False'
[0.363s] Level 5:colcon.colcon_core.verb:set package 'set_frame_id' build argument 'cmake_clean_cache' from command line to 'False'
[0.363s] Level 5:colcon.colcon_core.verb:set package 'set_frame_id' build argument 'cmake_clean_first' from command line to 'False'
[0.363s] Level 5:colcon.colcon_core.verb:set package 'set_frame_id' build argument 'cmake_force_configure' from command line to 'False'
[0.364s] Level 5:colcon.colcon_core.verb:set package 'set_frame_id' build argument 'ament_cmake_args' from command line to 'None'
[0.364s] Level 5:colcon.colcon_core.verb:set package 'set_frame_id' build argument 'catkin_cmake_args' from command line to 'None'
[0.364s] Level 5:colcon.colcon_core.verb:set package 'set_frame_id' build argument 'catkin_skip_building_tests' from command line to 'False'
[0.364s] DEBUG:colcon.colcon_core.verb:Building package 'set_frame_id' with the following arguments: {'ament_cmake_args': None, 'build_base': '/home/jg/bno055_hardware/build/set_frame_id', 'catkin_cmake_args': None, 'catkin_skip_building_tests': False, 'cmake_args': None, 'cmake_clean_cache': False, 'cmake_clean_first': False, 'cmake_force_configure': False, 'cmake_target': None, 'cmake_target_skip_unavailable': False, 'install_base': '/home/jg/bno055_hardware/install/set_frame_id', 'merge_install': False, 'path': '/home/jg/bno055_hardware/src/set_frame_id', 'symlink_install': False, 'test_result_base': None}
[0.364s] INFO:colcon.colcon_core.executor:Executing jobs using 'parallel' executor
[0.364s] DEBUG:colcon.colcon_parallel_executor.executor.parallel:run_until_complete
[0.365s] INFO:colcon.colcon_ros.task.ament_python.build:Building ROS package in '/home/jg/bno055_hardware/src/imu_test' with build type 'ament_python'
[0.365s] Level 1:colcon.colcon_core.shell:create_environment_hook('imu_test', 'ament_prefix_path')
[0.367s] INFO:colcon.colcon_core.plugin_system:Skipping extension 'colcon_core.shell.bat': Not used on non-Windows systems
[0.368s] INFO:colcon.colcon_core.shell:Creating environment hook '/home/jg/bno055_hardware/install/imu_test/share/imu_test/hook/ament_prefix_path.ps1'
[0.368s] INFO:colcon.colcon_core.shell:Creating environment descriptor '/home/jg/bno055_hardware/install/imu_test/share/imu_test/hook/ament_prefix_path.dsv'
[0.369s] INFO:colcon.colcon_core.shell:Creating environment hook '/home/jg/bno055_hardware/install/imu_test/share/imu_test/hook/ament_prefix_path.sh'
[0.370s] INFO:colcon.colcon_core.shell:Skip shell extension 'powershell' for command environment: Not usable outside of PowerShell
[0.370s] DEBUG:colcon.colcon_core.shell:Skip shell extension 'dsv' for command environment
[0.373s] INFO:colcon.colcon_ros.task.ament_python.build:Building ROS package in '/home/jg/bno055_hardware/src/set_frame_id' with build type 'ament_python'
[0.373s] Level 1:colcon.colcon_core.shell:create_environment_hook('set_frame_id', 'ament_prefix_path')
[0.373s] INFO:colcon.colcon_core.shell:Creating environment hook '/home/jg/bno055_hardware/install/set_frame_id/share/set_frame_id/hook/ament_prefix_path.ps1'
[0.373s] INFO:colcon.colcon_core.shell:Creating environment descriptor '/home/jg/bno055_hardware/install/set_frame_id/share/set_frame_id/hook/ament_prefix_path.dsv'
[0.374s] INFO:colcon.colcon_core.shell:Creating environment hook '/home/jg/bno055_hardware/install/set_frame_id/share/set_frame_id/hook/ament_prefix_path.sh'
[0.374s] INFO:colcon.colcon_core.shell:Skip shell extension 'powershell' for command environment: Not usable outside of PowerShell
[0.374s] DEBUG:colcon.colcon_core.shell:Skip shell extension 'dsv' for command environment
[0.536s] INFO:colcon.colcon_core.task.python.build:Building Python package in '/home/jg/bno055_hardware/src/imu_test'
[0.537s] INFO:colcon.colcon_core.shell:Skip shell extension 'powershell' for command environment: Not usable outside of PowerShell
[0.537s] DEBUG:colcon.colcon_core.shell:Skip shell extension 'dsv' for command environment
[0.696s] WARNING:colcon.colcon_ros.task.ament_python.build:Package 'set_frame_id' doesn't explicitly install a marker in the package index (colcon-ros currently does it implicitly but that fallback will be removed in the future)
[0.697s] WARNING:colcon.colcon_ros.task.ament_python.build:Package 'set_frame_id' doesn't explicitly install the 'package.xml' file (colcon-ros currently does it implicitly but that fallback will be removed in the future)
[0.697s] INFO:colcon.colcon_core.task.python.build:Building Python package in '/home/jg/bno055_hardware/src/set_frame_id'
[0.697s] INFO:colcon.colcon_core.shell:Skip shell extension 'powershell' for command environment: Not usable outside of PowerShell
[0.697s] DEBUG:colcon.colcon_core.shell:Skip shell extension 'dsv' for command environment
[0.944s] DEBUG:colcon.colcon_core.event_handler.log_command:Invoking command in '/home/jg/bno055_hardware/src/set_frame_id': PYTHONPATH=/home/jg/bno055_hardware/build/set_frame_id/prefix_override:/usr/lib/python3/dist-packages/colcon_core/task/python/colcon_distutils_commands:/home/jg/bno055_hardware/install/set_frame_id/lib/python3.10/site-packages:${PYTHONPATH} /usr/bin/python3 -W ignore:setup.py install is deprecated setup.py egg_info --egg-base ../../build/set_frame_id build --build-base /home/jg/bno055_hardware/build/set_frame_id/build install --record /home/jg/bno055_hardware/build/set_frame_id/install.log --single-version-externally-managed
[0.948s] DEBUG:colcon.colcon_core.event_handler.log_command:Invoking command in '/home/jg/bno055_hardware/src/imu_test': PYTHONPATH=/home/jg/bno055_hardware/build/imu_test/prefix_override:/usr/lib/python3/dist-packages/colcon_core/task/python/colcon_distutils_commands:/home/jg/bno055_hardware/install/imu_test/lib/python3.10/site-packages:${PYTHONPATH} /usr/bin/python3 -W ignore:setup.py install is deprecated setup.py egg_info --egg-base ../../build/imu_test build --build-base /home/jg/bno055_hardware/build/imu_test/build install --record /home/jg/bno055_hardware/build/imu_test/install.log --single-version-externally-managed install_data
[1.145s] DEBUG:colcon.colcon_core.event_handler.log_command:Invoked command in '/home/jg/bno055_hardware/src/set_frame_id' returned '0': PYTHONPATH=/home/jg/bno055_hardware/build/set_frame_id/prefix_override:/usr/lib/python3/dist-packages/colcon_core/task/python/colcon_distutils_commands:/home/jg/bno055_hardware/install/set_frame_id/lib/python3.10/site-packages:${PYTHONPATH} /usr/bin/python3 -W ignore:setup.py install is deprecated setup.py egg_info --egg-base ../../build/set_frame_id build --build-base /home/jg/bno055_hardware/build/set_frame_id/build install --record /home/jg/bno055_hardware/build/set_frame_id/install.log --single-version-externally-managed
[1.150s] Level 1:colcon.colcon_core.environment:checking '/home/jg/bno055_hardware/install/set_frame_id' for CMake module files
[1.150s] Level 1:colcon.colcon_core.environment:checking '/home/jg/bno055_hardware/install/set_frame_id' for CMake config files
[1.150s] Level 1:colcon.colcon_core.environment:checking '/home/jg/bno055_hardware/install/set_frame_id/lib'
[1.151s] Level 1:colcon.colcon_core.environment:checking '/home/jg/bno055_hardware/install/set_frame_id/bin'
[1.151s] Level 1:colcon.colcon_core.environment:checking '/home/jg/bno055_hardware/install/set_frame_id/lib/pkgconfig/set_frame_id.pc'
[1.151s] Level 1:colcon.colcon_core.environment:checking '/home/jg/bno055_hardware/install/set_frame_id/lib/python3.10/site-packages'
[1.151s] Level 1:colcon.colcon_core.shell:create_environment_hook('set_frame_id', 'pythonpath')
[1.151s] INFO:colcon.colcon_core.shell:Creating environment hook '/home/jg/bno055_hardware/install/set_frame_id/share/set_frame_id/hook/pythonpath.ps1'
[1.151s] INFO:colcon.colcon_core.shell:Creating environment descriptor '/home/jg/bno055_hardware/install/set_frame_id/share/set_frame_id/hook/pythonpath.dsv'
[1.152s] INFO:colcon.colcon_core.shell:Creating environment hook '/home/jg/bno055_hardware/install/set_frame_id/share/set_frame_id/hook/pythonpath.sh'
[1.152s] Level 1:colcon.colcon_core.environment:checking '/home/jg/bno055_hardware/install/set_frame_id/bin'
[1.152s] Level 1:colcon.colcon_core.environment:create_environment_scripts_only(set_frame_id)
[1.152s] INFO:colcon.colcon_core.shell:Creating package script '/home/jg/bno055_hardware/install/set_frame_id/share/set_frame_id/package.ps1'
[1.154s] INFO:colcon.colcon_core.shell:Creating package descriptor '/home/jg/bno055_hardware/install/set_frame_id/share/set_frame_id/package.dsv'
[1.155s] INFO:colcon.colcon_core.shell:Creating package script '/home/jg/bno055_hardware/install/set_frame_id/share/set_frame_id/package.sh'
[1.156s] INFO:colcon.colcon_core.shell:Creating package script '/home/jg/bno055_hardware/install/set_frame_id/share/set_frame_id/package.bash'
[1.157s] INFO:colcon.colcon_core.shell:Creating package script '/home/jg/bno055_hardware/install/set_frame_id/share/set_frame_id/package.zsh'
[1.159s] Level 1:colcon.colcon_core.environment:create_file_with_runtime_dependencies(/home/jg/bno055_hardware/install/set_frame_id/share/colcon-core/packages/set_frame_id)
[1.160s] Level 1:colcon.colcon_core.environment:checking '/home/jg/bno055_hardware/install/imu_test' for CMake module files
[1.160s] DEBUG:colcon.colcon_core.event_handler.log_command:Invoked command in '/home/jg/bno055_hardware/src/imu_test' returned '0': PYTHONPATH=/home/jg/bno055_hardware/build/imu_test/prefix_override:/usr/lib/python3/dist-packages/colcon_core/task/python/colcon_distutils_commands:/home/jg/bno055_hardware/install/imu_test/lib/python3.10/site-packages:${PYTHONPATH} /usr/bin/python3 -W ignore:setup.py install is deprecated setup.py egg_info --egg-base ../../build/imu_test build --build-base /home/jg/bno055_hardware/build/imu_test/build install --record /home/jg/bno055_hardware/build/imu_test/install.log --single-version-externally-managed install_data
[1.160s] Level 1:colcon.colcon_core.environment:checking '/home/jg/bno055_hardware/install/imu_test' for CMake config files
[1.162s] Level 1:colcon.colcon_core.environment:checking '/home/jg/bno055_hardware/install/imu_test/lib'
[1.162s] Level 1:colcon.colcon_core.environment:checking '/home/jg/bno055_hardware/install/imu_test/bin'
[1.162s] Level 1:colcon.colcon_core.environment:checking '/home/jg/bno055_hardware/install/imu_test/lib/pkgconfig/imu_test.pc'
[1.162s] Level 1:colcon.colcon_core.environment:checking '/home/jg/bno055_hardware/install/imu_test/lib/python3.10/site-packages'
[1.162s] Level 1:colcon.colcon_core.shell:create_environment_hook('imu_test', 'pythonpath')
[1.162s] INFO:colcon.colcon_core.shell:Creating environment hook '/home/jg/bno055_hardware/install/imu_test/share/imu_test/hook/pythonpath.ps1'
[1.162s] INFO:colcon.colcon_core.shell:Creating environment descriptor '/home/jg/bno055_hardware/install/imu_test/share/imu_test/hook/pythonpath.dsv'
[1.163s] INFO:colcon.colcon_core.shell:Creating environment hook '/home/jg/bno055_hardware/install/imu_test/share/imu_test/hook/pythonpath.sh'
[1.163s] Level 1:colcon.colcon_core.environment:checking '/home/jg/bno055_hardware/install/imu_test/bin'
[1.163s] Level 1:colcon.colcon_core.environment:create_environment_scripts_only(imu_test)
[1.163s] INFO:colcon.colcon_core.shell:Creating package script '/home/jg/bno055_hardware/install/imu_test/share/imu_test/package.ps1'
[1.163s] INFO:colcon.colcon_core.shell:Creating package descriptor '/home/jg/bno055_hardware/install/imu_test/share/imu_test/package.dsv'
[1.164s] INFO:colcon.colcon_core.shell:Creating package script '/home/jg/bno055_hardware/install/imu_test/share/imu_test/package.sh'
[1.164s] INFO:colcon.colcon_core.shell:Creating package script '/home/jg/bno055_hardware/install/imu_test/share/imu_test/package.bash'
[1.164s] INFO:colcon.colcon_core.shell:Creating package script '/home/jg/bno055_hardware/install/imu_test/share/imu_test/package.zsh'
[1.164s] Level 1:colcon.colcon_core.environment:create_file_with_runtime_dependencies(/home/jg/bno055_hardware/install/imu_test/share/colcon-core/packages/imu_test)
[1.165s] DEBUG:colcon.colcon_parallel_executor.executor.parallel:closing loop
[1.165s] DEBUG:colcon.colcon_parallel_executor.executor.parallel:loop closed
[1.165s] DEBUG:colcon.colcon_parallel_executor.executor.parallel:run_until_complete finished with '0'
[1.165s] DEBUG:colcon.colcon_core.event_reactor:joining thread
[1.169s] INFO:colcon.colcon_core.plugin_system:Skipping extension 'colcon_notification.desktop_notification.terminal_notifier': Not used on non-Darwin systems
[1.170s] INFO:colcon.colcon_core.plugin_system:Skipping extension 'colcon_notification.desktop_notification.win32': Not used on non-Windows systems
[1.170s] INFO:colcon.colcon_notification.desktop_notification:Sending desktop notification using 'notify2'
[1.184s] DEBUG:colcon.colcon_core.event_reactor:joined thread
[1.184s] INFO:colcon.colcon_core.shell:Creating prefix script '/home/jg/bno055_hardware/install/local_setup.ps1'
[1.185s] INFO:colcon.colcon_core.shell:Creating prefix util module '/home/jg/bno055_hardware/install/_local_setup_util_ps1.py'
[1.187s] INFO:colcon.colcon_core.shell:Creating prefix chain script '/home/jg/bno055_hardware/install/setup.ps1'
[1.188s] INFO:colcon.colcon_core.shell:Creating prefix script '/home/jg/bno055_hardware/install/local_setup.sh'
[1.189s] INFO:colcon.colcon_core.shell:Creating prefix util module '/home/jg/bno055_hardware/install/_local_setup_util_sh.py'
[1.189s] INFO:colcon.colcon_core.shell:Creating prefix chain script '/home/jg/bno055_hardware/install/setup.sh'
[1.190s] INFO:colcon.colcon_core.shell:Creating prefix script '/home/jg/bno055_hardware/install/local_setup.bash'
[1.191s] INFO:colcon.colcon_core.shell:Creating prefix chain script '/home/jg/bno055_hardware/install/setup.bash'
[1.192s] INFO:colcon.colcon_core.shell:Creating prefix script '/home/jg/bno055_hardware/install/local_setup.zsh'
[1.193s] INFO:colcon.colcon_core.shell:Creating prefix chain script '/home/jg/bno055_hardware/install/setup.zsh'
