[0.086s] DEBUG:colcon:Command line arguments: ['/usr/bin/colcon', 'build', '--packages-select', 'imu_test']
[0.086s] DEBUG:colcon:Parsed command line arguments: Namespace(log_base=None, log_level=None, verb_name='build', build_base='build', install_base='install', merge_install=False, symlink_install=False, test_result_base=None, continue_on_error=False, executor='parallel', parallel_workers=8, event_handlers=None, ignore_user_meta=False, metas=['./colcon.meta'], base_paths=['.'], packages_ignore=None, packages_ignore_regex=None, paths=None, packages_up_to=None, packages_up_to_regex=None, packages_above=None, packages_above_and_dependencies=None, packages_above_depth=None, packages_select_by_dep=None, packages_skip_by_dep=None, packages_skip_up_to=None, packages_select_build_failed=False, packages_skip_build_finished=False, packages_select_test_failures=False, packages_skip_test_passed=False, packages_select=['imu_test'], packages_skip=None, packages_select_regex=None, packages_skip_regex=None, packages_start=None, packages_end=None, allow_overriding=[], cmake_args=None, cmake_target=None, cmake_target_skip_unavailable=False, cmake_clean_cache=False, cmake_clean_first=False, cmake_force_configure=False, ament_cmake_args=None, catkin_cmake_args=None, catkin_skip_building_tests=False, mixin_files=None, mixin=None, verb_parser=<colcon_mixin.mixin.mixin_argument.MixinArgumentDecorator object at 0x7fddab9d6140>, verb_extension=<colcon_core.verb.build.BuildVerb object at 0x7fddabadd2a0>, main=<bound method BuildVerb.main of <colcon_core.verb.build.BuildVerb object at 0x7fddabadd2a0>>, mixin_verb=('build',))
[0.214s] Level 1:colcon.colcon_core.package_discovery:discover_packages(colcon_meta) check parameters
[0.214s] Level 1:colcon.colcon_core.package_discovery:discover_packages(recursive) check parameters
[0.214s] Level 1:colcon.colcon_core.package_discovery:discover_packages(ignore) check parameters
[0.214s] Level 1:colcon.colcon_core.package_discovery:discover_packages(path) check parameters
[0.214s] Level 1:colcon.colcon_core.package_discovery:discover_packages(colcon_meta) discover
[0.214s] Level 1:colcon.colcon_core.package_discovery:discover_packages(recursive) discover
[0.214s] INFO:colcon.colcon_core.package_discovery:Crawling recursively for packages in '/home/jg/bno055_hardware'
[0.214s] Level 1:colcon.colcon_core.package_identification:_identify(.) by extensions ['ignore', 'ignore_ament_install']
[0.214s] Level 1:colcon.colcon_core.package_identification:_identify(.) by extension 'ignore'
[0.214s] Level 1:colcon.colcon_core.package_identification:_identify(.) by extension 'ignore_ament_install'
[0.215s] Level 1:colcon.colcon_core.package_identification:_identify(.) by extensions ['colcon_pkg']
[0.215s] Level 1:colcon.colcon_core.package_identification:_identify(.) by extension 'colcon_pkg'
[0.215s] Level 1:colcon.colcon_core.package_identification:_identify(.) by extensions ['colcon_meta']
[0.215s] Level 1:colcon.colcon_core.package_identification:_identify(.) by extension 'colcon_meta'
[0.215s] Level 1:colcon.colcon_core.package_identification:_identify(.) by extensions ['ros']
[0.215s] Level 1:colcon.colcon_core.package_identification:_identify(.) by extension 'ros'
[0.222s] Level 1:colcon.colcon_core.package_identification:_identify(.) by extensions ['cmake', 'python']
[0.222s] Level 1:colcon.colcon_core.package_identification:_identify(.) by extension 'cmake'
[0.222s] Level 1:colcon.colcon_core.package_identification:_identify(.) by extension 'python'
[0.222s] Level 1:colcon.colcon_core.package_identification:_identify(.) by extensions ['python_setup_py']
[0.222s] Level 1:colcon.colcon_core.package_identification:_identify(.) by extension 'python_setup_py'
[0.223s] Level 1:colcon.colcon_core.package_identification:_identify(build) by extensions ['ignore', 'ignore_ament_install']
[0.223s] Level 1:colcon.colcon_core.package_identification:_identify(build) by extension 'ignore'
[0.223s] Level 1:colcon.colcon_core.package_identification:_identify(build) ignored
[0.223s] Level 1:colcon.colcon_core.package_identification:_identify(firmware) by extensions ['ignore', 'ignore_ament_install']
[0.223s] Level 1:colcon.colcon_core.package_identification:_identify(firmware) by extension 'ignore'
[0.223s] Level 1:colcon.colcon_core.package_identification:_identify(firmware) by extension 'ignore_ament_install'
[0.223s] Level 1:colcon.colcon_core.package_identification:_identify(firmware) by extensions ['colcon_pkg']
[0.223s] Level 1:colcon.colcon_core.package_identification:_identify(firmware) by extension 'colcon_pkg'
[0.223s] Level 1:colcon.colcon_core.package_identification:_identify(firmware) by extensions ['colcon_meta']
[0.223s] Level 1:colcon.colcon_core.package_identification:_identify(firmware) by extension 'colcon_meta'
[0.223s] Level 1:colcon.colcon_core.package_identification:_identify(firmware) by extensions ['ros']
[0.223s] Level 1:colcon.colcon_core.package_identification:_identify(firmware) by extension 'ros'
[0.223s] Level 1:colcon.colcon_core.package_identification:_identify(firmware) by extensions ['cmake', 'python']
[0.223s] Level 1:colcon.colcon_core.package_identification:_identify(firmware) by extension 'cmake'
[0.223s] Level 1:colcon.colcon_core.package_identification:_identify(firmware) by extension 'python'
[0.223s] Level 1:colcon.colcon_core.package_identification:_identify(firmware) by extensions ['python_setup_py']
[0.223s] Level 1:colcon.colcon_core.package_identification:_identify(firmware) by extension 'python_setup_py'
[0.224s] Level 1:colcon.colcon_core.package_identification:_identify(firmware/build) by extensions ['ignore', 'ignore_ament_install']
[0.224s] Level 1:colcon.colcon_core.package_identification:_identify(firmware/build) by extension 'ignore'
[0.224s] Level 1:colcon.colcon_core.package_identification:_identify(firmware/build) by extension 'ignore_ament_install'
[0.224s] Level 1:colcon.colcon_core.package_identification:_identify(firmware/build) by extensions ['colcon_pkg']
[0.224s] Level 1:colcon.colcon_core.package_identification:_identify(firmware/build) by extension 'colcon_pkg'
[0.224s] Level 1:colcon.colcon_core.package_identification:_identify(firmware/build) by extensions ['colcon_meta']
[0.224s] Level 1:colcon.colcon_core.package_identification:_identify(firmware/build) by extension 'colcon_meta'
[0.224s] Level 1:colcon.colcon_core.package_identification:_identify(firmware/build) by extensions ['ros']
[0.224s] Level 1:colcon.colcon_core.package_identification:_identify(firmware/build) by extension 'ros'
[0.224s] Level 1:colcon.colcon_core.package_identification:_identify(firmware/build) by extensions ['cmake', 'python']
[0.224s] Level 1:colcon.colcon_core.package_identification:_identify(firmware/build) by extension 'cmake'
[0.224s] Level 1:colcon.colcon_core.package_identification:_identify(firmware/build) by extension 'python'
[0.224s] Level 1:colcon.colcon_core.package_identification:_identify(firmware/build) by extensions ['python_setup_py']
[0.224s] Level 1:colcon.colcon_core.package_identification:_identify(firmware/build) by extension 'python_setup_py'
[0.224s] Level 1:colcon.colcon_core.package_identification:_identify(firmware/build/teensy41) by extensions ['ignore', 'ignore_ament_install']
[0.224s] Level 1:colcon.colcon_core.package_identification:_identify(firmware/build/teensy41) by extension 'ignore'
[0.224s] Level 1:colcon.colcon_core.package_identification:_identify(firmware/build/teensy41) by extension 'ignore_ament_install'
[0.224s] Level 1:colcon.colcon_core.package_identification:_identify(firmware/build/teensy41) by extensions ['colcon_pkg']
[0.224s] Level 1:colcon.colcon_core.package_identification:_identify(firmware/build/teensy41) by extension 'colcon_pkg'
[0.224s] Level 1:colcon.colcon_core.package_identification:_identify(firmware/build/teensy41) by extensions ['colcon_meta']
[0.225s] Level 1:colcon.colcon_core.package_identification:_identify(firmware/build/teensy41) by extension 'colcon_meta'
[0.225s] Level 1:colcon.colcon_core.package_identification:_identify(firmware/build/teensy41) by extensions ['ros']
[0.225s] Level 1:colcon.colcon_core.package_identification:_identify(firmware/build/teensy41) by extension 'ros'
[0.225s] Level 1:colcon.colcon_core.package_identification:_identify(firmware/build/teensy41) by extensions ['cmake', 'python']
[0.225s] Level 1:colcon.colcon_core.package_identification:_identify(firmware/build/teensy41) by extension 'cmake'
[0.225s] Level 1:colcon.colcon_core.package_identification:_identify(firmware/build/teensy41) by extension 'python'
[0.225s] Level 1:colcon.colcon_core.package_identification:_identify(firmware/build/teensy41) by extensions ['python_setup_py']
[0.225s] Level 1:colcon.colcon_core.package_identification:_identify(firmware/build/teensy41) by extension 'python_setup_py'
[0.225s] Level 1:colcon.colcon_core.package_identification:_identify(firmware/firmware) by extensions ['ignore', 'ignore_ament_install']
[0.225s] Level 1:colcon.colcon_core.package_identification:_identify(firmware/firmware) by extension 'ignore'
[0.225s] Level 1:colcon.colcon_core.package_identification:_identify(firmware/firmware) by extension 'ignore_ament_install'
[0.225s] Level 1:colcon.colcon_core.package_identification:_identify(firmware/firmware) by extensions ['colcon_pkg']
[0.225s] Level 1:colcon.colcon_core.package_identification:_identify(firmware/firmware) by extension 'colcon_pkg'
[0.225s] Level 1:colcon.colcon_core.package_identification:_identify(firmware/firmware) by extensions ['colcon_meta']
[0.225s] Level 1:colcon.colcon_core.package_identification:_identify(firmware/firmware) by extension 'colcon_meta'
[0.225s] Level 1:colcon.colcon_core.package_identification:_identify(firmware/firmware) by extensions ['ros']
[0.225s] Level 1:colcon.colcon_core.package_identification:_identify(firmware/firmware) by extension 'ros'
[0.225s] Level 1:colcon.colcon_core.package_identification:_identify(firmware/firmware) by extensions ['cmake', 'python']
[0.225s] Level 1:colcon.colcon_core.package_identification:_identify(firmware/firmware) by extension 'cmake'
[0.225s] Level 1:colcon.colcon_core.package_identification:_identify(firmware/firmware) by extension 'python'
[0.226s] Level 1:colcon.colcon_core.package_identification:_identify(firmware/firmware) by extensions ['python_setup_py']
[0.226s] Level 1:colcon.colcon_core.package_identification:_identify(firmware/firmware) by extension 'python_setup_py'
[0.226s] Level 1:colcon.colcon_core.package_identification:_identify(firmware/include) by extensions ['ignore', 'ignore_ament_install']
[0.226s] Level 1:colcon.colcon_core.package_identification:_identify(firmware/include) by extension 'ignore'
[0.226s] Level 1:colcon.colcon_core.package_identification:_identify(firmware/include) by extension 'ignore_ament_install'
[0.226s] Level 1:colcon.colcon_core.package_identification:_identify(firmware/include) by extensions ['colcon_pkg']
[0.226s] Level 1:colcon.colcon_core.package_identification:_identify(firmware/include) by extension 'colcon_pkg'
[0.226s] Level 1:colcon.colcon_core.package_identification:_identify(firmware/include) by extensions ['colcon_meta']
[0.226s] Level 1:colcon.colcon_core.package_identification:_identify(firmware/include) by extension 'colcon_meta'
[0.226s] Level 1:colcon.colcon_core.package_identification:_identify(firmware/include) by extensions ['ros']
[0.226s] Level 1:colcon.colcon_core.package_identification:_identify(firmware/include) by extension 'ros'
[0.226s] Level 1:colcon.colcon_core.package_identification:_identify(firmware/include) by extensions ['cmake', 'python']
[0.226s] Level 1:colcon.colcon_core.package_identification:_identify(firmware/include) by extension 'cmake'
[0.226s] Level 1:colcon.colcon_core.package_identification:_identify(firmware/include) by extension 'python'
[0.226s] Level 1:colcon.colcon_core.package_identification:_identify(firmware/include) by extensions ['python_setup_py']
[0.226s] Level 1:colcon.colcon_core.package_identification:_identify(firmware/include) by extension 'python_setup_py'
[0.226s] Level 1:colcon.colcon_core.package_identification:_identify(firmware/lib) by extensions ['ignore', 'ignore_ament_install']
[0.226s] Level 1:colcon.colcon_core.package_identification:_identify(firmware/lib) by extension 'ignore'
[0.226s] Level 1:colcon.colcon_core.package_identification:_identify(firmware/lib) by extension 'ignore_ament_install'
[0.226s] Level 1:colcon.colcon_core.package_identification:_identify(firmware/lib) by extensions ['colcon_pkg']
[0.227s] Level 1:colcon.colcon_core.package_identification:_identify(firmware/lib) by extension 'colcon_pkg'
[0.227s] Level 1:colcon.colcon_core.package_identification:_identify(firmware/lib) by extensions ['colcon_meta']
[0.227s] Level 1:colcon.colcon_core.package_identification:_identify(firmware/lib) by extension 'colcon_meta'
[0.227s] Level 1:colcon.colcon_core.package_identification:_identify(firmware/lib) by extensions ['ros']
[0.227s] Level 1:colcon.colcon_core.package_identification:_identify(firmware/lib) by extension 'ros'
[0.227s] Level 1:colcon.colcon_core.package_identification:_identify(firmware/lib) by extensions ['cmake', 'python']
[0.227s] Level 1:colcon.colcon_core.package_identification:_identify(firmware/lib) by extension 'cmake'
[0.227s] Level 1:colcon.colcon_core.package_identification:_identify(firmware/lib) by extension 'python'
[0.227s] Level 1:colcon.colcon_core.package_identification:_identify(firmware/lib) by extensions ['python_setup_py']
[0.227s] Level 1:colcon.colcon_core.package_identification:_identify(firmware/lib) by extension 'python_setup_py'
[0.227s] Level 1:colcon.colcon_core.package_identification:_identify(firmware/lib/Adafruit_BNO055) by extensions ['ignore', 'ignore_ament_install']
[0.227s] Level 1:colcon.colcon_core.package_identification:_identify(firmware/lib/Adafruit_BNO055) by extension 'ignore'
[0.227s] Level 1:colcon.colcon_core.package_identification:_identify(firmware/lib/Adafruit_BNO055) by extension 'ignore_ament_install'
[0.227s] Level 1:colcon.colcon_core.package_identification:_identify(firmware/lib/Adafruit_BNO055) by extensions ['colcon_pkg']
[0.227s] Level 1:colcon.colcon_core.package_identification:_identify(firmware/lib/Adafruit_BNO055) by extension 'colcon_pkg'
[0.227s] Level 1:colcon.colcon_core.package_identification:_identify(firmware/lib/Adafruit_BNO055) by extensions ['colcon_meta']
[0.227s] Level 1:colcon.colcon_core.package_identification:_identify(firmware/lib/Adafruit_BNO055) by extension 'colcon_meta'
[0.227s] Level 1:colcon.colcon_core.package_identification:_identify(firmware/lib/Adafruit_BNO055) by extensions ['ros']
[0.227s] Level 1:colcon.colcon_core.package_identification:_identify(firmware/lib/Adafruit_BNO055) by extension 'ros'
[0.227s] Level 1:colcon.colcon_core.package_identification:_identify(firmware/lib/Adafruit_BNO055) by extensions ['cmake', 'python']
[0.227s] Level 1:colcon.colcon_core.package_identification:_identify(firmware/lib/Adafruit_BNO055) by extension 'cmake'
[0.228s] Level 1:colcon.colcon_core.package_identification:_identify(firmware/lib/Adafruit_BNO055) by extension 'python'
[0.228s] Level 1:colcon.colcon_core.package_identification:_identify(firmware/lib/Adafruit_BNO055) by extensions ['python_setup_py']
[0.228s] Level 1:colcon.colcon_core.package_identification:_identify(firmware/lib/Adafruit_BNO055) by extension 'python_setup_py'
[0.228s] Level 1:colcon.colcon_core.package_identification:_identify(firmware/lib/Adafruit_BNO055/OBJLoader) by extensions ['ignore', 'ignore_ament_install']
[0.228s] Level 1:colcon.colcon_core.package_identification:_identify(firmware/lib/Adafruit_BNO055/OBJLoader) by extension 'ignore'
[0.228s] Level 1:colcon.colcon_core.package_identification:_identify(firmware/lib/Adafruit_BNO055/OBJLoader) by extension 'ignore_ament_install'
[0.228s] Level 1:colcon.colcon_core.package_identification:_identify(firmware/lib/Adafruit_BNO055/OBJLoader) by extensions ['colcon_pkg']
[0.228s] Level 1:colcon.colcon_core.package_identification:_identify(firmware/lib/Adafruit_BNO055/OBJLoader) by extension 'colcon_pkg'
[0.228s] Level 1:colcon.colcon_core.package_identification:_identify(firmware/lib/Adafruit_BNO055/OBJLoader) by extensions ['colcon_meta']
[0.228s] Level 1:colcon.colcon_core.package_identification:_identify(firmware/lib/Adafruit_BNO055/OBJLoader) by extension 'colcon_meta'
[0.228s] Level 1:colcon.colcon_core.package_identification:_identify(firmware/lib/Adafruit_BNO055/OBJLoader) by extensions ['ros']
[0.228s] Level 1:colcon.colcon_core.package_identification:_identify(firmware/lib/Adafruit_BNO055/OBJLoader) by extension 'ros'
[0.228s] Level 1:colcon.colcon_core.package_identification:_identify(firmware/lib/Adafruit_BNO055/OBJLoader) by extensions ['cmake', 'python']
[0.228s] Level 1:colcon.colcon_core.package_identification:_identify(firmware/lib/Adafruit_BNO055/OBJLoader) by extension 'cmake'
[0.228s] Level 1:colcon.colcon_core.package_identification:_identify(firmware/lib/Adafruit_BNO055/OBJLoader) by extension 'python'
[0.228s] Level 1:colcon.colcon_core.package_identification:_identify(firmware/lib/Adafruit_BNO055/OBJLoader) by extensions ['python_setup_py']
[0.228s] Level 1:colcon.colcon_core.package_identification:_identify(firmware/lib/Adafruit_BNO055/OBJLoader) by extension 'python_setup_py'
[0.228s] Level 1:colcon.colcon_core.package_identification:_identify(firmware/lib/Adafruit_BNO055/assets) by extensions ['ignore', 'ignore_ament_install']
[0.228s] Level 1:colcon.colcon_core.package_identification:_identify(firmware/lib/Adafruit_BNO055/assets) by extension 'ignore'
[0.229s] Level 1:colcon.colcon_core.package_identification:_identify(firmware/lib/Adafruit_BNO055/assets) by extension 'ignore_ament_install'
[0.229s] Level 1:colcon.colcon_core.package_identification:_identify(firmware/lib/Adafruit_BNO055/assets) by extensions ['colcon_pkg']
[0.229s] Level 1:colcon.colcon_core.package_identification:_identify(firmware/lib/Adafruit_BNO055/assets) by extension 'colcon_pkg'
[0.229s] Level 1:colcon.colcon_core.package_identification:_identify(firmware/lib/Adafruit_BNO055/assets) by extensions ['colcon_meta']
[0.229s] Level 1:colcon.colcon_core.package_identification:_identify(firmware/lib/Adafruit_BNO055/assets) by extension 'colcon_meta'
[0.229s] Level 1:colcon.colcon_core.package_identification:_identify(firmware/lib/Adafruit_BNO055/assets) by extensions ['ros']
[0.229s] Level 1:colcon.colcon_core.package_identification:_identify(firmware/lib/Adafruit_BNO055/assets) by extension 'ros'
[0.229s] Level 1:colcon.colcon_core.package_identification:_identify(firmware/lib/Adafruit_BNO055/assets) by extensions ['cmake', 'python']
[0.229s] Level 1:colcon.colcon_core.package_identification:_identify(firmware/lib/Adafruit_BNO055/assets) by extension 'cmake'
[0.229s] Level 1:colcon.colcon_core.package_identification:_identify(firmware/lib/Adafruit_BNO055/assets) by extension 'python'
[0.229s] Level 1:colcon.colcon_core.package_identification:_identify(firmware/lib/Adafruit_BNO055/assets) by extensions ['python_setup_py']
[0.229s] Level 1:colcon.colcon_core.package_identification:_identify(firmware/lib/Adafruit_BNO055/assets) by extension 'python_setup_py'
[0.229s] Level 1:colcon.colcon_core.package_identification:_identify(firmware/lib/Adafruit_BNO055/examples) by extensions ['ignore', 'ignore_ament_install']
[0.229s] Level 1:colcon.colcon_core.package_identification:_identify(firmware/lib/Adafruit_BNO055/examples) by extension 'ignore'
[0.229s] Level 1:colcon.colcon_core.package_identification:_identify(firmware/lib/Adafruit_BNO055/examples) by extension 'ignore_ament_install'
[0.229s] Level 1:colcon.colcon_core.package_identification:_identify(firmware/lib/Adafruit_BNO055/examples) by extensions ['colcon_pkg']
[0.229s] Level 1:colcon.colcon_core.package_identification:_identify(firmware/lib/Adafruit_BNO055/examples) by extension 'colcon_pkg'
[0.229s] Level 1:colcon.colcon_core.package_identification:_identify(firmware/lib/Adafruit_BNO055/examples) by extensions ['colcon_meta']
[0.229s] Level 1:colcon.colcon_core.package_identification:_identify(firmware/lib/Adafruit_BNO055/examples) by extension 'colcon_meta'
[0.229s] Level 1:colcon.colcon_core.package_identification:_identify(firmware/lib/Adafruit_BNO055/examples) by extensions ['ros']
[0.230s] Level 1:colcon.colcon_core.package_identification:_identify(firmware/lib/Adafruit_BNO055/examples) by extension 'ros'
[0.230s] Level 1:colcon.colcon_core.package_identification:_identify(firmware/lib/Adafruit_BNO055/examples) by extensions ['cmake', 'python']
[0.230s] Level 1:colcon.colcon_core.package_identification:_identify(firmware/lib/Adafruit_BNO055/examples) by extension 'cmake'
[0.230s] Level 1:colcon.colcon_core.package_identification:_identify(firmware/lib/Adafruit_BNO055/examples) by extension 'python'
[0.230s] Level 1:colcon.colcon_core.package_identification:_identify(firmware/lib/Adafruit_BNO055/examples) by extensions ['python_setup_py']
[0.230s] Level 1:colcon.colcon_core.package_identification:_identify(firmware/lib/Adafruit_BNO055/examples) by extension 'python_setup_py'
[0.230s] Level 1:colcon.colcon_core.package_identification:_identify(firmware/lib/Adafruit_BNO055/examples/bunny) by extensions ['ignore', 'ignore_ament_install']
[0.230s] Level 1:colcon.colcon_core.package_identification:_identify(firmware/lib/Adafruit_BNO055/examples/bunny) by extension 'ignore'
[0.230s] Level 1:colcon.colcon_core.package_identification:_identify(firmware/lib/Adafruit_BNO055/examples/bunny) by extension 'ignore_ament_install'
[0.230s] Level 1:colcon.colcon_core.package_identification:_identify(firmware/lib/Adafruit_BNO055/examples/bunny) by extensions ['colcon_pkg']
[0.230s] Level 1:colcon.colcon_core.package_identification:_identify(firmware/lib/Adafruit_BNO055/examples/bunny) by extension 'colcon_pkg'
[0.230s] Level 1:colcon.colcon_core.package_identification:_identify(firmware/lib/Adafruit_BNO055/examples/bunny) by extensions ['colcon_meta']
[0.230s] Level 1:colcon.colcon_core.package_identification:_identify(firmware/lib/Adafruit_BNO055/examples/bunny) by extension 'colcon_meta'
[0.230s] Level 1:colcon.colcon_core.package_identification:_identify(firmware/lib/Adafruit_BNO055/examples/bunny) by extensions ['ros']
[0.230s] Level 1:colcon.colcon_core.package_identification:_identify(firmware/lib/Adafruit_BNO055/examples/bunny) by extension 'ros'
[0.230s] Level 1:colcon.colcon_core.package_identification:_identify(firmware/lib/Adafruit_BNO055/examples/bunny) by extensions ['cmake', 'python']
[0.230s] Level 1:colcon.colcon_core.package_identification:_identify(firmware/lib/Adafruit_BNO055/examples/bunny) by extension 'cmake'
[0.230s] Level 1:colcon.colcon_core.package_identification:_identify(firmware/lib/Adafruit_BNO055/examples/bunny) by extension 'python'
[0.230s] Level 1:colcon.colcon_core.package_identification:_identify(firmware/lib/Adafruit_BNO055/examples/bunny) by extensions ['python_setup_py']
[0.231s] Level 1:colcon.colcon_core.package_identification:_identify(firmware/lib/Adafruit_BNO055/examples/bunny) by extension 'python_setup_py'
[0.231s] Level 1:colcon.colcon_core.package_identification:_identify(firmware/lib/Adafruit_BNO055/examples/position) by extensions ['ignore', 'ignore_ament_install']
[0.231s] Level 1:colcon.colcon_core.package_identification:_identify(firmware/lib/Adafruit_BNO055/examples/position) by extension 'ignore'
[0.231s] Level 1:colcon.colcon_core.package_identification:_identify(firmware/lib/Adafruit_BNO055/examples/position) by extension 'ignore_ament_install'
[0.231s] Level 1:colcon.colcon_core.package_identification:_identify(firmware/lib/Adafruit_BNO055/examples/position) by extensions ['colcon_pkg']
[0.231s] Level 1:colcon.colcon_core.package_identification:_identify(firmware/lib/Adafruit_BNO055/examples/position) by extension 'colcon_pkg'
[0.231s] Level 1:colcon.colcon_core.package_identification:_identify(firmware/lib/Adafruit_BNO055/examples/position) by extensions ['colcon_meta']
[0.231s] Level 1:colcon.colcon_core.package_identification:_identify(firmware/lib/Adafruit_BNO055/examples/position) by extension 'colcon_meta'
[0.231s] Level 1:colcon.colcon_core.package_identification:_identify(firmware/lib/Adafruit_BNO055/examples/position) by extensions ['ros']
[0.231s] Level 1:colcon.colcon_core.package_identification:_identify(firmware/lib/Adafruit_BNO055/examples/position) by extension 'ros'
[0.231s] Level 1:colcon.colcon_core.package_identification:_identify(firmware/lib/Adafruit_BNO055/examples/position) by extensions ['cmake', 'python']
[0.231s] Level 1:colcon.colcon_core.package_identification:_identify(firmware/lib/Adafruit_BNO055/examples/position) by extension 'cmake'
[0.231s] Level 1:colcon.colcon_core.package_identification:_identify(firmware/lib/Adafruit_BNO055/examples/position) by extension 'python'
[0.231s] Level 1:colcon.colcon_core.package_identification:_identify(firmware/lib/Adafruit_BNO055/examples/position) by extensions ['python_setup_py']
[0.231s] Level 1:colcon.colcon_core.package_identification:_identify(firmware/lib/Adafruit_BNO055/examples/position) by extension 'python_setup_py'
[0.231s] Level 1:colcon.colcon_core.package_identification:_identify(firmware/lib/Adafruit_BNO055/examples/rawdata) by extensions ['ignore', 'ignore_ament_install']
[0.231s] Level 1:colcon.colcon_core.package_identification:_identify(firmware/lib/Adafruit_BNO055/examples/rawdata) by extension 'ignore'
[0.231s] Level 1:colcon.colcon_core.package_identification:_identify(firmware/lib/Adafruit_BNO055/examples/rawdata) by extension 'ignore_ament_install'
[0.232s] Level 1:colcon.colcon_core.package_identification:_identify(firmware/lib/Adafruit_BNO055/examples/rawdata) by extensions ['colcon_pkg']
[0.232s] Level 1:colcon.colcon_core.package_identification:_identify(firmware/lib/Adafruit_BNO055/examples/rawdata) by extension 'colcon_pkg'
[0.232s] Level 1:colcon.colcon_core.package_identification:_identify(firmware/lib/Adafruit_BNO055/examples/rawdata) by extensions ['colcon_meta']
[0.232s] Level 1:colcon.colcon_core.package_identification:_identify(firmware/lib/Adafruit_BNO055/examples/rawdata) by extension 'colcon_meta'
[0.232s] Level 1:colcon.colcon_core.package_identification:_identify(firmware/lib/Adafruit_BNO055/examples/rawdata) by extensions ['ros']
[0.232s] Level 1:colcon.colcon_core.package_identification:_identify(firmware/lib/Adafruit_BNO055/examples/rawdata) by extension 'ros'
[0.232s] Level 1:colcon.colcon_core.package_identification:_identify(firmware/lib/Adafruit_BNO055/examples/rawdata) by extensions ['cmake', 'python']
[0.232s] Level 1:colcon.colcon_core.package_identification:_identify(firmware/lib/Adafruit_BNO055/examples/rawdata) by extension 'cmake'
[0.232s] Level 1:colcon.colcon_core.package_identification:_identify(firmware/lib/Adafruit_BNO055/examples/rawdata) by extension 'python'
[0.232s] Level 1:colcon.colcon_core.package_identification:_identify(firmware/lib/Adafruit_BNO055/examples/rawdata) by extensions ['python_setup_py']
[0.232s] Level 1:colcon.colcon_core.package_identification:_identify(firmware/lib/Adafruit_BNO055/examples/rawdata) by extension 'python_setup_py'
[0.232s] Level 1:colcon.colcon_core.package_identification:_identify(firmware/lib/Adafruit_BNO055/examples/read_all_data) by extensions ['ignore', 'ignore_ament_install']
[0.232s] Level 1:colcon.colcon_core.package_identification:_identify(firmware/lib/Adafruit_BNO055/examples/read_all_data) by extension 'ignore'
[0.232s] Level 1:colcon.colcon_core.package_identification:_identify(firmware/lib/Adafruit_BNO055/examples/read_all_data) by extension 'ignore_ament_install'
[0.232s] Level 1:colcon.colcon_core.package_identification:_identify(firmware/lib/Adafruit_BNO055/examples/read_all_data) by extensions ['colcon_pkg']
[0.232s] Level 1:colcon.colcon_core.package_identification:_identify(firmware/lib/Adafruit_BNO055/examples/read_all_data) by extension 'colcon_pkg'
[0.232s] Level 1:colcon.colcon_core.package_identification:_identify(firmware/lib/Adafruit_BNO055/examples/read_all_data) by extensions ['colcon_meta']
[0.232s] Level 1:colcon.colcon_core.package_identification:_identify(firmware/lib/Adafruit_BNO055/examples/read_all_data) by extension 'colcon_meta'
[0.232s] Level 1:colcon.colcon_core.package_identification:_identify(firmware/lib/Adafruit_BNO055/examples/read_all_data) by extensions ['ros']
[0.232s] Level 1:colcon.colcon_core.package_identification:_identify(firmware/lib/Adafruit_BNO055/examples/read_all_data) by extension 'ros'
[0.233s] Level 1:colcon.colcon_core.package_identification:_identify(firmware/lib/Adafruit_BNO055/examples/read_all_data) by extensions ['cmake', 'python']
[0.233s] Level 1:colcon.colcon_core.package_identification:_identify(firmware/lib/Adafruit_BNO055/examples/read_all_data) by extension 'cmake'
[0.233s] Level 1:colcon.colcon_core.package_identification:_identify(firmware/lib/Adafruit_BNO055/examples/read_all_data) by extension 'python'
[0.233s] Level 1:colcon.colcon_core.package_identification:_identify(firmware/lib/Adafruit_BNO055/examples/read_all_data) by extensions ['python_setup_py']
[0.233s] Level 1:colcon.colcon_core.package_identification:_identify(firmware/lib/Adafruit_BNO055/examples/read_all_data) by extension 'python_setup_py'
[0.233s] Level 1:colcon.colcon_core.package_identification:_identify(firmware/lib/Adafruit_BNO055/examples/restore_offsets) by extensions ['ignore', 'ignore_ament_install']
[0.233s] Level 1:colcon.colcon_core.package_identification:_identify(firmware/lib/Adafruit_BNO055/examples/restore_offsets) by extension 'ignore'
[0.233s] Level 1:colcon.colcon_core.package_identification:_identify(firmware/lib/Adafruit_BNO055/examples/restore_offsets) by extension 'ignore_ament_install'
[0.233s] Level 1:colcon.colcon_core.package_identification:_identify(firmware/lib/Adafruit_BNO055/examples/restore_offsets) by extensions ['colcon_pkg']
[0.233s] Level 1:colcon.colcon_core.package_identification:_identify(firmware/lib/Adafruit_BNO055/examples/restore_offsets) by extension 'colcon_pkg'
[0.233s] Level 1:colcon.colcon_core.package_identification:_identify(firmware/lib/Adafruit_BNO055/examples/restore_offsets) by extensions ['colcon_meta']
[0.233s] Level 1:colcon.colcon_core.package_identification:_identify(firmware/lib/Adafruit_BNO055/examples/restore_offsets) by extension 'colcon_meta'
[0.233s] Level 1:colcon.colcon_core.package_identification:_identify(firmware/lib/Adafruit_BNO055/examples/restore_offsets) by extensions ['ros']
[0.233s] Level 1:colcon.colcon_core.package_identification:_identify(firmware/lib/Adafruit_BNO055/examples/restore_offsets) by extension 'ros'
[0.233s] Level 1:colcon.colcon_core.package_identification:_identify(firmware/lib/Adafruit_BNO055/examples/restore_offsets) by extensions ['cmake', 'python']
[0.233s] Level 1:colcon.colcon_core.package_identification:_identify(firmware/lib/Adafruit_BNO055/examples/restore_offsets) by extension 'cmake'
[0.233s] Level 1:colcon.colcon_core.package_identification:_identify(firmware/lib/Adafruit_BNO055/examples/restore_offsets) by extension 'python'
[0.233s] Level 1:colcon.colcon_core.package_identification:_identify(firmware/lib/Adafruit_BNO055/examples/restore_offsets) by extensions ['python_setup_py']
[0.233s] Level 1:colcon.colcon_core.package_identification:_identify(firmware/lib/Adafruit_BNO055/examples/restore_offsets) by extension 'python_setup_py'
[0.234s] Level 1:colcon.colcon_core.package_identification:_identify(firmware/lib/Adafruit_BNO055/examples/sensorapi) by extensions ['ignore', 'ignore_ament_install']
[0.234s] Level 1:colcon.colcon_core.package_identification:_identify(firmware/lib/Adafruit_BNO055/examples/sensorapi) by extension 'ignore'
[0.234s] Level 1:colcon.colcon_core.package_identification:_identify(firmware/lib/Adafruit_BNO055/examples/sensorapi) by extension 'ignore_ament_install'
[0.234s] Level 1:colcon.colcon_core.package_identification:_identify(firmware/lib/Adafruit_BNO055/examples/sensorapi) by extensions ['colcon_pkg']
[0.234s] Level 1:colcon.colcon_core.package_identification:_identify(firmware/lib/Adafruit_BNO055/examples/sensorapi) by extension 'colcon_pkg'
[0.234s] Level 1:colcon.colcon_core.package_identification:_identify(firmware/lib/Adafruit_BNO055/examples/sensorapi) by extensions ['colcon_meta']
[0.234s] Level 1:colcon.colcon_core.package_identification:_identify(firmware/lib/Adafruit_BNO055/examples/sensorapi) by extension 'colcon_meta'
[0.234s] Level 1:colcon.colcon_core.package_identification:_identify(firmware/lib/Adafruit_BNO055/examples/sensorapi) by extensions ['ros']
[0.234s] Level 1:colcon.colcon_core.package_identification:_identify(firmware/lib/Adafruit_BNO055/examples/sensorapi) by extension 'ros'
[0.234s] Level 1:colcon.colcon_core.package_identification:_identify(firmware/lib/Adafruit_BNO055/examples/sensorapi) by extensions ['cmake', 'python']
[0.234s] Level 1:colcon.colcon_core.package_identification:_identify(firmware/lib/Adafruit_BNO055/examples/sensorapi) by extension 'cmake'
[0.234s] Level 1:colcon.colcon_core.package_identification:_identify(firmware/lib/Adafruit_BNO055/examples/sensorapi) by extension 'python'
[0.234s] Level 1:colcon.colcon_core.package_identification:_identify(firmware/lib/Adafruit_BNO055/examples/sensorapi) by extensions ['python_setup_py']
[0.234s] Level 1:colcon.colcon_core.package_identification:_identify(firmware/lib/Adafruit_BNO055/examples/sensorapi) by extension 'python_setup_py'
[0.234s] Level 1:colcon.colcon_core.package_identification:_identify(firmware/lib/Adafruit_BNO055/examples/webserial_3d) by extensions ['ignore', 'ignore_ament_install']
[0.234s] Level 1:colcon.colcon_core.package_identification:_identify(firmware/lib/Adafruit_BNO055/examples/webserial_3d) by extension 'ignore'
[0.234s] Level 1:colcon.colcon_core.package_identification:_identify(firmware/lib/Adafruit_BNO055/examples/webserial_3d) by extension 'ignore_ament_install'
[0.234s] Level 1:colcon.colcon_core.package_identification:_identify(firmware/lib/Adafruit_BNO055/examples/webserial_3d) by extensions ['colcon_pkg']
[0.234s] Level 1:colcon.colcon_core.package_identification:_identify(firmware/lib/Adafruit_BNO055/examples/webserial_3d) by extension 'colcon_pkg'
[0.235s] Level 1:colcon.colcon_core.package_identification:_identify(firmware/lib/Adafruit_BNO055/examples/webserial_3d) by extensions ['colcon_meta']
[0.235s] Level 1:colcon.colcon_core.package_identification:_identify(firmware/lib/Adafruit_BNO055/examples/webserial_3d) by extension 'colcon_meta'
[0.235s] Level 1:colcon.colcon_core.package_identification:_identify(firmware/lib/Adafruit_BNO055/examples/webserial_3d) by extensions ['ros']
[0.235s] Level 1:colcon.colcon_core.package_identification:_identify(firmware/lib/Adafruit_BNO055/examples/webserial_3d) by extension 'ros'
[0.235s] Level 1:colcon.colcon_core.package_identification:_identify(firmware/lib/Adafruit_BNO055/examples/webserial_3d) by extensions ['cmake', 'python']
[0.235s] Level 1:colcon.colcon_core.package_identification:_identify(firmware/lib/Adafruit_BNO055/examples/webserial_3d) by extension 'cmake'
[0.235s] Level 1:colcon.colcon_core.package_identification:_identify(firmware/lib/Adafruit_BNO055/examples/webserial_3d) by extension 'python'
[0.235s] Level 1:colcon.colcon_core.package_identification:_identify(firmware/lib/Adafruit_BNO055/examples/webserial_3d) by extensions ['python_setup_py']
[0.235s] Level 1:colcon.colcon_core.package_identification:_identify(firmware/lib/Adafruit_BNO055/examples/webserial_3d) by extension 'python_setup_py'
[0.235s] Level 1:colcon.colcon_core.package_identification:_identify(firmware/lib/Adafruit_BNO055/examples_processing) by extensions ['ignore', 'ignore_ament_install']
[0.235s] Level 1:colcon.colcon_core.package_identification:_identify(firmware/lib/Adafruit_BNO055/examples_processing) by extension 'ignore'
[0.235s] Level 1:colcon.colcon_core.package_identification:_identify(firmware/lib/Adafruit_BNO055/examples_processing) by extension 'ignore_ament_install'
[0.235s] Level 1:colcon.colcon_core.package_identification:_identify(firmware/lib/Adafruit_BNO055/examples_processing) by extensions ['colcon_pkg']
[0.235s] Level 1:colcon.colcon_core.package_identification:_identify(firmware/lib/Adafruit_BNO055/examples_processing) by extension 'colcon_pkg'
[0.235s] Level 1:colcon.colcon_core.package_identification:_identify(firmware/lib/Adafruit_BNO055/examples_processing) by extensions ['colcon_meta']
[0.235s] Level 1:colcon.colcon_core.package_identification:_identify(firmware/lib/Adafruit_BNO055/examples_processing) by extension 'colcon_meta'
[0.235s] Level 1:colcon.colcon_core.package_identification:_identify(firmware/lib/Adafruit_BNO055/examples_processing) by extensions ['ros']
[0.235s] Level 1:colcon.colcon_core.package_identification:_identify(firmware/lib/Adafruit_BNO055/examples_processing) by extension 'ros'
[0.235s] Level 1:colcon.colcon_core.package_identification:_identify(firmware/lib/Adafruit_BNO055/examples_processing) by extensions ['cmake', 'python']
[0.235s] Level 1:colcon.colcon_core.package_identification:_identify(firmware/lib/Adafruit_BNO055/examples_processing) by extension 'cmake'
[0.236s] Level 1:colcon.colcon_core.package_identification:_identify(firmware/lib/Adafruit_BNO055/examples_processing) by extension 'python'
[0.236s] Level 1:colcon.colcon_core.package_identification:_identify(firmware/lib/Adafruit_BNO055/examples_processing) by extensions ['python_setup_py']
[0.236s] Level 1:colcon.colcon_core.package_identification:_identify(firmware/lib/Adafruit_BNO055/examples_processing) by extension 'python_setup_py'
[0.236s] Level 1:colcon.colcon_core.package_identification:_identify(firmware/lib/Adafruit_BNO055/examples_processing/cuberotate) by extensions ['ignore', 'ignore_ament_install']
[0.236s] Level 1:colcon.colcon_core.package_identification:_identify(firmware/lib/Adafruit_BNO055/examples_processing/cuberotate) by extension 'ignore'
[0.236s] Level 1:colcon.colcon_core.package_identification:_identify(firmware/lib/Adafruit_BNO055/examples_processing/cuberotate) by extension 'ignore_ament_install'
[0.236s] Level 1:colcon.colcon_core.package_identification:_identify(firmware/lib/Adafruit_BNO055/examples_processing/cuberotate) by extensions ['colcon_pkg']
[0.236s] Level 1:colcon.colcon_core.package_identification:_identify(firmware/lib/Adafruit_BNO055/examples_processing/cuberotate) by extension 'colcon_pkg'
[0.236s] Level 1:colcon.colcon_core.package_identification:_identify(firmware/lib/Adafruit_BNO055/examples_processing/cuberotate) by extensions ['colcon_meta']
[0.236s] Level 1:colcon.colcon_core.package_identification:_identify(firmware/lib/Adafruit_BNO055/examples_processing/cuberotate) by extension 'colcon_meta'
[0.236s] Level 1:colcon.colcon_core.package_identification:_identify(firmware/lib/Adafruit_BNO055/examples_processing/cuberotate) by extensions ['ros']
[0.236s] Level 1:colcon.colcon_core.package_identification:_identify(firmware/lib/Adafruit_BNO055/examples_processing/cuberotate) by extension 'ros'
[0.236s] Level 1:colcon.colcon_core.package_identification:_identify(firmware/lib/Adafruit_BNO055/examples_processing/cuberotate) by extensions ['cmake', 'python']
[0.236s] Level 1:colcon.colcon_core.package_identification:_identify(firmware/lib/Adafruit_BNO055/examples_processing/cuberotate) by extension 'cmake'
[0.236s] Level 1:colcon.colcon_core.package_identification:_identify(firmware/lib/Adafruit_BNO055/examples_processing/cuberotate) by extension 'python'
[0.236s] Level 1:colcon.colcon_core.package_identification:_identify(firmware/lib/Adafruit_BNO055/examples_processing/cuberotate) by extensions ['python_setup_py']
[0.236s] Level 1:colcon.colcon_core.package_identification:_identify(firmware/lib/Adafruit_BNO055/examples_processing/cuberotate) by extension 'python_setup_py'
[0.237s] Level 1:colcon.colcon_core.package_identification:_identify(firmware/lib/Adafruit_BNO055/examples_processing/cuberotate/data) by extensions ['ignore', 'ignore_ament_install']
[0.237s] Level 1:colcon.colcon_core.package_identification:_identify(firmware/lib/Adafruit_BNO055/examples_processing/cuberotate/data) by extension 'ignore'
[0.237s] Level 1:colcon.colcon_core.package_identification:_identify(firmware/lib/Adafruit_BNO055/examples_processing/cuberotate/data) by extension 'ignore_ament_install'
[0.237s] Level 1:colcon.colcon_core.package_identification:_identify(firmware/lib/Adafruit_BNO055/examples_processing/cuberotate/data) by extensions ['colcon_pkg']
[0.237s] Level 1:colcon.colcon_core.package_identification:_identify(firmware/lib/Adafruit_BNO055/examples_processing/cuberotate/data) by extension 'colcon_pkg'
[0.237s] Level 1:colcon.colcon_core.package_identification:_identify(firmware/lib/Adafruit_BNO055/examples_processing/cuberotate/data) by extensions ['colcon_meta']
[0.237s] Level 1:colcon.colcon_core.package_identification:_identify(firmware/lib/Adafruit_BNO055/examples_processing/cuberotate/data) by extension 'colcon_meta'
[0.237s] Level 1:colcon.colcon_core.package_identification:_identify(firmware/lib/Adafruit_BNO055/examples_processing/cuberotate/data) by extensions ['ros']
[0.237s] Level 1:colcon.colcon_core.package_identification:_identify(firmware/lib/Adafruit_BNO055/examples_processing/cuberotate/data) by extension 'ros'
[0.237s] Level 1:colcon.colcon_core.package_identification:_identify(firmware/lib/Adafruit_BNO055/examples_processing/cuberotate/data) by extensions ['cmake', 'python']
[0.237s] Level 1:colcon.colcon_core.package_identification:_identify(firmware/lib/Adafruit_BNO055/examples_processing/cuberotate/data) by extension 'cmake'
[0.237s] Level 1:colcon.colcon_core.package_identification:_identify(firmware/lib/Adafruit_BNO055/examples_processing/cuberotate/data) by extension 'python'
[0.237s] Level 1:colcon.colcon_core.package_identification:_identify(firmware/lib/Adafruit_BNO055/examples_processing/cuberotate/data) by extensions ['python_setup_py']
[0.237s] Level 1:colcon.colcon_core.package_identification:_identify(firmware/lib/Adafruit_BNO055/examples_processing/cuberotate/data) by extension 'python_setup_py'
[0.237s] Level 1:colcon.colcon_core.package_identification:_identify(firmware/lib/Adafruit_BNO055/utility) by extensions ['ignore', 'ignore_ament_install']
[0.237s] Level 1:colcon.colcon_core.package_identification:_identify(firmware/lib/Adafruit_BNO055/utility) by extension 'ignore'
[0.237s] Level 1:colcon.colcon_core.package_identification:_identify(firmware/lib/Adafruit_BNO055/utility) by extension 'ignore_ament_install'
[0.238s] Level 1:colcon.colcon_core.package_identification:_identify(firmware/lib/Adafruit_BNO055/utility) by extensions ['colcon_pkg']
[0.238s] Level 1:colcon.colcon_core.package_identification:_identify(firmware/lib/Adafruit_BNO055/utility) by extension 'colcon_pkg'
[0.238s] Level 1:colcon.colcon_core.package_identification:_identify(firmware/lib/Adafruit_BNO055/utility) by extensions ['colcon_meta']
[0.238s] Level 1:colcon.colcon_core.package_identification:_identify(firmware/lib/Adafruit_BNO055/utility) by extension 'colcon_meta'
[0.238s] Level 1:colcon.colcon_core.package_identification:_identify(firmware/lib/Adafruit_BNO055/utility) by extensions ['ros']
[0.238s] Level 1:colcon.colcon_core.package_identification:_identify(firmware/lib/Adafruit_BNO055/utility) by extension 'ros'
[0.238s] Level 1:colcon.colcon_core.package_identification:_identify(firmware/lib/Adafruit_BNO055/utility) by extensions ['cmake', 'python']
[0.238s] Level 1:colcon.colcon_core.package_identification:_identify(firmware/lib/Adafruit_BNO055/utility) by extension 'cmake'
[0.238s] Level 1:colcon.colcon_core.package_identification:_identify(firmware/lib/Adafruit_BNO055/utility) by extension 'python'
[0.238s] Level 1:colcon.colcon_core.package_identification:_identify(firmware/lib/Adafruit_BNO055/utility) by extensions ['python_setup_py']
[0.238s] Level 1:colcon.colcon_core.package_identification:_identify(firmware/lib/Adafruit_BNO055/utility) by extension 'python_setup_py'
[0.238s] Level 1:colcon.colcon_core.package_identification:_identify(firmware/lib/micro_ros) by extensions ['ignore', 'ignore_ament_install']
[0.238s] Level 1:colcon.colcon_core.package_identification:_identify(firmware/lib/micro_ros) by extension 'ignore'
[0.238s] Level 1:colcon.colcon_core.package_identification:_identify(firmware/lib/micro_ros) by extension 'ignore_ament_install'
[0.238s] Level 1:colcon.colcon_core.package_identification:_identify(firmware/lib/micro_ros) by extensions ['colcon_pkg']
[0.238s] Level 1:colcon.colcon_core.package_identification:_identify(firmware/lib/micro_ros) by extension 'colcon_pkg'
[0.238s] Level 1:colcon.colcon_core.package_identification:_identify(firmware/lib/micro_ros) by extensions ['colcon_meta']
[0.238s] Level 1:colcon.colcon_core.package_identification:_identify(firmware/lib/micro_ros) by extension 'colcon_meta'
[0.238s] Level 1:colcon.colcon_core.package_identification:_identify(firmware/lib/micro_ros) by extensions ['ros']
[0.238s] Level 1:colcon.colcon_core.package_identification:_identify(firmware/lib/micro_ros) by extension 'ros'
[0.238s] Level 1:colcon.colcon_core.package_identification:_identify(firmware/lib/micro_ros) by extensions ['cmake', 'python']
[0.238s] Level 1:colcon.colcon_core.package_identification:_identify(firmware/lib/micro_ros) by extension 'cmake'
[0.238s] Level 1:colcon.colcon_core.package_identification:_identify(firmware/lib/micro_ros) by extension 'python'
[0.239s] Level 1:colcon.colcon_core.package_identification:_identify(firmware/lib/micro_ros) by extensions ['python_setup_py']
[0.239s] Level 1:colcon.colcon_core.package_identification:_identify(firmware/lib/micro_ros) by extension 'python_setup_py'
[0.239s] Level 1:colcon.colcon_core.package_identification:_identify(firmware/src) by extensions ['ignore', 'ignore_ament_install']
[0.239s] Level 1:colcon.colcon_core.package_identification:_identify(firmware/src) by extension 'ignore'
[0.239s] Level 1:colcon.colcon_core.package_identification:_identify(firmware/src) by extension 'ignore_ament_install'
[0.239s] Level 1:colcon.colcon_core.package_identification:_identify(firmware/src) by extensions ['colcon_pkg']
[0.239s] Level 1:colcon.colcon_core.package_identification:_identify(firmware/src) by extension 'colcon_pkg'
[0.239s] Level 1:colcon.colcon_core.package_identification:_identify(firmware/src) by extensions ['colcon_meta']
[0.239s] Level 1:colcon.colcon_core.package_identification:_identify(firmware/src) by extension 'colcon_meta'
[0.239s] Level 1:colcon.colcon_core.package_identification:_identify(firmware/src) by extensions ['ros']
[0.239s] Level 1:colcon.colcon_core.package_identification:_identify(firmware/src) by extension 'ros'
[0.239s] Level 1:colcon.colcon_core.package_identification:_identify(firmware/src) by extensions ['cmake', 'python']
[0.239s] Level 1:colcon.colcon_core.package_identification:_identify(firmware/src) by extension 'cmake'
[0.239s] Level 1:colcon.colcon_core.package_identification:_identify(firmware/src) by extension 'python'
[0.239s] Level 1:colcon.colcon_core.package_identification:_identify(firmware/src) by extensions ['python_setup_py']
[0.239s] Level 1:colcon.colcon_core.package_identification:_identify(firmware/src) by extension 'python_setup_py'
[0.239s] Level 1:colcon.colcon_core.package_identification:_identify(firmware/test) by extensions ['ignore', 'ignore_ament_install']
[0.239s] Level 1:colcon.colcon_core.package_identification:_identify(firmware/test) by extension 'ignore'
[0.239s] Level 1:colcon.colcon_core.package_identification:_identify(firmware/test) by extension 'ignore_ament_install'
[0.239s] Level 1:colcon.colcon_core.package_identification:_identify(firmware/test) by extensions ['colcon_pkg']
[0.239s] Level 1:colcon.colcon_core.package_identification:_identify(firmware/test) by extension 'colcon_pkg'
[0.239s] Level 1:colcon.colcon_core.package_identification:_identify(firmware/test) by extensions ['colcon_meta']
[0.239s] Level 1:colcon.colcon_core.package_identification:_identify(firmware/test) by extension 'colcon_meta'
[0.240s] Level 1:colcon.colcon_core.package_identification:_identify(firmware/test) by extensions ['ros']
[0.240s] Level 1:colcon.colcon_core.package_identification:_identify(firmware/test) by extension 'ros'
[0.240s] Level 1:colcon.colcon_core.package_identification:_identify(firmware/test) by extensions ['cmake', 'python']
[0.240s] Level 1:colcon.colcon_core.package_identification:_identify(firmware/test) by extension 'cmake'
[0.240s] Level 1:colcon.colcon_core.package_identification:_identify(firmware/test) by extension 'python'
[0.240s] Level 1:colcon.colcon_core.package_identification:_identify(firmware/test) by extensions ['python_setup_py']
[0.240s] Level 1:colcon.colcon_core.package_identification:_identify(firmware/test) by extension 'python_setup_py'
[0.240s] Level 1:colcon.colcon_core.package_identification:_identify(install) by extensions ['ignore', 'ignore_ament_install']
[0.240s] Level 1:colcon.colcon_core.package_identification:_identify(install) by extension 'ignore'
[0.240s] Level 1:colcon.colcon_core.package_identification:_identify(install) ignored
[0.240s] Level 1:colcon.colcon_core.package_identification:_identify(log) by extensions ['ignore', 'ignore_ament_install']
[0.240s] Level 1:colcon.colcon_core.package_identification:_identify(log) by extension 'ignore'
[0.240s] Level 1:colcon.colcon_core.package_identification:_identify(log) ignored
[0.240s] Level 1:colcon.colcon_core.package_identification:_identify(micro_ros_agent) by extensions ['ignore', 'ignore_ament_install']
[0.240s] Level 1:colcon.colcon_core.package_identification:_identify(micro_ros_agent) by extension 'ignore'
[0.240s] Level 1:colcon.colcon_core.package_identification:_identify(micro_ros_agent) by extension 'ignore_ament_install'
[0.240s] Level 1:colcon.colcon_core.package_identification:_identify(micro_ros_agent) by extensions ['colcon_pkg']
[0.241s] Level 1:colcon.colcon_core.package_identification:_identify(micro_ros_agent) by extension 'colcon_pkg'
[0.241s] Level 1:colcon.colcon_core.package_identification:_identify(micro_ros_agent) by extensions ['colcon_meta']
[0.241s] Level 1:colcon.colcon_core.package_identification:_identify(micro_ros_agent) by extension 'colcon_meta'
[0.241s] Level 1:colcon.colcon_core.package_identification:_identify(micro_ros_agent) by extensions ['ros']
[0.241s] Level 1:colcon.colcon_core.package_identification:_identify(micro_ros_agent) by extension 'ros'
[0.241s] Level 1:colcon.colcon_core.package_identification:_identify(micro_ros_agent) by extensions ['cmake', 'python']
[0.241s] Level 1:colcon.colcon_core.package_identification:_identify(micro_ros_agent) by extension 'cmake'
[0.241s] Level 1:colcon.colcon_core.package_identification:_identify(micro_ros_agent) by extension 'python'
[0.241s] Level 1:colcon.colcon_core.package_identification:_identify(micro_ros_agent) by extensions ['python_setup_py']
[0.241s] Level 1:colcon.colcon_core.package_identification:_identify(micro_ros_agent) by extension 'python_setup_py'
[0.241s] Level 1:colcon.colcon_core.package_identification:_identify(micro_ros_agent/build) by extensions ['ignore', 'ignore_ament_install']
[0.241s] Level 1:colcon.colcon_core.package_identification:_identify(micro_ros_agent/build) by extension 'ignore'
[0.241s] Level 1:colcon.colcon_core.package_identification:_identify(micro_ros_agent/build) ignored
[0.241s] Level 1:colcon.colcon_core.package_identification:_identify(micro_ros_agent/install) by extensions ['ignore', 'ignore_ament_install']
[0.241s] Level 1:colcon.colcon_core.package_identification:_identify(micro_ros_agent/install) by extension 'ignore'
[0.241s] Level 1:colcon.colcon_core.package_identification:_identify(micro_ros_agent/install) ignored
[0.241s] Level 1:colcon.colcon_core.package_identification:_identify(micro_ros_agent/log) by extensions ['ignore', 'ignore_ament_install']
[0.241s] Level 1:colcon.colcon_core.package_identification:_identify(micro_ros_agent/log) by extension 'ignore'
[0.241s] Level 1:colcon.colcon_core.package_identification:_identify(micro_ros_agent/log) ignored
[0.241s] Level 1:colcon.colcon_core.package_identification:_identify(micro_ros_agent/src) by extensions ['ignore', 'ignore_ament_install']
[0.241s] Level 1:colcon.colcon_core.package_identification:_identify(micro_ros_agent/src) by extension 'ignore'
[0.241s] Level 1:colcon.colcon_core.package_identification:_identify(micro_ros_agent/src) by extension 'ignore_ament_install'
[0.241s] Level 1:colcon.colcon_core.package_identification:_identify(micro_ros_agent/src) by extensions ['colcon_pkg']
[0.241s] Level 1:colcon.colcon_core.package_identification:_identify(micro_ros_agent/src) by extension 'colcon_pkg'
[0.241s] Level 1:colcon.colcon_core.package_identification:_identify(micro_ros_agent/src) by extensions ['colcon_meta']
[0.241s] Level 1:colcon.colcon_core.package_identification:_identify(micro_ros_agent/src) by extension 'colcon_meta'
[0.241s] Level 1:colcon.colcon_core.package_identification:_identify(micro_ros_agent/src) by extensions ['ros']
[0.241s] Level 1:colcon.colcon_core.package_identification:_identify(micro_ros_agent/src) by extension 'ros'
[0.242s] Level 1:colcon.colcon_core.package_identification:_identify(micro_ros_agent/src) by extensions ['cmake', 'python']
[0.242s] Level 1:colcon.colcon_core.package_identification:_identify(micro_ros_agent/src) by extension 'cmake'
[0.242s] Level 1:colcon.colcon_core.package_identification:_identify(micro_ros_agent/src) by extension 'python'
[0.242s] Level 1:colcon.colcon_core.package_identification:_identify(micro_ros_agent/src) by extensions ['python_setup_py']
[0.242s] Level 1:colcon.colcon_core.package_identification:_identify(micro_ros_agent/src) by extension 'python_setup_py'
[0.242s] Level 1:colcon.colcon_core.package_identification:_identify(micro_ros_agent/src/micro_ros_setup) by extensions ['ignore', 'ignore_ament_install']
[0.242s] Level 1:colcon.colcon_core.package_identification:_identify(micro_ros_agent/src/micro_ros_setup) by extension 'ignore'
[0.242s] Level 1:colcon.colcon_core.package_identification:_identify(micro_ros_agent/src/micro_ros_setup) by extension 'ignore_ament_install'
[0.242s] Level 1:colcon.colcon_core.package_identification:_identify(micro_ros_agent/src/micro_ros_setup) by extensions ['colcon_pkg']
[0.242s] Level 1:colcon.colcon_core.package_identification:_identify(micro_ros_agent/src/micro_ros_setup) by extension 'colcon_pkg'
[0.242s] Level 1:colcon.colcon_core.package_identification:_identify(micro_ros_agent/src/micro_ros_setup) by extensions ['colcon_meta']
[0.242s] Level 1:colcon.colcon_core.package_identification:_identify(micro_ros_agent/src/micro_ros_setup) by extension 'colcon_meta'
[0.242s] Level 1:colcon.colcon_core.package_identification:_identify(micro_ros_agent/src/micro_ros_setup) by extensions ['ros']
[0.242s] Level 1:colcon.colcon_core.package_identification:_identify(micro_ros_agent/src/micro_ros_setup) by extension 'ros'
[0.244s] DEBUG:colcon.colcon_core.package_identification:Package 'micro_ros_agent/src/micro_ros_setup' with type 'ros.ament_cmake' and name 'micro_ros_setup'
[0.244s] Level 1:colcon.colcon_core.package_identification:_identify(micro_ros_agent/src/uros) by extensions ['ignore', 'ignore_ament_install']
[0.244s] Level 1:colcon.colcon_core.package_identification:_identify(micro_ros_agent/src/uros) by extension 'ignore'
[0.244s] Level 1:colcon.colcon_core.package_identification:_identify(micro_ros_agent/src/uros) by extension 'ignore_ament_install'
[0.244s] Level 1:colcon.colcon_core.package_identification:_identify(micro_ros_agent/src/uros) by extensions ['colcon_pkg']
[0.244s] Level 1:colcon.colcon_core.package_identification:_identify(micro_ros_agent/src/uros) by extension 'colcon_pkg'
[0.244s] Level 1:colcon.colcon_core.package_identification:_identify(micro_ros_agent/src/uros) by extensions ['colcon_meta']
[0.244s] Level 1:colcon.colcon_core.package_identification:_identify(micro_ros_agent/src/uros) by extension 'colcon_meta'
[0.244s] Level 1:colcon.colcon_core.package_identification:_identify(micro_ros_agent/src/uros) by extensions ['ros']
[0.245s] Level 1:colcon.colcon_core.package_identification:_identify(micro_ros_agent/src/uros) by extension 'ros'
[0.245s] Level 1:colcon.colcon_core.package_identification:_identify(micro_ros_agent/src/uros) by extensions ['cmake', 'python']
[0.245s] Level 1:colcon.colcon_core.package_identification:_identify(micro_ros_agent/src/uros) by extension 'cmake'
[0.245s] Level 1:colcon.colcon_core.package_identification:_identify(micro_ros_agent/src/uros) by extension 'python'
[0.245s] Level 1:colcon.colcon_core.package_identification:_identify(micro_ros_agent/src/uros) by extensions ['python_setup_py']
[0.245s] Level 1:colcon.colcon_core.package_identification:_identify(micro_ros_agent/src/uros) by extension 'python_setup_py'
[0.245s] Level 1:colcon.colcon_core.package_identification:_identify(micro_ros_agent/src/uros/micro-ROS-Agent) by extensions ['ignore', 'ignore_ament_install']
[0.245s] Level 1:colcon.colcon_core.package_identification:_identify(micro_ros_agent/src/uros/micro-ROS-Agent) by extension 'ignore'
[0.245s] Level 1:colcon.colcon_core.package_identification:_identify(micro_ros_agent/src/uros/micro-ROS-Agent) by extension 'ignore_ament_install'
[0.245s] Level 1:colcon.colcon_core.package_identification:_identify(micro_ros_agent/src/uros/micro-ROS-Agent) by extensions ['colcon_pkg']
[0.245s] Level 1:colcon.colcon_core.package_identification:_identify(micro_ros_agent/src/uros/micro-ROS-Agent) by extension 'colcon_pkg'
[0.245s] Level 1:colcon.colcon_core.package_identification:_identify(micro_ros_agent/src/uros/micro-ROS-Agent) by extensions ['colcon_meta']
[0.245s] Level 1:colcon.colcon_core.package_identification:_identify(micro_ros_agent/src/uros/micro-ROS-Agent) by extension 'colcon_meta'
[0.245s] Level 1:colcon.colcon_core.package_identification:_identify(micro_ros_agent/src/uros/micro-ROS-Agent) by extensions ['ros']
[0.245s] Level 1:colcon.colcon_core.package_identification:_identify(micro_ros_agent/src/uros/micro-ROS-Agent) by extension 'ros'
[0.245s] Level 1:colcon.colcon_core.package_identification:_identify(micro_ros_agent/src/uros/micro-ROS-Agent) by extensions ['cmake', 'python']
[0.245s] Level 1:colcon.colcon_core.package_identification:_identify(micro_ros_agent/src/uros/micro-ROS-Agent) by extension 'cmake'
[0.245s] Level 1:colcon.colcon_core.package_identification:_identify(micro_ros_agent/src/uros/micro-ROS-Agent) by extension 'python'
[0.245s] Level 1:colcon.colcon_core.package_identification:_identify(micro_ros_agent/src/uros/micro-ROS-Agent) by extensions ['python_setup_py']
[0.246s] Level 1:colcon.colcon_core.package_identification:_identify(micro_ros_agent/src/uros/micro-ROS-Agent) by extension 'python_setup_py'
[0.246s] Level 1:colcon.colcon_core.package_identification:_identify(micro_ros_agent/src/uros/micro-ROS-Agent/micro_ros_agent) by extensions ['ignore', 'ignore_ament_install']
[0.246s] Level 1:colcon.colcon_core.package_identification:_identify(micro_ros_agent/src/uros/micro-ROS-Agent/micro_ros_agent) by extension 'ignore'
[0.246s] Level 1:colcon.colcon_core.package_identification:_identify(micro_ros_agent/src/uros/micro-ROS-Agent/micro_ros_agent) by extension 'ignore_ament_install'
[0.246s] Level 1:colcon.colcon_core.package_identification:_identify(micro_ros_agent/src/uros/micro-ROS-Agent/micro_ros_agent) by extensions ['colcon_pkg']
[0.246s] Level 1:colcon.colcon_core.package_identification:_identify(micro_ros_agent/src/uros/micro-ROS-Agent/micro_ros_agent) by extension 'colcon_pkg'
[0.246s] Level 1:colcon.colcon_core.package_identification:_identify(micro_ros_agent/src/uros/micro-ROS-Agent/micro_ros_agent) by extensions ['colcon_meta']
[0.246s] Level 1:colcon.colcon_core.package_identification:_identify(micro_ros_agent/src/uros/micro-ROS-Agent/micro_ros_agent) by extension 'colcon_meta'
[0.246s] Level 1:colcon.colcon_core.package_identification:_identify(micro_ros_agent/src/uros/micro-ROS-Agent/micro_ros_agent) by extensions ['ros']
[0.246s] Level 1:colcon.colcon_core.package_identification:_identify(micro_ros_agent/src/uros/micro-ROS-Agent/micro_ros_agent) by extension 'ros'
[0.247s] DEBUG:colcon.colcon_core.package_identification:Package 'micro_ros_agent/src/uros/micro-ROS-Agent/micro_ros_agent' with type 'ros.ament_cmake' and name 'micro_ros_agent'
[0.247s] Level 1:colcon.colcon_core.package_identification:_identify(micro_ros_agent/src/uros/micro-ROS-Agent/snap) by extensions ['ignore', 'ignore_ament_install']
[0.247s] Level 1:colcon.colcon_core.package_identification:_identify(micro_ros_agent/src/uros/micro-ROS-Agent/snap) by extension 'ignore'
[0.247s] Level 1:colcon.colcon_core.package_identification:_identify(micro_ros_agent/src/uros/micro-ROS-Agent/snap) by extension 'ignore_ament_install'
[0.247s] Level 1:colcon.colcon_core.package_identification:_identify(micro_ros_agent/src/uros/micro-ROS-Agent/snap) by extensions ['colcon_pkg']
[0.247s] Level 1:colcon.colcon_core.package_identification:_identify(micro_ros_agent/src/uros/micro-ROS-Agent/snap) by extension 'colcon_pkg'
[0.247s] Level 1:colcon.colcon_core.package_identification:_identify(micro_ros_agent/src/uros/micro-ROS-Agent/snap) by extensions ['colcon_meta']
[0.247s] Level 1:colcon.colcon_core.package_identification:_identify(micro_ros_agent/src/uros/micro-ROS-Agent/snap) by extension 'colcon_meta'
[0.247s] Level 1:colcon.colcon_core.package_identification:_identify(micro_ros_agent/src/uros/micro-ROS-Agent/snap) by extensions ['ros']
[0.247s] Level 1:colcon.colcon_core.package_identification:_identify(micro_ros_agent/src/uros/micro-ROS-Agent/snap) by extension 'ros'
[0.247s] Level 1:colcon.colcon_core.package_identification:_identify(micro_ros_agent/src/uros/micro-ROS-Agent/snap) by extensions ['cmake', 'python']
[0.248s] Level 1:colcon.colcon_core.package_identification:_identify(micro_ros_agent/src/uros/micro-ROS-Agent/snap) by extension 'cmake'
[0.248s] Level 1:colcon.colcon_core.package_identification:_identify(micro_ros_agent/src/uros/micro-ROS-Agent/snap) by extension 'python'
[0.248s] Level 1:colcon.colcon_core.package_identification:_identify(micro_ros_agent/src/uros/micro-ROS-Agent/snap) by extensions ['python_setup_py']
[0.248s] Level 1:colcon.colcon_core.package_identification:_identify(micro_ros_agent/src/uros/micro-ROS-Agent/snap) by extension 'python_setup_py'
[0.248s] Level 1:colcon.colcon_core.package_identification:_identify(micro_ros_agent/src/uros/micro-ROS-Agent/snap/hooks) by extensions ['ignore', 'ignore_ament_install']
[0.248s] Level 1:colcon.colcon_core.package_identification:_identify(micro_ros_agent/src/uros/micro-ROS-Agent/snap/hooks) by extension 'ignore'
[0.248s] Level 1:colcon.colcon_core.package_identification:_identify(micro_ros_agent/src/uros/micro-ROS-Agent/snap/hooks) by extension 'ignore_ament_install'
[0.248s] Level 1:colcon.colcon_core.package_identification:_identify(micro_ros_agent/src/uros/micro-ROS-Agent/snap/hooks) by extensions ['colcon_pkg']
[0.248s] Level 1:colcon.colcon_core.package_identification:_identify(micro_ros_agent/src/uros/micro-ROS-Agent/snap/hooks) by extension 'colcon_pkg'
[0.248s] Level 1:colcon.colcon_core.package_identification:_identify(micro_ros_agent/src/uros/micro-ROS-Agent/snap/hooks) by extensions ['colcon_meta']
[0.248s] Level 1:colcon.colcon_core.package_identification:_identify(micro_ros_agent/src/uros/micro-ROS-Agent/snap/hooks) by extension 'colcon_meta'
[0.248s] Level 1:colcon.colcon_core.package_identification:_identify(micro_ros_agent/src/uros/micro-ROS-Agent/snap/hooks) by extensions ['ros']
[0.248s] Level 1:colcon.colcon_core.package_identification:_identify(micro_ros_agent/src/uros/micro-ROS-Agent/snap/hooks) by extension 'ros'
[0.248s] Level 1:colcon.colcon_core.package_identification:_identify(micro_ros_agent/src/uros/micro-ROS-Agent/snap/hooks) by extensions ['cmake', 'python']
[0.248s] Level 1:colcon.colcon_core.package_identification:_identify(micro_ros_agent/src/uros/micro-ROS-Agent/snap/hooks) by extension 'cmake'
[0.248s] Level 1:colcon.colcon_core.package_identification:_identify(micro_ros_agent/src/uros/micro-ROS-Agent/snap/hooks) by extension 'python'
[0.248s] Level 1:colcon.colcon_core.package_identification:_identify(micro_ros_agent/src/uros/micro-ROS-Agent/snap/hooks) by extensions ['python_setup_py']
[0.248s] Level 1:colcon.colcon_core.package_identification:_identify(micro_ros_agent/src/uros/micro-ROS-Agent/snap/hooks) by extension 'python_setup_py'
[0.248s] Level 1:colcon.colcon_core.package_identification:_identify(micro_ros_agent/src/uros/micro-ROS-Agent/snap/local) by extensions ['ignore', 'ignore_ament_install']
[0.249s] Level 1:colcon.colcon_core.package_identification:_identify(micro_ros_agent/src/uros/micro-ROS-Agent/snap/local) by extension 'ignore'
[0.249s] Level 1:colcon.colcon_core.package_identification:_identify(micro_ros_agent/src/uros/micro-ROS-Agent/snap/local) by extension 'ignore_ament_install'
[0.249s] Level 1:colcon.colcon_core.package_identification:_identify(micro_ros_agent/src/uros/micro-ROS-Agent/snap/local) by extensions ['colcon_pkg']
[0.249s] Level 1:colcon.colcon_core.package_identification:_identify(micro_ros_agent/src/uros/micro-ROS-Agent/snap/local) by extension 'colcon_pkg'
[0.249s] Level 1:colcon.colcon_core.package_identification:_identify(micro_ros_agent/src/uros/micro-ROS-Agent/snap/local) by extensions ['colcon_meta']
[0.249s] Level 1:colcon.colcon_core.package_identification:_identify(micro_ros_agent/src/uros/micro-ROS-Agent/snap/local) by extension 'colcon_meta'
[0.249s] Level 1:colcon.colcon_core.package_identification:_identify(micro_ros_agent/src/uros/micro-ROS-Agent/snap/local) by extensions ['ros']
[0.249s] Level 1:colcon.colcon_core.package_identification:_identify(micro_ros_agent/src/uros/micro-ROS-Agent/snap/local) by extension 'ros'
[0.249s] Level 1:colcon.colcon_core.package_identification:_identify(micro_ros_agent/src/uros/micro-ROS-Agent/snap/local) by extensions ['cmake', 'python']
[0.249s] Level 1:colcon.colcon_core.package_identification:_identify(micro_ros_agent/src/uros/micro-ROS-Agent/snap/local) by extension 'cmake'
[0.249s] Level 1:colcon.colcon_core.package_identification:_identify(micro_ros_agent/src/uros/micro-ROS-Agent/snap/local) by extension 'python'
[0.249s] Level 1:colcon.colcon_core.package_identification:_identify(micro_ros_agent/src/uros/micro-ROS-Agent/snap/local) by extensions ['python_setup_py']
[0.249s] Level 1:colcon.colcon_core.package_identification:_identify(micro_ros_agent/src/uros/micro-ROS-Agent/snap/local) by extension 'python_setup_py'
[0.249s] Level 1:colcon.colcon_core.package_identification:_identify(micro_ros_agent/src/uros/micro_ros_msgs) by extensions ['ignore', 'ignore_ament_install']
[0.249s] Level 1:colcon.colcon_core.package_identification:_identify(micro_ros_agent/src/uros/micro_ros_msgs) by extension 'ignore'
[0.250s] Level 1:colcon.colcon_core.package_identification:_identify(micro_ros_agent/src/uros/micro_ros_msgs) by extension 'ignore_ament_install'
[0.250s] Level 1:colcon.colcon_core.package_identification:_identify(micro_ros_agent/src/uros/micro_ros_msgs) by extensions ['colcon_pkg']
[0.250s] Level 1:colcon.colcon_core.package_identification:_identify(micro_ros_agent/src/uros/micro_ros_msgs) by extension 'colcon_pkg'
[0.250s] Level 1:colcon.colcon_core.package_identification:_identify(micro_ros_agent/src/uros/micro_ros_msgs) by extensions ['colcon_meta']
[0.250s] Level 1:colcon.colcon_core.package_identification:_identify(micro_ros_agent/src/uros/micro_ros_msgs) by extension 'colcon_meta'
[0.250s] Level 1:colcon.colcon_core.package_identification:_identify(micro_ros_agent/src/uros/micro_ros_msgs) by extensions ['ros']
[0.250s] Level 1:colcon.colcon_core.package_identification:_identify(micro_ros_agent/src/uros/micro_ros_msgs) by extension 'ros'
[0.250s] DEBUG:colcon.colcon_core.package_identification:Package 'micro_ros_agent/src/uros/micro_ros_msgs' with type 'ros.ament_cmake' and name 'micro_ros_msgs'
[0.250s] Level 1:colcon.colcon_core.package_identification:_identify(src) by extensions ['ignore', 'ignore_ament_install']
[0.250s] Level 1:colcon.colcon_core.package_identification:_identify(src) by extension 'ignore'
[0.251s] Level 1:colcon.colcon_core.package_identification:_identify(src) by extension 'ignore_ament_install'
[0.251s] Level 1:colcon.colcon_core.package_identification:_identify(src) by extensions ['colcon_pkg']
[0.251s] Level 1:colcon.colcon_core.package_identification:_identify(src) by extension 'colcon_pkg'
[0.251s] Level 1:colcon.colcon_core.package_identification:_identify(src) by extensions ['colcon_meta']
[0.251s] Level 1:colcon.colcon_core.package_identification:_identify(src) by extension 'colcon_meta'
[0.251s] Level 1:colcon.colcon_core.package_identification:_identify(src) by extensions ['ros']
[0.251s] Level 1:colcon.colcon_core.package_identification:_identify(src) by extension 'ros'
[0.251s] Level 1:colcon.colcon_core.package_identification:_identify(src) by extensions ['cmake', 'python']
[0.251s] Level 1:colcon.colcon_core.package_identification:_identify(src) by extension 'cmake'
[0.251s] Level 1:colcon.colcon_core.package_identification:_identify(src) by extension 'python'
[0.251s] Level 1:colcon.colcon_core.package_identification:_identify(src) by extensions ['python_setup_py']
[0.251s] Level 1:colcon.colcon_core.package_identification:_identify(src) by extension 'python_setup_py'
[0.251s] Level 1:colcon.colcon_core.package_identification:_identify(src/imu_test) by extensions ['ignore', 'ignore_ament_install']
[0.251s] Level 1:colcon.colcon_core.package_identification:_identify(src/imu_test) by extension 'ignore'
[0.251s] Level 1:colcon.colcon_core.package_identification:_identify(src/imu_test) by extension 'ignore_ament_install'
[0.251s] Level 1:colcon.colcon_core.package_identification:_identify(src/imu_test) by extensions ['colcon_pkg']
[0.251s] Level 1:colcon.colcon_core.package_identification:_identify(src/imu_test) by extension 'colcon_pkg'
[0.251s] Level 1:colcon.colcon_core.package_identification:_identify(src/imu_test) by extensions ['colcon_meta']
[0.251s] Level 1:colcon.colcon_core.package_identification:_identify(src/imu_test) by extension 'colcon_meta'
[0.251s] Level 1:colcon.colcon_core.package_identification:_identify(src/imu_test) by extensions ['ros']
[0.251s] Level 1:colcon.colcon_core.package_identification:_identify(src/imu_test) by extension 'ros'
[0.252s] DEBUG:colcon.colcon_core.package_identification:Package 'src/imu_test' with type 'ros.ament_python' and name 'imu_test'
[0.252s] Level 1:colcon.colcon_core.package_identification:_identify(src/imu_tools) by extensions ['ignore', 'ignore_ament_install']
[0.252s] Level 1:colcon.colcon_core.package_identification:_identify(src/imu_tools) by extension 'ignore'
[0.253s] Level 1:colcon.colcon_core.package_identification:_identify(src/imu_tools) by extension 'ignore_ament_install'
[0.253s] Level 1:colcon.colcon_core.package_identification:_identify(src/imu_tools) by extensions ['colcon_pkg']
[0.253s] Level 1:colcon.colcon_core.package_identification:_identify(src/imu_tools) by extension 'colcon_pkg'
[0.253s] Level 1:colcon.colcon_core.package_identification:_identify(src/imu_tools) by extensions ['colcon_meta']
[0.253s] Level 1:colcon.colcon_core.package_identification:_identify(src/imu_tools) by extension 'colcon_meta'
[0.253s] Level 1:colcon.colcon_core.package_identification:_identify(src/imu_tools) by extensions ['ros']
[0.253s] Level 1:colcon.colcon_core.package_identification:_identify(src/imu_tools) by extension 'ros'
[0.253s] Level 1:colcon.colcon_core.package_identification:_identify(src/imu_tools) by extensions ['cmake', 'python']
[0.253s] Level 1:colcon.colcon_core.package_identification:_identify(src/imu_tools) by extension 'cmake'
[0.253s] Level 1:colcon.colcon_core.package_identification:_identify(src/imu_tools) by extension 'python'
[0.253s] Level 1:colcon.colcon_core.package_identification:_identify(src/imu_tools) by extensions ['python_setup_py']
[0.253s] Level 1:colcon.colcon_core.package_identification:_identify(src/imu_tools) by extension 'python_setup_py'
[0.253s] Level 1:colcon.colcon_core.package_identification:_identify(src/imu_tools/build) by extensions ['ignore', 'ignore_ament_install']
[0.253s] Level 1:colcon.colcon_core.package_identification:_identify(src/imu_tools/build) by extension 'ignore'
[0.253s] Level 1:colcon.colcon_core.package_identification:_identify(src/imu_tools/build) ignored
[0.253s] Level 1:colcon.colcon_core.package_identification:_identify(src/imu_tools/imu_complementary_filter) by extensions ['ignore', 'ignore_ament_install']
[0.253s] Level 1:colcon.colcon_core.package_identification:_identify(src/imu_tools/imu_complementary_filter) by extension 'ignore'
[0.253s] Level 1:colcon.colcon_core.package_identification:_identify(src/imu_tools/imu_complementary_filter) by extension 'ignore_ament_install'
[0.254s] Level 1:colcon.colcon_core.package_identification:_identify(src/imu_tools/imu_complementary_filter) by extensions ['colcon_pkg']
[0.254s] Level 1:colcon.colcon_core.package_identification:_identify(src/imu_tools/imu_complementary_filter) by extension 'colcon_pkg'
[0.254s] Level 1:colcon.colcon_core.package_identification:_identify(src/imu_tools/imu_complementary_filter) by extensions ['colcon_meta']
[0.254s] Level 1:colcon.colcon_core.package_identification:_identify(src/imu_tools/imu_complementary_filter) by extension 'colcon_meta'
[0.254s] Level 1:colcon.colcon_core.package_identification:_identify(src/imu_tools/imu_complementary_filter) by extensions ['ros']
[0.254s] Level 1:colcon.colcon_core.package_identification:_identify(src/imu_tools/imu_complementary_filter) by extension 'ros'
[0.254s] DEBUG:colcon.colcon_core.package_identification:Package 'src/imu_tools/imu_complementary_filter' with type 'ros.ament_cmake' and name 'imu_complementary_filter'
[0.254s] Level 1:colcon.colcon_core.package_identification:_identify(src/imu_tools/imu_filter_madgwick) by extensions ['ignore', 'ignore_ament_install']
[0.254s] Level 1:colcon.colcon_core.package_identification:_identify(src/imu_tools/imu_filter_madgwick) by extension 'ignore'
[0.254s] Level 1:colcon.colcon_core.package_identification:_identify(src/imu_tools/imu_filter_madgwick) by extension 'ignore_ament_install'
[0.254s] Level 1:colcon.colcon_core.package_identification:_identify(src/imu_tools/imu_filter_madgwick) by extensions ['colcon_pkg']
[0.254s] Level 1:colcon.colcon_core.package_identification:_identify(src/imu_tools/imu_filter_madgwick) by extension 'colcon_pkg'
[0.254s] Level 1:colcon.colcon_core.package_identification:_identify(src/imu_tools/imu_filter_madgwick) by extensions ['colcon_meta']
[0.255s] Level 1:colcon.colcon_core.package_identification:_identify(src/imu_tools/imu_filter_madgwick) by extension 'colcon_meta'
[0.255s] Level 1:colcon.colcon_core.package_identification:_identify(src/imu_tools/imu_filter_madgwick) by extensions ['ros']
[0.255s] Level 1:colcon.colcon_core.package_identification:_identify(src/imu_tools/imu_filter_madgwick) by extension 'ros'
[0.255s] DEBUG:colcon.colcon_core.package_identification:Package 'src/imu_tools/imu_filter_madgwick' with type 'ros.ament_cmake' and name 'imu_filter_madgwick'
[0.256s] Level 1:colcon.colcon_core.package_identification:_identify(src/imu_tools/imu_tools) by extensions ['ignore', 'ignore_ament_install']
[0.256s] Level 1:colcon.colcon_core.package_identification:_identify(src/imu_tools/imu_tools) by extension 'ignore'
[0.256s] Level 1:colcon.colcon_core.package_identification:_identify(src/imu_tools/imu_tools) by extension 'ignore_ament_install'
[0.256s] Level 1:colcon.colcon_core.package_identification:_identify(src/imu_tools/imu_tools) by extensions ['colcon_pkg']
[0.256s] Level 1:colcon.colcon_core.package_identification:_identify(src/imu_tools/imu_tools) by extension 'colcon_pkg'
[0.256s] Level 1:colcon.colcon_core.package_identification:_identify(src/imu_tools/imu_tools) by extensions ['colcon_meta']
[0.256s] Level 1:colcon.colcon_core.package_identification:_identify(src/imu_tools/imu_tools) by extension 'colcon_meta'
[0.256s] Level 1:colcon.colcon_core.package_identification:_identify(src/imu_tools/imu_tools) by extensions ['ros']
[0.256s] Level 1:colcon.colcon_core.package_identification:_identify(src/imu_tools/imu_tools) by extension 'ros'
[0.256s] DEBUG:colcon.colcon_core.package_identification:Package 'src/imu_tools/imu_tools' with type 'ros.ament_cmake' and name 'imu_tools'
[0.256s] Level 1:colcon.colcon_core.package_identification:_identify(src/imu_tools/install) by extensions ['ignore', 'ignore_ament_install']
[0.256s] Level 1:colcon.colcon_core.package_identification:_identify(src/imu_tools/install) by extension 'ignore'
[0.256s] Level 1:colcon.colcon_core.package_identification:_identify(src/imu_tools/install) ignored
[0.257s] Level 1:colcon.colcon_core.package_identification:_identify(src/imu_tools/log) by extensions ['ignore', 'ignore_ament_install']
[0.257s] Level 1:colcon.colcon_core.package_identification:_identify(src/imu_tools/log) by extension 'ignore'
[0.257s] Level 1:colcon.colcon_core.package_identification:_identify(src/imu_tools/log) ignored
[0.257s] Level 1:colcon.colcon_core.package_identification:_identify(src/imu_tools/rviz_imu_plugin) by extensions ['ignore', 'ignore_ament_install']
[0.257s] Level 1:colcon.colcon_core.package_identification:_identify(src/imu_tools/rviz_imu_plugin) by extension 'ignore'
[0.257s] Level 1:colcon.colcon_core.package_identification:_identify(src/imu_tools/rviz_imu_plugin) by extension 'ignore_ament_install'
[0.257s] Level 1:colcon.colcon_core.package_identification:_identify(src/imu_tools/rviz_imu_plugin) by extensions ['colcon_pkg']
[0.257s] Level 1:colcon.colcon_core.package_identification:_identify(src/imu_tools/rviz_imu_plugin) by extension 'colcon_pkg'
[0.257s] Level 1:colcon.colcon_core.package_identification:_identify(src/imu_tools/rviz_imu_plugin) by extensions ['colcon_meta']
[0.257s] Level 1:colcon.colcon_core.package_identification:_identify(src/imu_tools/rviz_imu_plugin) by extension 'colcon_meta'
[0.257s] Level 1:colcon.colcon_core.package_identification:_identify(src/imu_tools/rviz_imu_plugin) by extensions ['ros']
[0.257s] Level 1:colcon.colcon_core.package_identification:_identify(src/imu_tools/rviz_imu_plugin) by extension 'ros'
[0.258s] DEBUG:colcon.colcon_core.package_identification:Package 'src/imu_tools/rviz_imu_plugin' with type 'ros.ament_cmake' and name 'rviz_imu_plugin'
[0.258s] Level 1:colcon.colcon_core.package_identification:_identify(src/set_frame_id) by extensions ['ignore', 'ignore_ament_install']
[0.258s] Level 1:colcon.colcon_core.package_identification:_identify(src/set_frame_id) by extension 'ignore'
[0.258s] Level 1:colcon.colcon_core.package_identification:_identify(src/set_frame_id) by extension 'ignore_ament_install'
[0.258s] Level 1:colcon.colcon_core.package_identification:_identify(src/set_frame_id) by extensions ['colcon_pkg']
[0.258s] Level 1:colcon.colcon_core.package_identification:_identify(src/set_frame_id) by extension 'colcon_pkg'
[0.259s] Level 1:colcon.colcon_core.package_identification:_identify(src/set_frame_id) by extensions ['colcon_meta']
[0.259s] Level 1:colcon.colcon_core.package_identification:_identify(src/set_frame_id) by extension 'colcon_meta'
[0.259s] Level 1:colcon.colcon_core.package_identification:_identify(src/set_frame_id) by extensions ['ros']
[0.259s] Level 1:colcon.colcon_core.package_identification:_identify(src/set_frame_id) by extension 'ros'
[0.259s] DEBUG:colcon.colcon_core.package_identification:Package 'src/set_frame_id' with type 'ros.ament_python' and name 'set_frame_id'
[0.259s] Level 1:colcon.colcon_core.package_discovery:discover_packages(recursive) using defaults
[0.259s] Level 1:colcon.colcon_core.package_discovery:discover_packages(ignore) discover
[0.259s] Level 1:colcon.colcon_core.package_discovery:discover_packages(ignore) using defaults
[0.259s] Level 1:colcon.colcon_core.package_discovery:discover_packages(path) discover
[0.259s] Level 1:colcon.colcon_core.package_discovery:discover_packages(path) using defaults
[0.288s] INFO:colcon.colcon_core.package_selection:Skipping not selected package 'imu_complementary_filter' in 'src/imu_tools/imu_complementary_filter'
[0.288s] INFO:colcon.colcon_core.package_selection:Skipping not selected package 'imu_filter_madgwick' in 'src/imu_tools/imu_filter_madgwick'
[0.288s] INFO:colcon.colcon_core.package_selection:Skipping not selected package 'micro_ros_msgs' in 'micro_ros_agent/src/uros/micro_ros_msgs'
[0.288s] INFO:colcon.colcon_core.package_selection:Skipping not selected package 'micro_ros_setup' in 'micro_ros_agent/src/micro_ros_setup'
[0.288s] INFO:colcon.colcon_core.package_selection:Skipping not selected package 'rviz_imu_plugin' in 'src/imu_tools/rviz_imu_plugin'
[0.288s] INFO:colcon.colcon_core.package_selection:Skipping not selected package 'set_frame_id' in 'src/set_frame_id'
[0.288s] INFO:colcon.colcon_core.package_selection:Skipping not selected package 'imu_tools' in 'src/imu_tools/imu_tools'
[0.288s] INFO:colcon.colcon_core.package_selection:Skipping not selected package 'micro_ros_agent' in 'micro_ros_agent/src/uros/micro-ROS-Agent/micro_ros_agent'
[0.289s] Level 1:colcon.colcon_core.package_discovery:discover_packages(prefix_path) check parameters
[0.289s] Level 1:colcon.colcon_core.package_discovery:discover_packages(prefix_path) discover
[0.290s] DEBUG:colcon.colcon_installed_package_information.package_discovery:Found 9 installed packages in /home/jg/linorobot2_ws/install
[0.290s] DEBUG:colcon.colcon_installed_package_information.package_discovery:Found 1 installed packages in /home/jg/sam_bot_description/install
[0.291s] DEBUG:colcon.colcon_installed_package_information.package_discovery:Found 2 installed packages in /home/jg/turtlebot3_ws/install
[0.291s] DEBUG:colcon.colcon_installed_package_information.package_discovery:Found 1 installed packages in /home/jg/pointcloud_ws/install
[0.292s] DEBUG:colcon.colcon_installed_package_information.package_discovery:Found 342 installed packages in /opt/ros/humble
[0.293s] Level 1:colcon.colcon_core.package_discovery:discover_packages(prefix_path) using defaults
[0.326s] Level 5:colcon.colcon_core.verb:set package 'imu_test' build argument 'cmake_args' from command line to 'None'
[0.326s] Level 5:colcon.colcon_core.verb:set package 'imu_test' build argument 'cmake_target' from command line to 'None'
[0.326s] Level 5:colcon.colcon_core.verb:set package 'imu_test' build argument 'cmake_target_skip_unavailable' from command line to 'False'
[0.326s] Level 5:colcon.colcon_core.verb:set package 'imu_test' build argument 'cmake_clean_cache' from command line to 'False'
[0.326s] Level 5:colcon.colcon_core.verb:set package 'imu_test' build argument 'cmake_clean_first' from command line to 'False'
[0.326s] Level 5:colcon.colcon_core.verb:set package 'imu_test' build argument 'cmake_force_configure' from command line to 'False'
[0.326s] Level 5:colcon.colcon_core.verb:set package 'imu_test' build argument 'ament_cmake_args' from command line to 'None'
[0.326s] Level 5:colcon.colcon_core.verb:set package 'imu_test' build argument 'catkin_cmake_args' from command line to 'None'
[0.326s] Level 5:colcon.colcon_core.verb:set package 'imu_test' build argument 'catkin_skip_building_tests' from command line to 'False'
[0.326s] DEBUG:colcon.colcon_core.verb:Building package 'imu_test' with the following arguments: {'ament_cmake_args': None, 'build_base': '/home/jg/bno055_hardware/build/imu_test', 'catkin_cmake_args': None, 'catkin_skip_building_tests': False, 'cmake_args': None, 'cmake_clean_cache': False, 'cmake_clean_first': False, 'cmake_force_configure': False, 'cmake_target': None, 'cmake_target_skip_unavailable': False, 'install_base': '/home/jg/bno055_hardware/install/imu_test', 'merge_install': False, 'path': '/home/jg/bno055_hardware/src/imu_test', 'symlink_install': False, 'test_result_base': None}
[0.326s] INFO:colcon.colcon_core.executor:Executing jobs using 'parallel' executor
[0.327s] DEBUG:colcon.colcon_parallel_executor.executor.parallel:run_until_complete
[0.328s] INFO:colcon.colcon_ros.task.ament_python.build:Building ROS package in '/home/jg/bno055_hardware/src/imu_test' with build type 'ament_python'
[0.328s] Level 1:colcon.colcon_core.shell:create_environment_hook('imu_test', 'ament_prefix_path')
[0.332s] INFO:colcon.colcon_core.plugin_system:Skipping extension 'colcon_core.shell.bat': Not used on non-Windows systems
[0.332s] INFO:colcon.colcon_core.shell:Creating environment hook '/home/jg/bno055_hardware/install/imu_test/share/imu_test/hook/ament_prefix_path.ps1'
[0.333s] INFO:colcon.colcon_core.shell:Creating environment descriptor '/home/jg/bno055_hardware/install/imu_test/share/imu_test/hook/ament_prefix_path.dsv'
[0.333s] INFO:colcon.colcon_core.shell:Creating environment hook '/home/jg/bno055_hardware/install/imu_test/share/imu_test/hook/ament_prefix_path.sh'
[0.334s] INFO:colcon.colcon_core.shell:Skip shell extension 'powershell' for command environment: Not usable outside of PowerShell
[0.334s] DEBUG:colcon.colcon_core.shell:Skip shell extension 'dsv' for command environment
[0.532s] INFO:colcon.colcon_core.task.python.build:Building Python package in '/home/jg/bno055_hardware/src/imu_test'
[0.533s] INFO:colcon.colcon_core.shell:Skip shell extension 'powershell' for command environment: Not usable outside of PowerShell
[0.533s] DEBUG:colcon.colcon_core.shell:Skip shell extension 'dsv' for command environment
[0.818s] DEBUG:colcon.colcon_core.event_handler.log_command:Invoking command in '/home/jg/bno055_hardware/src/imu_test': PYTHONPATH=/home/jg/bno055_hardware/build/imu_test/prefix_override:/home/jg/bno055_hardware/install/imu_test/lib/python3.10/site-packages:${PYTHONPATH} /usr/bin/python3 -W ignore:setup.py install is deprecated setup.py egg_info --egg-base ../../build/imu_test build --build-base /home/jg/bno055_hardware/build/imu_test/build install --record /home/jg/bno055_hardware/build/imu_test/install.log --single-version-externally-managed install_data
[1.063s] DEBUG:colcon.colcon_core.event_handler.log_command:Invoked command in '/home/jg/bno055_hardware/src/imu_test' returned '0': PYTHONPATH=/home/jg/bno055_hardware/build/imu_test/prefix_override:/home/jg/bno055_hardware/install/imu_test/lib/python3.10/site-packages:${PYTHONPATH} /usr/bin/python3 -W ignore:setup.py install is deprecated setup.py egg_info --egg-base ../../build/imu_test build --build-base /home/jg/bno055_hardware/build/imu_test/build install --record /home/jg/bno055_hardware/build/imu_test/install.log --single-version-externally-managed install_data
[1.065s] Level 1:colcon.colcon_core.environment:checking '/home/jg/bno055_hardware/install/imu_test' for CMake module files
[1.066s] Level 1:colcon.colcon_core.environment:checking '/home/jg/bno055_hardware/install/imu_test' for CMake config files
[1.068s] Level 1:colcon.colcon_core.environment:checking '/home/jg/bno055_hardware/install/imu_test/lib'
[1.068s] Level 1:colcon.colcon_core.environment:checking '/home/jg/bno055_hardware/install/imu_test/bin'
[1.068s] Level 1:colcon.colcon_core.environment:checking '/home/jg/bno055_hardware/install/imu_test/lib/pkgconfig/imu_test.pc'
[1.069s] Level 1:colcon.colcon_core.environment:checking '/home/jg/bno055_hardware/install/imu_test/lib/python3.10/site-packages'
[1.069s] Level 1:colcon.colcon_core.shell:create_environment_hook('imu_test', 'pythonpath')
[1.069s] INFO:colcon.colcon_core.shell:Creating environment hook '/home/jg/bno055_hardware/install/imu_test/share/imu_test/hook/pythonpath.ps1'
[1.070s] INFO:colcon.colcon_core.shell:Creating environment descriptor '/home/jg/bno055_hardware/install/imu_test/share/imu_test/hook/pythonpath.dsv'
[1.070s] INFO:colcon.colcon_core.shell:Creating environment hook '/home/jg/bno055_hardware/install/imu_test/share/imu_test/hook/pythonpath.sh'
[1.071s] Level 1:colcon.colcon_core.environment:checking '/home/jg/bno055_hardware/install/imu_test/bin'
[1.071s] Level 1:colcon.colcon_core.environment:create_environment_scripts_only(imu_test)
[1.071s] INFO:colcon.colcon_core.shell:Creating package script '/home/jg/bno055_hardware/install/imu_test/share/imu_test/package.ps1'
[1.072s] INFO:colcon.colcon_core.shell:Creating package descriptor '/home/jg/bno055_hardware/install/imu_test/share/imu_test/package.dsv'
[1.072s] INFO:colcon.colcon_core.shell:Creating package script '/home/jg/bno055_hardware/install/imu_test/share/imu_test/package.sh'
[1.073s] INFO:colcon.colcon_core.shell:Creating package script '/home/jg/bno055_hardware/install/imu_test/share/imu_test/package.bash'
[1.074s] INFO:colcon.colcon_core.shell:Creating package script '/home/jg/bno055_hardware/install/imu_test/share/imu_test/package.zsh'
[1.074s] Level 1:colcon.colcon_core.environment:create_file_with_runtime_dependencies(/home/jg/bno055_hardware/install/imu_test/share/colcon-core/packages/imu_test)
[1.074s] DEBUG:colcon.colcon_parallel_executor.executor.parallel:closing loop
[1.075s] DEBUG:colcon.colcon_parallel_executor.executor.parallel:loop closed
[1.075s] DEBUG:colcon.colcon_parallel_executor.executor.parallel:run_until_complete finished with '0'
[1.075s] DEBUG:colcon.colcon_core.event_reactor:joining thread
[1.078s] INFO:colcon.colcon_core.plugin_system:Skipping extension 'colcon_notification.desktop_notification.terminal_notifier': Not used on non-Darwin systems
[1.078s] INFO:colcon.colcon_core.plugin_system:Skipping extension 'colcon_notification.desktop_notification.win32': Not used on non-Windows systems
[1.078s] INFO:colcon.colcon_notification.desktop_notification:Sending desktop notification using 'notify2'
[1.087s] DEBUG:colcon.colcon_core.event_reactor:joined thread
[1.087s] INFO:colcon.colcon_core.shell:Creating prefix script '/home/jg/bno055_hardware/install/local_setup.ps1'
[1.088s] INFO:colcon.colcon_core.shell:Creating prefix util module '/home/jg/bno055_hardware/install/_local_setup_util_ps1.py'
[1.090s] INFO:colcon.colcon_core.shell:Creating prefix chain script '/home/jg/bno055_hardware/install/setup.ps1'
[1.092s] INFO:colcon.colcon_core.shell:Creating prefix script '/home/jg/bno055_hardware/install/local_setup.sh'
[1.093s] INFO:colcon.colcon_core.shell:Creating prefix util module '/home/jg/bno055_hardware/install/_local_setup_util_sh.py'
[1.093s] INFO:colcon.colcon_core.shell:Creating prefix chain script '/home/jg/bno055_hardware/install/setup.sh'
[1.095s] INFO:colcon.colcon_core.shell:Creating prefix script '/home/jg/bno055_hardware/install/local_setup.bash'
[1.095s] INFO:colcon.colcon_core.shell:Creating prefix chain script '/home/jg/bno055_hardware/install/setup.bash'
[1.097s] INFO:colcon.colcon_core.shell:Creating prefix script '/home/jg/bno055_hardware/install/local_setup.zsh'
[1.099s] INFO:colcon.colcon_core.shell:Creating prefix chain script '/home/jg/bno055_hardware/install/setup.zsh'
