[0.571s] Invoking command in '/home/jg/bno055_hardware/src/set_frame_id': PYTHONPATH=/home/jg/bno055_hardware/build/set_frame_id/prefix_override:/usr/lib/python3/dist-packages/colcon_core/task/python/colcon_distutils_commands:/home/jg/bno055_hardware/install/set_frame_id/lib/python3.10/site-packages:${PYTHONPATH} /usr/bin/python3 -W ignore:setup.py install is deprecated setup.py egg_info --egg-base ../../build/set_frame_id build --build-base /home/jg/bno055_hardware/build/set_frame_id/build install --record /home/jg/bno055_hardware/build/set_frame_id/install.log --single-version-externally-managed
[0.725s] running egg_info
[0.725s] writing ../../build/set_frame_id/set_frame_id.egg-info/PKG-INFO
[0.726s] writing dependency_links to ../../build/set_frame_id/set_frame_id.egg-info/dependency_links.txt
[0.726s] writing entry points to ../../build/set_frame_id/set_frame_id.egg-info/entry_points.txt
[0.726s] writing requirements to ../../build/set_frame_id/set_frame_id.egg-info/requires.txt
[0.726s] writing top-level names to ../../build/set_frame_id/set_frame_id.egg-info/top_level.txt
[0.728s] reading manifest file '../../build/set_frame_id/set_frame_id.egg-info/SOURCES.txt'
[0.729s] writing manifest file '../../build/set_frame_id/set_frame_id.egg-info/SOURCES.txt'
[0.729s] running build
[0.729s] running build_py
[0.729s] copying set_frame_id/__init__.py -> /home/jg/bno055_hardware/build/set_frame_id/build/lib/set_frame_id
[0.729s] copying set_frame_id/set_frame_id_node.py -> /home/jg/bno055_hardware/build/set_frame_id/build/lib/set_frame_id
[0.729s] running install
[0.730s] running install_lib
[0.730s] running install_egg_info
[0.732s] removing '/home/jg/bno055_hardware/install/set_frame_id/lib/python3.10/site-packages/set_frame_id-0.1.0-py3.10.egg-info' (and everything under it)
[0.732s] Copying ../../build/set_frame_id/set_frame_id.egg-info to /home/jg/bno055_hardware/install/set_frame_id/lib/python3.10/site-packages/set_frame_id-0.1.0-py3.10.egg-info
[0.732s] running install_scripts
[0.748s] Installing set_frame_id_node script to /home/jg/bno055_hardware/install/set_frame_id/lib/set_frame_id
[0.749s] writing list of installed files to '/home/jg/bno055_hardware/build/set_frame_id/install.log'
[0.772s] Invoked command in '/home/jg/bno055_hardware/src/set_frame_id' returned '0': PYTHONPATH=/home/jg/bno055_hardware/build/set_frame_id/prefix_override:/usr/lib/python3/dist-packages/colcon_core/task/python/colcon_distutils_commands:/home/jg/bno055_hardware/install/set_frame_id/lib/python3.10/site-packages:${PYTHONPATH} /usr/bin/python3 -W ignore:setup.py install is deprecated setup.py egg_info --egg-base ../../build/set_frame_id build --build-base /home/jg/bno055_hardware/build/set_frame_id/build install --record /home/jg/bno055_hardware/build/set_frame_id/install.log --single-version-externally-managed
