[0.016s] Invoking command in '/home/jg/bno055_hardware/build/micro_ros_msgs': CMAKE_PREFIX_PATH=${CMAKE_PREFIX_PATH}:/opt/ros/humble /usr/bin/cmake /home/jg/bno055_hardware/micro_ros_agent/src/uros/micro_ros_msgs -DCMAKE_INSTALL_PREFIX=/home/jg/bno055_hardware/install/micro_ros_msgs
[0.236s] -- The C compiler identification is GNU 11.4.0
[0.236s] -- The CXX compiler identification is GNU 11.4.0
[0.236s] -- Detecting C compiler ABI info
[0.236s] -- Detecting C compiler ABI info - done
[0.237s] -- Check for working C compiler: /usr/bin/cc - skipped
[0.237s] -- Detecting C compile features
[0.237s] -- Detecting C compile features - done
[0.237s] -- Detecting CXX compiler ABI info
[0.239s] -- Detecting CXX compiler ABI info - done
[0.246s] -- Check for working CXX compiler: /usr/bin/c++ - skipped
[0.246s] -- Detecting CXX compile features
[0.247s] -- Detecting CXX compile features - done
[0.250s] -- Found ament_cmake: 1.3.8 (/opt/ros/humble/share/ament_cmake/cmake)
[0.383s] -- Found Python3: /usr/bin/python3 (found version "3.10.12") found components: Interpreter 
[0.495s] -- Found rosidl_default_generators: 1.2.0 (/opt/ros/humble/share/rosidl_default_generators/cmake)
[0.499s] -- Using all available rosidl_typesupport_c: rosidl_typesupport_fastrtps_c;rosidl_typesupport_introspection_c
[0.507s] -- Found rosidl_adapter: 3.1.5 (/opt/ros/humble/share/rosidl_adapter/cmake)
[0.548s] -- Using all available rosidl_typesupport_cpp: rosidl_typesupport_fastrtps_cpp;rosidl_typesupport_introspection_cpp
[0.586s] -- Found ament_lint_auto: 0.12.10 (/opt/ros/humble/share/ament_lint_auto/cmake)
[0.846s] -- Found ament_cmake_ros: 0.10.0 (/opt/ros/humble/share/ament_cmake_ros/cmake)
[1.016s] -- Using all available rosidl_typesupport_c: rosidl_typesupport_fastrtps_c;rosidl_typesupport_introspection_c
[1.205s] -- Using all available rosidl_typesupport_cpp: rosidl_typesupport_fastrtps_cpp;rosidl_typesupport_introspection_cpp
[1.222s] -- Found PythonInterp: /usr/bin/python3 (found suitable version "3.10.12", minimum required is "3.6") 
[1.224s] -- Found python_cmake_module: 0.10.0 (/opt/ros/humble/share/python_cmake_module/cmake)
[1.245s] -- Found PythonLibs: /usr/lib/x86_64-linux-gnu/libpython3.10.so (found suitable version "3.10.12", minimum required is "3.5") 
[1.245s] -- Using PYTHON_EXECUTABLE: /usr/bin/python3
[1.245s] -- Using PYTHON_INCLUDE_DIRS: /usr/include/python3.10
[1.245s] -- Using PYTHON_LIBRARIES: /usr/lib/x86_64-linux-gnu/libpython3.10.so
[1.262s] -- Found PythonExtra: .so  
[1.291s] -- Added test 'copyright' to check source files copyright and LICENSE
[1.295s] -- Added test 'lint_cmake' to check CMake code style
[1.297s] -- Added test 'xmllint' to check XML markup files
[1.301s] -- Configuring done
[1.321s] -- Generating done
[1.322s] -- Build files have been written to: /home/jg/bno055_hardware/build/micro_ros_msgs
[1.327s] Invoked command in '/home/jg/bno055_hardware/build/micro_ros_msgs' returned '0': CMAKE_PREFIX_PATH=${CMAKE_PREFIX_PATH}:/opt/ros/humble /usr/bin/cmake /home/jg/bno055_hardware/micro_ros_agent/src/uros/micro_ros_msgs -DCMAKE_INSTALL_PREFIX=/home/jg/bno055_hardware/install/micro_ros_msgs
[1.328s] Invoking command in '/home/jg/bno055_hardware/build/micro_ros_msgs': CMAKE_PREFIX_PATH=${CMAKE_PREFIX_PATH}:/opt/ros/humble /usr/bin/cmake --build /home/jg/bno055_hardware/build/micro_ros_msgs -- -j8 -l8
[1.356s] [  2%] [34m[1mGenerating C code for ROS interfaces[0m
[1.364s] [  4%] [34m[1mGenerating C++ code for ROS interfaces[0m
[1.369s] [  4%] Built target ament_cmake_python_copy_micro_ros_msgs
[1.592s] running egg_info
[1.593s] creating micro_ros_msgs.egg-info
[1.593s] writing micro_ros_msgs.egg-info/PKG-INFO
[1.593s] writing dependency_links to micro_ros_msgs.egg-info/dependency_links.txt
[1.593s] writing top-level names to micro_ros_msgs.egg-info/top_level.txt
[1.593s] writing manifest file 'micro_ros_msgs.egg-info/SOURCES.txt'
[1.597s] reading manifest file 'micro_ros_msgs.egg-info/SOURCES.txt'
[1.597s] writing manifest file 'micro_ros_msgs.egg-info/SOURCES.txt'
[1.619s] [  4%] Built target ament_cmake_python_build_micro_ros_msgs_egg
[1.690s] [  4%] Built target micro_ros_msgs__cpp
[1.699s] [  6%] [34m[1mGenerating C++ type support for eProsima Fast-RTPS[0m
[1.706s] [  8%] [34m[1mGenerating C++ introspection for ROS interfaces[0m
[1.707s] [ 10%] [34m[1mGenerating C++ type support dispatch for ROS interfaces[0m
[1.726s] [ 14%] [32mBuilding C object CMakeFiles/micro_ros_msgs__rosidl_generator_c.dir/rosidl_generator_c/micro_ros_msgs/msg/detail/graph__functions.c.o[0m
[1.726s] [ 14%] [32mBuilding C object CMakeFiles/micro_ros_msgs__rosidl_generator_c.dir/rosidl_generator_c/micro_ros_msgs/msg/detail/node__functions.c.o[0m
[1.729s] [ 17%] [32mBuilding C object CMakeFiles/micro_ros_msgs__rosidl_generator_c.dir/rosidl_generator_c/micro_ros_msgs/msg/detail/entity__functions.c.o[0m
[1.789s] [ 19%] [32m[1mLinking C shared library libmicro_ros_msgs__rosidl_generator_c.so[0m
[1.821s] [ 19%] Built target micro_ros_msgs__rosidl_generator_c
[1.829s] [ 21%] [34m[1mGenerating C introspection for ROS interfaces[0m
[1.831s] [ 23%] [34m[1mGenerating C type support dispatch for ROS interfaces[0m
[1.831s] [ 25%] [34m[1mGenerating C type support for eProsima Fast-RTPS[0m
[2.066s] [ 27%] [32mBuilding CXX object CMakeFiles/micro_ros_msgs__rosidl_typesupport_cpp.dir/rosidl_typesupport_cpp/micro_ros_msgs/msg/node__type_support.cpp.o[0m
[2.078s] [ 29%] [32mBuilding CXX object CMakeFiles/micro_ros_msgs__rosidl_typesupport_cpp.dir/rosidl_typesupport_cpp/micro_ros_msgs/msg/graph__type_support.cpp.o[0m
[2.084s] [ 31%] [32mBuilding CXX object CMakeFiles/micro_ros_msgs__rosidl_typesupport_cpp.dir/rosidl_typesupport_cpp/micro_ros_msgs/msg/entity__type_support.cpp.o[0m
[2.132s] [ 34%] [32mBuilding CXX object CMakeFiles/micro_ros_msgs__rosidl_typesupport_introspection_cpp.dir/rosidl_typesupport_introspection_cpp/micro_ros_msgs/msg/detail/graph__type_support.cpp.o[0m
[2.296s] [ 36%] [32mBuilding CXX object CMakeFiles/micro_ros_msgs__rosidl_typesupport_fastrtps_cpp.dir/rosidl_typesupport_fastrtps_cpp/micro_ros_msgs/msg/detail/dds_fastrtps/graph__type_support.cpp.o[0m
[2.351s] [ 38%] [32mBuilding CXX object CMakeFiles/micro_ros_msgs__rosidl_typesupport_c.dir/rosidl_typesupport_c/micro_ros_msgs/msg/graph__type_support.cpp.o[0m
[2.409s] [ 40%] [32mBuilding CXX object CMakeFiles/micro_ros_msgs__rosidl_typesupport_c.dir/rosidl_typesupport_c/micro_ros_msgs/msg/node__type_support.cpp.o[0m
[2.443s] [ 42%] [32mBuilding CXX object CMakeFiles/micro_ros_msgs__rosidl_typesupport_fastrtps_c.dir/rosidl_typesupport_fastrtps_c/micro_ros_msgs/msg/detail/graph__type_support_c.cpp.o[0m
[2.450s] [ 46%] [32mBuilding CXX object CMakeFiles/micro_ros_msgs__rosidl_typesupport_fastrtps_c.dir/rosidl_typesupport_fastrtps_c/micro_ros_msgs/msg/detail/node__type_support_c.cpp.o[0m
[2.453s] [ 46%] [32mBuilding CXX object CMakeFiles/micro_ros_msgs__rosidl_typesupport_c.dir/rosidl_typesupport_c/micro_ros_msgs/msg/entity__type_support.cpp.o[0m
[2.459s] [ 48%] [32mBuilding C object CMakeFiles/micro_ros_msgs__rosidl_typesupport_introspection_c.dir/rosidl_typesupport_introspection_c/micro_ros_msgs/msg/detail/graph__type_support.c.o[0m
[2.500s] [ 51%] [32m[1mLinking CXX shared library libmicro_ros_msgs__rosidl_typesupport_c.so[0m
[2.509s] [ 55%] [32m[1mLinking CXX shared library libmicro_ros_msgs__rosidl_typesupport_cpp.so[0m
[2.509s] [ 55%] [32mBuilding C object CMakeFiles/micro_ros_msgs__rosidl_typesupport_introspection_c.dir/rosidl_typesupport_introspection_c/micro_ros_msgs/msg/detail/node__type_support.c.o[0m
[2.519s] [ 57%] [32mBuilding C object CMakeFiles/micro_ros_msgs__rosidl_typesupport_introspection_c.dir/rosidl_typesupport_introspection_c/micro_ros_msgs/msg/detail/entity__type_support.c.o[0m
[2.572s] [ 59%] [32m[1mLinking C shared library libmicro_ros_msgs__rosidl_typesupport_introspection_c.so[0m
[2.584s] [ 61%] [32mBuilding CXX object CMakeFiles/micro_ros_msgs__rosidl_typesupport_introspection_cpp.dir/rosidl_typesupport_introspection_cpp/micro_ros_msgs/msg/detail/node__type_support.cpp.o[0m
[2.584s] [ 61%] Built target micro_ros_msgs__rosidl_typesupport_c
[2.584s] [ 61%] Built target micro_ros_msgs__rosidl_typesupport_cpp
[2.593s] [ 63%] [32mBuilding CXX object CMakeFiles/micro_ros_msgs__rosidl_typesupport_introspection_cpp.dir/rosidl_typesupport_introspection_cpp/micro_ros_msgs/msg/detail/entity__type_support.cpp.o[0m
[2.603s] [ 65%] [32mBuilding CXX object CMakeFiles/micro_ros_msgs__rosidl_typesupport_fastrtps_c.dir/rosidl_typesupport_fastrtps_c/micro_ros_msgs/msg/detail/entity__type_support_c.cpp.o[0m
[2.617s] [ 65%] Built target micro_ros_msgs__rosidl_typesupport_introspection_c
[2.636s] [ 68%] [32mBuilding CXX object CMakeFiles/micro_ros_msgs__rosidl_typesupport_fastrtps_cpp.dir/rosidl_typesupport_fastrtps_cpp/micro_ros_msgs/msg/detail/dds_fastrtps/node__type_support.cpp.o[0m
[2.930s] [ 70%] [32mBuilding CXX object CMakeFiles/micro_ros_msgs__rosidl_typesupport_fastrtps_cpp.dir/rosidl_typesupport_fastrtps_cpp/micro_ros_msgs/msg/detail/dds_fastrtps/entity__type_support.cpp.o[0m
[3.099s] [ 72%] [32m[1mLinking CXX shared library libmicro_ros_msgs__rosidl_typesupport_fastrtps_c.so[0m
[3.224s] [ 72%] Built target micro_ros_msgs__rosidl_typesupport_fastrtps_c
[3.263s] [ 74%] [32m[1mLinking CXX shared library libmicro_ros_msgs__rosidl_typesupport_introspection_cpp.so[0m
[3.337s] [ 74%] Built target micro_ros_msgs__rosidl_typesupport_introspection_cpp
[3.377s] [ 76%] [32m[1mLinking CXX shared library libmicro_ros_msgs__rosidl_typesupport_fastrtps_cpp.so[0m
[3.443s] [ 76%] Built target micro_ros_msgs__rosidl_typesupport_fastrtps_cpp
[3.458s] [ 76%] Built target micro_ros_msgs
[3.471s] [ 78%] [34m[1mGenerating Python code for ROS interfaces[0m
[3.887s] [ 78%] Built target micro_ros_msgs__py
[3.902s] [ 85%] [32mBuilding C object CMakeFiles/micro_ros_msgs__rosidl_generator_py.dir/rosidl_generator_py/micro_ros_msgs/msg/_node_s.c.o[0m
[3.902s] [ 85%] [32mBuilding C object CMakeFiles/micro_ros_msgs__rosidl_generator_py.dir/rosidl_generator_py/micro_ros_msgs/msg/_graph_s.c.o[0m
[3.902s] [ 85%] [32mBuilding C object CMakeFiles/micro_ros_msgs__rosidl_generator_py.dir/rosidl_generator_py/micro_ros_msgs/msg/_entity_s.c.o[0m
[3.985s] [ 87%] [32m[1mLinking C shared library rosidl_generator_py/micro_ros_msgs/libmicro_ros_msgs__rosidl_generator_py.so[0m
[4.014s] [ 87%] Built target micro_ros_msgs__rosidl_generator_py
[4.029s] [ 89%] [32mBuilding C object CMakeFiles/micro_ros_msgs__rosidl_typesupport_c__pyext.dir/rosidl_generator_py/micro_ros_msgs/_micro_ros_msgs_s.ep.rosidl_typesupport_c.c.o[0m
[4.029s] [ 93%] [32mBuilding C object CMakeFiles/micro_ros_msgs__rosidl_typesupport_fastrtps_c__pyext.dir/rosidl_generator_py/micro_ros_msgs/_micro_ros_msgs_s.ep.rosidl_typesupport_fastrtps_c.c.o[0m
[4.029s] [ 93%] [32mBuilding C object CMakeFiles/micro_ros_msgs__rosidl_typesupport_introspection_c__pyext.dir/rosidl_generator_py/micro_ros_msgs/_micro_ros_msgs_s.ep.rosidl_typesupport_introspection_c.c.o[0m
[4.106s] [100%] [32m[1mLinking C shared library rosidl_generator_py/micro_ros_msgs/micro_ros_msgs_s__rosidl_typesupport_introspection_c.cpython-310-x86_64-linux-gnu.so[0m
[4.106s] [100%] [32m[1mLinking C shared library rosidl_generator_py/micro_ros_msgs/micro_ros_msgs_s__rosidl_typesupport_c.cpython-310-x86_64-linux-gnu.so[0m
[4.106s] [100%] [32m[1mLinking C shared library rosidl_generator_py/micro_ros_msgs/micro_ros_msgs_s__rosidl_typesupport_fastrtps_c.cpython-310-x86_64-linux-gnu.so[0m
[4.131s] [100%] Built target micro_ros_msgs__rosidl_typesupport_c__pyext
[4.131s] [100%] Built target micro_ros_msgs__rosidl_typesupport_introspection_c__pyext
[4.134s] [100%] Built target micro_ros_msgs__rosidl_typesupport_fastrtps_c__pyext
[4.142s] Invoked command in '/home/jg/bno055_hardware/build/micro_ros_msgs' returned '0': CMAKE_PREFIX_PATH=${CMAKE_PREFIX_PATH}:/opt/ros/humble /usr/bin/cmake --build /home/jg/bno055_hardware/build/micro_ros_msgs -- -j8 -l8
[4.207s] Invoking command in '/home/jg/bno055_hardware/build/micro_ros_msgs': CMAKE_PREFIX_PATH=${CMAKE_PREFIX_PATH}:/opt/ros/humble /usr/bin/cmake --install /home/jg/bno055_hardware/build/micro_ros_msgs
[4.214s] -- Install configuration: ""
[4.214s] -- Installing: /home/jg/bno055_hardware/install/micro_ros_msgs/share/ament_index/resource_index/rosidl_interfaces/micro_ros_msgs
[4.214s] -- Installing: /home/jg/bno055_hardware/install/micro_ros_msgs/include/micro_ros_msgs/micro_ros_msgs
[4.214s] -- Installing: /home/jg/bno055_hardware/install/micro_ros_msgs/include/micro_ros_msgs/micro_ros_msgs/msg
[4.214s] -- Installing: /home/jg/bno055_hardware/install/micro_ros_msgs/include/micro_ros_msgs/micro_ros_msgs/msg/rosidl_generator_c__visibility_control.h
[4.215s] -- Installing: /home/jg/bno055_hardware/install/micro_ros_msgs/include/micro_ros_msgs/micro_ros_msgs/msg/detail
[4.215s] -- Installing: /home/jg/bno055_hardware/install/micro_ros_msgs/include/micro_ros_msgs/micro_ros_msgs/msg/detail/node__functions.c
[4.215s] -- Installing: /home/jg/bno055_hardware/install/micro_ros_msgs/include/micro_ros_msgs/micro_ros_msgs/msg/detail/entity__type_support.h
[4.215s] -- Installing: /home/jg/bno055_hardware/install/micro_ros_msgs/include/micro_ros_msgs/micro_ros_msgs/msg/detail/graph__type_support.h
[4.215s] -- Installing: /home/jg/bno055_hardware/install/micro_ros_msgs/include/micro_ros_msgs/micro_ros_msgs/msg/detail/node__struct.h
[4.215s] -- Installing: /home/jg/bno055_hardware/install/micro_ros_msgs/include/micro_ros_msgs/micro_ros_msgs/msg/detail/graph__functions.h
[4.215s] -- Installing: /home/jg/bno055_hardware/install/micro_ros_msgs/include/micro_ros_msgs/micro_ros_msgs/msg/detail/graph__functions.c
[4.215s] -- Installing: /home/jg/bno055_hardware/install/micro_ros_msgs/include/micro_ros_msgs/micro_ros_msgs/msg/detail/graph__struct.h
[4.215s] -- Installing: /home/jg/bno055_hardware/install/micro_ros_msgs/include/micro_ros_msgs/micro_ros_msgs/msg/detail/node__type_support.h
[4.216s] -- Installing: /home/jg/bno055_hardware/install/micro_ros_msgs/include/micro_ros_msgs/micro_ros_msgs/msg/detail/node__functions.h
[4.216s] -- Installing: /home/jg/bno055_hardware/install/micro_ros_msgs/include/micro_ros_msgs/micro_ros_msgs/msg/detail/entity__struct.h
[4.216s] -- Installing: /home/jg/bno055_hardware/install/micro_ros_msgs/include/micro_ros_msgs/micro_ros_msgs/msg/detail/entity__functions.c
[4.216s] -- Installing: /home/jg/bno055_hardware/install/micro_ros_msgs/include/micro_ros_msgs/micro_ros_msgs/msg/detail/entity__functions.h
[4.216s] -- Installing: /home/jg/bno055_hardware/install/micro_ros_msgs/include/micro_ros_msgs/micro_ros_msgs/msg/node.h
[4.216s] -- Installing: /home/jg/bno055_hardware/install/micro_ros_msgs/include/micro_ros_msgs/micro_ros_msgs/msg/graph.h
[4.216s] -- Installing: /home/jg/bno055_hardware/install/micro_ros_msgs/include/micro_ros_msgs/micro_ros_msgs/msg/entity.h
[4.216s] -- Installing: /home/jg/bno055_hardware/install/micro_ros_msgs/share/micro_ros_msgs/environment/library_path.sh
[4.216s] -- Installing: /home/jg/bno055_hardware/install/micro_ros_msgs/share/micro_ros_msgs/environment/library_path.dsv
[4.216s] -- Installing: /home/jg/bno055_hardware/install/micro_ros_msgs/lib/libmicro_ros_msgs__rosidl_generator_c.so
[4.216s] -- Set runtime path of "/home/jg/bno055_hardware/install/micro_ros_msgs/lib/libmicro_ros_msgs__rosidl_generator_c.so" to ""
[4.217s] -- Up-to-date: /home/jg/bno055_hardware/install/micro_ros_msgs/include/micro_ros_msgs/micro_ros_msgs
[4.217s] -- Up-to-date: /home/jg/bno055_hardware/install/micro_ros_msgs/include/micro_ros_msgs/micro_ros_msgs/msg
[4.217s] -- Up-to-date: /home/jg/bno055_hardware/install/micro_ros_msgs/include/micro_ros_msgs/micro_ros_msgs/msg/detail
[4.217s] -- Installing: /home/jg/bno055_hardware/install/micro_ros_msgs/include/micro_ros_msgs/micro_ros_msgs/msg/detail/node__rosidl_typesupport_fastrtps_c.h
[4.217s] -- Installing: /home/jg/bno055_hardware/install/micro_ros_msgs/include/micro_ros_msgs/micro_ros_msgs/msg/detail/graph__rosidl_typesupport_fastrtps_c.h
[4.217s] -- Installing: /home/jg/bno055_hardware/install/micro_ros_msgs/include/micro_ros_msgs/micro_ros_msgs/msg/detail/entity__rosidl_typesupport_fastrtps_c.h
[4.217s] -- Installing: /home/jg/bno055_hardware/install/micro_ros_msgs/include/micro_ros_msgs/micro_ros_msgs/msg/rosidl_typesupport_fastrtps_c__visibility_control.h
[4.217s] -- Installing: /home/jg/bno055_hardware/install/micro_ros_msgs/lib/libmicro_ros_msgs__rosidl_typesupport_fastrtps_c.so
[4.217s] -- Set runtime path of "/home/jg/bno055_hardware/install/micro_ros_msgs/lib/libmicro_ros_msgs__rosidl_typesupport_fastrtps_c.so" to ""
[4.217s] -- Up-to-date: /home/jg/bno055_hardware/install/micro_ros_msgs/include/micro_ros_msgs/micro_ros_msgs
[4.217s] -- Up-to-date: /home/jg/bno055_hardware/install/micro_ros_msgs/include/micro_ros_msgs/micro_ros_msgs/msg
[4.218s] -- Up-to-date: /home/jg/bno055_hardware/install/micro_ros_msgs/include/micro_ros_msgs/micro_ros_msgs/msg/detail
[4.218s] -- Installing: /home/jg/bno055_hardware/install/micro_ros_msgs/include/micro_ros_msgs/micro_ros_msgs/msg/detail/graph__rosidl_typesupport_introspection_c.h
[4.218s] -- Installing: /home/jg/bno055_hardware/install/micro_ros_msgs/include/micro_ros_msgs/micro_ros_msgs/msg/detail/node__rosidl_typesupport_introspection_c.h
[4.218s] -- Installing: /home/jg/bno055_hardware/install/micro_ros_msgs/include/micro_ros_msgs/micro_ros_msgs/msg/detail/graph__type_support.c
[4.218s] -- Installing: /home/jg/bno055_hardware/install/micro_ros_msgs/include/micro_ros_msgs/micro_ros_msgs/msg/detail/entity__type_support.c
[4.218s] -- Installing: /home/jg/bno055_hardware/install/micro_ros_msgs/include/micro_ros_msgs/micro_ros_msgs/msg/detail/node__type_support.c
[4.218s] -- Installing: /home/jg/bno055_hardware/install/micro_ros_msgs/include/micro_ros_msgs/micro_ros_msgs/msg/detail/entity__rosidl_typesupport_introspection_c.h
[4.218s] -- Installing: /home/jg/bno055_hardware/install/micro_ros_msgs/include/micro_ros_msgs/micro_ros_msgs/msg/rosidl_typesupport_introspection_c__visibility_control.h
[4.218s] -- Installing: /home/jg/bno055_hardware/install/micro_ros_msgs/lib/libmicro_ros_msgs__rosidl_typesupport_introspection_c.so
[4.218s] -- Set runtime path of "/home/jg/bno055_hardware/install/micro_ros_msgs/lib/libmicro_ros_msgs__rosidl_typesupport_introspection_c.so" to ""
[4.218s] -- Installing: /home/jg/bno055_hardware/install/micro_ros_msgs/lib/libmicro_ros_msgs__rosidl_typesupport_c.so
[4.218s] -- Set runtime path of "/home/jg/bno055_hardware/install/micro_ros_msgs/lib/libmicro_ros_msgs__rosidl_typesupport_c.so" to ""
[4.218s] -- Up-to-date: /home/jg/bno055_hardware/install/micro_ros_msgs/include/micro_ros_msgs/micro_ros_msgs
[4.219s] -- Up-to-date: /home/jg/bno055_hardware/install/micro_ros_msgs/include/micro_ros_msgs/micro_ros_msgs/msg
[4.219s] -- Installing: /home/jg/bno055_hardware/install/micro_ros_msgs/include/micro_ros_msgs/micro_ros_msgs/msg/node.hpp
[4.219s] -- Up-to-date: /home/jg/bno055_hardware/install/micro_ros_msgs/include/micro_ros_msgs/micro_ros_msgs/msg/detail
[4.219s] -- Installing: /home/jg/bno055_hardware/install/micro_ros_msgs/include/micro_ros_msgs/micro_ros_msgs/msg/detail/node__traits.hpp
[4.219s] -- Installing: /home/jg/bno055_hardware/install/micro_ros_msgs/include/micro_ros_msgs/micro_ros_msgs/msg/detail/node__builder.hpp
[4.219s] -- Installing: /home/jg/bno055_hardware/install/micro_ros_msgs/include/micro_ros_msgs/micro_ros_msgs/msg/detail/entity__builder.hpp
[4.219s] -- Installing: /home/jg/bno055_hardware/install/micro_ros_msgs/include/micro_ros_msgs/micro_ros_msgs/msg/detail/graph__struct.hpp
[4.219s] -- Installing: /home/jg/bno055_hardware/install/micro_ros_msgs/include/micro_ros_msgs/micro_ros_msgs/msg/detail/node__struct.hpp
[4.219s] -- Installing: /home/jg/bno055_hardware/install/micro_ros_msgs/include/micro_ros_msgs/micro_ros_msgs/msg/detail/entity__traits.hpp
[4.219s] -- Installing: /home/jg/bno055_hardware/install/micro_ros_msgs/include/micro_ros_msgs/micro_ros_msgs/msg/detail/graph__builder.hpp
[4.219s] -- Installing: /home/jg/bno055_hardware/install/micro_ros_msgs/include/micro_ros_msgs/micro_ros_msgs/msg/detail/entity__struct.hpp
[4.220s] -- Installing: /home/jg/bno055_hardware/install/micro_ros_msgs/include/micro_ros_msgs/micro_ros_msgs/msg/detail/graph__traits.hpp
[4.220s] -- Installing: /home/jg/bno055_hardware/install/micro_ros_msgs/include/micro_ros_msgs/micro_ros_msgs/msg/entity.hpp
[4.220s] -- Installing: /home/jg/bno055_hardware/install/micro_ros_msgs/include/micro_ros_msgs/micro_ros_msgs/msg/graph.hpp
[4.220s] -- Up-to-date: /home/jg/bno055_hardware/install/micro_ros_msgs/include/micro_ros_msgs/micro_ros_msgs
[4.220s] -- Up-to-date: /home/jg/bno055_hardware/install/micro_ros_msgs/include/micro_ros_msgs/micro_ros_msgs/msg
[4.220s] -- Installing: /home/jg/bno055_hardware/install/micro_ros_msgs/include/micro_ros_msgs/micro_ros_msgs/msg/rosidl_typesupport_fastrtps_cpp__visibility_control.h
[4.220s] -- Up-to-date: /home/jg/bno055_hardware/install/micro_ros_msgs/include/micro_ros_msgs/micro_ros_msgs/msg/detail
[4.220s] -- Installing: /home/jg/bno055_hardware/install/micro_ros_msgs/include/micro_ros_msgs/micro_ros_msgs/msg/detail/dds_fastrtps
[4.220s] -- Installing: /home/jg/bno055_hardware/install/micro_ros_msgs/include/micro_ros_msgs/micro_ros_msgs/msg/detail/node__rosidl_typesupport_fastrtps_cpp.hpp
[4.220s] -- Installing: /home/jg/bno055_hardware/install/micro_ros_msgs/include/micro_ros_msgs/micro_ros_msgs/msg/detail/graph__rosidl_typesupport_fastrtps_cpp.hpp
[4.220s] -- Installing: /home/jg/bno055_hardware/install/micro_ros_msgs/include/micro_ros_msgs/micro_ros_msgs/msg/detail/entity__rosidl_typesupport_fastrtps_cpp.hpp
[4.220s] -- Installing: /home/jg/bno055_hardware/install/micro_ros_msgs/lib/libmicro_ros_msgs__rosidl_typesupport_fastrtps_cpp.so
[4.220s] -- Set runtime path of "/home/jg/bno055_hardware/install/micro_ros_msgs/lib/libmicro_ros_msgs__rosidl_typesupport_fastrtps_cpp.so" to ""
[4.220s] -- Up-to-date: /home/jg/bno055_hardware/install/micro_ros_msgs/include/micro_ros_msgs/micro_ros_msgs
[4.220s] -- Up-to-date: /home/jg/bno055_hardware/install/micro_ros_msgs/include/micro_ros_msgs/micro_ros_msgs/msg
[4.220s] -- Up-to-date: /home/jg/bno055_hardware/install/micro_ros_msgs/include/micro_ros_msgs/micro_ros_msgs/msg/detail
[4.221s] -- Installing: /home/jg/bno055_hardware/install/micro_ros_msgs/include/micro_ros_msgs/micro_ros_msgs/msg/detail/node__type_support.cpp
[4.221s] -- Installing: /home/jg/bno055_hardware/install/micro_ros_msgs/include/micro_ros_msgs/micro_ros_msgs/msg/detail/entity__rosidl_typesupport_introspection_cpp.hpp
[4.221s] -- Installing: /home/jg/bno055_hardware/install/micro_ros_msgs/include/micro_ros_msgs/micro_ros_msgs/msg/detail/graph__rosidl_typesupport_introspection_cpp.hpp
[4.221s] -- Installing: /home/jg/bno055_hardware/install/micro_ros_msgs/include/micro_ros_msgs/micro_ros_msgs/msg/detail/node__rosidl_typesupport_introspection_cpp.hpp
[4.221s] -- Installing: /home/jg/bno055_hardware/install/micro_ros_msgs/include/micro_ros_msgs/micro_ros_msgs/msg/detail/entity__type_support.cpp
[4.221s] -- Installing: /home/jg/bno055_hardware/install/micro_ros_msgs/include/micro_ros_msgs/micro_ros_msgs/msg/detail/graph__type_support.cpp
[4.221s] -- Installing: /home/jg/bno055_hardware/install/micro_ros_msgs/lib/libmicro_ros_msgs__rosidl_typesupport_introspection_cpp.so
[4.221s] -- Set runtime path of "/home/jg/bno055_hardware/install/micro_ros_msgs/lib/libmicro_ros_msgs__rosidl_typesupport_introspection_cpp.so" to ""
[4.221s] -- Installing: /home/jg/bno055_hardware/install/micro_ros_msgs/lib/libmicro_ros_msgs__rosidl_typesupport_cpp.so
[4.221s] -- Set runtime path of "/home/jg/bno055_hardware/install/micro_ros_msgs/lib/libmicro_ros_msgs__rosidl_typesupport_cpp.so" to ""
[4.221s] -- Installing: /home/jg/bno055_hardware/install/micro_ros_msgs/share/micro_ros_msgs/environment/pythonpath.sh
[4.221s] -- Installing: /home/jg/bno055_hardware/install/micro_ros_msgs/share/micro_ros_msgs/environment/pythonpath.dsv
[4.221s] -- Installing: /home/jg/bno055_hardware/install/micro_ros_msgs/local/lib/python3.10/dist-packages/micro_ros_msgs-3.0.1-py3.10.egg-info
[4.221s] -- Installing: /home/jg/bno055_hardware/install/micro_ros_msgs/local/lib/python3.10/dist-packages/micro_ros_msgs-3.0.1-py3.10.egg-info/dependency_links.txt
[4.221s] -- Installing: /home/jg/bno055_hardware/install/micro_ros_msgs/local/lib/python3.10/dist-packages/micro_ros_msgs-3.0.1-py3.10.egg-info/SOURCES.txt
[4.221s] -- Installing: /home/jg/bno055_hardware/install/micro_ros_msgs/local/lib/python3.10/dist-packages/micro_ros_msgs-3.0.1-py3.10.egg-info/top_level.txt
[4.221s] -- Installing: /home/jg/bno055_hardware/install/micro_ros_msgs/local/lib/python3.10/dist-packages/micro_ros_msgs-3.0.1-py3.10.egg-info/PKG-INFO
[4.222s] -- Installing: /home/jg/bno055_hardware/install/micro_ros_msgs/local/lib/python3.10/dist-packages/micro_ros_msgs
[4.222s] -- Installing: /home/jg/bno055_hardware/install/micro_ros_msgs/local/lib/python3.10/dist-packages/micro_ros_msgs/_micro_ros_msgs_s.ep.rosidl_typesupport_c.c
[4.222s] -- Installing: /home/jg/bno055_hardware/install/micro_ros_msgs/local/lib/python3.10/dist-packages/micro_ros_msgs/micro_ros_msgs_s__rosidl_typesupport_fastrtps_c.cpython-310-x86_64-linux-gnu.so
[4.222s] -- Installing: /home/jg/bno055_hardware/install/micro_ros_msgs/local/lib/python3.10/dist-packages/micro_ros_msgs/micro_ros_msgs_s__rosidl_typesupport_introspection_c.cpython-310-x86_64-linux-gnu.so
[4.222s] -- Installing: /home/jg/bno055_hardware/install/micro_ros_msgs/local/lib/python3.10/dist-packages/micro_ros_msgs/__init__.py
[4.222s] -- Installing: /home/jg/bno055_hardware/install/micro_ros_msgs/local/lib/python3.10/dist-packages/micro_ros_msgs/_micro_ros_msgs_s.ep.rosidl_typesupport_fastrtps_c.c
[4.222s] -- Installing: /home/jg/bno055_hardware/install/micro_ros_msgs/local/lib/python3.10/dist-packages/micro_ros_msgs/_micro_ros_msgs_s.ep.rosidl_typesupport_introspection_c.c
[4.222s] -- Installing: /home/jg/bno055_hardware/install/micro_ros_msgs/local/lib/python3.10/dist-packages/micro_ros_msgs/msg
[4.222s] -- Installing: /home/jg/bno055_hardware/install/micro_ros_msgs/local/lib/python3.10/dist-packages/micro_ros_msgs/msg/_entity.py
[4.222s] -- Installing: /home/jg/bno055_hardware/install/micro_ros_msgs/local/lib/python3.10/dist-packages/micro_ros_msgs/msg/__init__.py
[4.222s] -- Installing: /home/jg/bno055_hardware/install/micro_ros_msgs/local/lib/python3.10/dist-packages/micro_ros_msgs/msg/_entity_s.c
[4.222s] -- Installing: /home/jg/bno055_hardware/install/micro_ros_msgs/local/lib/python3.10/dist-packages/micro_ros_msgs/msg/_node.py
[4.222s] -- Installing: /home/jg/bno055_hardware/install/micro_ros_msgs/local/lib/python3.10/dist-packages/micro_ros_msgs/msg/_graph_s.c
[4.222s] -- Installing: /home/jg/bno055_hardware/install/micro_ros_msgs/local/lib/python3.10/dist-packages/micro_ros_msgs/msg/_graph.py
[4.222s] -- Installing: /home/jg/bno055_hardware/install/micro_ros_msgs/local/lib/python3.10/dist-packages/micro_ros_msgs/msg/_node_s.c
[4.223s] -- Installing: /home/jg/bno055_hardware/install/micro_ros_msgs/local/lib/python3.10/dist-packages/micro_ros_msgs/micro_ros_msgs_s__rosidl_typesupport_c.cpython-310-x86_64-linux-gnu.so
[4.223s] -- Installing: /home/jg/bno055_hardware/install/micro_ros_msgs/local/lib/python3.10/dist-packages/micro_ros_msgs/libmicro_ros_msgs__rosidl_generator_py.so
[4.251s] Listing '/home/jg/bno055_hardware/install/micro_ros_msgs/local/lib/python3.10/dist-packages/micro_ros_msgs'...
[4.251s] Compiling '/home/jg/bno055_hardware/install/micro_ros_msgs/local/lib/python3.10/dist-packages/micro_ros_msgs/__init__.py'...
[4.251s] Listing '/home/jg/bno055_hardware/install/micro_ros_msgs/local/lib/python3.10/dist-packages/micro_ros_msgs/msg'...
[4.251s] Compiling '/home/jg/bno055_hardware/install/micro_ros_msgs/local/lib/python3.10/dist-packages/micro_ros_msgs/msg/__init__.py'...
[4.251s] Compiling '/home/jg/bno055_hardware/install/micro_ros_msgs/local/lib/python3.10/dist-packages/micro_ros_msgs/msg/_entity.py'...
[4.251s] Compiling '/home/jg/bno055_hardware/install/micro_ros_msgs/local/lib/python3.10/dist-packages/micro_ros_msgs/msg/_graph.py'...
[4.251s] Compiling '/home/jg/bno055_hardware/install/micro_ros_msgs/local/lib/python3.10/dist-packages/micro_ros_msgs/msg/_node.py'...
[4.254s] -- Installing: /home/jg/bno055_hardware/install/micro_ros_msgs/local/lib/python3.10/dist-packages/micro_ros_msgs/micro_ros_msgs_s__rosidl_typesupport_fastrtps_c.cpython-310-x86_64-linux-gnu.so
[4.255s] -- Set runtime path of "/home/jg/bno055_hardware/install/micro_ros_msgs/local/lib/python3.10/dist-packages/micro_ros_msgs/micro_ros_msgs_s__rosidl_typesupport_fastrtps_c.cpython-310-x86_64-linux-gnu.so" to ""
[4.255s] -- Installing: /home/jg/bno055_hardware/install/micro_ros_msgs/local/lib/python3.10/dist-packages/micro_ros_msgs/micro_ros_msgs_s__rosidl_typesupport_introspection_c.cpython-310-x86_64-linux-gnu.so
[4.255s] -- Set runtime path of "/home/jg/bno055_hardware/install/micro_ros_msgs/local/lib/python3.10/dist-packages/micro_ros_msgs/micro_ros_msgs_s__rosidl_typesupport_introspection_c.cpython-310-x86_64-linux-gnu.so" to ""
[4.255s] -- Installing: /home/jg/bno055_hardware/install/micro_ros_msgs/local/lib/python3.10/dist-packages/micro_ros_msgs/micro_ros_msgs_s__rosidl_typesupport_c.cpython-310-x86_64-linux-gnu.so
[4.255s] -- Set runtime path of "/home/jg/bno055_hardware/install/micro_ros_msgs/local/lib/python3.10/dist-packages/micro_ros_msgs/micro_ros_msgs_s__rosidl_typesupport_c.cpython-310-x86_64-linux-gnu.so" to ""
[4.255s] -- Installing: /home/jg/bno055_hardware/install/micro_ros_msgs/lib/libmicro_ros_msgs__rosidl_generator_py.so
[4.255s] -- Set runtime path of "/home/jg/bno055_hardware/install/micro_ros_msgs/lib/libmicro_ros_msgs__rosidl_generator_py.so" to ""
[4.256s] -- Installing: /home/jg/bno055_hardware/install/micro_ros_msgs/share/micro_ros_msgs/msg/Graph.idl
[4.256s] -- Installing: /home/jg/bno055_hardware/install/micro_ros_msgs/share/micro_ros_msgs/msg/Node.idl
[4.256s] -- Installing: /home/jg/bno055_hardware/install/micro_ros_msgs/share/micro_ros_msgs/msg/Entity.idl
[4.256s] -- Installing: /home/jg/bno055_hardware/install/micro_ros_msgs/share/micro_ros_msgs/msg/Graph.msg
[4.256s] -- Installing: /home/jg/bno055_hardware/install/micro_ros_msgs/share/micro_ros_msgs/msg/Node.msg
[4.256s] -- Installing: /home/jg/bno055_hardware/install/micro_ros_msgs/share/micro_ros_msgs/msg/Entity.msg
[4.256s] -- Installing: /home/jg/bno055_hardware/install/micro_ros_msgs/share/ament_index/resource_index/package_run_dependencies/micro_ros_msgs
[4.256s] -- Installing: /home/jg/bno055_hardware/install/micro_ros_msgs/share/ament_index/resource_index/parent_prefix_path/micro_ros_msgs
[4.256s] -- Installing: /home/jg/bno055_hardware/install/micro_ros_msgs/share/micro_ros_msgs/environment/ament_prefix_path.sh
[4.257s] -- Installing: /home/jg/bno055_hardware/install/micro_ros_msgs/share/micro_ros_msgs/environment/ament_prefix_path.dsv
[4.257s] -- Installing: /home/jg/bno055_hardware/install/micro_ros_msgs/share/micro_ros_msgs/environment/path.sh
[4.257s] -- Installing: /home/jg/bno055_hardware/install/micro_ros_msgs/share/micro_ros_msgs/environment/path.dsv
[4.257s] -- Installing: /home/jg/bno055_hardware/install/micro_ros_msgs/share/micro_ros_msgs/local_setup.bash
[4.257s] -- Installing: /home/jg/bno055_hardware/install/micro_ros_msgs/share/micro_ros_msgs/local_setup.sh
[4.257s] -- Installing: /home/jg/bno055_hardware/install/micro_ros_msgs/share/micro_ros_msgs/local_setup.zsh
[4.257s] -- Installing: /home/jg/bno055_hardware/install/micro_ros_msgs/share/micro_ros_msgs/local_setup.dsv
[4.257s] -- Installing: /home/jg/bno055_hardware/install/micro_ros_msgs/share/micro_ros_msgs/package.dsv
[4.257s] -- Installing: /home/jg/bno055_hardware/install/micro_ros_msgs/share/ament_index/resource_index/packages/micro_ros_msgs
[4.257s] -- Installing: /home/jg/bno055_hardware/install/micro_ros_msgs/share/micro_ros_msgs/cmake/export_micro_ros_msgs__rosidl_generator_cExport.cmake
[4.258s] -- Installing: /home/jg/bno055_hardware/install/micro_ros_msgs/share/micro_ros_msgs/cmake/export_micro_ros_msgs__rosidl_generator_cExport-noconfig.cmake
[4.258s] -- Installing: /home/jg/bno055_hardware/install/micro_ros_msgs/share/micro_ros_msgs/cmake/export_micro_ros_msgs__rosidl_typesupport_fastrtps_cExport.cmake
[4.258s] -- Installing: /home/jg/bno055_hardware/install/micro_ros_msgs/share/micro_ros_msgs/cmake/export_micro_ros_msgs__rosidl_typesupport_fastrtps_cExport-noconfig.cmake
[4.258s] -- Installing: /home/jg/bno055_hardware/install/micro_ros_msgs/share/micro_ros_msgs/cmake/micro_ros_msgs__rosidl_typesupport_introspection_cExport.cmake
[4.258s] -- Installing: /home/jg/bno055_hardware/install/micro_ros_msgs/share/micro_ros_msgs/cmake/micro_ros_msgs__rosidl_typesupport_introspection_cExport-noconfig.cmake
[4.258s] -- Installing: /home/jg/bno055_hardware/install/micro_ros_msgs/share/micro_ros_msgs/cmake/micro_ros_msgs__rosidl_typesupport_cExport.cmake
[4.258s] -- Installing: /home/jg/bno055_hardware/install/micro_ros_msgs/share/micro_ros_msgs/cmake/micro_ros_msgs__rosidl_typesupport_cExport-noconfig.cmake
[4.258s] -- Installing: /home/jg/bno055_hardware/install/micro_ros_msgs/share/micro_ros_msgs/cmake/export_micro_ros_msgs__rosidl_generator_cppExport.cmake
[4.259s] -- Installing: /home/jg/bno055_hardware/install/micro_ros_msgs/share/micro_ros_msgs/cmake/export_micro_ros_msgs__rosidl_typesupport_fastrtps_cppExport.cmake
[4.259s] -- Installing: /home/jg/bno055_hardware/install/micro_ros_msgs/share/micro_ros_msgs/cmake/export_micro_ros_msgs__rosidl_typesupport_fastrtps_cppExport-noconfig.cmake
[4.259s] -- Installing: /home/jg/bno055_hardware/install/micro_ros_msgs/share/micro_ros_msgs/cmake/micro_ros_msgs__rosidl_typesupport_introspection_cppExport.cmake
[4.259s] -- Installing: /home/jg/bno055_hardware/install/micro_ros_msgs/share/micro_ros_msgs/cmake/micro_ros_msgs__rosidl_typesupport_introspection_cppExport-noconfig.cmake
[4.259s] -- Installing: /home/jg/bno055_hardware/install/micro_ros_msgs/share/micro_ros_msgs/cmake/micro_ros_msgs__rosidl_typesupport_cppExport.cmake
[4.259s] -- Installing: /home/jg/bno055_hardware/install/micro_ros_msgs/share/micro_ros_msgs/cmake/micro_ros_msgs__rosidl_typesupport_cppExport-noconfig.cmake
[4.259s] -- Installing: /home/jg/bno055_hardware/install/micro_ros_msgs/share/micro_ros_msgs/cmake/export_micro_ros_msgs__rosidl_generator_pyExport.cmake
[4.259s] -- Installing: /home/jg/bno055_hardware/install/micro_ros_msgs/share/micro_ros_msgs/cmake/export_micro_ros_msgs__rosidl_generator_pyExport-noconfig.cmake
[4.259s] -- Installing: /home/jg/bno055_hardware/install/micro_ros_msgs/share/micro_ros_msgs/cmake/rosidl_cmake-extras.cmake
[4.259s] -- Installing: /home/jg/bno055_hardware/install/micro_ros_msgs/share/micro_ros_msgs/cmake/ament_cmake_export_include_directories-extras.cmake
[4.260s] -- Installing: /home/jg/bno055_hardware/install/micro_ros_msgs/share/micro_ros_msgs/cmake/ament_cmake_export_libraries-extras.cmake
[4.260s] -- Installing: /home/jg/bno055_hardware/install/micro_ros_msgs/share/micro_ros_msgs/cmake/ament_cmake_export_targets-extras.cmake
[4.260s] -- Installing: /home/jg/bno055_hardware/install/micro_ros_msgs/share/micro_ros_msgs/cmake/rosidl_cmake_export_typesupport_targets-extras.cmake
[4.260s] -- Installing: /home/jg/bno055_hardware/install/micro_ros_msgs/share/micro_ros_msgs/cmake/ament_cmake_export_dependencies-extras.cmake
[4.260s] -- Installing: /home/jg/bno055_hardware/install/micro_ros_msgs/share/micro_ros_msgs/cmake/rosidl_cmake_export_typesupport_libraries-extras.cmake
[4.260s] -- Installing: /home/jg/bno055_hardware/install/micro_ros_msgs/share/micro_ros_msgs/cmake/micro_ros_msgsConfig.cmake
[4.260s] -- Installing: /home/jg/bno055_hardware/install/micro_ros_msgs/share/micro_ros_msgs/cmake/micro_ros_msgsConfig-version.cmake
[4.260s] -- Installing: /home/jg/bno055_hardware/install/micro_ros_msgs/share/micro_ros_msgs/package.xml
[4.262s] Invoked command in '/home/jg/bno055_hardware/build/micro_ros_msgs' returned '0': CMAKE_PREFIX_PATH=${CMAKE_PREFIX_PATH}:/opt/ros/humble /usr/bin/cmake --install /home/jg/bno055_hardware/build/micro_ros_msgs
