[0.072s] DEBUG:colcon:Command line arguments: ['/usr/bin/colcon', 'build', '--packages-select', 'cube_localizer']
[0.072s] DEBUG:colcon:Parsed command line arguments: Namespace(log_base=None, log_level=None, verb_name='build', build_base='build', install_base='install', merge_install=False, symlink_install=False, test_result_base=None, continue_on_error=False, executor='parallel', parallel_workers=8, event_handlers=None, ignore_user_meta=False, metas=['./colcon.meta'], base_paths=['.'], packages_ignore=None, packages_ignore_regex=None, paths=None, packages_up_to=None, packages_up_to_regex=None, packages_above=None, packages_above_and_dependencies=None, packages_above_depth=None, packages_select_by_dep=None, packages_skip_by_dep=None, packages_skip_up_to=None, packages_select_build_failed=False, packages_skip_build_finished=False, packages_select_test_failures=False, packages_skip_test_passed=False, packages_select=['cube_localizer'], packages_skip=None, packages_select_regex=None, packages_skip_regex=None, packages_start=None, packages_end=None, allow_overriding=[], cmake_args=None, cmake_target=None, cmake_target_skip_unavailable=False, cmake_clean_cache=False, cmake_clean_first=False, cmake_force_configure=False, ament_cmake_args=None, catkin_cmake_args=None, catkin_skip_building_tests=False, mixin_files=None, mixin=None, verb_parser=<colcon_mixin.mixin.mixin_argument.MixinArgumentDecorator object at 0x7f5ad2bea110>, verb_extension=<colcon_core.verb.build.BuildVerb object at 0x7f5ad2cf5270>, main=<bound method BuildVerb.main of <colcon_core.verb.build.BuildVerb object at 0x7f5ad2cf5270>>, mixin_verb=('build',))
[0.181s] Level 1:colcon.colcon_core.package_discovery:discover_packages(colcon_meta) check parameters
[0.181s] Level 1:colcon.colcon_core.package_discovery:discover_packages(recursive) check parameters
[0.181s] Level 1:colcon.colcon_core.package_discovery:discover_packages(ignore) check parameters
[0.181s] Level 1:colcon.colcon_core.package_discovery:discover_packages(path) check parameters
[0.181s] Level 1:colcon.colcon_core.package_discovery:discover_packages(colcon_meta) discover
[0.181s] Level 1:colcon.colcon_core.package_discovery:discover_packages(recursive) discover
[0.181s] INFO:colcon.colcon_core.package_discovery:Crawling recursively for packages in '/home/jg/bno055_hardware/firmware'
[0.181s] Level 1:colcon.colcon_core.package_identification:_identify(.) by extensions ['ignore', 'ignore_ament_install']
[0.181s] Level 1:colcon.colcon_core.package_identification:_identify(.) by extension 'ignore'
[0.181s] Level 1:colcon.colcon_core.package_identification:_identify(.) by extension 'ignore_ament_install'
[0.181s] Level 1:colcon.colcon_core.package_identification:_identify(.) by extensions ['colcon_pkg']
[0.181s] Level 1:colcon.colcon_core.package_identification:_identify(.) by extension 'colcon_pkg'
[0.181s] Level 1:colcon.colcon_core.package_identification:_identify(.) by extensions ['colcon_meta']
[0.181s] Level 1:colcon.colcon_core.package_identification:_identify(.) by extension 'colcon_meta'
[0.182s] Level 1:colcon.colcon_core.package_identification:_identify(.) by extensions ['ros']
[0.182s] Level 1:colcon.colcon_core.package_identification:_identify(.) by extension 'ros'
[0.189s] Level 1:colcon.colcon_core.package_identification:_identify(.) by extensions ['cmake', 'python']
[0.189s] Level 1:colcon.colcon_core.package_identification:_identify(.) by extension 'cmake'
[0.189s] Level 1:colcon.colcon_core.package_identification:_identify(.) by extension 'python'
[0.189s] Level 1:colcon.colcon_core.package_identification:_identify(.) by extensions ['python_setup_py']
[0.189s] Level 1:colcon.colcon_core.package_identification:_identify(.) by extension 'python_setup_py'
[0.189s] Level 1:colcon.colcon_core.package_identification:_identify(build) by extensions ['ignore', 'ignore_ament_install']
[0.189s] Level 1:colcon.colcon_core.package_identification:_identify(build) by extension 'ignore'
[0.189s] Level 1:colcon.colcon_core.package_identification:_identify(build) ignored
[0.189s] Level 1:colcon.colcon_core.package_identification:_identify(firmware) by extensions ['ignore', 'ignore_ament_install']
[0.189s] Level 1:colcon.colcon_core.package_identification:_identify(firmware) by extension 'ignore'
[0.189s] Level 1:colcon.colcon_core.package_identification:_identify(firmware) by extension 'ignore_ament_install'
[0.189s] Level 1:colcon.colcon_core.package_identification:_identify(firmware) by extensions ['colcon_pkg']
[0.189s] Level 1:colcon.colcon_core.package_identification:_identify(firmware) by extension 'colcon_pkg'
[0.189s] Level 1:colcon.colcon_core.package_identification:_identify(firmware) by extensions ['colcon_meta']
[0.189s] Level 1:colcon.colcon_core.package_identification:_identify(firmware) by extension 'colcon_meta'
[0.189s] Level 1:colcon.colcon_core.package_identification:_identify(firmware) by extensions ['ros']
[0.189s] Level 1:colcon.colcon_core.package_identification:_identify(firmware) by extension 'ros'
[0.189s] Level 1:colcon.colcon_core.package_identification:_identify(firmware) by extensions ['cmake', 'python']
[0.189s] Level 1:colcon.colcon_core.package_identification:_identify(firmware) by extension 'cmake'
[0.189s] Level 1:colcon.colcon_core.package_identification:_identify(firmware) by extension 'python'
[0.189s] Level 1:colcon.colcon_core.package_identification:_identify(firmware) by extensions ['python_setup_py']
[0.189s] Level 1:colcon.colcon_core.package_identification:_identify(firmware) by extension 'python_setup_py'
[0.189s] Level 1:colcon.colcon_core.package_identification:_identify(include) by extensions ['ignore', 'ignore_ament_install']
[0.190s] Level 1:colcon.colcon_core.package_identification:_identify(include) by extension 'ignore'
[0.190s] Level 1:colcon.colcon_core.package_identification:_identify(include) by extension 'ignore_ament_install'
[0.190s] Level 1:colcon.colcon_core.package_identification:_identify(include) by extensions ['colcon_pkg']
[0.190s] Level 1:colcon.colcon_core.package_identification:_identify(include) by extension 'colcon_pkg'
[0.190s] Level 1:colcon.colcon_core.package_identification:_identify(include) by extensions ['colcon_meta']
[0.190s] Level 1:colcon.colcon_core.package_identification:_identify(include) by extension 'colcon_meta'
[0.190s] Level 1:colcon.colcon_core.package_identification:_identify(include) by extensions ['ros']
[0.190s] Level 1:colcon.colcon_core.package_identification:_identify(include) by extension 'ros'
[0.190s] Level 1:colcon.colcon_core.package_identification:_identify(include) by extensions ['cmake', 'python']
[0.190s] Level 1:colcon.colcon_core.package_identification:_identify(include) by extension 'cmake'
[0.190s] Level 1:colcon.colcon_core.package_identification:_identify(include) by extension 'python'
[0.190s] Level 1:colcon.colcon_core.package_identification:_identify(include) by extensions ['python_setup_py']
[0.190s] Level 1:colcon.colcon_core.package_identification:_identify(include) by extension 'python_setup_py'
[0.190s] Level 1:colcon.colcon_core.package_identification:_identify(install) by extensions ['ignore', 'ignore_ament_install']
[0.190s] Level 1:colcon.colcon_core.package_identification:_identify(install) by extension 'ignore'
[0.190s] Level 1:colcon.colcon_core.package_identification:_identify(install) ignored
[0.190s] Level 1:colcon.colcon_core.package_identification:_identify(lib) by extensions ['ignore', 'ignore_ament_install']
[0.190s] Level 1:colcon.colcon_core.package_identification:_identify(lib) by extension 'ignore'
[0.190s] Level 1:colcon.colcon_core.package_identification:_identify(lib) by extension 'ignore_ament_install'
[0.190s] Level 1:colcon.colcon_core.package_identification:_identify(lib) by extensions ['colcon_pkg']
[0.190s] Level 1:colcon.colcon_core.package_identification:_identify(lib) by extension 'colcon_pkg'
[0.190s] Level 1:colcon.colcon_core.package_identification:_identify(lib) by extensions ['colcon_meta']
[0.190s] Level 1:colcon.colcon_core.package_identification:_identify(lib) by extension 'colcon_meta'
[0.190s] Level 1:colcon.colcon_core.package_identification:_identify(lib) by extensions ['ros']
[0.190s] Level 1:colcon.colcon_core.package_identification:_identify(lib) by extension 'ros'
[0.190s] Level 1:colcon.colcon_core.package_identification:_identify(lib) by extensions ['cmake', 'python']
[0.190s] Level 1:colcon.colcon_core.package_identification:_identify(lib) by extension 'cmake'
[0.190s] Level 1:colcon.colcon_core.package_identification:_identify(lib) by extension 'python'
[0.190s] Level 1:colcon.colcon_core.package_identification:_identify(lib) by extensions ['python_setup_py']
[0.190s] Level 1:colcon.colcon_core.package_identification:_identify(lib) by extension 'python_setup_py'
[0.190s] Level 1:colcon.colcon_core.package_identification:_identify(lib/Adafruit_BNO055) by extensions ['ignore', 'ignore_ament_install']
[0.191s] Level 1:colcon.colcon_core.package_identification:_identify(lib/Adafruit_BNO055) by extension 'ignore'
[0.191s] Level 1:colcon.colcon_core.package_identification:_identify(lib/Adafruit_BNO055) by extension 'ignore_ament_install'
[0.191s] Level 1:colcon.colcon_core.package_identification:_identify(lib/Adafruit_BNO055) by extensions ['colcon_pkg']
[0.191s] Level 1:colcon.colcon_core.package_identification:_identify(lib/Adafruit_BNO055) by extension 'colcon_pkg'
[0.191s] Level 1:colcon.colcon_core.package_identification:_identify(lib/Adafruit_BNO055) by extensions ['colcon_meta']
[0.191s] Level 1:colcon.colcon_core.package_identification:_identify(lib/Adafruit_BNO055) by extension 'colcon_meta'
[0.191s] Level 1:colcon.colcon_core.package_identification:_identify(lib/Adafruit_BNO055) by extensions ['ros']
[0.191s] Level 1:colcon.colcon_core.package_identification:_identify(lib/Adafruit_BNO055) by extension 'ros'
[0.191s] Level 1:colcon.colcon_core.package_identification:_identify(lib/Adafruit_BNO055) by extensions ['cmake', 'python']
[0.191s] Level 1:colcon.colcon_core.package_identification:_identify(lib/Adafruit_BNO055) by extension 'cmake'
[0.191s] Level 1:colcon.colcon_core.package_identification:_identify(lib/Adafruit_BNO055) by extension 'python'
[0.191s] Level 1:colcon.colcon_core.package_identification:_identify(lib/Adafruit_BNO055) by extensions ['python_setup_py']
[0.191s] Level 1:colcon.colcon_core.package_identification:_identify(lib/Adafruit_BNO055) by extension 'python_setup_py'
[0.191s] Level 1:colcon.colcon_core.package_identification:_identify(lib/Adafruit_BNO055/OBJLoader) by extensions ['ignore', 'ignore_ament_install']
[0.191s] Level 1:colcon.colcon_core.package_identification:_identify(lib/Adafruit_BNO055/OBJLoader) by extension 'ignore'
[0.191s] Level 1:colcon.colcon_core.package_identification:_identify(lib/Adafruit_BNO055/OBJLoader) by extension 'ignore_ament_install'
[0.191s] Level 1:colcon.colcon_core.package_identification:_identify(lib/Adafruit_BNO055/OBJLoader) by extensions ['colcon_pkg']
[0.191s] Level 1:colcon.colcon_core.package_identification:_identify(lib/Adafruit_BNO055/OBJLoader) by extension 'colcon_pkg'
[0.191s] Level 1:colcon.colcon_core.package_identification:_identify(lib/Adafruit_BNO055/OBJLoader) by extensions ['colcon_meta']
[0.191s] Level 1:colcon.colcon_core.package_identification:_identify(lib/Adafruit_BNO055/OBJLoader) by extension 'colcon_meta'
[0.191s] Level 1:colcon.colcon_core.package_identification:_identify(lib/Adafruit_BNO055/OBJLoader) by extensions ['ros']
[0.191s] Level 1:colcon.colcon_core.package_identification:_identify(lib/Adafruit_BNO055/OBJLoader) by extension 'ros'
[0.191s] Level 1:colcon.colcon_core.package_identification:_identify(lib/Adafruit_BNO055/OBJLoader) by extensions ['cmake', 'python']
[0.191s] Level 1:colcon.colcon_core.package_identification:_identify(lib/Adafruit_BNO055/OBJLoader) by extension 'cmake'
[0.191s] Level 1:colcon.colcon_core.package_identification:_identify(lib/Adafruit_BNO055/OBJLoader) by extension 'python'
[0.191s] Level 1:colcon.colcon_core.package_identification:_identify(lib/Adafruit_BNO055/OBJLoader) by extensions ['python_setup_py']
[0.191s] Level 1:colcon.colcon_core.package_identification:_identify(lib/Adafruit_BNO055/OBJLoader) by extension 'python_setup_py'
[0.191s] Level 1:colcon.colcon_core.package_identification:_identify(lib/Adafruit_BNO055/assets) by extensions ['ignore', 'ignore_ament_install']
[0.191s] Level 1:colcon.colcon_core.package_identification:_identify(lib/Adafruit_BNO055/assets) by extension 'ignore'
[0.191s] Level 1:colcon.colcon_core.package_identification:_identify(lib/Adafruit_BNO055/assets) by extension 'ignore_ament_install'
[0.191s] Level 1:colcon.colcon_core.package_identification:_identify(lib/Adafruit_BNO055/assets) by extensions ['colcon_pkg']
[0.191s] Level 1:colcon.colcon_core.package_identification:_identify(lib/Adafruit_BNO055/assets) by extension 'colcon_pkg'
[0.191s] Level 1:colcon.colcon_core.package_identification:_identify(lib/Adafruit_BNO055/assets) by extensions ['colcon_meta']
[0.191s] Level 1:colcon.colcon_core.package_identification:_identify(lib/Adafruit_BNO055/assets) by extension 'colcon_meta'
[0.191s] Level 1:colcon.colcon_core.package_identification:_identify(lib/Adafruit_BNO055/assets) by extensions ['ros']
[0.192s] Level 1:colcon.colcon_core.package_identification:_identify(lib/Adafruit_BNO055/assets) by extension 'ros'
[0.192s] Level 1:colcon.colcon_core.package_identification:_identify(lib/Adafruit_BNO055/assets) by extensions ['cmake', 'python']
[0.192s] Level 1:colcon.colcon_core.package_identification:_identify(lib/Adafruit_BNO055/assets) by extension 'cmake'
[0.192s] Level 1:colcon.colcon_core.package_identification:_identify(lib/Adafruit_BNO055/assets) by extension 'python'
[0.192s] Level 1:colcon.colcon_core.package_identification:_identify(lib/Adafruit_BNO055/assets) by extensions ['python_setup_py']
[0.192s] Level 1:colcon.colcon_core.package_identification:_identify(lib/Adafruit_BNO055/assets) by extension 'python_setup_py'
[0.192s] Level 1:colcon.colcon_core.package_identification:_identify(lib/Adafruit_BNO055/examples) by extensions ['ignore', 'ignore_ament_install']
[0.192s] Level 1:colcon.colcon_core.package_identification:_identify(lib/Adafruit_BNO055/examples) by extension 'ignore'
[0.192s] Level 1:colcon.colcon_core.package_identification:_identify(lib/Adafruit_BNO055/examples) by extension 'ignore_ament_install'
[0.192s] Level 1:colcon.colcon_core.package_identification:_identify(lib/Adafruit_BNO055/examples) by extensions ['colcon_pkg']
[0.192s] Level 1:colcon.colcon_core.package_identification:_identify(lib/Adafruit_BNO055/examples) by extension 'colcon_pkg'
[0.192s] Level 1:colcon.colcon_core.package_identification:_identify(lib/Adafruit_BNO055/examples) by extensions ['colcon_meta']
[0.192s] Level 1:colcon.colcon_core.package_identification:_identify(lib/Adafruit_BNO055/examples) by extension 'colcon_meta'
[0.192s] Level 1:colcon.colcon_core.package_identification:_identify(lib/Adafruit_BNO055/examples) by extensions ['ros']
[0.192s] Level 1:colcon.colcon_core.package_identification:_identify(lib/Adafruit_BNO055/examples) by extension 'ros'
[0.192s] Level 1:colcon.colcon_core.package_identification:_identify(lib/Adafruit_BNO055/examples) by extensions ['cmake', 'python']
[0.192s] Level 1:colcon.colcon_core.package_identification:_identify(lib/Adafruit_BNO055/examples) by extension 'cmake'
[0.192s] Level 1:colcon.colcon_core.package_identification:_identify(lib/Adafruit_BNO055/examples) by extension 'python'
[0.192s] Level 1:colcon.colcon_core.package_identification:_identify(lib/Adafruit_BNO055/examples) by extensions ['python_setup_py']
[0.192s] Level 1:colcon.colcon_core.package_identification:_identify(lib/Adafruit_BNO055/examples) by extension 'python_setup_py'
[0.192s] Level 1:colcon.colcon_core.package_identification:_identify(lib/Adafruit_BNO055/examples/bunny) by extensions ['ignore', 'ignore_ament_install']
[0.192s] Level 1:colcon.colcon_core.package_identification:_identify(lib/Adafruit_BNO055/examples/bunny) by extension 'ignore'
[0.192s] Level 1:colcon.colcon_core.package_identification:_identify(lib/Adafruit_BNO055/examples/bunny) by extension 'ignore_ament_install'
[0.192s] Level 1:colcon.colcon_core.package_identification:_identify(lib/Adafruit_BNO055/examples/bunny) by extensions ['colcon_pkg']
[0.192s] Level 1:colcon.colcon_core.package_identification:_identify(lib/Adafruit_BNO055/examples/bunny) by extension 'colcon_pkg'
[0.192s] Level 1:colcon.colcon_core.package_identification:_identify(lib/Adafruit_BNO055/examples/bunny) by extensions ['colcon_meta']
[0.192s] Level 1:colcon.colcon_core.package_identification:_identify(lib/Adafruit_BNO055/examples/bunny) by extension 'colcon_meta'
[0.192s] Level 1:colcon.colcon_core.package_identification:_identify(lib/Adafruit_BNO055/examples/bunny) by extensions ['ros']
[0.192s] Level 1:colcon.colcon_core.package_identification:_identify(lib/Adafruit_BNO055/examples/bunny) by extension 'ros'
[0.192s] Level 1:colcon.colcon_core.package_identification:_identify(lib/Adafruit_BNO055/examples/bunny) by extensions ['cmake', 'python']
[0.192s] Level 1:colcon.colcon_core.package_identification:_identify(lib/Adafruit_BNO055/examples/bunny) by extension 'cmake'
[0.192s] Level 1:colcon.colcon_core.package_identification:_identify(lib/Adafruit_BNO055/examples/bunny) by extension 'python'
[0.192s] Level 1:colcon.colcon_core.package_identification:_identify(lib/Adafruit_BNO055/examples/bunny) by extensions ['python_setup_py']
[0.192s] Level 1:colcon.colcon_core.package_identification:_identify(lib/Adafruit_BNO055/examples/bunny) by extension 'python_setup_py'
[0.192s] Level 1:colcon.colcon_core.package_identification:_identify(lib/Adafruit_BNO055/examples/position) by extensions ['ignore', 'ignore_ament_install']
[0.193s] Level 1:colcon.colcon_core.package_identification:_identify(lib/Adafruit_BNO055/examples/position) by extension 'ignore'
[0.193s] Level 1:colcon.colcon_core.package_identification:_identify(lib/Adafruit_BNO055/examples/position) by extension 'ignore_ament_install'
[0.193s] Level 1:colcon.colcon_core.package_identification:_identify(lib/Adafruit_BNO055/examples/position) by extensions ['colcon_pkg']
[0.193s] Level 1:colcon.colcon_core.package_identification:_identify(lib/Adafruit_BNO055/examples/position) by extension 'colcon_pkg'
[0.193s] Level 1:colcon.colcon_core.package_identification:_identify(lib/Adafruit_BNO055/examples/position) by extensions ['colcon_meta']
[0.193s] Level 1:colcon.colcon_core.package_identification:_identify(lib/Adafruit_BNO055/examples/position) by extension 'colcon_meta'
[0.193s] Level 1:colcon.colcon_core.package_identification:_identify(lib/Adafruit_BNO055/examples/position) by extensions ['ros']
[0.193s] Level 1:colcon.colcon_core.package_identification:_identify(lib/Adafruit_BNO055/examples/position) by extension 'ros'
[0.193s] Level 1:colcon.colcon_core.package_identification:_identify(lib/Adafruit_BNO055/examples/position) by extensions ['cmake', 'python']
[0.193s] Level 1:colcon.colcon_core.package_identification:_identify(lib/Adafruit_BNO055/examples/position) by extension 'cmake'
[0.193s] Level 1:colcon.colcon_core.package_identification:_identify(lib/Adafruit_BNO055/examples/position) by extension 'python'
[0.193s] Level 1:colcon.colcon_core.package_identification:_identify(lib/Adafruit_BNO055/examples/position) by extensions ['python_setup_py']
[0.193s] Level 1:colcon.colcon_core.package_identification:_identify(lib/Adafruit_BNO055/examples/position) by extension 'python_setup_py'
[0.193s] Level 1:colcon.colcon_core.package_identification:_identify(lib/Adafruit_BNO055/examples/rawdata) by extensions ['ignore', 'ignore_ament_install']
[0.193s] Level 1:colcon.colcon_core.package_identification:_identify(lib/Adafruit_BNO055/examples/rawdata) by extension 'ignore'
[0.193s] Level 1:colcon.colcon_core.package_identification:_identify(lib/Adafruit_BNO055/examples/rawdata) by extension 'ignore_ament_install'
[0.193s] Level 1:colcon.colcon_core.package_identification:_identify(lib/Adafruit_BNO055/examples/rawdata) by extensions ['colcon_pkg']
[0.193s] Level 1:colcon.colcon_core.package_identification:_identify(lib/Adafruit_BNO055/examples/rawdata) by extension 'colcon_pkg'
[0.193s] Level 1:colcon.colcon_core.package_identification:_identify(lib/Adafruit_BNO055/examples/rawdata) by extensions ['colcon_meta']
[0.193s] Level 1:colcon.colcon_core.package_identification:_identify(lib/Adafruit_BNO055/examples/rawdata) by extension 'colcon_meta'
[0.193s] Level 1:colcon.colcon_core.package_identification:_identify(lib/Adafruit_BNO055/examples/rawdata) by extensions ['ros']
[0.193s] Level 1:colcon.colcon_core.package_identification:_identify(lib/Adafruit_BNO055/examples/rawdata) by extension 'ros'
[0.193s] Level 1:colcon.colcon_core.package_identification:_identify(lib/Adafruit_BNO055/examples/rawdata) by extensions ['cmake', 'python']
[0.193s] Level 1:colcon.colcon_core.package_identification:_identify(lib/Adafruit_BNO055/examples/rawdata) by extension 'cmake'
[0.193s] Level 1:colcon.colcon_core.package_identification:_identify(lib/Adafruit_BNO055/examples/rawdata) by extension 'python'
[0.193s] Level 1:colcon.colcon_core.package_identification:_identify(lib/Adafruit_BNO055/examples/rawdata) by extensions ['python_setup_py']
[0.193s] Level 1:colcon.colcon_core.package_identification:_identify(lib/Adafruit_BNO055/examples/rawdata) by extension 'python_setup_py'
[0.193s] Level 1:colcon.colcon_core.package_identification:_identify(lib/Adafruit_BNO055/examples/read_all_data) by extensions ['ignore', 'ignore_ament_install']
[0.193s] Level 1:colcon.colcon_core.package_identification:_identify(lib/Adafruit_BNO055/examples/read_all_data) by extension 'ignore'
[0.193s] Level 1:colcon.colcon_core.package_identification:_identify(lib/Adafruit_BNO055/examples/read_all_data) by extension 'ignore_ament_install'
[0.193s] Level 1:colcon.colcon_core.package_identification:_identify(lib/Adafruit_BNO055/examples/read_all_data) by extensions ['colcon_pkg']
[0.193s] Level 1:colcon.colcon_core.package_identification:_identify(lib/Adafruit_BNO055/examples/read_all_data) by extension 'colcon_pkg'
[0.193s] Level 1:colcon.colcon_core.package_identification:_identify(lib/Adafruit_BNO055/examples/read_all_data) by extensions ['colcon_meta']
[0.193s] Level 1:colcon.colcon_core.package_identification:_identify(lib/Adafruit_BNO055/examples/read_all_data) by extension 'colcon_meta'
[0.193s] Level 1:colcon.colcon_core.package_identification:_identify(lib/Adafruit_BNO055/examples/read_all_data) by extensions ['ros']
[0.193s] Level 1:colcon.colcon_core.package_identification:_identify(lib/Adafruit_BNO055/examples/read_all_data) by extension 'ros'
[0.194s] Level 1:colcon.colcon_core.package_identification:_identify(lib/Adafruit_BNO055/examples/read_all_data) by extensions ['cmake', 'python']
[0.194s] Level 1:colcon.colcon_core.package_identification:_identify(lib/Adafruit_BNO055/examples/read_all_data) by extension 'cmake'
[0.194s] Level 1:colcon.colcon_core.package_identification:_identify(lib/Adafruit_BNO055/examples/read_all_data) by extension 'python'
[0.194s] Level 1:colcon.colcon_core.package_identification:_identify(lib/Adafruit_BNO055/examples/read_all_data) by extensions ['python_setup_py']
[0.194s] Level 1:colcon.colcon_core.package_identification:_identify(lib/Adafruit_BNO055/examples/read_all_data) by extension 'python_setup_py'
[0.194s] Level 1:colcon.colcon_core.package_identification:_identify(lib/Adafruit_BNO055/examples/restore_offsets) by extensions ['ignore', 'ignore_ament_install']
[0.194s] Level 1:colcon.colcon_core.package_identification:_identify(lib/Adafruit_BNO055/examples/restore_offsets) by extension 'ignore'
[0.194s] Level 1:colcon.colcon_core.package_identification:_identify(lib/Adafruit_BNO055/examples/restore_offsets) by extension 'ignore_ament_install'
[0.194s] Level 1:colcon.colcon_core.package_identification:_identify(lib/Adafruit_BNO055/examples/restore_offsets) by extensions ['colcon_pkg']
[0.194s] Level 1:colcon.colcon_core.package_identification:_identify(lib/Adafruit_BNO055/examples/restore_offsets) by extension 'colcon_pkg'
[0.194s] Level 1:colcon.colcon_core.package_identification:_identify(lib/Adafruit_BNO055/examples/restore_offsets) by extensions ['colcon_meta']
[0.194s] Level 1:colcon.colcon_core.package_identification:_identify(lib/Adafruit_BNO055/examples/restore_offsets) by extension 'colcon_meta'
[0.194s] Level 1:colcon.colcon_core.package_identification:_identify(lib/Adafruit_BNO055/examples/restore_offsets) by extensions ['ros']
[0.194s] Level 1:colcon.colcon_core.package_identification:_identify(lib/Adafruit_BNO055/examples/restore_offsets) by extension 'ros'
[0.194s] Level 1:colcon.colcon_core.package_identification:_identify(lib/Adafruit_BNO055/examples/restore_offsets) by extensions ['cmake', 'python']
[0.194s] Level 1:colcon.colcon_core.package_identification:_identify(lib/Adafruit_BNO055/examples/restore_offsets) by extension 'cmake'
[0.194s] Level 1:colcon.colcon_core.package_identification:_identify(lib/Adafruit_BNO055/examples/restore_offsets) by extension 'python'
[0.194s] Level 1:colcon.colcon_core.package_identification:_identify(lib/Adafruit_BNO055/examples/restore_offsets) by extensions ['python_setup_py']
[0.194s] Level 1:colcon.colcon_core.package_identification:_identify(lib/Adafruit_BNO055/examples/restore_offsets) by extension 'python_setup_py'
[0.194s] Level 1:colcon.colcon_core.package_identification:_identify(lib/Adafruit_BNO055/examples/sensorapi) by extensions ['ignore', 'ignore_ament_install']
[0.194s] Level 1:colcon.colcon_core.package_identification:_identify(lib/Adafruit_BNO055/examples/sensorapi) by extension 'ignore'
[0.194s] Level 1:colcon.colcon_core.package_identification:_identify(lib/Adafruit_BNO055/examples/sensorapi) by extension 'ignore_ament_install'
[0.194s] Level 1:colcon.colcon_core.package_identification:_identify(lib/Adafruit_BNO055/examples/sensorapi) by extensions ['colcon_pkg']
[0.194s] Level 1:colcon.colcon_core.package_identification:_identify(lib/Adafruit_BNO055/examples/sensorapi) by extension 'colcon_pkg'
[0.194s] Level 1:colcon.colcon_core.package_identification:_identify(lib/Adafruit_BNO055/examples/sensorapi) by extensions ['colcon_meta']
[0.194s] Level 1:colcon.colcon_core.package_identification:_identify(lib/Adafruit_BNO055/examples/sensorapi) by extension 'colcon_meta'
[0.194s] Level 1:colcon.colcon_core.package_identification:_identify(lib/Adafruit_BNO055/examples/sensorapi) by extensions ['ros']
[0.194s] Level 1:colcon.colcon_core.package_identification:_identify(lib/Adafruit_BNO055/examples/sensorapi) by extension 'ros'
[0.194s] Level 1:colcon.colcon_core.package_identification:_identify(lib/Adafruit_BNO055/examples/sensorapi) by extensions ['cmake', 'python']
[0.194s] Level 1:colcon.colcon_core.package_identification:_identify(lib/Adafruit_BNO055/examples/sensorapi) by extension 'cmake'
[0.194s] Level 1:colcon.colcon_core.package_identification:_identify(lib/Adafruit_BNO055/examples/sensorapi) by extension 'python'
[0.194s] Level 1:colcon.colcon_core.package_identification:_identify(lib/Adafruit_BNO055/examples/sensorapi) by extensions ['python_setup_py']
[0.194s] Level 1:colcon.colcon_core.package_identification:_identify(lib/Adafruit_BNO055/examples/sensorapi) by extension 'python_setup_py'
[0.194s] Level 1:colcon.colcon_core.package_identification:_identify(lib/Adafruit_BNO055/examples/webserial_3d) by extensions ['ignore', 'ignore_ament_install']
[0.195s] Level 1:colcon.colcon_core.package_identification:_identify(lib/Adafruit_BNO055/examples/webserial_3d) by extension 'ignore'
[0.195s] Level 1:colcon.colcon_core.package_identification:_identify(lib/Adafruit_BNO055/examples/webserial_3d) by extension 'ignore_ament_install'
[0.195s] Level 1:colcon.colcon_core.package_identification:_identify(lib/Adafruit_BNO055/examples/webserial_3d) by extensions ['colcon_pkg']
[0.195s] Level 1:colcon.colcon_core.package_identification:_identify(lib/Adafruit_BNO055/examples/webserial_3d) by extension 'colcon_pkg'
[0.195s] Level 1:colcon.colcon_core.package_identification:_identify(lib/Adafruit_BNO055/examples/webserial_3d) by extensions ['colcon_meta']
[0.195s] Level 1:colcon.colcon_core.package_identification:_identify(lib/Adafruit_BNO055/examples/webserial_3d) by extension 'colcon_meta'
[0.195s] Level 1:colcon.colcon_core.package_identification:_identify(lib/Adafruit_BNO055/examples/webserial_3d) by extensions ['ros']
[0.195s] Level 1:colcon.colcon_core.package_identification:_identify(lib/Adafruit_BNO055/examples/webserial_3d) by extension 'ros'
[0.195s] Level 1:colcon.colcon_core.package_identification:_identify(lib/Adafruit_BNO055/examples/webserial_3d) by extensions ['cmake', 'python']
[0.195s] Level 1:colcon.colcon_core.package_identification:_identify(lib/Adafruit_BNO055/examples/webserial_3d) by extension 'cmake'
[0.195s] Level 1:colcon.colcon_core.package_identification:_identify(lib/Adafruit_BNO055/examples/webserial_3d) by extension 'python'
[0.195s] Level 1:colcon.colcon_core.package_identification:_identify(lib/Adafruit_BNO055/examples/webserial_3d) by extensions ['python_setup_py']
[0.195s] Level 1:colcon.colcon_core.package_identification:_identify(lib/Adafruit_BNO055/examples/webserial_3d) by extension 'python_setup_py'
[0.195s] Level 1:colcon.colcon_core.package_identification:_identify(lib/Adafruit_BNO055/examples_processing) by extensions ['ignore', 'ignore_ament_install']
[0.195s] Level 1:colcon.colcon_core.package_identification:_identify(lib/Adafruit_BNO055/examples_processing) by extension 'ignore'
[0.195s] Level 1:colcon.colcon_core.package_identification:_identify(lib/Adafruit_BNO055/examples_processing) by extension 'ignore_ament_install'
[0.195s] Level 1:colcon.colcon_core.package_identification:_identify(lib/Adafruit_BNO055/examples_processing) by extensions ['colcon_pkg']
[0.195s] Level 1:colcon.colcon_core.package_identification:_identify(lib/Adafruit_BNO055/examples_processing) by extension 'colcon_pkg'
[0.195s] Level 1:colcon.colcon_core.package_identification:_identify(lib/Adafruit_BNO055/examples_processing) by extensions ['colcon_meta']
[0.195s] Level 1:colcon.colcon_core.package_identification:_identify(lib/Adafruit_BNO055/examples_processing) by extension 'colcon_meta'
[0.195s] Level 1:colcon.colcon_core.package_identification:_identify(lib/Adafruit_BNO055/examples_processing) by extensions ['ros']
[0.195s] Level 1:colcon.colcon_core.package_identification:_identify(lib/Adafruit_BNO055/examples_processing) by extension 'ros'
[0.195s] Level 1:colcon.colcon_core.package_identification:_identify(lib/Adafruit_BNO055/examples_processing) by extensions ['cmake', 'python']
[0.195s] Level 1:colcon.colcon_core.package_identification:_identify(lib/Adafruit_BNO055/examples_processing) by extension 'cmake'
[0.195s] Level 1:colcon.colcon_core.package_identification:_identify(lib/Adafruit_BNO055/examples_processing) by extension 'python'
[0.195s] Level 1:colcon.colcon_core.package_identification:_identify(lib/Adafruit_BNO055/examples_processing) by extensions ['python_setup_py']
[0.195s] Level 1:colcon.colcon_core.package_identification:_identify(lib/Adafruit_BNO055/examples_processing) by extension 'python_setup_py'
[0.195s] Level 1:colcon.colcon_core.package_identification:_identify(lib/Adafruit_BNO055/examples_processing/cuberotate) by extensions ['ignore', 'ignore_ament_install']
[0.195s] Level 1:colcon.colcon_core.package_identification:_identify(lib/Adafruit_BNO055/examples_processing/cuberotate) by extension 'ignore'
[0.195s] Level 1:colcon.colcon_core.package_identification:_identify(lib/Adafruit_BNO055/examples_processing/cuberotate) by extension 'ignore_ament_install'
[0.195s] Level 1:colcon.colcon_core.package_identification:_identify(lib/Adafruit_BNO055/examples_processing/cuberotate) by extensions ['colcon_pkg']
[0.195s] Level 1:colcon.colcon_core.package_identification:_identify(lib/Adafruit_BNO055/examples_processing/cuberotate) by extension 'colcon_pkg'
[0.195s] Level 1:colcon.colcon_core.package_identification:_identify(lib/Adafruit_BNO055/examples_processing/cuberotate) by extensions ['colcon_meta']
[0.195s] Level 1:colcon.colcon_core.package_identification:_identify(lib/Adafruit_BNO055/examples_processing/cuberotate) by extension 'colcon_meta'
[0.195s] Level 1:colcon.colcon_core.package_identification:_identify(lib/Adafruit_BNO055/examples_processing/cuberotate) by extensions ['ros']
[0.196s] Level 1:colcon.colcon_core.package_identification:_identify(lib/Adafruit_BNO055/examples_processing/cuberotate) by extension 'ros'
[0.196s] Level 1:colcon.colcon_core.package_identification:_identify(lib/Adafruit_BNO055/examples_processing/cuberotate) by extensions ['cmake', 'python']
[0.196s] Level 1:colcon.colcon_core.package_identification:_identify(lib/Adafruit_BNO055/examples_processing/cuberotate) by extension 'cmake'
[0.196s] Level 1:colcon.colcon_core.package_identification:_identify(lib/Adafruit_BNO055/examples_processing/cuberotate) by extension 'python'
[0.196s] Level 1:colcon.colcon_core.package_identification:_identify(lib/Adafruit_BNO055/examples_processing/cuberotate) by extensions ['python_setup_py']
[0.196s] Level 1:colcon.colcon_core.package_identification:_identify(lib/Adafruit_BNO055/examples_processing/cuberotate) by extension 'python_setup_py'
[0.196s] Level 1:colcon.colcon_core.package_identification:_identify(lib/Adafruit_BNO055/examples_processing/cuberotate/data) by extensions ['ignore', 'ignore_ament_install']
[0.196s] Level 1:colcon.colcon_core.package_identification:_identify(lib/Adafruit_BNO055/examples_processing/cuberotate/data) by extension 'ignore'
[0.196s] Level 1:colcon.colcon_core.package_identification:_identify(lib/Adafruit_BNO055/examples_processing/cuberotate/data) by extension 'ignore_ament_install'
[0.196s] Level 1:colcon.colcon_core.package_identification:_identify(lib/Adafruit_BNO055/examples_processing/cuberotate/data) by extensions ['colcon_pkg']
[0.196s] Level 1:colcon.colcon_core.package_identification:_identify(lib/Adafruit_BNO055/examples_processing/cuberotate/data) by extension 'colcon_pkg'
[0.196s] Level 1:colcon.colcon_core.package_identification:_identify(lib/Adafruit_BNO055/examples_processing/cuberotate/data) by extensions ['colcon_meta']
[0.196s] Level 1:colcon.colcon_core.package_identification:_identify(lib/Adafruit_BNO055/examples_processing/cuberotate/data) by extension 'colcon_meta'
[0.196s] Level 1:colcon.colcon_core.package_identification:_identify(lib/Adafruit_BNO055/examples_processing/cuberotate/data) by extensions ['ros']
[0.196s] Level 1:colcon.colcon_core.package_identification:_identify(lib/Adafruit_BNO055/examples_processing/cuberotate/data) by extension 'ros'
[0.196s] Level 1:colcon.colcon_core.package_identification:_identify(lib/Adafruit_BNO055/examples_processing/cuberotate/data) by extensions ['cmake', 'python']
[0.196s] Level 1:colcon.colcon_core.package_identification:_identify(lib/Adafruit_BNO055/examples_processing/cuberotate/data) by extension 'cmake'
[0.196s] Level 1:colcon.colcon_core.package_identification:_identify(lib/Adafruit_BNO055/examples_processing/cuberotate/data) by extension 'python'
[0.196s] Level 1:colcon.colcon_core.package_identification:_identify(lib/Adafruit_BNO055/examples_processing/cuberotate/data) by extensions ['python_setup_py']
[0.196s] Level 1:colcon.colcon_core.package_identification:_identify(lib/Adafruit_BNO055/examples_processing/cuberotate/data) by extension 'python_setup_py'
[0.196s] Level 1:colcon.colcon_core.package_identification:_identify(lib/Adafruit_BNO055/utility) by extensions ['ignore', 'ignore_ament_install']
[0.196s] Level 1:colcon.colcon_core.package_identification:_identify(lib/Adafruit_BNO055/utility) by extension 'ignore'
[0.196s] Level 1:colcon.colcon_core.package_identification:_identify(lib/Adafruit_BNO055/utility) by extension 'ignore_ament_install'
[0.196s] Level 1:colcon.colcon_core.package_identification:_identify(lib/Adafruit_BNO055/utility) by extensions ['colcon_pkg']
[0.196s] Level 1:colcon.colcon_core.package_identification:_identify(lib/Adafruit_BNO055/utility) by extension 'colcon_pkg'
[0.196s] Level 1:colcon.colcon_core.package_identification:_identify(lib/Adafruit_BNO055/utility) by extensions ['colcon_meta']
[0.196s] Level 1:colcon.colcon_core.package_identification:_identify(lib/Adafruit_BNO055/utility) by extension 'colcon_meta'
[0.196s] Level 1:colcon.colcon_core.package_identification:_identify(lib/Adafruit_BNO055/utility) by extensions ['ros']
[0.196s] Level 1:colcon.colcon_core.package_identification:_identify(lib/Adafruit_BNO055/utility) by extension 'ros'
[0.196s] Level 1:colcon.colcon_core.package_identification:_identify(lib/Adafruit_BNO055/utility) by extensions ['cmake', 'python']
[0.196s] Level 1:colcon.colcon_core.package_identification:_identify(lib/Adafruit_BNO055/utility) by extension 'cmake'
[0.196s] Level 1:colcon.colcon_core.package_identification:_identify(lib/Adafruit_BNO055/utility) by extension 'python'
[0.196s] Level 1:colcon.colcon_core.package_identification:_identify(lib/Adafruit_BNO055/utility) by extensions ['python_setup_py']
[0.196s] Level 1:colcon.colcon_core.package_identification:_identify(lib/Adafruit_BNO055/utility) by extension 'python_setup_py'
[0.196s] Level 1:colcon.colcon_core.package_identification:_identify(lib/micro_ros) by extensions ['ignore', 'ignore_ament_install']
[0.197s] Level 1:colcon.colcon_core.package_identification:_identify(lib/micro_ros) by extension 'ignore'
[0.197s] Level 1:colcon.colcon_core.package_identification:_identify(lib/micro_ros) by extension 'ignore_ament_install'
[0.197s] Level 1:colcon.colcon_core.package_identification:_identify(lib/micro_ros) by extensions ['colcon_pkg']
[0.197s] Level 1:colcon.colcon_core.package_identification:_identify(lib/micro_ros) by extension 'colcon_pkg'
[0.197s] Level 1:colcon.colcon_core.package_identification:_identify(lib/micro_ros) by extensions ['colcon_meta']
[0.197s] Level 1:colcon.colcon_core.package_identification:_identify(lib/micro_ros) by extension 'colcon_meta'
[0.197s] Level 1:colcon.colcon_core.package_identification:_identify(lib/micro_ros) by extensions ['ros']
[0.197s] Level 1:colcon.colcon_core.package_identification:_identify(lib/micro_ros) by extension 'ros'
[0.197s] Level 1:colcon.colcon_core.package_identification:_identify(lib/micro_ros) by extensions ['cmake', 'python']
[0.197s] Level 1:colcon.colcon_core.package_identification:_identify(lib/micro_ros) by extension 'cmake'
[0.197s] Level 1:colcon.colcon_core.package_identification:_identify(lib/micro_ros) by extension 'python'
[0.197s] Level 1:colcon.colcon_core.package_identification:_identify(lib/micro_ros) by extensions ['python_setup_py']
[0.197s] Level 1:colcon.colcon_core.package_identification:_identify(lib/micro_ros) by extension 'python_setup_py'
[0.197s] Level 1:colcon.colcon_core.package_identification:_identify(log) by extensions ['ignore', 'ignore_ament_install']
[0.197s] Level 1:colcon.colcon_core.package_identification:_identify(log) by extension 'ignore'
[0.197s] Level 1:colcon.colcon_core.package_identification:_identify(log) ignored
[0.197s] Level 1:colcon.colcon_core.package_identification:_identify(src) by extensions ['ignore', 'ignore_ament_install']
[0.197s] Level 1:colcon.colcon_core.package_identification:_identify(src) by extension 'ignore'
[0.197s] Level 1:colcon.colcon_core.package_identification:_identify(src) by extension 'ignore_ament_install'
[0.197s] Level 1:colcon.colcon_core.package_identification:_identify(src) by extensions ['colcon_pkg']
[0.197s] Level 1:colcon.colcon_core.package_identification:_identify(src) by extension 'colcon_pkg'
[0.197s] Level 1:colcon.colcon_core.package_identification:_identify(src) by extensions ['colcon_meta']
[0.197s] Level 1:colcon.colcon_core.package_identification:_identify(src) by extension 'colcon_meta'
[0.197s] Level 1:colcon.colcon_core.package_identification:_identify(src) by extensions ['ros']
[0.197s] Level 1:colcon.colcon_core.package_identification:_identify(src) by extension 'ros'
[0.197s] Level 1:colcon.colcon_core.package_identification:_identify(src) by extensions ['cmake', 'python']
[0.197s] Level 1:colcon.colcon_core.package_identification:_identify(src) by extension 'cmake'
[0.197s] Level 1:colcon.colcon_core.package_identification:_identify(src) by extension 'python'
[0.197s] Level 1:colcon.colcon_core.package_identification:_identify(src) by extensions ['python_setup_py']
[0.197s] Level 1:colcon.colcon_core.package_identification:_identify(src) by extension 'python_setup_py'
[0.197s] Level 1:colcon.colcon_core.package_identification:_identify(test) by extensions ['ignore', 'ignore_ament_install']
[0.197s] Level 1:colcon.colcon_core.package_identification:_identify(test) by extension 'ignore'
[0.197s] Level 1:colcon.colcon_core.package_identification:_identify(test) by extension 'ignore_ament_install'
[0.197s] Level 1:colcon.colcon_core.package_identification:_identify(test) by extensions ['colcon_pkg']
[0.198s] Level 1:colcon.colcon_core.package_identification:_identify(test) by extension 'colcon_pkg'
[0.198s] Level 1:colcon.colcon_core.package_identification:_identify(test) by extensions ['colcon_meta']
[0.198s] Level 1:colcon.colcon_core.package_identification:_identify(test) by extension 'colcon_meta'
[0.198s] Level 1:colcon.colcon_core.package_identification:_identify(test) by extensions ['ros']
[0.198s] Level 1:colcon.colcon_core.package_identification:_identify(test) by extension 'ros'
[0.198s] Level 1:colcon.colcon_core.package_identification:_identify(test) by extensions ['cmake', 'python']
[0.198s] Level 1:colcon.colcon_core.package_identification:_identify(test) by extension 'cmake'
[0.198s] Level 1:colcon.colcon_core.package_identification:_identify(test) by extension 'python'
[0.198s] Level 1:colcon.colcon_core.package_identification:_identify(test) by extensions ['python_setup_py']
[0.198s] Level 1:colcon.colcon_core.package_identification:_identify(test) by extension 'python_setup_py'
[0.198s] Level 1:colcon.colcon_core.package_discovery:discover_packages(recursive) using defaults
[0.198s] Level 1:colcon.colcon_core.package_discovery:discover_packages(ignore) discover
[0.198s] Level 1:colcon.colcon_core.package_discovery:discover_packages(ignore) using defaults
[0.198s] Level 1:colcon.colcon_core.package_discovery:discover_packages(path) discover
[0.198s] Level 1:colcon.colcon_core.package_discovery:discover_packages(path) using defaults
[0.198s] WARNING:colcon.colcon_core.package_selection:ignoring unknown package 'cube_localizer' in --packages-select
[0.221s] Level 1:colcon.colcon_core.package_discovery:discover_packages(prefix_path) check parameters
[0.221s] Level 1:colcon.colcon_core.package_discovery:discover_packages(prefix_path) discover
[0.222s] DEBUG:colcon.colcon_installed_package_information.package_discovery:Found 9 installed packages in /home/jg/linorobot2_ws/install
[0.222s] DEBUG:colcon.colcon_installed_package_information.package_discovery:Found 1 installed packages in /home/jg/sam_bot_description/install
[0.223s] DEBUG:colcon.colcon_installed_package_information.package_discovery:Found 2 installed packages in /home/jg/turtlebot3_ws/install
[0.223s] DEBUG:colcon.colcon_installed_package_information.package_discovery:Found 1 installed packages in /home/jg/pointcloud_ws/install
[0.224s] DEBUG:colcon.colcon_installed_package_information.package_discovery:Found 342 installed packages in /opt/ros/humble
[0.225s] Level 1:colcon.colcon_core.package_discovery:discover_packages(prefix_path) using defaults
[0.251s] INFO:colcon.colcon_core.executor:Executing jobs using 'parallel' executor
[0.252s] DEBUG:colcon.colcon_parallel_executor.executor.parallel:run_until_complete
[0.252s] DEBUG:colcon.colcon_parallel_executor.executor.parallel:closing loop
[0.252s] DEBUG:colcon.colcon_parallel_executor.executor.parallel:loop closed
[0.252s] DEBUG:colcon.colcon_parallel_executor.executor.parallel:run_until_complete finished with '0'
[0.252s] DEBUG:colcon.colcon_core.event_reactor:joining thread
[0.256s] INFO:colcon.colcon_core.plugin_system:Skipping extension 'colcon_notification.desktop_notification.terminal_notifier': Not used on non-Darwin systems
[0.256s] INFO:colcon.colcon_core.plugin_system:Skipping extension 'colcon_notification.desktop_notification.win32': Not used on non-Windows systems
[0.256s] INFO:colcon.colcon_notification.desktop_notification:Sending desktop notification using 'notify2'
[0.264s] DEBUG:colcon.colcon_core.event_reactor:joined thread
[0.266s] INFO:colcon.colcon_core.plugin_system:Skipping extension 'colcon_core.shell.bat': Not used on non-Windows systems
[0.266s] INFO:colcon.colcon_core.shell:Creating prefix script '/home/jg/bno055_hardware/firmware/install/local_setup.ps1'
[0.267s] INFO:colcon.colcon_core.shell:Creating prefix util module '/home/jg/bno055_hardware/firmware/install/_local_setup_util_ps1.py'
[0.268s] INFO:colcon.colcon_core.shell:Creating prefix chain script '/home/jg/bno055_hardware/firmware/install/setup.ps1'
[0.270s] INFO:colcon.colcon_core.shell:Creating prefix script '/home/jg/bno055_hardware/firmware/install/local_setup.sh'
[0.271s] INFO:colcon.colcon_core.shell:Creating prefix util module '/home/jg/bno055_hardware/firmware/install/_local_setup_util_sh.py'
[0.271s] INFO:colcon.colcon_core.shell:Creating prefix chain script '/home/jg/bno055_hardware/firmware/install/setup.sh'
[0.273s] INFO:colcon.colcon_core.shell:Creating prefix script '/home/jg/bno055_hardware/firmware/install/local_setup.bash'
[0.274s] INFO:colcon.colcon_core.shell:Creating prefix chain script '/home/jg/bno055_hardware/firmware/install/setup.bash'
[0.275s] INFO:colcon.colcon_core.shell:Creating prefix script '/home/jg/bno055_hardware/firmware/install/local_setup.zsh'
[0.275s] INFO:colcon.colcon_core.shell:Creating prefix chain script '/home/jg/bno055_hardware/firmware/install/setup.zsh'
