[0.008s] Invoking command in '/home/jg/bno055_hardware/build/imu_filter_madgwick': CMAKE_PREFIX_PATH=${CMAKE_PREFIX_PATH}:/home/jg/bno055_hardware/install/imu_test:/opt/ros/humble /usr/bin/cmake /home/jg/bno055_hardware/src/imu_tools/imu_filter_madgwick -DCMAKE_INSTALL_PREFIX=/home/jg/bno055_hardware/install/imu_filter_madgwick
[0.046s] -- The C compiler identification is GNU 11.4.0
[0.091s] -- The CXX compiler identification is GNU 11.4.0
[0.095s] -- Detecting C compiler ABI info
[0.139s] -- Detecting C compiler ABI info - done
[0.144s] -- Check for working C compiler: /usr/bin/cc - skipped
[0.144s] -- Detecting C compile features
[0.145s] -- Detecting C compile features - done
[0.147s] -- Detecting CXX compiler ABI info
[0.207s] -- Detecting CXX compiler ABI info - done
[0.212s] -- Check for working CXX compiler: /usr/bin/c++ - skipped
[0.213s] -- Detecting CXX compile features
[0.213s] -- Detecting CXX compile features - done
[0.215s] -- Found ament_cmake: 1.3.9 (/opt/ros/humble/share/ament_cmake/cmake)
[0.317s] -- Found Python3: /usr/bin/python3 (found version "3.10.12") found components: Interpreter 
[0.382s] -- Found rclcpp: 16.0.9 (/opt/ros/humble/share/rclcpp/cmake)
[0.419s] -- Found rosidl_generator_c: 3.1.5 (/opt/ros/humble/share/rosidl_generator_c/cmake)
[0.422s] -- Found rosidl_adapter: 3.1.5 (/opt/ros/humble/share/rosidl_adapter/cmake)
[0.429s] -- Found rosidl_generator_cpp: 3.1.5 (/opt/ros/humble/share/rosidl_generator_cpp/cmake)
[0.439s] -- Using all available rosidl_typesupport_c: rosidl_typesupport_fastrtps_c;rosidl_typesupport_introspection_c
[0.453s] -- Using all available rosidl_typesupport_cpp: rosidl_typesupport_fastrtps_cpp;rosidl_typesupport_introspection_cpp
[0.504s] -- Found rmw_implementation_cmake: 6.1.2 (/opt/ros/humble/share/rmw_implementation_cmake/cmake)
[0.507s] -- Found rmw_fastrtps_cpp: 6.2.6 (/opt/ros/humble/share/rmw_fastrtps_cpp/cmake)
[0.575s] -- Found OpenSSL: /usr/lib/x86_64-linux-gnu/libcrypto.so (found version "3.0.2")  
[0.595s] -- Found FastRTPS: /opt/ros/humble/include  
[0.630s] -- Using RMW implementation 'rmw_fastrtps_cpp' as default
[0.638s] -- Looking for pthread.h
[0.683s] -- Looking for pthread.h - found
[0.683s] -- Performing Test CMAKE_HAVE_LIBC_PTHREAD
[0.732s] -- Performing Test CMAKE_HAVE_LIBC_PTHREAD - Success
[0.733s] -- Found Threads: TRUE  
[0.844s] -- Found rclcpp_components: 16.0.9 (/opt/ros/humble/share/rclcpp_components/cmake)
[0.892s] -- Found geometry_msgs: 4.2.4 (/opt/ros/humble/share/geometry_msgs/cmake)
[0.923s] -- Found tf2_geometry_msgs: 0.25.7 (/opt/ros/humble/share/tf2_geometry_msgs/cmake)
[0.936s] -- Found eigen3_cmake_module: 0.1.1 (/opt/ros/humble/share/eigen3_cmake_module/cmake)
[0.937s] -- Found Eigen3: TRUE (found version "3.4.0") 
[0.937s] -- Ensuring Eigen3 include directory is part of orocos-kdl CMake target
[1.137s] -- Found sensor_msgs: 4.2.4 (/opt/ros/humble/share/sensor_msgs/cmake)
[1.196s] -- Found ament_cmake_gtest: 1.3.9 (/opt/ros/humble/share/ament_cmake_gtest/cmake)
[1.199s] -- Found gtest sources under '/opt/ros/humble/src/gtest_vendor': C++ tests using 'Google Test' will be built
[1.250s] -- Configuring done
[1.274s] -- Generating done
[1.277s] -- Build files have been written to: /home/jg/bno055_hardware/build/imu_filter_madgwick
[1.288s] Invoked command in '/home/jg/bno055_hardware/build/imu_filter_madgwick' returned '0': CMAKE_PREFIX_PATH=${CMAKE_PREFIX_PATH}:/home/jg/bno055_hardware/install/imu_test:/opt/ros/humble /usr/bin/cmake /home/jg/bno055_hardware/src/imu_tools/imu_filter_madgwick -DCMAKE_INSTALL_PREFIX=/home/jg/bno055_hardware/install/imu_filter_madgwick
[1.289s] Invoking command in '/home/jg/bno055_hardware/build/imu_filter_madgwick': CMAKE_PREFIX_PATH=${CMAKE_PREFIX_PATH}:/home/jg/bno055_hardware/install/imu_test:/opt/ros/humble /usr/bin/cmake --build /home/jg/bno055_hardware/build/imu_filter_madgwick -- -j8 -l8
[1.320s] [ 21%] [32mBuilding CXX object CMakeFiles/imu_filter_madgwick.dir/src/imu_filter.cpp.o[0m
[1.321s] [ 21%] [32mBuilding CXX object CMakeFiles/imu_filter_madgwick.dir/src/stateless_orientation.cpp.o[0m
[1.321s] [ 21%] [32mBuilding CXX object CMakeFiles/imu_filter_madgwick.dir/src/imu_filter_ros.cpp.o[0m
[1.321s] [ 28%] [32mBuilding CXX object gtest/CMakeFiles/gtest.dir/src/gtest-all.cc.o[0m
[1.321s] [ 35%] [32mBuilding CXX object gtest/CMakeFiles/gtest_main.dir/src/gtest_main.cc.o[0m
[1.996s] [ 42%] [32m[1mLinking CXX static library libgtest_main.a[0m
[2.041s] [ 42%] Built target gtest_main
[3.865s] [ 50%] [32m[1mLinking CXX static library libgtest.a[0m
[3.923s] [ 50%] Built target gtest
[13.362s] [ 57%] [32m[1mLinking CXX shared library libimu_filter_madgwick.so[0m
[14.220s] [ 57%] Built target imu_filter_madgwick
[14.234s] [ 78%] [32mBuilding CXX object test/CMakeFiles/stateless_orientation_test.dir/stateless_orientation_test.cpp.o[0m
[14.234s] [ 78%] [32mBuilding CXX object CMakeFiles/imu_filter_madgwick_node.dir/src/imu_filter_node.cpp.o[0m
[14.234s] [ 78%] [32mBuilding CXX object test/CMakeFiles/madgwick_test.dir/madgwick_test.cpp.o[0m
[15.264s] [ 85%] [32m[1mLinking CXX executable madgwick_test[0m
[15.335s] [ 92%] [32m[1mLinking CXX executable stateless_orientation_test[0m
[16.077s] [ 92%] Built target madgwick_test
[16.142s] [ 92%] Built target stateless_orientation_test
[16.754s] [100%] [32m[1mLinking CXX executable imu_filter_madgwick_node[0m
[17.090s] [100%] Built target imu_filter_madgwick_node
[17.098s] Invoked command in '/home/jg/bno055_hardware/build/imu_filter_madgwick' returned '0': CMAKE_PREFIX_PATH=${CMAKE_PREFIX_PATH}:/home/jg/bno055_hardware/install/imu_test:/opt/ros/humble /usr/bin/cmake --build /home/jg/bno055_hardware/build/imu_filter_madgwick -- -j8 -l8
[17.125s] Invoking command in '/home/jg/bno055_hardware/build/imu_filter_madgwick': CMAKE_PREFIX_PATH=${CMAKE_PREFIX_PATH}:/home/jg/bno055_hardware/install/imu_test:/opt/ros/humble /usr/bin/cmake --install /home/jg/bno055_hardware/build/imu_filter_madgwick
[17.131s] -- Install configuration: ""
[17.131s] -- Installing: /home/jg/bno055_hardware/install/imu_filter_madgwick/lib/libimu_filter_madgwick.so
[17.139s] -- Set runtime path of "/home/jg/bno055_hardware/install/imu_filter_madgwick/lib/libimu_filter_madgwick.so" to ""
[17.139s] -- Installing: /home/jg/bno055_hardware/install/imu_filter_madgwick/include
[17.139s] -- Installing: /home/jg/bno055_hardware/install/imu_filter_madgwick/include/imu_filter_madgwick
[17.139s] -- Installing: /home/jg/bno055_hardware/install/imu_filter_madgwick/include/imu_filter_madgwick/imu_filter_ros.h
[17.140s] -- Installing: /home/jg/bno055_hardware/install/imu_filter_madgwick/include/imu_filter_madgwick/imu_filter.h
[17.140s] -- Installing: /home/jg/bno055_hardware/install/imu_filter_madgwick/include/imu_filter_madgwick/world_frame.h
[17.140s] -- Installing: /home/jg/bno055_hardware/install/imu_filter_madgwick/include/imu_filter_madgwick/visibility_control.h
[17.140s] -- Installing: /home/jg/bno055_hardware/install/imu_filter_madgwick/include/imu_filter_madgwick/stateless_orientation.h
[17.140s] -- Installing: /home/jg/bno055_hardware/install/imu_filter_madgwick/include/imu_filter_madgwick/base_node.hpp
[17.140s] -- Installing: /home/jg/bno055_hardware/install/imu_filter_madgwick/lib/imu_filter_madgwick/imu_filter_madgwick_node
[17.140s] -- Set runtime path of "/home/jg/bno055_hardware/install/imu_filter_madgwick/lib/imu_filter_madgwick/imu_filter_madgwick_node" to ""
[17.140s] -- Installing: /home/jg/bno055_hardware/install/imu_filter_madgwick/share/imu_filter_madgwick/launch
[17.140s] -- Installing: /home/jg/bno055_hardware/install/imu_filter_madgwick/share/imu_filter_madgwick/launch/imu_filter.launch.py
[17.140s] -- Installing: /home/jg/bno055_hardware/install/imu_filter_madgwick/share/imu_filter_madgwick/launch/imu_filter_component.launch.py
[17.140s] -- Installing: /home/jg/bno055_hardware/install/imu_filter_madgwick/share/imu_filter_madgwick/config
[17.140s] -- Installing: /home/jg/bno055_hardware/install/imu_filter_madgwick/share/imu_filter_madgwick/config/imu_filter.yaml
[17.141s] -- Installing: /home/jg/bno055_hardware/install/imu_filter_madgwick/share/imu_filter_madgwick/environment/library_path.sh
[17.141s] -- Installing: /home/jg/bno055_hardware/install/imu_filter_madgwick/share/imu_filter_madgwick/environment/library_path.dsv
[17.141s] -- Installing: /home/jg/bno055_hardware/install/imu_filter_madgwick/share/ament_index/resource_index/package_run_dependencies/imu_filter_madgwick
[17.141s] -- Installing: /home/jg/bno055_hardware/install/imu_filter_madgwick/share/ament_index/resource_index/parent_prefix_path/imu_filter_madgwick
[17.141s] -- Installing: /home/jg/bno055_hardware/install/imu_filter_madgwick/share/imu_filter_madgwick/environment/ament_prefix_path.sh
[17.141s] -- Installing: /home/jg/bno055_hardware/install/imu_filter_madgwick/share/imu_filter_madgwick/environment/ament_prefix_path.dsv
[17.141s] -- Installing: /home/jg/bno055_hardware/install/imu_filter_madgwick/share/imu_filter_madgwick/environment/path.sh
[17.141s] -- Installing: /home/jg/bno055_hardware/install/imu_filter_madgwick/share/imu_filter_madgwick/environment/path.dsv
[17.141s] -- Installing: /home/jg/bno055_hardware/install/imu_filter_madgwick/share/imu_filter_madgwick/local_setup.bash
[17.141s] -- Installing: /home/jg/bno055_hardware/install/imu_filter_madgwick/share/imu_filter_madgwick/local_setup.sh
[17.142s] -- Installing: /home/jg/bno055_hardware/install/imu_filter_madgwick/share/imu_filter_madgwick/local_setup.zsh
[17.142s] -- Installing: /home/jg/bno055_hardware/install/imu_filter_madgwick/share/imu_filter_madgwick/local_setup.dsv
[17.142s] -- Installing: /home/jg/bno055_hardware/install/imu_filter_madgwick/share/imu_filter_madgwick/package.dsv
[17.142s] -- Installing: /home/jg/bno055_hardware/install/imu_filter_madgwick/share/ament_index/resource_index/packages/imu_filter_madgwick
[17.142s] -- Installing: /home/jg/bno055_hardware/install/imu_filter_madgwick/share/ament_index/resource_index/rclcpp_components/imu_filter_madgwick
[17.142s] -- Installing: /home/jg/bno055_hardware/install/imu_filter_madgwick/share/imu_filter_madgwick/cmake/export_imu_filter_madgwickExport.cmake
[17.142s] -- Installing: /home/jg/bno055_hardware/install/imu_filter_madgwick/share/imu_filter_madgwick/cmake/export_imu_filter_madgwickExport-noconfig.cmake
[17.142s] -- Installing: /home/jg/bno055_hardware/install/imu_filter_madgwick/share/imu_filter_madgwick/cmake/ament_cmake_export_include_directories-extras.cmake
[17.142s] -- Installing: /home/jg/bno055_hardware/install/imu_filter_madgwick/share/imu_filter_madgwick/cmake/ament_cmake_export_libraries-extras.cmake
[17.142s] -- Installing: /home/jg/bno055_hardware/install/imu_filter_madgwick/share/imu_filter_madgwick/cmake/ament_cmake_export_targets-extras.cmake
[17.143s] -- Installing: /home/jg/bno055_hardware/install/imu_filter_madgwick/share/imu_filter_madgwick/cmake/imu_filter_madgwickConfig.cmake
[17.143s] -- Installing: /home/jg/bno055_hardware/install/imu_filter_madgwick/share/imu_filter_madgwick/cmake/imu_filter_madgwickConfig-version.cmake
[17.143s] -- Installing: /home/jg/bno055_hardware/install/imu_filter_madgwick/share/imu_filter_madgwick/package.xml
[17.145s] Invoked command in '/home/jg/bno055_hardware/build/imu_filter_madgwick' returned '0': CMAKE_PREFIX_PATH=${CMAKE_PREFIX_PATH}:/home/jg/bno055_hardware/install/imu_test:/opt/ros/humble /usr/bin/cmake --install /home/jg/bno055_hardware/build/imu_filter_madgwick
