[0.012s] Invoking command in '/home/jg/bno055_hardware/build/imu_tools': CMAKE_PREFIX_PATH=/home/jg/bno055_hardware/install/rviz_imu_plugin:/home/jg/bno055_hardware/install/imu_filter_madgwick:/home/jg/bno055_hardware/install/imu_complementary_filter:/home/jg/bno055_hardware/install/imu_tools:/home/jg/linorobot2_ws/install/micro_ros_setup:/home/jg/linorobot2_ws/install/linorobot2_bringup:/home/jg/linorobot2_ws/install/micro_ros_agent:/home/jg/linorobot2_ws/install/micro_ros_msgs:/home/jg/linorobot2_ws/install/linorobot2_navigation:/home/jg/linorobot2_ws/install/linorobot2_gazebo:/home/jg/linorobot2_ws/install/linorobot2_description:/home/jg/linorobot2_ws/install/linorobot2_base:/home/jg/linorobot2_ws/install/linorobot2:/home/jg/sam_bot_description/install/sam_bot_description:/home/jg/pointcloud_ws/install/laserscan_to_pointcloud:/home/jg/bno055_hardware/install/imu_test:/opt/ros/humble /usr/bin/cmake /home/jg/bno055_hardware/src/imu_tools/imu_tools -DCMAKE_INSTALL_PREFIX=/home/jg/bno055_hardware/install/imu_tools
[0.051s] -- The C compiler identification is GNU 11.4.0
[0.093s] -- The CXX compiler identification is GNU 11.4.0
[0.098s] -- Detecting C compiler ABI info
[0.162s] -- Detecting C compiler ABI info - done
[0.169s] -- Check for working C compiler: /usr/bin/cc - skipped
[0.169s] -- Detecting C compile features
[0.169s] -- Detecting C compile features - done
[0.172s] -- Detecting CXX compiler ABI info
[0.225s] -- Detecting CXX compiler ABI info - done
[0.232s] -- Check for working CXX compiler: /usr/bin/c++ - skipped
[0.232s] -- Detecting CXX compile features
[0.232s] -- Detecting CXX compile features - done
[0.235s] -- Found ament_cmake: 1.3.9 (/opt/ros/humble/share/ament_cmake/cmake)
[0.338s] -- Found Python3: /usr/bin/python3 (found version "3.10.12") found components: Interpreter 
[0.449s] -- Configuring done
[0.452s] -- Generating done
[0.452s] -- Build files have been written to: /home/jg/bno055_hardware/build/imu_tools
[0.457s] Invoked command in '/home/jg/bno055_hardware/build/imu_tools' returned '0': CMAKE_PREFIX_PATH=/home/jg/bno055_hardware/install/rviz_imu_plugin:/home/jg/bno055_hardware/install/imu_filter_madgwick:/home/jg/bno055_hardware/install/imu_complementary_filter:/home/jg/bno055_hardware/install/imu_tools:/home/jg/linorobot2_ws/install/micro_ros_setup:/home/jg/linorobot2_ws/install/linorobot2_bringup:/home/jg/linorobot2_ws/install/micro_ros_agent:/home/jg/linorobot2_ws/install/micro_ros_msgs:/home/jg/linorobot2_ws/install/linorobot2_navigation:/home/jg/linorobot2_ws/install/linorobot2_gazebo:/home/jg/linorobot2_ws/install/linorobot2_description:/home/jg/linorobot2_ws/install/linorobot2_base:/home/jg/linorobot2_ws/install/linorobot2:/home/jg/sam_bot_description/install/sam_bot_description:/home/jg/pointcloud_ws/install/laserscan_to_pointcloud:/home/jg/bno055_hardware/install/imu_test:/opt/ros/humble /usr/bin/cmake /home/jg/bno055_hardware/src/imu_tools/imu_tools -DCMAKE_INSTALL_PREFIX=/home/jg/bno055_hardware/install/imu_tools
[0.458s] Invoking command in '/home/jg/bno055_hardware/build/imu_tools': CMAKE_PREFIX_PATH=/home/jg/bno055_hardware/install/rviz_imu_plugin:/home/jg/bno055_hardware/install/imu_filter_madgwick:/home/jg/bno055_hardware/install/imu_complementary_filter:/home/jg/bno055_hardware/install/imu_tools:/home/jg/linorobot2_ws/install/micro_ros_setup:/home/jg/linorobot2_ws/install/linorobot2_bringup:/home/jg/linorobot2_ws/install/micro_ros_agent:/home/jg/linorobot2_ws/install/micro_ros_msgs:/home/jg/linorobot2_ws/install/linorobot2_navigation:/home/jg/linorobot2_ws/install/linorobot2_gazebo:/home/jg/linorobot2_ws/install/linorobot2_description:/home/jg/linorobot2_ws/install/linorobot2_base:/home/jg/linorobot2_ws/install/linorobot2:/home/jg/sam_bot_description/install/sam_bot_description:/home/jg/pointcloud_ws/install/laserscan_to_pointcloud:/home/jg/bno055_hardware/install/imu_test:/opt/ros/humble /usr/bin/cmake --build /home/jg/bno055_hardware/build/imu_tools -- -j8 -l8
[0.480s] Invoked command in '/home/jg/bno055_hardware/build/imu_tools' returned '0': CMAKE_PREFIX_PATH=/home/jg/bno055_hardware/install/rviz_imu_plugin:/home/jg/bno055_hardware/install/imu_filter_madgwick:/home/jg/bno055_hardware/install/imu_complementary_filter:/home/jg/bno055_hardware/install/imu_tools:/home/jg/linorobot2_ws/install/micro_ros_setup:/home/jg/linorobot2_ws/install/linorobot2_bringup:/home/jg/linorobot2_ws/install/micro_ros_agent:/home/jg/linorobot2_ws/install/micro_ros_msgs:/home/jg/linorobot2_ws/install/linorobot2_navigation:/home/jg/linorobot2_ws/install/linorobot2_gazebo:/home/jg/linorobot2_ws/install/linorobot2_description:/home/jg/linorobot2_ws/install/linorobot2_base:/home/jg/linorobot2_ws/install/linorobot2:/home/jg/sam_bot_description/install/sam_bot_description:/home/jg/pointcloud_ws/install/laserscan_to_pointcloud:/home/jg/bno055_hardware/install/imu_test:/opt/ros/humble /usr/bin/cmake --build /home/jg/bno055_hardware/build/imu_tools -- -j8 -l8
[0.502s] Invoking command in '/home/jg/bno055_hardware/build/imu_tools': CMAKE_PREFIX_PATH=/home/jg/bno055_hardware/install/rviz_imu_plugin:/home/jg/bno055_hardware/install/imu_filter_madgwick:/home/jg/bno055_hardware/install/imu_complementary_filter:/home/jg/bno055_hardware/install/imu_tools:/home/jg/linorobot2_ws/install/micro_ros_setup:/home/jg/linorobot2_ws/install/linorobot2_bringup:/home/jg/linorobot2_ws/install/micro_ros_agent:/home/jg/linorobot2_ws/install/micro_ros_msgs:/home/jg/linorobot2_ws/install/linorobot2_navigation:/home/jg/linorobot2_ws/install/linorobot2_gazebo:/home/jg/linorobot2_ws/install/linorobot2_description:/home/jg/linorobot2_ws/install/linorobot2_base:/home/jg/linorobot2_ws/install/linorobot2:/home/jg/sam_bot_description/install/sam_bot_description:/home/jg/pointcloud_ws/install/laserscan_to_pointcloud:/home/jg/bno055_hardware/install/imu_test:/opt/ros/humble /usr/bin/cmake --install /home/jg/bno055_hardware/build/imu_tools
[0.506s] -- Install configuration: ""
[0.507s] -- Installing: /home/jg/bno055_hardware/install/imu_tools/share/ament_index/resource_index/package_run_dependencies/imu_tools
[0.507s] -- Installing: /home/jg/bno055_hardware/install/imu_tools/share/ament_index/resource_index/parent_prefix_path/imu_tools
[0.507s] -- Installing: /home/jg/bno055_hardware/install/imu_tools/share/imu_tools/environment/ament_prefix_path.sh
[0.507s] -- Installing: /home/jg/bno055_hardware/install/imu_tools/share/imu_tools/environment/ament_prefix_path.dsv
[0.507s] -- Installing: /home/jg/bno055_hardware/install/imu_tools/share/imu_tools/environment/path.sh
[0.507s] -- Installing: /home/jg/bno055_hardware/install/imu_tools/share/imu_tools/environment/path.dsv
[0.507s] -- Installing: /home/jg/bno055_hardware/install/imu_tools/share/imu_tools/local_setup.bash
[0.507s] -- Installing: /home/jg/bno055_hardware/install/imu_tools/share/imu_tools/local_setup.sh
[0.507s] -- Installing: /home/jg/bno055_hardware/install/imu_tools/share/imu_tools/local_setup.zsh
[0.507s] -- Installing: /home/jg/bno055_hardware/install/imu_tools/share/imu_tools/local_setup.dsv
[0.507s] -- Installing: /home/jg/bno055_hardware/install/imu_tools/share/imu_tools/package.dsv
[0.507s] -- Installing: /home/jg/bno055_hardware/install/imu_tools/share/ament_index/resource_index/packages/imu_tools
[0.508s] -- Installing: /home/jg/bno055_hardware/install/imu_tools/share/imu_tools/cmake/imu_toolsConfig.cmake
[0.508s] -- Installing: /home/jg/bno055_hardware/install/imu_tools/share/imu_tools/cmake/imu_toolsConfig-version.cmake
[0.508s] -- Installing: /home/jg/bno055_hardware/install/imu_tools/share/imu_tools/package.xml
[0.509s] Invoked command in '/home/jg/bno055_hardware/build/imu_tools' returned '0': CMAKE_PREFIX_PATH=/home/jg/bno055_hardware/install/rviz_imu_plugin:/home/jg/bno055_hardware/install/imu_filter_madgwick:/home/jg/bno055_hardware/install/imu_complementary_filter:/home/jg/bno055_hardware/install/imu_tools:/home/jg/linorobot2_ws/install/micro_ros_setup:/home/jg/linorobot2_ws/install/linorobot2_bringup:/home/jg/linorobot2_ws/install/micro_ros_agent:/home/jg/linorobot2_ws/install/micro_ros_msgs:/home/jg/linorobot2_ws/install/linorobot2_navigation:/home/jg/linorobot2_ws/install/linorobot2_gazebo:/home/jg/linorobot2_ws/install/linorobot2_description:/home/jg/linorobot2_ws/install/linorobot2_base:/home/jg/linorobot2_ws/install/linorobot2:/home/jg/sam_bot_description/install/sam_bot_description:/home/jg/pointcloud_ws/install/laserscan_to_pointcloud:/home/jg/bno055_hardware/install/imu_test:/opt/ros/humble /usr/bin/cmake --install /home/jg/bno055_hardware/build/imu_tools
