[0.604s] Invoking command in '/home/jg/bno055_hardware/src/set_frame_id': PYTHONPATH=/home/jg/bno055_hardware/build/set_frame_id/prefix_override:/home/jg/bno055_hardware/install/set_frame_id/lib/python3.10/site-packages:${PYTHONPATH} /usr/bin/python3 -W ignore:setup.py install is deprecated setup.py egg_info --egg-base ../../build/set_frame_id build --build-base /home/jg/bno055_hardware/build/set_frame_id/build install --record /home/jg/bno055_hardware/build/set_frame_id/install.log --single-version-externally-managed
[0.763s] running egg_info
[0.764s] writing ../../build/set_frame_id/set_frame_id.egg-info/PKG-INFO
[0.764s] writing dependency_links to ../../build/set_frame_id/set_frame_id.egg-info/dependency_links.txt
[0.764s] writing entry points to ../../build/set_frame_id/set_frame_id.egg-info/entry_points.txt
[0.764s] writing requirements to ../../build/set_frame_id/set_frame_id.egg-info/requires.txt
[0.764s] writing top-level names to ../../build/set_frame_id/set_frame_id.egg-info/top_level.txt
[0.766s] reading manifest file '../../build/set_frame_id/set_frame_id.egg-info/SOURCES.txt'
[0.767s] writing manifest file '../../build/set_frame_id/set_frame_id.egg-info/SOURCES.txt'
[0.767s] running build
[0.767s] running build_py
[0.767s] running install
[0.767s] running install_lib
[0.768s] running install_egg_info
[0.770s] removing '/home/jg/bno055_hardware/install/set_frame_id/lib/python3.10/site-packages/set_frame_id-0.1.0-py3.10.egg-info' (and everything under it)
[0.770s] Copying ../../build/set_frame_id/set_frame_id.egg-info to /home/jg/bno055_hardware/install/set_frame_id/lib/python3.10/site-packages/set_frame_id-0.1.0-py3.10.egg-info
[0.771s] running install_scripts
[0.788s] Installing set_frame_id_node script to /home/jg/bno055_hardware/install/set_frame_id/lib/set_frame_id
[0.788s] writing list of installed files to '/home/jg/bno055_hardware/build/set_frame_id/install.log'
[0.822s] Invoked command in '/home/jg/bno055_hardware/src/set_frame_id' returned '0': PYTHONPATH=/home/jg/bno055_hardware/build/set_frame_id/prefix_override:/home/jg/bno055_hardware/install/set_frame_id/lib/python3.10/site-packages:${PYTHONPATH} /usr/bin/python3 -W ignore:setup.py install is deprecated setup.py egg_info --egg-base ../../build/set_frame_id build --build-base /home/jg/bno055_hardware/build/set_frame_id/build install --record /home/jg/bno055_hardware/build/set_frame_id/install.log --single-version-externally-managed
