[0.071s] DEBUG:colcon:Command line arguments: ['/usr/bin/colcon', 'build', '--packages-select', 'imu_tools']
[0.071s] DEBUG:colcon:Parsed command line arguments: Namespace(log_base=None, log_level=None, verb_name='build', build_base='build', install_base='install', merge_install=False, symlink_install=False, test_result_base=None, continue_on_error=False, executor='parallel', parallel_workers=8, event_handlers=None, ignore_user_meta=False, metas=['./colcon.meta'], base_paths=['.'], packages_ignore=None, packages_ignore_regex=None, paths=None, packages_up_to=None, packages_up_to_regex=None, packages_above=None, packages_above_and_dependencies=None, packages_above_depth=None, packages_select_by_dep=None, packages_skip_by_dep=None, packages_skip_up_to=None, packages_select_build_failed=False, packages_skip_build_finished=False, packages_select_test_failures=False, packages_skip_test_passed=False, packages_select=['imu_tools'], packages_skip=None, packages_select_regex=None, packages_skip_regex=None, packages_start=None, packages_end=None, allow_overriding=[], cmake_args=None, cmake_target=None, cmake_target_skip_unavailable=False, cmake_clean_cache=False, cmake_clean_first=False, cmake_force_configure=False, ament_cmake_args=None, catkin_cmake_args=None, catkin_skip_building_tests=False, mixin_files=None, mixin=None, verb_parser=<colcon_mixin.mixin.mixin_argument.MixinArgumentDecorator object at 0x7fcfbfb66770>, verb_extension=<colcon_core.verb.build.BuildVerb object at 0x7fcfbfc66e00>, main=<bound method BuildVerb.main of <colcon_core.verb.build.BuildVerb object at 0x7fcfbfc66e00>>, mixin_verb=('build',))
[0.178s] Level 1:colcon.colcon_core.package_discovery:discover_packages(colcon_meta) check parameters
[0.178s] Level 1:colcon.colcon_core.package_discovery:discover_packages(recursive) check parameters
[0.178s] Level 1:colcon.colcon_core.package_discovery:discover_packages(ignore) check parameters
[0.178s] Level 1:colcon.colcon_core.package_discovery:discover_packages(path) check parameters
[0.179s] Level 1:colcon.colcon_core.package_discovery:discover_packages(colcon_meta) discover
[0.179s] Level 1:colcon.colcon_core.package_discovery:discover_packages(recursive) discover
[0.179s] INFO:colcon.colcon_core.package_discovery:Crawling recursively for packages in '/home/jg/bno055_hardware'
[0.179s] Level 1:colcon.colcon_core.package_identification:_identify(.) by extensions ['ignore', 'ignore_ament_install']
[0.179s] Level 1:colcon.colcon_core.package_identification:_identify(.) by extension 'ignore'
[0.179s] Level 1:colcon.colcon_core.package_identification:_identify(.) by extension 'ignore_ament_install'
[0.179s] Level 1:colcon.colcon_core.package_identification:_identify(.) by extensions ['colcon_pkg']
[0.179s] Level 1:colcon.colcon_core.package_identification:_identify(.) by extension 'colcon_pkg'
[0.179s] Level 1:colcon.colcon_core.package_identification:_identify(.) by extensions ['colcon_meta']
[0.179s] Level 1:colcon.colcon_core.package_identification:_identify(.) by extension 'colcon_meta'
[0.179s] Level 1:colcon.colcon_core.package_identification:_identify(.) by extensions ['ros']
[0.179s] Level 1:colcon.colcon_core.package_identification:_identify(.) by extension 'ros'
[0.186s] Level 1:colcon.colcon_core.package_identification:_identify(.) by extensions ['cmake', 'python']
[0.186s] Level 1:colcon.colcon_core.package_identification:_identify(.) by extension 'cmake'
[0.186s] Level 1:colcon.colcon_core.package_identification:_identify(.) by extension 'python'
[0.186s] Level 1:colcon.colcon_core.package_identification:_identify(.) by extensions ['python_setup_py']
[0.186s] Level 1:colcon.colcon_core.package_identification:_identify(.) by extension 'python_setup_py'
[0.186s] Level 1:colcon.colcon_core.package_identification:_identify(build) by extensions ['ignore', 'ignore_ament_install']
[0.186s] Level 1:colcon.colcon_core.package_identification:_identify(build) by extension 'ignore'
[0.186s] Level 1:colcon.colcon_core.package_identification:_identify(build) ignored
[0.187s] Level 1:colcon.colcon_core.package_identification:_identify(firmware) by extensions ['ignore', 'ignore_ament_install']
[0.187s] Level 1:colcon.colcon_core.package_identification:_identify(firmware) by extension 'ignore'
[0.187s] Level 1:colcon.colcon_core.package_identification:_identify(firmware) by extension 'ignore_ament_install'
[0.187s] Level 1:colcon.colcon_core.package_identification:_identify(firmware) by extensions ['colcon_pkg']
[0.187s] Level 1:colcon.colcon_core.package_identification:_identify(firmware) by extension 'colcon_pkg'
[0.187s] Level 1:colcon.colcon_core.package_identification:_identify(firmware) by extensions ['colcon_meta']
[0.187s] Level 1:colcon.colcon_core.package_identification:_identify(firmware) by extension 'colcon_meta'
[0.187s] Level 1:colcon.colcon_core.package_identification:_identify(firmware) by extensions ['ros']
[0.187s] Level 1:colcon.colcon_core.package_identification:_identify(firmware) by extension 'ros'
[0.187s] Level 1:colcon.colcon_core.package_identification:_identify(firmware) by extensions ['cmake', 'python']
[0.187s] Level 1:colcon.colcon_core.package_identification:_identify(firmware) by extension 'cmake'
[0.187s] Level 1:colcon.colcon_core.package_identification:_identify(firmware) by extension 'python'
[0.187s] Level 1:colcon.colcon_core.package_identification:_identify(firmware) by extensions ['python_setup_py']
[0.187s] Level 1:colcon.colcon_core.package_identification:_identify(firmware) by extension 'python_setup_py'
[0.187s] Level 1:colcon.colcon_core.package_identification:_identify(firmware/build) by extensions ['ignore', 'ignore_ament_install']
[0.187s] Level 1:colcon.colcon_core.package_identification:_identify(firmware/build) by extension 'ignore'
[0.187s] Level 1:colcon.colcon_core.package_identification:_identify(firmware/build) by extension 'ignore_ament_install'
[0.187s] Level 1:colcon.colcon_core.package_identification:_identify(firmware/build) by extensions ['colcon_pkg']
[0.187s] Level 1:colcon.colcon_core.package_identification:_identify(firmware/build) by extension 'colcon_pkg'
[0.187s] Level 1:colcon.colcon_core.package_identification:_identify(firmware/build) by extensions ['colcon_meta']
[0.187s] Level 1:colcon.colcon_core.package_identification:_identify(firmware/build) by extension 'colcon_meta'
[0.187s] Level 1:colcon.colcon_core.package_identification:_identify(firmware/build) by extensions ['ros']
[0.187s] Level 1:colcon.colcon_core.package_identification:_identify(firmware/build) by extension 'ros'
[0.187s] Level 1:colcon.colcon_core.package_identification:_identify(firmware/build) by extensions ['cmake', 'python']
[0.187s] Level 1:colcon.colcon_core.package_identification:_identify(firmware/build) by extension 'cmake'
[0.187s] Level 1:colcon.colcon_core.package_identification:_identify(firmware/build) by extension 'python'
[0.187s] Level 1:colcon.colcon_core.package_identification:_identify(firmware/build) by extensions ['python_setup_py']
[0.187s] Level 1:colcon.colcon_core.package_identification:_identify(firmware/build) by extension 'python_setup_py'
[0.187s] Level 1:colcon.colcon_core.package_identification:_identify(firmware/build/teensy41) by extensions ['ignore', 'ignore_ament_install']
[0.187s] Level 1:colcon.colcon_core.package_identification:_identify(firmware/build/teensy41) by extension 'ignore'
[0.187s] Level 1:colcon.colcon_core.package_identification:_identify(firmware/build/teensy41) by extension 'ignore_ament_install'
[0.187s] Level 1:colcon.colcon_core.package_identification:_identify(firmware/build/teensy41) by extensions ['colcon_pkg']
[0.188s] Level 1:colcon.colcon_core.package_identification:_identify(firmware/build/teensy41) by extension 'colcon_pkg'
[0.188s] Level 1:colcon.colcon_core.package_identification:_identify(firmware/build/teensy41) by extensions ['colcon_meta']
[0.188s] Level 1:colcon.colcon_core.package_identification:_identify(firmware/build/teensy41) by extension 'colcon_meta'
[0.188s] Level 1:colcon.colcon_core.package_identification:_identify(firmware/build/teensy41) by extensions ['ros']
[0.188s] Level 1:colcon.colcon_core.package_identification:_identify(firmware/build/teensy41) by extension 'ros'
[0.188s] Level 1:colcon.colcon_core.package_identification:_identify(firmware/build/teensy41) by extensions ['cmake', 'python']
[0.188s] Level 1:colcon.colcon_core.package_identification:_identify(firmware/build/teensy41) by extension 'cmake'
[0.188s] Level 1:colcon.colcon_core.package_identification:_identify(firmware/build/teensy41) by extension 'python'
[0.188s] Level 1:colcon.colcon_core.package_identification:_identify(firmware/build/teensy41) by extensions ['python_setup_py']
[0.188s] Level 1:colcon.colcon_core.package_identification:_identify(firmware/build/teensy41) by extension 'python_setup_py'
[0.188s] Level 1:colcon.colcon_core.package_identification:_identify(firmware/firmware) by extensions ['ignore', 'ignore_ament_install']
[0.188s] Level 1:colcon.colcon_core.package_identification:_identify(firmware/firmware) by extension 'ignore'
[0.188s] Level 1:colcon.colcon_core.package_identification:_identify(firmware/firmware) by extension 'ignore_ament_install'
[0.188s] Level 1:colcon.colcon_core.package_identification:_identify(firmware/firmware) by extensions ['colcon_pkg']
[0.188s] Level 1:colcon.colcon_core.package_identification:_identify(firmware/firmware) by extension 'colcon_pkg'
[0.188s] Level 1:colcon.colcon_core.package_identification:_identify(firmware/firmware) by extensions ['colcon_meta']
[0.188s] Level 1:colcon.colcon_core.package_identification:_identify(firmware/firmware) by extension 'colcon_meta'
[0.188s] Level 1:colcon.colcon_core.package_identification:_identify(firmware/firmware) by extensions ['ros']
[0.188s] Level 1:colcon.colcon_core.package_identification:_identify(firmware/firmware) by extension 'ros'
[0.188s] Level 1:colcon.colcon_core.package_identification:_identify(firmware/firmware) by extensions ['cmake', 'python']
[0.188s] Level 1:colcon.colcon_core.package_identification:_identify(firmware/firmware) by extension 'cmake'
[0.188s] Level 1:colcon.colcon_core.package_identification:_identify(firmware/firmware) by extension 'python'
[0.188s] Level 1:colcon.colcon_core.package_identification:_identify(firmware/firmware) by extensions ['python_setup_py']
[0.188s] Level 1:colcon.colcon_core.package_identification:_identify(firmware/firmware) by extension 'python_setup_py'
[0.188s] Level 1:colcon.colcon_core.package_identification:_identify(firmware/include) by extensions ['ignore', 'ignore_ament_install']
[0.188s] Level 1:colcon.colcon_core.package_identification:_identify(firmware/include) by extension 'ignore'
[0.188s] Level 1:colcon.colcon_core.package_identification:_identify(firmware/include) by extension 'ignore_ament_install'
[0.188s] Level 1:colcon.colcon_core.package_identification:_identify(firmware/include) by extensions ['colcon_pkg']
[0.188s] Level 1:colcon.colcon_core.package_identification:_identify(firmware/include) by extension 'colcon_pkg'
[0.188s] Level 1:colcon.colcon_core.package_identification:_identify(firmware/include) by extensions ['colcon_meta']
[0.188s] Level 1:colcon.colcon_core.package_identification:_identify(firmware/include) by extension 'colcon_meta'
[0.188s] Level 1:colcon.colcon_core.package_identification:_identify(firmware/include) by extensions ['ros']
[0.188s] Level 1:colcon.colcon_core.package_identification:_identify(firmware/include) by extension 'ros'
[0.188s] Level 1:colcon.colcon_core.package_identification:_identify(firmware/include) by extensions ['cmake', 'python']
[0.188s] Level 1:colcon.colcon_core.package_identification:_identify(firmware/include) by extension 'cmake'
[0.188s] Level 1:colcon.colcon_core.package_identification:_identify(firmware/include) by extension 'python'
[0.188s] Level 1:colcon.colcon_core.package_identification:_identify(firmware/include) by extensions ['python_setup_py']
[0.189s] Level 1:colcon.colcon_core.package_identification:_identify(firmware/include) by extension 'python_setup_py'
[0.189s] Level 1:colcon.colcon_core.package_identification:_identify(firmware/lib) by extensions ['ignore', 'ignore_ament_install']
[0.189s] Level 1:colcon.colcon_core.package_identification:_identify(firmware/lib) by extension 'ignore'
[0.189s] Level 1:colcon.colcon_core.package_identification:_identify(firmware/lib) by extension 'ignore_ament_install'
[0.189s] Level 1:colcon.colcon_core.package_identification:_identify(firmware/lib) by extensions ['colcon_pkg']
[0.189s] Level 1:colcon.colcon_core.package_identification:_identify(firmware/lib) by extension 'colcon_pkg'
[0.189s] Level 1:colcon.colcon_core.package_identification:_identify(firmware/lib) by extensions ['colcon_meta']
[0.189s] Level 1:colcon.colcon_core.package_identification:_identify(firmware/lib) by extension 'colcon_meta'
[0.189s] Level 1:colcon.colcon_core.package_identification:_identify(firmware/lib) by extensions ['ros']
[0.189s] Level 1:colcon.colcon_core.package_identification:_identify(firmware/lib) by extension 'ros'
[0.189s] Level 1:colcon.colcon_core.package_identification:_identify(firmware/lib) by extensions ['cmake', 'python']
[0.189s] Level 1:colcon.colcon_core.package_identification:_identify(firmware/lib) by extension 'cmake'
[0.189s] Level 1:colcon.colcon_core.package_identification:_identify(firmware/lib) by extension 'python'
[0.189s] Level 1:colcon.colcon_core.package_identification:_identify(firmware/lib) by extensions ['python_setup_py']
[0.189s] Level 1:colcon.colcon_core.package_identification:_identify(firmware/lib) by extension 'python_setup_py'
[0.189s] Level 1:colcon.colcon_core.package_identification:_identify(firmware/lib/Adafruit_BNO055) by extensions ['ignore', 'ignore_ament_install']
[0.189s] Level 1:colcon.colcon_core.package_identification:_identify(firmware/lib/Adafruit_BNO055) by extension 'ignore'
[0.189s] Level 1:colcon.colcon_core.package_identification:_identify(firmware/lib/Adafruit_BNO055) by extension 'ignore_ament_install'
[0.189s] Level 1:colcon.colcon_core.package_identification:_identify(firmware/lib/Adafruit_BNO055) by extensions ['colcon_pkg']
[0.189s] Level 1:colcon.colcon_core.package_identification:_identify(firmware/lib/Adafruit_BNO055) by extension 'colcon_pkg'
[0.189s] Level 1:colcon.colcon_core.package_identification:_identify(firmware/lib/Adafruit_BNO055) by extensions ['colcon_meta']
[0.189s] Level 1:colcon.colcon_core.package_identification:_identify(firmware/lib/Adafruit_BNO055) by extension 'colcon_meta'
[0.189s] Level 1:colcon.colcon_core.package_identification:_identify(firmware/lib/Adafruit_BNO055) by extensions ['ros']
[0.189s] Level 1:colcon.colcon_core.package_identification:_identify(firmware/lib/Adafruit_BNO055) by extension 'ros'
[0.189s] Level 1:colcon.colcon_core.package_identification:_identify(firmware/lib/Adafruit_BNO055) by extensions ['cmake', 'python']
[0.189s] Level 1:colcon.colcon_core.package_identification:_identify(firmware/lib/Adafruit_BNO055) by extension 'cmake'
[0.189s] Level 1:colcon.colcon_core.package_identification:_identify(firmware/lib/Adafruit_BNO055) by extension 'python'
[0.189s] Level 1:colcon.colcon_core.package_identification:_identify(firmware/lib/Adafruit_BNO055) by extensions ['python_setup_py']
[0.189s] Level 1:colcon.colcon_core.package_identification:_identify(firmware/lib/Adafruit_BNO055) by extension 'python_setup_py'
[0.189s] Level 1:colcon.colcon_core.package_identification:_identify(firmware/lib/Adafruit_BNO055/OBJLoader) by extensions ['ignore', 'ignore_ament_install']
[0.189s] Level 1:colcon.colcon_core.package_identification:_identify(firmware/lib/Adafruit_BNO055/OBJLoader) by extension 'ignore'
[0.189s] Level 1:colcon.colcon_core.package_identification:_identify(firmware/lib/Adafruit_BNO055/OBJLoader) by extension 'ignore_ament_install'
[0.189s] Level 1:colcon.colcon_core.package_identification:_identify(firmware/lib/Adafruit_BNO055/OBJLoader) by extensions ['colcon_pkg']
[0.190s] Level 1:colcon.colcon_core.package_identification:_identify(firmware/lib/Adafruit_BNO055/OBJLoader) by extension 'colcon_pkg'
[0.190s] Level 1:colcon.colcon_core.package_identification:_identify(firmware/lib/Adafruit_BNO055/OBJLoader) by extensions ['colcon_meta']
[0.190s] Level 1:colcon.colcon_core.package_identification:_identify(firmware/lib/Adafruit_BNO055/OBJLoader) by extension 'colcon_meta'
[0.190s] Level 1:colcon.colcon_core.package_identification:_identify(firmware/lib/Adafruit_BNO055/OBJLoader) by extensions ['ros']
[0.190s] Level 1:colcon.colcon_core.package_identification:_identify(firmware/lib/Adafruit_BNO055/OBJLoader) by extension 'ros'
[0.190s] Level 1:colcon.colcon_core.package_identification:_identify(firmware/lib/Adafruit_BNO055/OBJLoader) by extensions ['cmake', 'python']
[0.190s] Level 1:colcon.colcon_core.package_identification:_identify(firmware/lib/Adafruit_BNO055/OBJLoader) by extension 'cmake'
[0.190s] Level 1:colcon.colcon_core.package_identification:_identify(firmware/lib/Adafruit_BNO055/OBJLoader) by extension 'python'
[0.190s] Level 1:colcon.colcon_core.package_identification:_identify(firmware/lib/Adafruit_BNO055/OBJLoader) by extensions ['python_setup_py']
[0.190s] Level 1:colcon.colcon_core.package_identification:_identify(firmware/lib/Adafruit_BNO055/OBJLoader) by extension 'python_setup_py'
[0.190s] Level 1:colcon.colcon_core.package_identification:_identify(firmware/lib/Adafruit_BNO055/assets) by extensions ['ignore', 'ignore_ament_install']
[0.190s] Level 1:colcon.colcon_core.package_identification:_identify(firmware/lib/Adafruit_BNO055/assets) by extension 'ignore'
[0.190s] Level 1:colcon.colcon_core.package_identification:_identify(firmware/lib/Adafruit_BNO055/assets) by extension 'ignore_ament_install'
[0.190s] Level 1:colcon.colcon_core.package_identification:_identify(firmware/lib/Adafruit_BNO055/assets) by extensions ['colcon_pkg']
[0.190s] Level 1:colcon.colcon_core.package_identification:_identify(firmware/lib/Adafruit_BNO055/assets) by extension 'colcon_pkg'
[0.190s] Level 1:colcon.colcon_core.package_identification:_identify(firmware/lib/Adafruit_BNO055/assets) by extensions ['colcon_meta']
[0.190s] Level 1:colcon.colcon_core.package_identification:_identify(firmware/lib/Adafruit_BNO055/assets) by extension 'colcon_meta'
[0.190s] Level 1:colcon.colcon_core.package_identification:_identify(firmware/lib/Adafruit_BNO055/assets) by extensions ['ros']
[0.190s] Level 1:colcon.colcon_core.package_identification:_identify(firmware/lib/Adafruit_BNO055/assets) by extension 'ros'
[0.190s] Level 1:colcon.colcon_core.package_identification:_identify(firmware/lib/Adafruit_BNO055/assets) by extensions ['cmake', 'python']
[0.190s] Level 1:colcon.colcon_core.package_identification:_identify(firmware/lib/Adafruit_BNO055/assets) by extension 'cmake'
[0.190s] Level 1:colcon.colcon_core.package_identification:_identify(firmware/lib/Adafruit_BNO055/assets) by extension 'python'
[0.190s] Level 1:colcon.colcon_core.package_identification:_identify(firmware/lib/Adafruit_BNO055/assets) by extensions ['python_setup_py']
[0.190s] Level 1:colcon.colcon_core.package_identification:_identify(firmware/lib/Adafruit_BNO055/assets) by extension 'python_setup_py'
[0.190s] Level 1:colcon.colcon_core.package_identification:_identify(firmware/lib/Adafruit_BNO055/examples) by extensions ['ignore', 'ignore_ament_install']
[0.190s] Level 1:colcon.colcon_core.package_identification:_identify(firmware/lib/Adafruit_BNO055/examples) by extension 'ignore'
[0.190s] Level 1:colcon.colcon_core.package_identification:_identify(firmware/lib/Adafruit_BNO055/examples) by extension 'ignore_ament_install'
[0.190s] Level 1:colcon.colcon_core.package_identification:_identify(firmware/lib/Adafruit_BNO055/examples) by extensions ['colcon_pkg']
[0.190s] Level 1:colcon.colcon_core.package_identification:_identify(firmware/lib/Adafruit_BNO055/examples) by extension 'colcon_pkg'
[0.190s] Level 1:colcon.colcon_core.package_identification:_identify(firmware/lib/Adafruit_BNO055/examples) by extensions ['colcon_meta']
[0.190s] Level 1:colcon.colcon_core.package_identification:_identify(firmware/lib/Adafruit_BNO055/examples) by extension 'colcon_meta'
[0.190s] Level 1:colcon.colcon_core.package_identification:_identify(firmware/lib/Adafruit_BNO055/examples) by extensions ['ros']
[0.190s] Level 1:colcon.colcon_core.package_identification:_identify(firmware/lib/Adafruit_BNO055/examples) by extension 'ros'
[0.190s] Level 1:colcon.colcon_core.package_identification:_identify(firmware/lib/Adafruit_BNO055/examples) by extensions ['cmake', 'python']
[0.190s] Level 1:colcon.colcon_core.package_identification:_identify(firmware/lib/Adafruit_BNO055/examples) by extension 'cmake'
[0.190s] Level 1:colcon.colcon_core.package_identification:_identify(firmware/lib/Adafruit_BNO055/examples) by extension 'python'
[0.191s] Level 1:colcon.colcon_core.package_identification:_identify(firmware/lib/Adafruit_BNO055/examples) by extensions ['python_setup_py']
[0.191s] Level 1:colcon.colcon_core.package_identification:_identify(firmware/lib/Adafruit_BNO055/examples) by extension 'python_setup_py'
[0.191s] Level 1:colcon.colcon_core.package_identification:_identify(firmware/lib/Adafruit_BNO055/examples/bunny) by extensions ['ignore', 'ignore_ament_install']
[0.191s] Level 1:colcon.colcon_core.package_identification:_identify(firmware/lib/Adafruit_BNO055/examples/bunny) by extension 'ignore'
[0.191s] Level 1:colcon.colcon_core.package_identification:_identify(firmware/lib/Adafruit_BNO055/examples/bunny) by extension 'ignore_ament_install'
[0.191s] Level 1:colcon.colcon_core.package_identification:_identify(firmware/lib/Adafruit_BNO055/examples/bunny) by extensions ['colcon_pkg']
[0.191s] Level 1:colcon.colcon_core.package_identification:_identify(firmware/lib/Adafruit_BNO055/examples/bunny) by extension 'colcon_pkg'
[0.191s] Level 1:colcon.colcon_core.package_identification:_identify(firmware/lib/Adafruit_BNO055/examples/bunny) by extensions ['colcon_meta']
[0.191s] Level 1:colcon.colcon_core.package_identification:_identify(firmware/lib/Adafruit_BNO055/examples/bunny) by extension 'colcon_meta'
[0.191s] Level 1:colcon.colcon_core.package_identification:_identify(firmware/lib/Adafruit_BNO055/examples/bunny) by extensions ['ros']
[0.191s] Level 1:colcon.colcon_core.package_identification:_identify(firmware/lib/Adafruit_BNO055/examples/bunny) by extension 'ros'
[0.191s] Level 1:colcon.colcon_core.package_identification:_identify(firmware/lib/Adafruit_BNO055/examples/bunny) by extensions ['cmake', 'python']
[0.191s] Level 1:colcon.colcon_core.package_identification:_identify(firmware/lib/Adafruit_BNO055/examples/bunny) by extension 'cmake'
[0.191s] Level 1:colcon.colcon_core.package_identification:_identify(firmware/lib/Adafruit_BNO055/examples/bunny) by extension 'python'
[0.191s] Level 1:colcon.colcon_core.package_identification:_identify(firmware/lib/Adafruit_BNO055/examples/bunny) by extensions ['python_setup_py']
[0.191s] Level 1:colcon.colcon_core.package_identification:_identify(firmware/lib/Adafruit_BNO055/examples/bunny) by extension 'python_setup_py'
[0.191s] Level 1:colcon.colcon_core.package_identification:_identify(firmware/lib/Adafruit_BNO055/examples/position) by extensions ['ignore', 'ignore_ament_install']
[0.191s] Level 1:colcon.colcon_core.package_identification:_identify(firmware/lib/Adafruit_BNO055/examples/position) by extension 'ignore'
[0.191s] Level 1:colcon.colcon_core.package_identification:_identify(firmware/lib/Adafruit_BNO055/examples/position) by extension 'ignore_ament_install'
[0.191s] Level 1:colcon.colcon_core.package_identification:_identify(firmware/lib/Adafruit_BNO055/examples/position) by extensions ['colcon_pkg']
[0.191s] Level 1:colcon.colcon_core.package_identification:_identify(firmware/lib/Adafruit_BNO055/examples/position) by extension 'colcon_pkg'
[0.191s] Level 1:colcon.colcon_core.package_identification:_identify(firmware/lib/Adafruit_BNO055/examples/position) by extensions ['colcon_meta']
[0.191s] Level 1:colcon.colcon_core.package_identification:_identify(firmware/lib/Adafruit_BNO055/examples/position) by extension 'colcon_meta'
[0.191s] Level 1:colcon.colcon_core.package_identification:_identify(firmware/lib/Adafruit_BNO055/examples/position) by extensions ['ros']
[0.191s] Level 1:colcon.colcon_core.package_identification:_identify(firmware/lib/Adafruit_BNO055/examples/position) by extension 'ros'
[0.191s] Level 1:colcon.colcon_core.package_identification:_identify(firmware/lib/Adafruit_BNO055/examples/position) by extensions ['cmake', 'python']
[0.191s] Level 1:colcon.colcon_core.package_identification:_identify(firmware/lib/Adafruit_BNO055/examples/position) by extension 'cmake'
[0.191s] Level 1:colcon.colcon_core.package_identification:_identify(firmware/lib/Adafruit_BNO055/examples/position) by extension 'python'
[0.191s] Level 1:colcon.colcon_core.package_identification:_identify(firmware/lib/Adafruit_BNO055/examples/position) by extensions ['python_setup_py']
[0.191s] Level 1:colcon.colcon_core.package_identification:_identify(firmware/lib/Adafruit_BNO055/examples/position) by extension 'python_setup_py'
[0.191s] Level 1:colcon.colcon_core.package_identification:_identify(firmware/lib/Adafruit_BNO055/examples/rawdata) by extensions ['ignore', 'ignore_ament_install']
[0.191s] Level 1:colcon.colcon_core.package_identification:_identify(firmware/lib/Adafruit_BNO055/examples/rawdata) by extension 'ignore'
[0.191s] Level 1:colcon.colcon_core.package_identification:_identify(firmware/lib/Adafruit_BNO055/examples/rawdata) by extension 'ignore_ament_install'
[0.192s] Level 1:colcon.colcon_core.package_identification:_identify(firmware/lib/Adafruit_BNO055/examples/rawdata) by extensions ['colcon_pkg']
[0.192s] Level 1:colcon.colcon_core.package_identification:_identify(firmware/lib/Adafruit_BNO055/examples/rawdata) by extension 'colcon_pkg'
[0.192s] Level 1:colcon.colcon_core.package_identification:_identify(firmware/lib/Adafruit_BNO055/examples/rawdata) by extensions ['colcon_meta']
[0.192s] Level 1:colcon.colcon_core.package_identification:_identify(firmware/lib/Adafruit_BNO055/examples/rawdata) by extension 'colcon_meta'
[0.192s] Level 1:colcon.colcon_core.package_identification:_identify(firmware/lib/Adafruit_BNO055/examples/rawdata) by extensions ['ros']
[0.192s] Level 1:colcon.colcon_core.package_identification:_identify(firmware/lib/Adafruit_BNO055/examples/rawdata) by extension 'ros'
[0.192s] Level 1:colcon.colcon_core.package_identification:_identify(firmware/lib/Adafruit_BNO055/examples/rawdata) by extensions ['cmake', 'python']
[0.192s] Level 1:colcon.colcon_core.package_identification:_identify(firmware/lib/Adafruit_BNO055/examples/rawdata) by extension 'cmake'
[0.192s] Level 1:colcon.colcon_core.package_identification:_identify(firmware/lib/Adafruit_BNO055/examples/rawdata) by extension 'python'
[0.192s] Level 1:colcon.colcon_core.package_identification:_identify(firmware/lib/Adafruit_BNO055/examples/rawdata) by extensions ['python_setup_py']
[0.192s] Level 1:colcon.colcon_core.package_identification:_identify(firmware/lib/Adafruit_BNO055/examples/rawdata) by extension 'python_setup_py'
[0.192s] Level 1:colcon.colcon_core.package_identification:_identify(firmware/lib/Adafruit_BNO055/examples/read_all_data) by extensions ['ignore', 'ignore_ament_install']
[0.192s] Level 1:colcon.colcon_core.package_identification:_identify(firmware/lib/Adafruit_BNO055/examples/read_all_data) by extension 'ignore'
[0.192s] Level 1:colcon.colcon_core.package_identification:_identify(firmware/lib/Adafruit_BNO055/examples/read_all_data) by extension 'ignore_ament_install'
[0.192s] Level 1:colcon.colcon_core.package_identification:_identify(firmware/lib/Adafruit_BNO055/examples/read_all_data) by extensions ['colcon_pkg']
[0.192s] Level 1:colcon.colcon_core.package_identification:_identify(firmware/lib/Adafruit_BNO055/examples/read_all_data) by extension 'colcon_pkg'
[0.192s] Level 1:colcon.colcon_core.package_identification:_identify(firmware/lib/Adafruit_BNO055/examples/read_all_data) by extensions ['colcon_meta']
[0.192s] Level 1:colcon.colcon_core.package_identification:_identify(firmware/lib/Adafruit_BNO055/examples/read_all_data) by extension 'colcon_meta'
[0.192s] Level 1:colcon.colcon_core.package_identification:_identify(firmware/lib/Adafruit_BNO055/examples/read_all_data) by extensions ['ros']
[0.192s] Level 1:colcon.colcon_core.package_identification:_identify(firmware/lib/Adafruit_BNO055/examples/read_all_data) by extension 'ros'
[0.192s] Level 1:colcon.colcon_core.package_identification:_identify(firmware/lib/Adafruit_BNO055/examples/read_all_data) by extensions ['cmake', 'python']
[0.192s] Level 1:colcon.colcon_core.package_identification:_identify(firmware/lib/Adafruit_BNO055/examples/read_all_data) by extension 'cmake'
[0.192s] Level 1:colcon.colcon_core.package_identification:_identify(firmware/lib/Adafruit_BNO055/examples/read_all_data) by extension 'python'
[0.192s] Level 1:colcon.colcon_core.package_identification:_identify(firmware/lib/Adafruit_BNO055/examples/read_all_data) by extensions ['python_setup_py']
[0.192s] Level 1:colcon.colcon_core.package_identification:_identify(firmware/lib/Adafruit_BNO055/examples/read_all_data) by extension 'python_setup_py'
[0.192s] Level 1:colcon.colcon_core.package_identification:_identify(firmware/lib/Adafruit_BNO055/examples/restore_offsets) by extensions ['ignore', 'ignore_ament_install']
[0.192s] Level 1:colcon.colcon_core.package_identification:_identify(firmware/lib/Adafruit_BNO055/examples/restore_offsets) by extension 'ignore'
[0.192s] Level 1:colcon.colcon_core.package_identification:_identify(firmware/lib/Adafruit_BNO055/examples/restore_offsets) by extension 'ignore_ament_install'
[0.192s] Level 1:colcon.colcon_core.package_identification:_identify(firmware/lib/Adafruit_BNO055/examples/restore_offsets) by extensions ['colcon_pkg']
[0.192s] Level 1:colcon.colcon_core.package_identification:_identify(firmware/lib/Adafruit_BNO055/examples/restore_offsets) by extension 'colcon_pkg'
[0.192s] Level 1:colcon.colcon_core.package_identification:_identify(firmware/lib/Adafruit_BNO055/examples/restore_offsets) by extensions ['colcon_meta']
[0.192s] Level 1:colcon.colcon_core.package_identification:_identify(firmware/lib/Adafruit_BNO055/examples/restore_offsets) by extension 'colcon_meta'
[0.192s] Level 1:colcon.colcon_core.package_identification:_identify(firmware/lib/Adafruit_BNO055/examples/restore_offsets) by extensions ['ros']
[0.192s] Level 1:colcon.colcon_core.package_identification:_identify(firmware/lib/Adafruit_BNO055/examples/restore_offsets) by extension 'ros'
[0.192s] Level 1:colcon.colcon_core.package_identification:_identify(firmware/lib/Adafruit_BNO055/examples/restore_offsets) by extensions ['cmake', 'python']
[0.193s] Level 1:colcon.colcon_core.package_identification:_identify(firmware/lib/Adafruit_BNO055/examples/restore_offsets) by extension 'cmake'
[0.193s] Level 1:colcon.colcon_core.package_identification:_identify(firmware/lib/Adafruit_BNO055/examples/restore_offsets) by extension 'python'
[0.193s] Level 1:colcon.colcon_core.package_identification:_identify(firmware/lib/Adafruit_BNO055/examples/restore_offsets) by extensions ['python_setup_py']
[0.193s] Level 1:colcon.colcon_core.package_identification:_identify(firmware/lib/Adafruit_BNO055/examples/restore_offsets) by extension 'python_setup_py'
[0.193s] Level 1:colcon.colcon_core.package_identification:_identify(firmware/lib/Adafruit_BNO055/examples/sensorapi) by extensions ['ignore', 'ignore_ament_install']
[0.193s] Level 1:colcon.colcon_core.package_identification:_identify(firmware/lib/Adafruit_BNO055/examples/sensorapi) by extension 'ignore'
[0.193s] Level 1:colcon.colcon_core.package_identification:_identify(firmware/lib/Adafruit_BNO055/examples/sensorapi) by extension 'ignore_ament_install'
[0.193s] Level 1:colcon.colcon_core.package_identification:_identify(firmware/lib/Adafruit_BNO055/examples/sensorapi) by extensions ['colcon_pkg']
[0.193s] Level 1:colcon.colcon_core.package_identification:_identify(firmware/lib/Adafruit_BNO055/examples/sensorapi) by extension 'colcon_pkg'
[0.193s] Level 1:colcon.colcon_core.package_identification:_identify(firmware/lib/Adafruit_BNO055/examples/sensorapi) by extensions ['colcon_meta']
[0.193s] Level 1:colcon.colcon_core.package_identification:_identify(firmware/lib/Adafruit_BNO055/examples/sensorapi) by extension 'colcon_meta'
[0.193s] Level 1:colcon.colcon_core.package_identification:_identify(firmware/lib/Adafruit_BNO055/examples/sensorapi) by extensions ['ros']
[0.193s] Level 1:colcon.colcon_core.package_identification:_identify(firmware/lib/Adafruit_BNO055/examples/sensorapi) by extension 'ros'
[0.193s] Level 1:colcon.colcon_core.package_identification:_identify(firmware/lib/Adafruit_BNO055/examples/sensorapi) by extensions ['cmake', 'python']
[0.193s] Level 1:colcon.colcon_core.package_identification:_identify(firmware/lib/Adafruit_BNO055/examples/sensorapi) by extension 'cmake'
[0.193s] Level 1:colcon.colcon_core.package_identification:_identify(firmware/lib/Adafruit_BNO055/examples/sensorapi) by extension 'python'
[0.193s] Level 1:colcon.colcon_core.package_identification:_identify(firmware/lib/Adafruit_BNO055/examples/sensorapi) by extensions ['python_setup_py']
[0.193s] Level 1:colcon.colcon_core.package_identification:_identify(firmware/lib/Adafruit_BNO055/examples/sensorapi) by extension 'python_setup_py'
[0.193s] Level 1:colcon.colcon_core.package_identification:_identify(firmware/lib/Adafruit_BNO055/examples/webserial_3d) by extensions ['ignore', 'ignore_ament_install']
[0.193s] Level 1:colcon.colcon_core.package_identification:_identify(firmware/lib/Adafruit_BNO055/examples/webserial_3d) by extension 'ignore'
[0.193s] Level 1:colcon.colcon_core.package_identification:_identify(firmware/lib/Adafruit_BNO055/examples/webserial_3d) by extension 'ignore_ament_install'
[0.193s] Level 1:colcon.colcon_core.package_identification:_identify(firmware/lib/Adafruit_BNO055/examples/webserial_3d) by extensions ['colcon_pkg']
[0.193s] Level 1:colcon.colcon_core.package_identification:_identify(firmware/lib/Adafruit_BNO055/examples/webserial_3d) by extension 'colcon_pkg'
[0.193s] Level 1:colcon.colcon_core.package_identification:_identify(firmware/lib/Adafruit_BNO055/examples/webserial_3d) by extensions ['colcon_meta']
[0.193s] Level 1:colcon.colcon_core.package_identification:_identify(firmware/lib/Adafruit_BNO055/examples/webserial_3d) by extension 'colcon_meta'
[0.193s] Level 1:colcon.colcon_core.package_identification:_identify(firmware/lib/Adafruit_BNO055/examples/webserial_3d) by extensions ['ros']
[0.193s] Level 1:colcon.colcon_core.package_identification:_identify(firmware/lib/Adafruit_BNO055/examples/webserial_3d) by extension 'ros'
[0.193s] Level 1:colcon.colcon_core.package_identification:_identify(firmware/lib/Adafruit_BNO055/examples/webserial_3d) by extensions ['cmake', 'python']
[0.193s] Level 1:colcon.colcon_core.package_identification:_identify(firmware/lib/Adafruit_BNO055/examples/webserial_3d) by extension 'cmake'
[0.193s] Level 1:colcon.colcon_core.package_identification:_identify(firmware/lib/Adafruit_BNO055/examples/webserial_3d) by extension 'python'
[0.193s] Level 1:colcon.colcon_core.package_identification:_identify(firmware/lib/Adafruit_BNO055/examples/webserial_3d) by extensions ['python_setup_py']
[0.193s] Level 1:colcon.colcon_core.package_identification:_identify(firmware/lib/Adafruit_BNO055/examples/webserial_3d) by extension 'python_setup_py'
[0.193s] Level 1:colcon.colcon_core.package_identification:_identify(firmware/lib/Adafruit_BNO055/examples_processing) by extensions ['ignore', 'ignore_ament_install']
[0.194s] Level 1:colcon.colcon_core.package_identification:_identify(firmware/lib/Adafruit_BNO055/examples_processing) by extension 'ignore'
[0.194s] Level 1:colcon.colcon_core.package_identification:_identify(firmware/lib/Adafruit_BNO055/examples_processing) by extension 'ignore_ament_install'
[0.194s] Level 1:colcon.colcon_core.package_identification:_identify(firmware/lib/Adafruit_BNO055/examples_processing) by extensions ['colcon_pkg']
[0.194s] Level 1:colcon.colcon_core.package_identification:_identify(firmware/lib/Adafruit_BNO055/examples_processing) by extension 'colcon_pkg'
[0.194s] Level 1:colcon.colcon_core.package_identification:_identify(firmware/lib/Adafruit_BNO055/examples_processing) by extensions ['colcon_meta']
[0.194s] Level 1:colcon.colcon_core.package_identification:_identify(firmware/lib/Adafruit_BNO055/examples_processing) by extension 'colcon_meta'
[0.194s] Level 1:colcon.colcon_core.package_identification:_identify(firmware/lib/Adafruit_BNO055/examples_processing) by extensions ['ros']
[0.194s] Level 1:colcon.colcon_core.package_identification:_identify(firmware/lib/Adafruit_BNO055/examples_processing) by extension 'ros'
[0.194s] Level 1:colcon.colcon_core.package_identification:_identify(firmware/lib/Adafruit_BNO055/examples_processing) by extensions ['cmake', 'python']
[0.194s] Level 1:colcon.colcon_core.package_identification:_identify(firmware/lib/Adafruit_BNO055/examples_processing) by extension 'cmake'
[0.194s] Level 1:colcon.colcon_core.package_identification:_identify(firmware/lib/Adafruit_BNO055/examples_processing) by extension 'python'
[0.194s] Level 1:colcon.colcon_core.package_identification:_identify(firmware/lib/Adafruit_BNO055/examples_processing) by extensions ['python_setup_py']
[0.194s] Level 1:colcon.colcon_core.package_identification:_identify(firmware/lib/Adafruit_BNO055/examples_processing) by extension 'python_setup_py'
[0.194s] Level 1:colcon.colcon_core.package_identification:_identify(firmware/lib/Adafruit_BNO055/examples_processing/cuberotate) by extensions ['ignore', 'ignore_ament_install']
[0.194s] Level 1:colcon.colcon_core.package_identification:_identify(firmware/lib/Adafruit_BNO055/examples_processing/cuberotate) by extension 'ignore'
[0.194s] Level 1:colcon.colcon_core.package_identification:_identify(firmware/lib/Adafruit_BNO055/examples_processing/cuberotate) by extension 'ignore_ament_install'
[0.194s] Level 1:colcon.colcon_core.package_identification:_identify(firmware/lib/Adafruit_BNO055/examples_processing/cuberotate) by extensions ['colcon_pkg']
[0.194s] Level 1:colcon.colcon_core.package_identification:_identify(firmware/lib/Adafruit_BNO055/examples_processing/cuberotate) by extension 'colcon_pkg'
[0.194s] Level 1:colcon.colcon_core.package_identification:_identify(firmware/lib/Adafruit_BNO055/examples_processing/cuberotate) by extensions ['colcon_meta']
[0.194s] Level 1:colcon.colcon_core.package_identification:_identify(firmware/lib/Adafruit_BNO055/examples_processing/cuberotate) by extension 'colcon_meta'
[0.194s] Level 1:colcon.colcon_core.package_identification:_identify(firmware/lib/Adafruit_BNO055/examples_processing/cuberotate) by extensions ['ros']
[0.194s] Level 1:colcon.colcon_core.package_identification:_identify(firmware/lib/Adafruit_BNO055/examples_processing/cuberotate) by extension 'ros'
[0.194s] Level 1:colcon.colcon_core.package_identification:_identify(firmware/lib/Adafruit_BNO055/examples_processing/cuberotate) by extensions ['cmake', 'python']
[0.194s] Level 1:colcon.colcon_core.package_identification:_identify(firmware/lib/Adafruit_BNO055/examples_processing/cuberotate) by extension 'cmake'
[0.194s] Level 1:colcon.colcon_core.package_identification:_identify(firmware/lib/Adafruit_BNO055/examples_processing/cuberotate) by extension 'python'
[0.194s] Level 1:colcon.colcon_core.package_identification:_identify(firmware/lib/Adafruit_BNO055/examples_processing/cuberotate) by extensions ['python_setup_py']
[0.194s] Level 1:colcon.colcon_core.package_identification:_identify(firmware/lib/Adafruit_BNO055/examples_processing/cuberotate) by extension 'python_setup_py'
[0.194s] Level 1:colcon.colcon_core.package_identification:_identify(firmware/lib/Adafruit_BNO055/examples_processing/cuberotate/data) by extensions ['ignore', 'ignore_ament_install']
[0.194s] Level 1:colcon.colcon_core.package_identification:_identify(firmware/lib/Adafruit_BNO055/examples_processing/cuberotate/data) by extension 'ignore'
[0.194s] Level 1:colcon.colcon_core.package_identification:_identify(firmware/lib/Adafruit_BNO055/examples_processing/cuberotate/data) by extension 'ignore_ament_install'
[0.194s] Level 1:colcon.colcon_core.package_identification:_identify(firmware/lib/Adafruit_BNO055/examples_processing/cuberotate/data) by extensions ['colcon_pkg']
[0.194s] Level 1:colcon.colcon_core.package_identification:_identify(firmware/lib/Adafruit_BNO055/examples_processing/cuberotate/data) by extension 'colcon_pkg'
[0.195s] Level 1:colcon.colcon_core.package_identification:_identify(firmware/lib/Adafruit_BNO055/examples_processing/cuberotate/data) by extensions ['colcon_meta']
[0.195s] Level 1:colcon.colcon_core.package_identification:_identify(firmware/lib/Adafruit_BNO055/examples_processing/cuberotate/data) by extension 'colcon_meta'
[0.195s] Level 1:colcon.colcon_core.package_identification:_identify(firmware/lib/Adafruit_BNO055/examples_processing/cuberotate/data) by extensions ['ros']
[0.195s] Level 1:colcon.colcon_core.package_identification:_identify(firmware/lib/Adafruit_BNO055/examples_processing/cuberotate/data) by extension 'ros'
[0.195s] Level 1:colcon.colcon_core.package_identification:_identify(firmware/lib/Adafruit_BNO055/examples_processing/cuberotate/data) by extensions ['cmake', 'python']
[0.195s] Level 1:colcon.colcon_core.package_identification:_identify(firmware/lib/Adafruit_BNO055/examples_processing/cuberotate/data) by extension 'cmake'
[0.195s] Level 1:colcon.colcon_core.package_identification:_identify(firmware/lib/Adafruit_BNO055/examples_processing/cuberotate/data) by extension 'python'
[0.195s] Level 1:colcon.colcon_core.package_identification:_identify(firmware/lib/Adafruit_BNO055/examples_processing/cuberotate/data) by extensions ['python_setup_py']
[0.195s] Level 1:colcon.colcon_core.package_identification:_identify(firmware/lib/Adafruit_BNO055/examples_processing/cuberotate/data) by extension 'python_setup_py'
[0.195s] Level 1:colcon.colcon_core.package_identification:_identify(firmware/lib/Adafruit_BNO055/utility) by extensions ['ignore', 'ignore_ament_install']
[0.195s] Level 1:colcon.colcon_core.package_identification:_identify(firmware/lib/Adafruit_BNO055/utility) by extension 'ignore'
[0.195s] Level 1:colcon.colcon_core.package_identification:_identify(firmware/lib/Adafruit_BNO055/utility) by extension 'ignore_ament_install'
[0.195s] Level 1:colcon.colcon_core.package_identification:_identify(firmware/lib/Adafruit_BNO055/utility) by extensions ['colcon_pkg']
[0.195s] Level 1:colcon.colcon_core.package_identification:_identify(firmware/lib/Adafruit_BNO055/utility) by extension 'colcon_pkg'
[0.195s] Level 1:colcon.colcon_core.package_identification:_identify(firmware/lib/Adafruit_BNO055/utility) by extensions ['colcon_meta']
[0.195s] Level 1:colcon.colcon_core.package_identification:_identify(firmware/lib/Adafruit_BNO055/utility) by extension 'colcon_meta'
[0.195s] Level 1:colcon.colcon_core.package_identification:_identify(firmware/lib/Adafruit_BNO055/utility) by extensions ['ros']
[0.195s] Level 1:colcon.colcon_core.package_identification:_identify(firmware/lib/Adafruit_BNO055/utility) by extension 'ros'
[0.195s] Level 1:colcon.colcon_core.package_identification:_identify(firmware/lib/Adafruit_BNO055/utility) by extensions ['cmake', 'python']
[0.195s] Level 1:colcon.colcon_core.package_identification:_identify(firmware/lib/Adafruit_BNO055/utility) by extension 'cmake'
[0.195s] Level 1:colcon.colcon_core.package_identification:_identify(firmware/lib/Adafruit_BNO055/utility) by extension 'python'
[0.195s] Level 1:colcon.colcon_core.package_identification:_identify(firmware/lib/Adafruit_BNO055/utility) by extensions ['python_setup_py']
[0.195s] Level 1:colcon.colcon_core.package_identification:_identify(firmware/lib/Adafruit_BNO055/utility) by extension 'python_setup_py'
[0.195s] Level 1:colcon.colcon_core.package_identification:_identify(firmware/lib/micro_ros) by extensions ['ignore', 'ignore_ament_install']
[0.195s] Level 1:colcon.colcon_core.package_identification:_identify(firmware/lib/micro_ros) by extension 'ignore'
[0.195s] Level 1:colcon.colcon_core.package_identification:_identify(firmware/lib/micro_ros) by extension 'ignore_ament_install'
[0.195s] Level 1:colcon.colcon_core.package_identification:_identify(firmware/lib/micro_ros) by extensions ['colcon_pkg']
[0.195s] Level 1:colcon.colcon_core.package_identification:_identify(firmware/lib/micro_ros) by extension 'colcon_pkg'
[0.195s] Level 1:colcon.colcon_core.package_identification:_identify(firmware/lib/micro_ros) by extensions ['colcon_meta']
[0.195s] Level 1:colcon.colcon_core.package_identification:_identify(firmware/lib/micro_ros) by extension 'colcon_meta'
[0.195s] Level 1:colcon.colcon_core.package_identification:_identify(firmware/lib/micro_ros) by extensions ['ros']
[0.195s] Level 1:colcon.colcon_core.package_identification:_identify(firmware/lib/micro_ros) by extension 'ros'
[0.195s] Level 1:colcon.colcon_core.package_identification:_identify(firmware/lib/micro_ros) by extensions ['cmake', 'python']
[0.195s] Level 1:colcon.colcon_core.package_identification:_identify(firmware/lib/micro_ros) by extension 'cmake'
[0.195s] Level 1:colcon.colcon_core.package_identification:_identify(firmware/lib/micro_ros) by extension 'python'
[0.196s] Level 1:colcon.colcon_core.package_identification:_identify(firmware/lib/micro_ros) by extensions ['python_setup_py']
[0.196s] Level 1:colcon.colcon_core.package_identification:_identify(firmware/lib/micro_ros) by extension 'python_setup_py'
[0.196s] Level 1:colcon.colcon_core.package_identification:_identify(firmware/src) by extensions ['ignore', 'ignore_ament_install']
[0.196s] Level 1:colcon.colcon_core.package_identification:_identify(firmware/src) by extension 'ignore'
[0.196s] Level 1:colcon.colcon_core.package_identification:_identify(firmware/src) by extension 'ignore_ament_install'
[0.196s] Level 1:colcon.colcon_core.package_identification:_identify(firmware/src) by extensions ['colcon_pkg']
[0.196s] Level 1:colcon.colcon_core.package_identification:_identify(firmware/src) by extension 'colcon_pkg'
[0.196s] Level 1:colcon.colcon_core.package_identification:_identify(firmware/src) by extensions ['colcon_meta']
[0.196s] Level 1:colcon.colcon_core.package_identification:_identify(firmware/src) by extension 'colcon_meta'
[0.196s] Level 1:colcon.colcon_core.package_identification:_identify(firmware/src) by extensions ['ros']
[0.196s] Level 1:colcon.colcon_core.package_identification:_identify(firmware/src) by extension 'ros'
[0.196s] Level 1:colcon.colcon_core.package_identification:_identify(firmware/src) by extensions ['cmake', 'python']
[0.196s] Level 1:colcon.colcon_core.package_identification:_identify(firmware/src) by extension 'cmake'
[0.196s] Level 1:colcon.colcon_core.package_identification:_identify(firmware/src) by extension 'python'
[0.196s] Level 1:colcon.colcon_core.package_identification:_identify(firmware/src) by extensions ['python_setup_py']
[0.196s] Level 1:colcon.colcon_core.package_identification:_identify(firmware/src) by extension 'python_setup_py'
[0.196s] Level 1:colcon.colcon_core.package_identification:_identify(firmware/test) by extensions ['ignore', 'ignore_ament_install']
[0.196s] Level 1:colcon.colcon_core.package_identification:_identify(firmware/test) by extension 'ignore'
[0.196s] Level 1:colcon.colcon_core.package_identification:_identify(firmware/test) by extension 'ignore_ament_install'
[0.196s] Level 1:colcon.colcon_core.package_identification:_identify(firmware/test) by extensions ['colcon_pkg']
[0.196s] Level 1:colcon.colcon_core.package_identification:_identify(firmware/test) by extension 'colcon_pkg'
[0.196s] Level 1:colcon.colcon_core.package_identification:_identify(firmware/test) by extensions ['colcon_meta']
[0.196s] Level 1:colcon.colcon_core.package_identification:_identify(firmware/test) by extension 'colcon_meta'
[0.196s] Level 1:colcon.colcon_core.package_identification:_identify(firmware/test) by extensions ['ros']
[0.196s] Level 1:colcon.colcon_core.package_identification:_identify(firmware/test) by extension 'ros'
[0.196s] Level 1:colcon.colcon_core.package_identification:_identify(firmware/test) by extensions ['cmake', 'python']
[0.196s] Level 1:colcon.colcon_core.package_identification:_identify(firmware/test) by extension 'cmake'
[0.196s] Level 1:colcon.colcon_core.package_identification:_identify(firmware/test) by extension 'python'
[0.196s] Level 1:colcon.colcon_core.package_identification:_identify(firmware/test) by extensions ['python_setup_py']
[0.196s] Level 1:colcon.colcon_core.package_identification:_identify(firmware/test) by extension 'python_setup_py'
[0.196s] Level 1:colcon.colcon_core.package_identification:_identify(install) by extensions ['ignore', 'ignore_ament_install']
[0.196s] Level 1:colcon.colcon_core.package_identification:_identify(install) by extension 'ignore'
[0.196s] Level 1:colcon.colcon_core.package_identification:_identify(install) ignored
[0.196s] Level 1:colcon.colcon_core.package_identification:_identify(log) by extensions ['ignore', 'ignore_ament_install']
[0.197s] Level 1:colcon.colcon_core.package_identification:_identify(log) by extension 'ignore'
[0.197s] Level 1:colcon.colcon_core.package_identification:_identify(log) ignored
[0.197s] Level 1:colcon.colcon_core.package_identification:_identify(micro_ros_agent) by extensions ['ignore', 'ignore_ament_install']
[0.197s] Level 1:colcon.colcon_core.package_identification:_identify(micro_ros_agent) by extension 'ignore'
[0.197s] Level 1:colcon.colcon_core.package_identification:_identify(micro_ros_agent) by extension 'ignore_ament_install'
[0.197s] Level 1:colcon.colcon_core.package_identification:_identify(micro_ros_agent) by extensions ['colcon_pkg']
[0.197s] Level 1:colcon.colcon_core.package_identification:_identify(micro_ros_agent) by extension 'colcon_pkg'
[0.197s] Level 1:colcon.colcon_core.package_identification:_identify(micro_ros_agent) by extensions ['colcon_meta']
[0.197s] Level 1:colcon.colcon_core.package_identification:_identify(micro_ros_agent) by extension 'colcon_meta'
[0.197s] Level 1:colcon.colcon_core.package_identification:_identify(micro_ros_agent) by extensions ['ros']
[0.197s] Level 1:colcon.colcon_core.package_identification:_identify(micro_ros_agent) by extension 'ros'
[0.197s] Level 1:colcon.colcon_core.package_identification:_identify(micro_ros_agent) by extensions ['cmake', 'python']
[0.197s] Level 1:colcon.colcon_core.package_identification:_identify(micro_ros_agent) by extension 'cmake'
[0.197s] Level 1:colcon.colcon_core.package_identification:_identify(micro_ros_agent) by extension 'python'
[0.197s] Level 1:colcon.colcon_core.package_identification:_identify(micro_ros_agent) by extensions ['python_setup_py']
[0.197s] Level 1:colcon.colcon_core.package_identification:_identify(micro_ros_agent) by extension 'python_setup_py'
[0.197s] Level 1:colcon.colcon_core.package_identification:_identify(micro_ros_agent/build) by extensions ['ignore', 'ignore_ament_install']
[0.197s] Level 1:colcon.colcon_core.package_identification:_identify(micro_ros_agent/build) by extension 'ignore'
[0.197s] Level 1:colcon.colcon_core.package_identification:_identify(micro_ros_agent/build) ignored
[0.197s] Level 1:colcon.colcon_core.package_identification:_identify(micro_ros_agent/install) by extensions ['ignore', 'ignore_ament_install']
[0.197s] Level 1:colcon.colcon_core.package_identification:_identify(micro_ros_agent/install) by extension 'ignore'
[0.197s] Level 1:colcon.colcon_core.package_identification:_identify(micro_ros_agent/install) ignored
[0.197s] Level 1:colcon.colcon_core.package_identification:_identify(micro_ros_agent/log) by extensions ['ignore', 'ignore_ament_install']
[0.197s] Level 1:colcon.colcon_core.package_identification:_identify(micro_ros_agent/log) by extension 'ignore'
[0.197s] Level 1:colcon.colcon_core.package_identification:_identify(micro_ros_agent/log) ignored
[0.197s] Level 1:colcon.colcon_core.package_identification:_identify(micro_ros_agent/src) by extensions ['ignore', 'ignore_ament_install']
[0.197s] Level 1:colcon.colcon_core.package_identification:_identify(micro_ros_agent/src) by extension 'ignore'
[0.197s] Level 1:colcon.colcon_core.package_identification:_identify(micro_ros_agent/src) by extension 'ignore_ament_install'
[0.197s] Level 1:colcon.colcon_core.package_identification:_identify(micro_ros_agent/src) by extensions ['colcon_pkg']
[0.197s] Level 1:colcon.colcon_core.package_identification:_identify(micro_ros_agent/src) by extension 'colcon_pkg'
[0.197s] Level 1:colcon.colcon_core.package_identification:_identify(micro_ros_agent/src) by extensions ['colcon_meta']
[0.198s] Level 1:colcon.colcon_core.package_identification:_identify(micro_ros_agent/src) by extension 'colcon_meta'
[0.198s] Level 1:colcon.colcon_core.package_identification:_identify(micro_ros_agent/src) by extensions ['ros']
[0.198s] Level 1:colcon.colcon_core.package_identification:_identify(micro_ros_agent/src) by extension 'ros'
[0.198s] Level 1:colcon.colcon_core.package_identification:_identify(micro_ros_agent/src) by extensions ['cmake', 'python']
[0.198s] Level 1:colcon.colcon_core.package_identification:_identify(micro_ros_agent/src) by extension 'cmake'
[0.198s] Level 1:colcon.colcon_core.package_identification:_identify(micro_ros_agent/src) by extension 'python'
[0.198s] Level 1:colcon.colcon_core.package_identification:_identify(micro_ros_agent/src) by extensions ['python_setup_py']
[0.198s] Level 1:colcon.colcon_core.package_identification:_identify(micro_ros_agent/src) by extension 'python_setup_py'
[0.198s] Level 1:colcon.colcon_core.package_identification:_identify(micro_ros_agent/src/micro_ros_setup) by extensions ['ignore', 'ignore_ament_install']
[0.198s] Level 1:colcon.colcon_core.package_identification:_identify(micro_ros_agent/src/micro_ros_setup) by extension 'ignore'
[0.198s] Level 1:colcon.colcon_core.package_identification:_identify(micro_ros_agent/src/micro_ros_setup) by extension 'ignore_ament_install'
[0.198s] Level 1:colcon.colcon_core.package_identification:_identify(micro_ros_agent/src/micro_ros_setup) by extensions ['colcon_pkg']
[0.198s] Level 1:colcon.colcon_core.package_identification:_identify(micro_ros_agent/src/micro_ros_setup) by extension 'colcon_pkg'
[0.198s] Level 1:colcon.colcon_core.package_identification:_identify(micro_ros_agent/src/micro_ros_setup) by extensions ['colcon_meta']
[0.198s] Level 1:colcon.colcon_core.package_identification:_identify(micro_ros_agent/src/micro_ros_setup) by extension 'colcon_meta'
[0.198s] Level 1:colcon.colcon_core.package_identification:_identify(micro_ros_agent/src/micro_ros_setup) by extensions ['ros']
[0.198s] Level 1:colcon.colcon_core.package_identification:_identify(micro_ros_agent/src/micro_ros_setup) by extension 'ros'
[0.200s] DEBUG:colcon.colcon_core.package_identification:Package 'micro_ros_agent/src/micro_ros_setup' with type 'ros.ament_cmake' and name 'micro_ros_setup'
[0.200s] Level 1:colcon.colcon_core.package_identification:_identify(micro_ros_agent/src/uros) by extensions ['ignore', 'ignore_ament_install']
[0.200s] Level 1:colcon.colcon_core.package_identification:_identify(micro_ros_agent/src/uros) by extension 'ignore'
[0.200s] Level 1:colcon.colcon_core.package_identification:_identify(micro_ros_agent/src/uros) by extension 'ignore_ament_install'
[0.200s] Level 1:colcon.colcon_core.package_identification:_identify(micro_ros_agent/src/uros) by extensions ['colcon_pkg']
[0.200s] Level 1:colcon.colcon_core.package_identification:_identify(micro_ros_agent/src/uros) by extension 'colcon_pkg'
[0.200s] Level 1:colcon.colcon_core.package_identification:_identify(micro_ros_agent/src/uros) by extensions ['colcon_meta']
[0.200s] Level 1:colcon.colcon_core.package_identification:_identify(micro_ros_agent/src/uros) by extension 'colcon_meta'
[0.200s] Level 1:colcon.colcon_core.package_identification:_identify(micro_ros_agent/src/uros) by extensions ['ros']
[0.200s] Level 1:colcon.colcon_core.package_identification:_identify(micro_ros_agent/src/uros) by extension 'ros'
[0.200s] Level 1:colcon.colcon_core.package_identification:_identify(micro_ros_agent/src/uros) by extensions ['cmake', 'python']
[0.200s] Level 1:colcon.colcon_core.package_identification:_identify(micro_ros_agent/src/uros) by extension 'cmake'
[0.200s] Level 1:colcon.colcon_core.package_identification:_identify(micro_ros_agent/src/uros) by extension 'python'
[0.200s] Level 1:colcon.colcon_core.package_identification:_identify(micro_ros_agent/src/uros) by extensions ['python_setup_py']
[0.200s] Level 1:colcon.colcon_core.package_identification:_identify(micro_ros_agent/src/uros) by extension 'python_setup_py'
[0.200s] Level 1:colcon.colcon_core.package_identification:_identify(micro_ros_agent/src/uros/micro-ROS-Agent) by extensions ['ignore', 'ignore_ament_install']
[0.200s] Level 1:colcon.colcon_core.package_identification:_identify(micro_ros_agent/src/uros/micro-ROS-Agent) by extension 'ignore'
[0.200s] Level 1:colcon.colcon_core.package_identification:_identify(micro_ros_agent/src/uros/micro-ROS-Agent) by extension 'ignore_ament_install'
[0.200s] Level 1:colcon.colcon_core.package_identification:_identify(micro_ros_agent/src/uros/micro-ROS-Agent) by extensions ['colcon_pkg']
[0.200s] Level 1:colcon.colcon_core.package_identification:_identify(micro_ros_agent/src/uros/micro-ROS-Agent) by extension 'colcon_pkg'
[0.200s] Level 1:colcon.colcon_core.package_identification:_identify(micro_ros_agent/src/uros/micro-ROS-Agent) by extensions ['colcon_meta']
[0.201s] Level 1:colcon.colcon_core.package_identification:_identify(micro_ros_agent/src/uros/micro-ROS-Agent) by extension 'colcon_meta'
[0.201s] Level 1:colcon.colcon_core.package_identification:_identify(micro_ros_agent/src/uros/micro-ROS-Agent) by extensions ['ros']
[0.201s] Level 1:colcon.colcon_core.package_identification:_identify(micro_ros_agent/src/uros/micro-ROS-Agent) by extension 'ros'
[0.201s] Level 1:colcon.colcon_core.package_identification:_identify(micro_ros_agent/src/uros/micro-ROS-Agent) by extensions ['cmake', 'python']
[0.201s] Level 1:colcon.colcon_core.package_identification:_identify(micro_ros_agent/src/uros/micro-ROS-Agent) by extension 'cmake'
[0.201s] Level 1:colcon.colcon_core.package_identification:_identify(micro_ros_agent/src/uros/micro-ROS-Agent) by extension 'python'
[0.201s] Level 1:colcon.colcon_core.package_identification:_identify(micro_ros_agent/src/uros/micro-ROS-Agent) by extensions ['python_setup_py']
[0.201s] Level 1:colcon.colcon_core.package_identification:_identify(micro_ros_agent/src/uros/micro-ROS-Agent) by extension 'python_setup_py'
[0.201s] Level 1:colcon.colcon_core.package_identification:_identify(micro_ros_agent/src/uros/micro-ROS-Agent/micro_ros_agent) by extensions ['ignore', 'ignore_ament_install']
[0.201s] Level 1:colcon.colcon_core.package_identification:_identify(micro_ros_agent/src/uros/micro-ROS-Agent/micro_ros_agent) by extension 'ignore'
[0.201s] Level 1:colcon.colcon_core.package_identification:_identify(micro_ros_agent/src/uros/micro-ROS-Agent/micro_ros_agent) by extension 'ignore_ament_install'
[0.201s] Level 1:colcon.colcon_core.package_identification:_identify(micro_ros_agent/src/uros/micro-ROS-Agent/micro_ros_agent) by extensions ['colcon_pkg']
[0.201s] Level 1:colcon.colcon_core.package_identification:_identify(micro_ros_agent/src/uros/micro-ROS-Agent/micro_ros_agent) by extension 'colcon_pkg'
[0.201s] Level 1:colcon.colcon_core.package_identification:_identify(micro_ros_agent/src/uros/micro-ROS-Agent/micro_ros_agent) by extensions ['colcon_meta']
[0.201s] Level 1:colcon.colcon_core.package_identification:_identify(micro_ros_agent/src/uros/micro-ROS-Agent/micro_ros_agent) by extension 'colcon_meta'
[0.201s] Level 1:colcon.colcon_core.package_identification:_identify(micro_ros_agent/src/uros/micro-ROS-Agent/micro_ros_agent) by extensions ['ros']
[0.201s] Level 1:colcon.colcon_core.package_identification:_identify(micro_ros_agent/src/uros/micro-ROS-Agent/micro_ros_agent) by extension 'ros'
[0.202s] DEBUG:colcon.colcon_core.package_identification:Package 'micro_ros_agent/src/uros/micro-ROS-Agent/micro_ros_agent' with type 'ros.ament_cmake' and name 'micro_ros_agent'
[0.202s] Level 1:colcon.colcon_core.package_identification:_identify(micro_ros_agent/src/uros/micro-ROS-Agent/snap) by extensions ['ignore', 'ignore_ament_install']
[0.202s] Level 1:colcon.colcon_core.package_identification:_identify(micro_ros_agent/src/uros/micro-ROS-Agent/snap) by extension 'ignore'
[0.202s] Level 1:colcon.colcon_core.package_identification:_identify(micro_ros_agent/src/uros/micro-ROS-Agent/snap) by extension 'ignore_ament_install'
[0.202s] Level 1:colcon.colcon_core.package_identification:_identify(micro_ros_agent/src/uros/micro-ROS-Agent/snap) by extensions ['colcon_pkg']
[0.202s] Level 1:colcon.colcon_core.package_identification:_identify(micro_ros_agent/src/uros/micro-ROS-Agent/snap) by extension 'colcon_pkg'
[0.202s] Level 1:colcon.colcon_core.package_identification:_identify(micro_ros_agent/src/uros/micro-ROS-Agent/snap) by extensions ['colcon_meta']
[0.202s] Level 1:colcon.colcon_core.package_identification:_identify(micro_ros_agent/src/uros/micro-ROS-Agent/snap) by extension 'colcon_meta'
[0.202s] Level 1:colcon.colcon_core.package_identification:_identify(micro_ros_agent/src/uros/micro-ROS-Agent/snap) by extensions ['ros']
[0.202s] Level 1:colcon.colcon_core.package_identification:_identify(micro_ros_agent/src/uros/micro-ROS-Agent/snap) by extension 'ros'
[0.202s] Level 1:colcon.colcon_core.package_identification:_identify(micro_ros_agent/src/uros/micro-ROS-Agent/snap) by extensions ['cmake', 'python']
[0.202s] Level 1:colcon.colcon_core.package_identification:_identify(micro_ros_agent/src/uros/micro-ROS-Agent/snap) by extension 'cmake'
[0.202s] Level 1:colcon.colcon_core.package_identification:_identify(micro_ros_agent/src/uros/micro-ROS-Agent/snap) by extension 'python'
[0.202s] Level 1:colcon.colcon_core.package_identification:_identify(micro_ros_agent/src/uros/micro-ROS-Agent/snap) by extensions ['python_setup_py']
[0.202s] Level 1:colcon.colcon_core.package_identification:_identify(micro_ros_agent/src/uros/micro-ROS-Agent/snap) by extension 'python_setup_py'
[0.202s] Level 1:colcon.colcon_core.package_identification:_identify(micro_ros_agent/src/uros/micro-ROS-Agent/snap/hooks) by extensions ['ignore', 'ignore_ament_install']
[0.202s] Level 1:colcon.colcon_core.package_identification:_identify(micro_ros_agent/src/uros/micro-ROS-Agent/snap/hooks) by extension 'ignore'
[0.202s] Level 1:colcon.colcon_core.package_identification:_identify(micro_ros_agent/src/uros/micro-ROS-Agent/snap/hooks) by extension 'ignore_ament_install'
[0.202s] Level 1:colcon.colcon_core.package_identification:_identify(micro_ros_agent/src/uros/micro-ROS-Agent/snap/hooks) by extensions ['colcon_pkg']
[0.202s] Level 1:colcon.colcon_core.package_identification:_identify(micro_ros_agent/src/uros/micro-ROS-Agent/snap/hooks) by extension 'colcon_pkg'
[0.202s] Level 1:colcon.colcon_core.package_identification:_identify(micro_ros_agent/src/uros/micro-ROS-Agent/snap/hooks) by extensions ['colcon_meta']
[0.202s] Level 1:colcon.colcon_core.package_identification:_identify(micro_ros_agent/src/uros/micro-ROS-Agent/snap/hooks) by extension 'colcon_meta'
[0.202s] Level 1:colcon.colcon_core.package_identification:_identify(micro_ros_agent/src/uros/micro-ROS-Agent/snap/hooks) by extensions ['ros']
[0.202s] Level 1:colcon.colcon_core.package_identification:_identify(micro_ros_agent/src/uros/micro-ROS-Agent/snap/hooks) by extension 'ros'
[0.202s] Level 1:colcon.colcon_core.package_identification:_identify(micro_ros_agent/src/uros/micro-ROS-Agent/snap/hooks) by extensions ['cmake', 'python']
[0.203s] Level 1:colcon.colcon_core.package_identification:_identify(micro_ros_agent/src/uros/micro-ROS-Agent/snap/hooks) by extension 'cmake'
[0.203s] Level 1:colcon.colcon_core.package_identification:_identify(micro_ros_agent/src/uros/micro-ROS-Agent/snap/hooks) by extension 'python'
[0.203s] Level 1:colcon.colcon_core.package_identification:_identify(micro_ros_agent/src/uros/micro-ROS-Agent/snap/hooks) by extensions ['python_setup_py']
[0.203s] Level 1:colcon.colcon_core.package_identification:_identify(micro_ros_agent/src/uros/micro-ROS-Agent/snap/hooks) by extension 'python_setup_py'
[0.203s] Level 1:colcon.colcon_core.package_identification:_identify(micro_ros_agent/src/uros/micro-ROS-Agent/snap/local) by extensions ['ignore', 'ignore_ament_install']
[0.203s] Level 1:colcon.colcon_core.package_identification:_identify(micro_ros_agent/src/uros/micro-ROS-Agent/snap/local) by extension 'ignore'
[0.203s] Level 1:colcon.colcon_core.package_identification:_identify(micro_ros_agent/src/uros/micro-ROS-Agent/snap/local) by extension 'ignore_ament_install'
[0.203s] Level 1:colcon.colcon_core.package_identification:_identify(micro_ros_agent/src/uros/micro-ROS-Agent/snap/local) by extensions ['colcon_pkg']
[0.203s] Level 1:colcon.colcon_core.package_identification:_identify(micro_ros_agent/src/uros/micro-ROS-Agent/snap/local) by extension 'colcon_pkg'
[0.203s] Level 1:colcon.colcon_core.package_identification:_identify(micro_ros_agent/src/uros/micro-ROS-Agent/snap/local) by extensions ['colcon_meta']
[0.203s] Level 1:colcon.colcon_core.package_identification:_identify(micro_ros_agent/src/uros/micro-ROS-Agent/snap/local) by extension 'colcon_meta'
[0.203s] Level 1:colcon.colcon_core.package_identification:_identify(micro_ros_agent/src/uros/micro-ROS-Agent/snap/local) by extensions ['ros']
[0.203s] Level 1:colcon.colcon_core.package_identification:_identify(micro_ros_agent/src/uros/micro-ROS-Agent/snap/local) by extension 'ros'
[0.203s] Level 1:colcon.colcon_core.package_identification:_identify(micro_ros_agent/src/uros/micro-ROS-Agent/snap/local) by extensions ['cmake', 'python']
[0.203s] Level 1:colcon.colcon_core.package_identification:_identify(micro_ros_agent/src/uros/micro-ROS-Agent/snap/local) by extension 'cmake'
[0.203s] Level 1:colcon.colcon_core.package_identification:_identify(micro_ros_agent/src/uros/micro-ROS-Agent/snap/local) by extension 'python'
[0.203s] Level 1:colcon.colcon_core.package_identification:_identify(micro_ros_agent/src/uros/micro-ROS-Agent/snap/local) by extensions ['python_setup_py']
[0.203s] Level 1:colcon.colcon_core.package_identification:_identify(micro_ros_agent/src/uros/micro-ROS-Agent/snap/local) by extension 'python_setup_py'
[0.203s] Level 1:colcon.colcon_core.package_identification:_identify(micro_ros_agent/src/uros/micro_ros_msgs) by extensions ['ignore', 'ignore_ament_install']
[0.203s] Level 1:colcon.colcon_core.package_identification:_identify(micro_ros_agent/src/uros/micro_ros_msgs) by extension 'ignore'
[0.203s] Level 1:colcon.colcon_core.package_identification:_identify(micro_ros_agent/src/uros/micro_ros_msgs) by extension 'ignore_ament_install'
[0.203s] Level 1:colcon.colcon_core.package_identification:_identify(micro_ros_agent/src/uros/micro_ros_msgs) by extensions ['colcon_pkg']
[0.203s] Level 1:colcon.colcon_core.package_identification:_identify(micro_ros_agent/src/uros/micro_ros_msgs) by extension 'colcon_pkg'
[0.203s] Level 1:colcon.colcon_core.package_identification:_identify(micro_ros_agent/src/uros/micro_ros_msgs) by extensions ['colcon_meta']
[0.203s] Level 1:colcon.colcon_core.package_identification:_identify(micro_ros_agent/src/uros/micro_ros_msgs) by extension 'colcon_meta'
[0.203s] Level 1:colcon.colcon_core.package_identification:_identify(micro_ros_agent/src/uros/micro_ros_msgs) by extensions ['ros']
[0.203s] Level 1:colcon.colcon_core.package_identification:_identify(micro_ros_agent/src/uros/micro_ros_msgs) by extension 'ros'
[0.204s] DEBUG:colcon.colcon_core.package_identification:Package 'micro_ros_agent/src/uros/micro_ros_msgs' with type 'ros.ament_cmake' and name 'micro_ros_msgs'
[0.204s] Level 1:colcon.colcon_core.package_identification:_identify(src) by extensions ['ignore', 'ignore_ament_install']
[0.204s] Level 1:colcon.colcon_core.package_identification:_identify(src) by extension 'ignore'
[0.204s] Level 1:colcon.colcon_core.package_identification:_identify(src) by extension 'ignore_ament_install'
[0.204s] Level 1:colcon.colcon_core.package_identification:_identify(src) by extensions ['colcon_pkg']
[0.204s] Level 1:colcon.colcon_core.package_identification:_identify(src) by extension 'colcon_pkg'
[0.204s] Level 1:colcon.colcon_core.package_identification:_identify(src) by extensions ['colcon_meta']
[0.204s] Level 1:colcon.colcon_core.package_identification:_identify(src) by extension 'colcon_meta'
[0.204s] Level 1:colcon.colcon_core.package_identification:_identify(src) by extensions ['ros']
[0.204s] Level 1:colcon.colcon_core.package_identification:_identify(src) by extension 'ros'
[0.204s] Level 1:colcon.colcon_core.package_identification:_identify(src) by extensions ['cmake', 'python']
[0.204s] Level 1:colcon.colcon_core.package_identification:_identify(src) by extension 'cmake'
[0.204s] Level 1:colcon.colcon_core.package_identification:_identify(src) by extension 'python'
[0.204s] Level 1:colcon.colcon_core.package_identification:_identify(src) by extensions ['python_setup_py']
[0.204s] Level 1:colcon.colcon_core.package_identification:_identify(src) by extension 'python_setup_py'
[0.204s] Level 1:colcon.colcon_core.package_identification:_identify(src/imu_test) by extensions ['ignore', 'ignore_ament_install']
[0.204s] Level 1:colcon.colcon_core.package_identification:_identify(src/imu_test) by extension 'ignore'
[0.204s] Level 1:colcon.colcon_core.package_identification:_identify(src/imu_test) by extension 'ignore_ament_install'
[0.204s] Level 1:colcon.colcon_core.package_identification:_identify(src/imu_test) by extensions ['colcon_pkg']
[0.204s] Level 1:colcon.colcon_core.package_identification:_identify(src/imu_test) by extension 'colcon_pkg'
[0.204s] Level 1:colcon.colcon_core.package_identification:_identify(src/imu_test) by extensions ['colcon_meta']
[0.204s] Level 1:colcon.colcon_core.package_identification:_identify(src/imu_test) by extension 'colcon_meta'
[0.204s] Level 1:colcon.colcon_core.package_identification:_identify(src/imu_test) by extensions ['ros']
[0.204s] Level 1:colcon.colcon_core.package_identification:_identify(src/imu_test) by extension 'ros'
[0.205s] DEBUG:colcon.colcon_core.package_identification:Package 'src/imu_test' with type 'ros.ament_python' and name 'imu_test'
[0.205s] Level 1:colcon.colcon_core.package_identification:_identify(src/imu_tools) by extensions ['ignore', 'ignore_ament_install']
[0.205s] Level 1:colcon.colcon_core.package_identification:_identify(src/imu_tools) by extension 'ignore'
[0.205s] Level 1:colcon.colcon_core.package_identification:_identify(src/imu_tools) by extension 'ignore_ament_install'
[0.205s] Level 1:colcon.colcon_core.package_identification:_identify(src/imu_tools) by extensions ['colcon_pkg']
[0.205s] Level 1:colcon.colcon_core.package_identification:_identify(src/imu_tools) by extension 'colcon_pkg'
[0.205s] Level 1:colcon.colcon_core.package_identification:_identify(src/imu_tools) by extensions ['colcon_meta']
[0.205s] Level 1:colcon.colcon_core.package_identification:_identify(src/imu_tools) by extension 'colcon_meta'
[0.205s] Level 1:colcon.colcon_core.package_identification:_identify(src/imu_tools) by extensions ['ros']
[0.205s] Level 1:colcon.colcon_core.package_identification:_identify(src/imu_tools) by extension 'ros'
[0.205s] Level 1:colcon.colcon_core.package_identification:_identify(src/imu_tools) by extensions ['cmake', 'python']
[0.205s] Level 1:colcon.colcon_core.package_identification:_identify(src/imu_tools) by extension 'cmake'
[0.205s] Level 1:colcon.colcon_core.package_identification:_identify(src/imu_tools) by extension 'python'
[0.205s] Level 1:colcon.colcon_core.package_identification:_identify(src/imu_tools) by extensions ['python_setup_py']
[0.205s] Level 1:colcon.colcon_core.package_identification:_identify(src/imu_tools) by extension 'python_setup_py'
[0.206s] Level 1:colcon.colcon_core.package_identification:_identify(src/imu_tools/imu_complementary_filter) by extensions ['ignore', 'ignore_ament_install']
[0.206s] Level 1:colcon.colcon_core.package_identification:_identify(src/imu_tools/imu_complementary_filter) by extension 'ignore'
[0.206s] Level 1:colcon.colcon_core.package_identification:_identify(src/imu_tools/imu_complementary_filter) by extension 'ignore_ament_install'
[0.206s] Level 1:colcon.colcon_core.package_identification:_identify(src/imu_tools/imu_complementary_filter) by extensions ['colcon_pkg']
[0.206s] Level 1:colcon.colcon_core.package_identification:_identify(src/imu_tools/imu_complementary_filter) by extension 'colcon_pkg'
[0.206s] Level 1:colcon.colcon_core.package_identification:_identify(src/imu_tools/imu_complementary_filter) by extensions ['colcon_meta']
[0.206s] Level 1:colcon.colcon_core.package_identification:_identify(src/imu_tools/imu_complementary_filter) by extension 'colcon_meta'
[0.206s] Level 1:colcon.colcon_core.package_identification:_identify(src/imu_tools/imu_complementary_filter) by extensions ['ros']
[0.206s] Level 1:colcon.colcon_core.package_identification:_identify(src/imu_tools/imu_complementary_filter) by extension 'ros'
[0.206s] DEBUG:colcon.colcon_core.package_identification:Package 'src/imu_tools/imu_complementary_filter' with type 'ros.ament_cmake' and name 'imu_complementary_filter'
[0.206s] Level 1:colcon.colcon_core.package_identification:_identify(src/imu_tools/imu_filter_madgwick) by extensions ['ignore', 'ignore_ament_install']
[0.206s] Level 1:colcon.colcon_core.package_identification:_identify(src/imu_tools/imu_filter_madgwick) by extension 'ignore'
[0.206s] Level 1:colcon.colcon_core.package_identification:_identify(src/imu_tools/imu_filter_madgwick) by extension 'ignore_ament_install'
[0.206s] Level 1:colcon.colcon_core.package_identification:_identify(src/imu_tools/imu_filter_madgwick) by extensions ['colcon_pkg']
[0.206s] Level 1:colcon.colcon_core.package_identification:_identify(src/imu_tools/imu_filter_madgwick) by extension 'colcon_pkg'
[0.206s] Level 1:colcon.colcon_core.package_identification:_identify(src/imu_tools/imu_filter_madgwick) by extensions ['colcon_meta']
[0.206s] Level 1:colcon.colcon_core.package_identification:_identify(src/imu_tools/imu_filter_madgwick) by extension 'colcon_meta'
[0.206s] Level 1:colcon.colcon_core.package_identification:_identify(src/imu_tools/imu_filter_madgwick) by extensions ['ros']
[0.206s] Level 1:colcon.colcon_core.package_identification:_identify(src/imu_tools/imu_filter_madgwick) by extension 'ros'
[0.207s] DEBUG:colcon.colcon_core.package_identification:Package 'src/imu_tools/imu_filter_madgwick' with type 'ros.ament_cmake' and name 'imu_filter_madgwick'
[0.207s] Level 1:colcon.colcon_core.package_identification:_identify(src/imu_tools/imu_tools) by extensions ['ignore', 'ignore_ament_install']
[0.207s] Level 1:colcon.colcon_core.package_identification:_identify(src/imu_tools/imu_tools) by extension 'ignore'
[0.207s] Level 1:colcon.colcon_core.package_identification:_identify(src/imu_tools/imu_tools) by extension 'ignore_ament_install'
[0.207s] Level 1:colcon.colcon_core.package_identification:_identify(src/imu_tools/imu_tools) by extensions ['colcon_pkg']
[0.207s] Level 1:colcon.colcon_core.package_identification:_identify(src/imu_tools/imu_tools) by extension 'colcon_pkg'
[0.207s] Level 1:colcon.colcon_core.package_identification:_identify(src/imu_tools/imu_tools) by extensions ['colcon_meta']
[0.207s] Level 1:colcon.colcon_core.package_identification:_identify(src/imu_tools/imu_tools) by extension 'colcon_meta'
[0.207s] Level 1:colcon.colcon_core.package_identification:_identify(src/imu_tools/imu_tools) by extensions ['ros']
[0.207s] Level 1:colcon.colcon_core.package_identification:_identify(src/imu_tools/imu_tools) by extension 'ros'
[0.208s] DEBUG:colcon.colcon_core.package_identification:Package 'src/imu_tools/imu_tools' with type 'ros.ament_cmake' and name 'imu_tools'
[0.208s] Level 1:colcon.colcon_core.package_identification:_identify(src/imu_tools/rviz_imu_plugin) by extensions ['ignore', 'ignore_ament_install']
[0.208s] Level 1:colcon.colcon_core.package_identification:_identify(src/imu_tools/rviz_imu_plugin) by extension 'ignore'
[0.208s] Level 1:colcon.colcon_core.package_identification:_identify(src/imu_tools/rviz_imu_plugin) by extension 'ignore_ament_install'
[0.208s] Level 1:colcon.colcon_core.package_identification:_identify(src/imu_tools/rviz_imu_plugin) by extensions ['colcon_pkg']
[0.208s] Level 1:colcon.colcon_core.package_identification:_identify(src/imu_tools/rviz_imu_plugin) by extension 'colcon_pkg'
[0.208s] Level 1:colcon.colcon_core.package_identification:_identify(src/imu_tools/rviz_imu_plugin) by extensions ['colcon_meta']
[0.208s] Level 1:colcon.colcon_core.package_identification:_identify(src/imu_tools/rviz_imu_plugin) by extension 'colcon_meta'
[0.208s] Level 1:colcon.colcon_core.package_identification:_identify(src/imu_tools/rviz_imu_plugin) by extensions ['ros']
[0.208s] Level 1:colcon.colcon_core.package_identification:_identify(src/imu_tools/rviz_imu_plugin) by extension 'ros'
[0.209s] DEBUG:colcon.colcon_core.package_identification:Package 'src/imu_tools/rviz_imu_plugin' with type 'ros.ament_cmake' and name 'rviz_imu_plugin'
[0.209s] Level 1:colcon.colcon_core.package_discovery:discover_packages(recursive) using defaults
[0.209s] Level 1:colcon.colcon_core.package_discovery:discover_packages(ignore) discover
[0.209s] Level 1:colcon.colcon_core.package_discovery:discover_packages(ignore) using defaults
[0.209s] Level 1:colcon.colcon_core.package_discovery:discover_packages(path) discover
[0.209s] Level 1:colcon.colcon_core.package_discovery:discover_packages(path) using defaults
[0.232s] INFO:colcon.colcon_core.package_selection:Skipping not selected package 'imu_complementary_filter' in 'src/imu_tools/imu_complementary_filter'
[0.232s] INFO:colcon.colcon_core.package_selection:Skipping not selected package 'imu_filter_madgwick' in 'src/imu_tools/imu_filter_madgwick'
[0.232s] INFO:colcon.colcon_core.package_selection:Skipping not selected package 'imu_test' in 'src/imu_test'
[0.232s] INFO:colcon.colcon_core.package_selection:Skipping not selected package 'micro_ros_msgs' in 'micro_ros_agent/src/uros/micro_ros_msgs'
[0.232s] INFO:colcon.colcon_core.package_selection:Skipping not selected package 'micro_ros_setup' in 'micro_ros_agent/src/micro_ros_setup'
[0.232s] INFO:colcon.colcon_core.package_selection:Skipping not selected package 'rviz_imu_plugin' in 'src/imu_tools/rviz_imu_plugin'
[0.232s] INFO:colcon.colcon_core.package_selection:Skipping not selected package 'micro_ros_agent' in 'micro_ros_agent/src/uros/micro-ROS-Agent/micro_ros_agent'
[0.232s] Level 1:colcon.colcon_core.package_discovery:discover_packages(prefix_path) check parameters
[0.232s] Level 1:colcon.colcon_core.package_discovery:discover_packages(prefix_path) discover
[0.233s] WARNING:colcon.colcon_ros.prefix_path.ament:The path '/home/jg/bno055_hardware/install/rviz_imu_plugin' in the environment variable AMENT_PREFIX_PATH doesn't exist
[0.233s] WARNING:colcon.colcon_ros.prefix_path.ament:The path '/home/jg/bno055_hardware/install/imu_test' in the environment variable AMENT_PREFIX_PATH doesn't exist
[0.233s] WARNING:colcon.colcon_ros.prefix_path.ament:The path '/home/jg/bno055_hardware/install/imu_filter_madgwick' in the environment variable AMENT_PREFIX_PATH doesn't exist
[0.233s] WARNING:colcon.colcon_ros.prefix_path.ament:The path '/home/jg/bno055_hardware/install/imu_complementary_filter' in the environment variable AMENT_PREFIX_PATH doesn't exist
[0.233s] WARNING:colcon.colcon_ros.prefix_path.catkin:The path '/home/jg/bno055_hardware/install/rviz_imu_plugin' in the environment variable CMAKE_PREFIX_PATH doesn't exist
[0.233s] WARNING:colcon.colcon_ros.prefix_path.catkin:The path '/home/jg/bno055_hardware/install/imu_filter_madgwick' in the environment variable CMAKE_PREFIX_PATH doesn't exist
[0.233s] WARNING:colcon.colcon_ros.prefix_path.catkin:The path '/home/jg/bno055_hardware/install/imu_complementary_filter' in the environment variable CMAKE_PREFIX_PATH doesn't exist
[0.234s] DEBUG:colcon.colcon_installed_package_information.package_discovery:Found 1 installed packages in /home/jg/bno055_hardware/install
[0.234s] DEBUG:colcon.colcon_installed_package_information.package_discovery:Found 9 installed packages in /home/jg/linorobot2_ws/install
[0.234s] DEBUG:colcon.colcon_installed_package_information.package_discovery:Found 1 installed packages in /home/jg/sam_bot_description/install
[0.235s] DEBUG:colcon.colcon_installed_package_information.package_discovery:Found 2 installed packages in /home/jg/turtlebot3_ws/install
[0.235s] DEBUG:colcon.colcon_installed_package_information.package_discovery:Found 1 installed packages in /home/jg/pointcloud_ws/install
[0.236s] DEBUG:colcon.colcon_installed_package_information.package_discovery:Found 342 installed packages in /opt/ros/humble
[0.237s] Level 1:colcon.colcon_core.package_discovery:discover_packages(prefix_path) using defaults
[0.264s] Level 5:colcon.colcon_core.verb:set package 'imu_tools' build argument 'cmake_args' from command line to 'None'
[0.264s] Level 5:colcon.colcon_core.verb:set package 'imu_tools' build argument 'cmake_target' from command line to 'None'
[0.264s] Level 5:colcon.colcon_core.verb:set package 'imu_tools' build argument 'cmake_target_skip_unavailable' from command line to 'False'
[0.264s] Level 5:colcon.colcon_core.verb:set package 'imu_tools' build argument 'cmake_clean_cache' from command line to 'False'
[0.264s] Level 5:colcon.colcon_core.verb:set package 'imu_tools' build argument 'cmake_clean_first' from command line to 'False'
[0.264s] Level 5:colcon.colcon_core.verb:set package 'imu_tools' build argument 'cmake_force_configure' from command line to 'False'
[0.264s] Level 5:colcon.colcon_core.verb:set package 'imu_tools' build argument 'ament_cmake_args' from command line to 'None'
[0.264s] Level 5:colcon.colcon_core.verb:set package 'imu_tools' build argument 'catkin_cmake_args' from command line to 'None'
[0.264s] Level 5:colcon.colcon_core.verb:set package 'imu_tools' build argument 'catkin_skip_building_tests' from command line to 'False'
[0.264s] DEBUG:colcon.colcon_core.verb:Building package 'imu_tools' with the following arguments: {'ament_cmake_args': None, 'build_base': '/home/jg/bno055_hardware/build/imu_tools', 'catkin_cmake_args': None, 'catkin_skip_building_tests': False, 'cmake_args': None, 'cmake_clean_cache': False, 'cmake_clean_first': False, 'cmake_force_configure': False, 'cmake_target': None, 'cmake_target_skip_unavailable': False, 'install_base': '/home/jg/bno055_hardware/install/imu_tools', 'merge_install': False, 'path': '/home/jg/bno055_hardware/src/imu_tools/imu_tools', 'symlink_install': False, 'test_result_base': None}
[0.264s] INFO:colcon.colcon_core.executor:Executing jobs using 'parallel' executor
[0.265s] DEBUG:colcon.colcon_parallel_executor.executor.parallel:run_until_complete
[0.265s] INFO:colcon.colcon_ros.task.ament_cmake.build:Building ROS package in '/home/jg/bno055_hardware/src/imu_tools/imu_tools' with build type 'ament_cmake'
[0.266s] INFO:colcon.colcon_cmake.task.cmake.build:Building CMake package in '/home/jg/bno055_hardware/src/imu_tools/imu_tools'
[0.267s] INFO:colcon.colcon_core.plugin_system:Skipping extension 'colcon_core.shell.bat': Not used on non-Windows systems
[0.267s] INFO:colcon.colcon_core.shell:Skip shell extension 'powershell' for command environment: Not usable outside of PowerShell
[0.267s] DEBUG:colcon.colcon_core.shell:Skip shell extension 'dsv' for command environment
[0.270s] ERROR:colcon.colcon_cmake.task.cmake.build:Failed to find the following files:
- /home/jg/bno055_hardware/install/imu_complementary_filter/share/imu_complementary_filter/package.sh
- /home/jg/bno055_hardware/install/imu_filter_madgwick/share/imu_filter_madgwick/package.sh
- /home/jg/bno055_hardware/install/rviz_imu_plugin/share/rviz_imu_plugin/package.sh
Check that the following packages have been built:
- imu_complementary_filter
- imu_filter_madgwick
- rviz_imu_plugin
[0.270s] Level 1:colcon.colcon_core.environment:create_environment_scripts_only(imu_tools)
[0.271s] Level 1:colcon.colcon_core.environment:checking '/home/jg/bno055_hardware/install/imu_tools' for CMake module files
[0.271s] Level 1:colcon.colcon_core.environment:checking '/home/jg/bno055_hardware/install/imu_tools' for CMake config files
[0.272s] Level 1:colcon.colcon_core.environment:checking '/home/jg/bno055_hardware/install/imu_tools/bin'
[0.272s] Level 1:colcon.colcon_core.environment:checking '/home/jg/bno055_hardware/install/imu_tools/lib/pkgconfig/imu_tools.pc'
[0.272s] Level 1:colcon.colcon_core.environment:checking '/home/jg/bno055_hardware/install/imu_tools/lib/python3.10/site-packages'
[0.272s] Level 1:colcon.colcon_core.environment:checking '/home/jg/bno055_hardware/install/imu_tools/bin'
[0.272s] INFO:colcon.colcon_core.shell:Creating package script '/home/jg/bno055_hardware/install/imu_tools/share/imu_tools/package.ps1'
[0.273s] INFO:colcon.colcon_core.shell:Creating package descriptor '/home/jg/bno055_hardware/install/imu_tools/share/imu_tools/package.dsv'
[0.273s] INFO:colcon.colcon_core.shell:Creating package script '/home/jg/bno055_hardware/install/imu_tools/share/imu_tools/package.sh'
[0.274s] INFO:colcon.colcon_core.shell:Creating package script '/home/jg/bno055_hardware/install/imu_tools/share/imu_tools/package.bash'
[0.274s] INFO:colcon.colcon_core.shell:Creating package script '/home/jg/bno055_hardware/install/imu_tools/share/imu_tools/package.zsh'
[0.274s] Level 1:colcon.colcon_core.environment:create_file_with_runtime_dependencies(/home/jg/bno055_hardware/install/imu_tools/share/colcon-core/packages/imu_tools)
[0.285s] DEBUG:colcon.colcon_parallel_executor.executor.parallel:closing loop
[0.285s] DEBUG:colcon.colcon_parallel_executor.executor.parallel:loop closed
[0.285s] DEBUG:colcon.colcon_parallel_executor.executor.parallel:run_until_complete finished with '1'
[0.285s] DEBUG:colcon.colcon_core.event_reactor:joining thread
[0.288s] INFO:colcon.colcon_core.plugin_system:Skipping extension 'colcon_notification.desktop_notification.terminal_notifier': Not used on non-Darwin systems
[0.289s] INFO:colcon.colcon_core.plugin_system:Skipping extension 'colcon_notification.desktop_notification.win32': Not used on non-Windows systems
[0.289s] INFO:colcon.colcon_notification.desktop_notification:Sending desktop notification using 'notify2'
[0.295s] DEBUG:colcon.colcon_core.event_reactor:joined thread
[0.295s] INFO:colcon.colcon_core.shell:Creating prefix script '/home/jg/bno055_hardware/install/local_setup.ps1'
[0.296s] INFO:colcon.colcon_core.shell:Creating prefix util module '/home/jg/bno055_hardware/install/_local_setup_util_ps1.py'
[0.297s] INFO:colcon.colcon_core.shell:Creating prefix chain script '/home/jg/bno055_hardware/install/setup.ps1'
[0.298s] INFO:colcon.colcon_core.shell:Creating prefix script '/home/jg/bno055_hardware/install/local_setup.sh'
[0.298s] INFO:colcon.colcon_core.shell:Creating prefix util module '/home/jg/bno055_hardware/install/_local_setup_util_sh.py'
[0.299s] INFO:colcon.colcon_core.shell:Creating prefix chain script '/home/jg/bno055_hardware/install/setup.sh'
[0.300s] INFO:colcon.colcon_core.shell:Creating prefix script '/home/jg/bno055_hardware/install/local_setup.bash'
[0.300s] INFO:colcon.colcon_core.shell:Creating prefix chain script '/home/jg/bno055_hardware/install/setup.bash'
[0.301s] INFO:colcon.colcon_core.shell:Creating prefix script '/home/jg/bno055_hardware/install/local_setup.zsh'
[0.301s] INFO:colcon.colcon_core.shell:Creating prefix chain script '/home/jg/bno055_hardware/install/setup.zsh'
